<?xml version="1.0" encoding="UTF-8" standalone="no"?>
<!DOCTYPE log SYSTEM "logger.dtd">
<log>
<record>
  <date>2019-05-20T10:36:46</date>
  <millis>1558319806631</millis>
  <sequence>0</sequence>
  <level>START</level>
  <class>com.kms.katalon.core.logging.KeywordLogger</class>
  <method>startSuite</method>
  <thread>1</thread>
  <message>Start Test Suite : Test Suites/Suites/Merchant Onboarding Bespoke</message>
  <nestedLevel>0</nestedLevel>
  <property name="name">Merchant Onboarding Bespoke</property>
  <property name="description"></property>
  <property name="id">Test Suites/Suites/Merchant Onboarding Bespoke</property>
</record>
<record>
  <date>2019-05-20T10:36:46</date>
  <millis>1558319806665</millis>
  <sequence>1</sequence>
  <level>RUN_DATA</level>
  <class>com.kms.katalon.core.logging.KeywordLogger</class>
  <method>logMessage</method>
  <thread>1</thread>
  <message>Logging run data &amp;apos;hostName&amp;apos; with value &amp;apos;Arcadier - Arcadier-PC&amp;apos;</message>
  <nestedLevel>0</nestedLevel>
  <property name="hostName">Arcadier - Arcadier-PC</property>
</record>
<record>
  <date>2019-05-20T10:36:46</date>
  <millis>1558319806666</millis>
  <sequence>2</sequence>
  <level>RUN_DATA</level>
  <class>com.kms.katalon.core.logging.KeywordLogger</class>
  <method>logMessage</method>
  <thread>1</thread>
  <message>Logging run data &amp;apos;os&amp;apos; with value &amp;apos;Windows 7 64bit&amp;apos;</message>
  <nestedLevel>0</nestedLevel>
  <property name="os">Windows 7 64bit</property>
</record>
<record>
  <date>2019-05-20T10:36:46</date>
  <millis>1558319806667</millis>
  <sequence>3</sequence>
  <level>RUN_DATA</level>
  <class>com.kms.katalon.core.logging.KeywordLogger</class>
  <method>logMessage</method>
  <thread>1</thread>
  <message>Logging run data &amp;apos;hostAddress&amp;apos; with value &amp;apos;10.10.31.95&amp;apos;</message>
  <nestedLevel>0</nestedLevel>
  <property name="hostAddress">10.10.31.95</property>
</record>
<record>
  <date>2019-05-20T10:36:46</date>
  <millis>1558319806667</millis>
  <sequence>4</sequence>
  <level>RUN_DATA</level>
  <class>com.kms.katalon.core.logging.KeywordLogger</class>
  <method>logMessage</method>
  <thread>1</thread>
  <message>Logging run data &amp;apos;katalonVersion&amp;apos; with value &amp;apos;5.4.2.1&amp;apos;</message>
  <nestedLevel>0</nestedLevel>
  <property name="katalonVersion">5.4.2.1</property>
</record>
<record>
  <date>2019-05-20T10:36:47</date>
  <millis>1558319807206</millis>
  <sequence>5</sequence>
  <level>START</level>
  <class>com.kms.katalon.core.logging.KeywordLogger</class>
  <method>startTest</method>
  <thread>1</thread>
  <message>Start Test Case : Test Cases/MERCHANT/BESPOKE/Onboarding/Create Account</message>
  <nestedLevel>1</nestedLevel>
  <property name="name">Test Cases/MERCHANT/BESPOKE/Onboarding/Create Account</property>
  <property name="description"></property>
  <property name="id">Test Cases/MERCHANT/BESPOKE/Onboarding/Create Account</property>
  <property name="source">C:\\Users\\Arcadier\\git\\Arctick\\Test Cases\\MERCHANT\\BESPOKE\\Onboarding\\Create Account.tc</property>
  <property name="isOptional">false</property>
</record>
<record>
  <date>2019-05-20T10:36:47</date>
  <millis>1558319807253</millis>
  <sequence>6</sequence>
  <level>INFO</level>
  <class>com.kms.katalon.core.logging.KeywordLogger</class>
  <method>logMessage</method>
  <thread>1</thread>
  <message>Evaluating variables for test case</message>
  <nestedLevel>1</nestedLevel>
</record>
<record>
  <date>2019-05-20T10:36:47</date>
  <millis>1558319807679</millis>
  <sequence>7</sequence>
  <level>START</level>
  <class>com.kms.katalon.core.logging.KeywordLogger</class>
  <method>startKeyword</method>
  <thread>1</thread>
  <message>Start action : openBrowser</message>
  <nestedLevel>1</nestedLevel>
  <property name="startLine">22</property>
  <property name="stepIndex">1</property>
</record>
<record>
  <date>2019-05-20T10:36:48</date>
  <millis>1558319808416</millis>
  <sequence>8</sequence>
  <level>INFO</level>
  <class>com.kms.katalon.core.logging.KeywordLogger</class>
  <method>logMessage</method>
  <thread>1</thread>
  <message>Opening browser</message>
  <nestedLevel>1</nestedLevel>
</record>
<record>
  <date>2019-05-20T10:36:49</date>
  <millis>1558319809621</millis>
  <sequence>9</sequence>
  <level>RUN_DATA</level>
  <class>com.kms.katalon.core.logging.KeywordLogger</class>
  <method>logMessage</method>
  <thread>1</thread>
  <message>Logging run data &amp;apos;sessionId&amp;apos; with value &amp;apos;80a7e57ef25c1f35c0006c5558399ee2&amp;apos;</message>
  <nestedLevel>1</nestedLevel>
  <property name="sessionId">80a7e57ef25c1f35c0006c5558399ee2</property>
</record>
<record>
  <date>2019-05-20T10:36:49</date>
  <millis>1558319809641</millis>
  <sequence>10</sequence>
  <level>RUN_DATA</level>
  <class>com.kms.katalon.core.logging.KeywordLogger</class>
  <method>logMessage</method>
  <thread>1</thread>
  <message>Logging run data &amp;apos;browser&amp;apos; with value &amp;apos;Chrome 74.0.3729.157&amp;apos;</message>
  <nestedLevel>1</nestedLevel>
  <property name="browser">Chrome 74.0.3729.157</property>
</record>
<record>
  <date>2019-05-20T10:36:49</date>
  <millis>1558319809642</millis>
  <sequence>11</sequence>
  <level>RUN_DATA</level>
  <class>com.kms.katalon.core.logging.KeywordLogger</class>
  <method>logMessage</method>
  <thread>1</thread>
  <message>Logging run data &amp;apos;platform&amp;apos; with value &amp;apos;Windows 7&amp;apos;</message>
  <nestedLevel>1</nestedLevel>
  <property name="platform">Windows 7</property>
</record>
<record>
  <date>2019-05-20T10:36:49</date>
  <millis>1558319809645</millis>
  <sequence>12</sequence>
  <level>RUN_DATA</level>
  <class>com.kms.katalon.core.logging.KeywordLogger</class>
  <method>logMessage</method>
  <thread>1</thread>
  <message>Logging run data &amp;apos;seleniumVersion&amp;apos; with value &amp;apos;3.7.1&amp;apos;</message>
  <nestedLevel>1</nestedLevel>
  <property name="seleniumVersion">3.7.1</property>
</record>
<record>
  <date>2019-05-20T10:36:49</date>
  <millis>1558319809646</millis>
  <sequence>13</sequence>
  <level>RUN_DATA</level>
  <class>com.kms.katalon.core.logging.KeywordLogger</class>
  <method>logMessage</method>
  <thread>1</thread>
  <message>Logging run data &amp;apos;proxyInformation&amp;apos; with value &amp;apos;ProxyInformation{proxyOption=NO_PROXY, proxyServerType=HTTP, password=, proxyServerAddress=, proxyServerPort=0}&amp;apos;</message>
  <nestedLevel>1</nestedLevel>
  <property name="proxyInformation">ProxyInformation{proxyOption=NO_PROXY, proxyServerType=HTTP, password=, proxyServerAddress=, proxyServerPort=0}</property>
</record>
<record>
  <date>2019-05-20T10:36:49</date>
  <millis>1558319809647</millis>
  <sequence>14</sequence>
  <level>PASSED</level>
  <class>com.kms.katalon.core.logging.KeywordLogger</class>
  <method>logMessage</method>
  <thread>1</thread>
  <message>Browser is opened with url: &amp;apos;&amp;apos;</message>
  <nestedLevel>1</nestedLevel>
</record>
<record>
  <date>2019-05-20T10:36:49</date>
  <millis>1558319809648</millis>
  <sequence>15</sequence>
  <level>END</level>
  <class>com.kms.katalon.core.logging.KeywordLogger</class>
  <method>endKeyword</method>
  <thread>1</thread>
  <message>End action : openBrowser</message>
  <nestedLevel>1</nestedLevel>
</record>
<record>
  <date>2019-05-20T10:36:49</date>
  <millis>1558319809648</millis>
  <sequence>16</sequence>
  <level>START</level>
  <class>com.kms.katalon.core.logging.KeywordLogger</class>
  <method>startKeyword</method>
  <thread>1</thread>
  <message>Start action : maximizeWindow</message>
  <nestedLevel>1</nestedLevel>
  <property name="startLine">24</property>
  <property name="stepIndex">2</property>
</record>
<record>
  <date>2019-05-20T10:36:49</date>
  <millis>1558319809672</millis>
  <sequence>17</sequence>
  <level>INFO</level>
  <class>com.kms.katalon.core.logging.KeywordLogger</class>
  <method>logMessage</method>
  <thread>1</thread>
  <message>Maximizing current window</message>
  <nestedLevel>1</nestedLevel>
</record>
<record>
  <date>2019-05-20T10:36:50</date>
  <millis>1558319810544</millis>
  <sequence>18</sequence>
  <level>FAILED</level>
  <class>com.kms.katalon.core.logging.KeywordLogger</class>
  <method>logMessage</method>
  <thread>1</thread>
  <message>Unable to maximize current window (Root cause: org.openqa.selenium.WebDriverException: unknown error: failed to change window state to normal, current state is maximized\n  (Session info: chrome=74.0.3729.157)\n  (Driver info: chromedriver=2.35.528161 (5b82f2d2aae0ca24b877009200ced9065a772e73),platform=Windows NT 6.1.7601 SP1 x86_64) (WARNING: The server did not provide any stacktrace information)\nCommand duration or timeout: 0 milliseconds\nBuild info: version: &amp;apos;3.7.1&amp;apos;, revision: &amp;apos;8a0099a&amp;apos;, time: &amp;apos;2017-11-06T21:07:36.161Z&amp;apos;\nSystem info: host: &amp;apos;ARCADIER-PC&amp;apos;, ip: &amp;apos;10.10.31.95&amp;apos;, os.name: &amp;apos;Windows 7&amp;apos;, os.arch: &amp;apos;amd64&amp;apos;, os.version: &amp;apos;6.1&amp;apos;, java.version: &amp;apos;1.8.0_102&amp;apos;\nDriver info: com.kms.katalon.core.webui.driver.ExistingRemoteWebDriver\nCapabilities {javascriptEnabled: true, platform: ANY, platformName: ANY}\nSession ID: 80a7e57ef25c1f35c0006c5558399ee2)</message>
  <nestedLevel>1</nestedLevel>
  <property name="attachment">1558319809980.png</property>
</record>
<record>
  <date>2019-05-20T10:36:50</date>
  <millis>1558319810546</millis>
  <sequence>19</sequence>
  <level>END</level>
  <class>com.kms.katalon.core.logging.KeywordLogger</class>
  <method>endKeyword</method>
  <thread>1</thread>
  <message>End action : maximizeWindow</message>
  <nestedLevel>1</nestedLevel>
</record>
<record>
  <date>2019-05-20T10:36:50</date>
  <millis>1558319810549</millis>
  <sequence>20</sequence>
  <level>START</level>
  <class>com.kms.katalon.core.logging.KeywordLogger</class>
  <method>startKeyword</method>
  <thread>1</thread>
  <message>Start action : navigateToUrl</message>
  <nestedLevel>1</nestedLevel>
  <property name="startLine">26</property>
  <property name="stepIndex">3</property>
</record>
<record>
  <date>2019-05-20T10:36:50</date>
  <millis>1558319810584</millis>
  <sequence>21</sequence>
  <level>INFO</level>
  <class>com.kms.katalon.core.logging.KeywordLogger</class>
  <method>logMessage</method>
  <thread>1</thread>
  <message>Checking url</message>
  <nestedLevel>1</nestedLevel>
</record>
<record>
  <date>2019-05-20T10:36:50</date>
  <millis>1558319810586</millis>
  <sequence>22</sequence>
  <level>INFO</level>
  <class>com.kms.katalon.core.logging.KeywordLogger</class>
  <method>logMessage</method>
  <thread>1</thread>
  <message>Navigating to &amp;apos;http://0520bespoke.test.arcadier.io/&amp;apos;</message>
  <nestedLevel>1</nestedLevel>
</record>
<record>
  <date>2019-05-20T10:36:52</date>
  <millis>1558319812608</millis>
  <sequence>23</sequence>
  <level>PASSED</level>
  <class>com.kms.katalon.core.logging.KeywordLogger</class>
  <method>logMessage</method>
  <thread>1</thread>
  <message>Navigate to &amp;apos;http://0520bespoke.test.arcadier.io/&amp;apos; successfully</message>
  <nestedLevel>1</nestedLevel>
</record>
<record>
  <date>2019-05-20T10:36:52</date>
  <millis>1558319812609</millis>
  <sequence>24</sequence>
  <level>END</level>
  <class>com.kms.katalon.core.logging.KeywordLogger</class>
  <method>endKeyword</method>
  <thread>1</thread>
  <message>End action : navigateToUrl</message>
  <nestedLevel>1</nestedLevel>
</record>
<record>
  <date>2019-05-20T10:36:52</date>
  <millis>1558319812610</millis>
  <sequence>25</sequence>
  <level>START</level>
  <class>com.kms.katalon.core.logging.KeywordLogger</class>
  <method>startKeyword</method>
  <thread>1</thread>
  <message>Start action : Statement - If (com.kms.katalon.core.webui.keyword.WebUiBuiltInKeywords.verifyElementPresent(com.kms.katalon.core.testobject.ObjectRepository.findTestObject(Utilities/Login Seller/Accept Cookies/a_Accept Cookies), 3, CONTINUE_ON_FAILURE) == true)</message>
  <nestedLevel>1</nestedLevel>
  <property name="startLine">28</property>
  <property name="stepIndex">4</property>
</record>
<record>
  <date>2019-05-20T10:36:52</date>
  <millis>1558319812630</millis>
  <sequence>26</sequence>
  <level>INFO</level>
  <class>com.kms.katalon.core.logging.KeywordLogger</class>
  <method>logMessage</method>
  <thread>1</thread>
  <message>Finding Test Object with id &amp;apos;Object Repository/Utilities/Login Seller/Accept Cookies/a_Accept Cookies&amp;apos;</message>
  <nestedLevel>1</nestedLevel>
</record>
<record>
  <date>2019-05-20T10:36:52</date>
  <millis>1558319812673</millis>
  <sequence>27</sequence>
  <level>INFO</level>
  <class>com.kms.katalon.core.logging.KeywordLogger</class>
  <method>logMessage</method>
  <thread>1</thread>
  <message>Checking object</message>
  <nestedLevel>1</nestedLevel>
</record>
<record>
  <date>2019-05-20T10:36:52</date>
  <millis>1558319812674</millis>
  <sequence>28</sequence>
  <level>INFO</level>
  <class>com.kms.katalon.core.logging.KeywordLogger</class>
  <method>logMessage</method>
  <thread>1</thread>
  <message>Checking timeout</message>
  <nestedLevel>1</nestedLevel>
</record>
<record>
  <date>2019-05-20T10:36:52</date>
  <millis>1558319812725</millis>
  <sequence>29</sequence>
  <level>INFO</level>
  <class>com.kms.katalon.core.logging.KeywordLogger</class>
  <method>logMessage</method>
  <thread>1</thread>
  <message>Finding web element with id: &amp;apos;Object Repository/Utilities/Login Seller/Accept Cookies/a_Accept Cookies&amp;apos; located by &amp;apos;By.xpath: id(\&amp;quot;fixntf_popup_cookies_btm_fixmsg\&amp;quot;)/div[@class=\&amp;quot;fixntf-rsec\&amp;quot;]/a[@class=\&amp;quot;fixntf-btn\&amp;quot;][count(. | //*[(text() = &amp;apos;Accept Cookies&amp;apos; or . = &amp;apos;Accept Cookies&amp;apos;)]) = count(//*[(text() = &amp;apos;Accept Cookies&amp;apos; or . = &amp;apos;Accept Cookies&amp;apos;)])]&amp;apos; in &amp;apos;3&amp;apos; second(s)</message>
  <nestedLevel>1</nestedLevel>
</record>
<record>
  <date>2019-05-20T10:36:57</date>
  <millis>1558319817404</millis>
  <sequence>30</sequence>
  <level>FAILED</level>
  <class>com.kms.katalon.core.logging.KeywordLogger</class>
  <method>logMessage</method>
  <thread>1</thread>
  <message>com.kms.katalon.core.webui.exception.WebElementNotFoundException: Web element with id: &amp;apos;Object Repository/Utilities/Login Seller/Accept Cookies/a_Accept Cookies&amp;apos; located by &amp;apos;By.xpath: id(\&amp;quot;fixntf_popup_cookies_btm_fixmsg\&amp;quot;)/div[@class=\&amp;quot;fixntf-rsec\&amp;quot;]/a[@class=\&amp;quot;fixntf-btn\&amp;quot;][count(. | //*[(text() = &amp;apos;Accept Cookies&amp;apos; or . = &amp;apos;Accept Cookies&amp;apos;)]) = count(//*[(text() = &amp;apos;Accept Cookies&amp;apos; or . = &amp;apos;Accept Cookies&amp;apos;)])]&amp;apos; not found</message>
  <nestedLevel>1</nestedLevel>
  <property name="attachment">1558319816040.png</property>
</record>
<record>
  <date>2019-05-20T10:36:57</date>
  <millis>1558319817406</millis>
  <sequence>31</sequence>
  <level>END</level>
  <class>com.kms.katalon.core.logging.KeywordLogger</class>
  <method>endKeyword</method>
  <thread>1</thread>
  <message>End action : Statement - If (com.kms.katalon.core.webui.keyword.WebUiBuiltInKeywords.verifyElementPresent(com.kms.katalon.core.testobject.ObjectRepository.findTestObject(Utilities/Login Seller/Accept Cookies/a_Accept Cookies), 3, CONTINUE_ON_FAILURE) == true)</message>
  <nestedLevel>1</nestedLevel>
</record>
<record>
  <date>2019-05-20T10:36:57</date>
  <millis>1558319817406</millis>
  <sequence>32</sequence>
  <level>START</level>
  <class>com.kms.katalon.core.logging.KeywordLogger</class>
  <method>startKeyword</method>
  <thread>1</thread>
  <message>Start action : Statement - Else</message>
  <nestedLevel>1</nestedLevel>
  <property name="startLine">34</property>
  <property name="stepIndex">5</property>
</record>
<record>
  <date>2019-05-20T10:36:57</date>
  <millis>1558319817407</millis>
  <sequence>33</sequence>
  <level>START</level>
  <class>com.kms.katalon.core.logging.KeywordLogger</class>
  <method>startKeyword</method>
  <thread>1</thread>
  <message>Start action : click</message>
  <nestedLevel>2</nestedLevel>
  <property name="startLine">35</property>
  <property name="stepIndex">1</property>
</record>
<record>
  <date>2019-05-20T10:36:57</date>
  <millis>1558319817407</millis>
  <sequence>34</sequence>
  <level>INFO</level>
  <class>com.kms.katalon.core.logging.KeywordLogger</class>
  <method>logMessage</method>
  <thread>1</thread>
  <message>Finding Test Object with id &amp;apos;Object Repository/CONSUMER/Homepage/a_BE A SELLER&amp;apos;</message>
  <nestedLevel>1</nestedLevel>
</record>
<record>
  <date>2019-05-20T10:36:57</date>
  <millis>1558319817427</millis>
  <sequence>35</sequence>
  <level>INFO</level>
  <class>com.kms.katalon.core.logging.KeywordLogger</class>
  <method>logMessage</method>
  <thread>1</thread>
  <message>Checking object</message>
  <nestedLevel>1</nestedLevel>
</record>
<record>
  <date>2019-05-20T10:36:57</date>
  <millis>1558319817427</millis>
  <sequence>36</sequence>
  <level>INFO</level>
  <class>com.kms.katalon.core.logging.KeywordLogger</class>
  <method>logMessage</method>
  <thread>1</thread>
  <message>Checking timeout</message>
  <nestedLevel>1</nestedLevel>
</record>
<record>
  <date>2019-05-20T10:36:57</date>
  <millis>1558319817428</millis>
  <sequence>37</sequence>
  <level>INFO</level>
  <class>com.kms.katalon.core.logging.KeywordLogger</class>
  <method>logMessage</method>
  <thread>1</thread>
  <message>Finding web element with id: &amp;apos;Object Repository/CONSUMER/Homepage/a_BE A SELLER&amp;apos; located by &amp;apos;By.xpath: //a[@href = &amp;apos;javascript:void(0);&amp;apos; and @id = &amp;apos;register-modal-seller&amp;apos; and (text() = &amp;apos;BE A SELLER&amp;apos; or . = &amp;apos;BE A SELLER&amp;apos;)]&amp;apos; in &amp;apos;30&amp;apos; second(s)</message>
  <nestedLevel>1</nestedLevel>
</record>
<record>
  <date>2019-05-20T10:36:57</date>
  <millis>1558319817524</millis>
  <sequence>38</sequence>
  <level>INFO</level>
  <class>com.kms.katalon.core.logging.KeywordLogger</class>
  <method>logMessage</method>
  <thread>1</thread>
  <message>Found 1 web elements with id: &amp;apos;Object Repository/CONSUMER/Homepage/a_BE A SELLER&amp;apos; located by &amp;apos;By.xpath: //a[@href = &amp;apos;javascript:void(0);&amp;apos; and @id = &amp;apos;register-modal-seller&amp;apos; and (text() = &amp;apos;BE A SELLER&amp;apos; or . = &amp;apos;BE A SELLER&amp;apos;)]&amp;apos; in &amp;apos;30&amp;apos; second(s)</message>
  <nestedLevel>1</nestedLevel>
</record>
<record>
  <date>2019-05-20T10:36:57</date>
  <millis>1558319817528</millis>
  <sequence>39</sequence>
  <level>INFO</level>
  <class>com.kms.katalon.core.logging.KeywordLogger</class>
  <method>logMessage</method>
  <thread>1</thread>
  <message>Clicking on object: &amp;apos;Object Repository/CONSUMER/Homepage/a_BE A SELLER&amp;apos;</message>
  <nestedLevel>1</nestedLevel>
</record>
<record>
  <date>2019-05-20T10:36:58</date>
  <millis>1558319818694</millis>
  <sequence>40</sequence>
  <level>PASSED</level>
  <class>com.kms.katalon.core.logging.KeywordLogger</class>
  <method>logMessage</method>
  <thread>1</thread>
  <message>Object: &amp;apos;Object Repository/CONSUMER/Homepage/a_BE A SELLER&amp;apos; is clicked on</message>
  <nestedLevel>1</nestedLevel>
</record>
<record>
  <date>2019-05-20T10:36:58</date>
  <millis>1558319818695</millis>
  <sequence>41</sequence>
  <level>END</level>
  <class>com.kms.katalon.core.logging.KeywordLogger</class>
  <method>endKeyword</method>
  <thread>1</thread>
  <message>End action : click</message>
  <nestedLevel>2</nestedLevel>
</record>
<record>
  <date>2019-05-20T10:36:58</date>
  <millis>1558319818695</millis>
  <sequence>42</sequence>
  <level>END</level>
  <class>com.kms.katalon.core.logging.KeywordLogger</class>
  <method>endKeyword</method>
  <thread>1</thread>
  <message>End action : Statement - Else</message>
  <nestedLevel>1</nestedLevel>
</record>
<record>
  <date>2019-05-20T10:36:58</date>
  <millis>1558319818700</millis>
  <sequence>43</sequence>
  <level>START</level>
  <class>com.kms.katalon.core.logging.KeywordLogger</class>
  <method>startKeyword</method>
  <thread>1</thread>
  <message>Start action : waitForElementVisible</message>
  <nestedLevel>1</nestedLevel>
  <property name="startLine">38</property>
  <property name="stepIndex">6</property>
</record>
<record>
  <date>2019-05-20T10:36:58</date>
  <millis>1558319818702</millis>
  <sequence>44</sequence>
  <level>INFO</level>
  <class>com.kms.katalon.core.logging.KeywordLogger</class>
  <method>logMessage</method>
  <thread>1</thread>
  <message>Finding Test Object with id &amp;apos;Object Repository/CONSUMER/Homepage/a_BE A SELLER&amp;apos;</message>
  <nestedLevel>1</nestedLevel>
</record>
<record>
  <date>2019-05-20T10:36:58</date>
  <millis>1558319818722</millis>
  <sequence>45</sequence>
  <level>INFO</level>
  <class>com.kms.katalon.core.logging.KeywordLogger</class>
  <method>logMessage</method>
  <thread>1</thread>
  <message>Checking object</message>
  <nestedLevel>1</nestedLevel>
</record>
<record>
  <date>2019-05-20T10:36:58</date>
  <millis>1558319818723</millis>
  <sequence>46</sequence>
  <level>INFO</level>
  <class>com.kms.katalon.core.logging.KeywordLogger</class>
  <method>logMessage</method>
  <thread>1</thread>
  <message>Checking timeout</message>
  <nestedLevel>1</nestedLevel>
</record>
<record>
  <date>2019-05-20T10:36:58</date>
  <millis>1558319818723</millis>
  <sequence>47</sequence>
  <level>WARNING</level>
  <class>com.kms.katalon.core.logging.KeywordLogger</class>
  <method>logMessage</method>
  <thread>1</thread>
  <message>Timeout &amp;apos;0&amp;apos; is invalid. Using default page load timeout: &amp;apos;30&amp;apos;</message>
  <nestedLevel>1</nestedLevel>
</record>
<record>
  <date>2019-05-20T10:36:58</date>
  <millis>1558319818724</millis>
  <sequence>48</sequence>
  <level>INFO</level>
  <class>com.kms.katalon.core.logging.KeywordLogger</class>
  <method>logMessage</method>
  <thread>1</thread>
  <message>Checking timeout</message>
  <nestedLevel>1</nestedLevel>
</record>
<record>
  <date>2019-05-20T10:36:58</date>
  <millis>1558319818729</millis>
  <sequence>49</sequence>
  <level>INFO</level>
  <class>com.kms.katalon.core.logging.KeywordLogger</class>
  <method>logMessage</method>
  <thread>1</thread>
  <message>Finding web element with id: &amp;apos;Object Repository/CONSUMER/Homepage/a_BE A SELLER&amp;apos; located by &amp;apos;By.xpath: //a[@href = &amp;apos;javascript:void(0);&amp;apos; and @id = &amp;apos;register-modal-seller&amp;apos; and (text() = &amp;apos;BE A SELLER&amp;apos; or . = &amp;apos;BE A SELLER&amp;apos;)]&amp;apos; in &amp;apos;30&amp;apos; second(s)</message>
  <nestedLevel>1</nestedLevel>
</record>
