<?xml version="1.0" encoding="UTF-8" standalone="no"?>
<!DOCTYPE log SYSTEM "logger.dtd">
<log>
<record>
  <date>2020-03-20T09:40:03</date>
  <millis>1584668403792</millis>
  <sequence>0</sequence>
  <level>START</level>
  <class>com.kms.katalon.core.logging.XmlKeywordLogger</class>
  <method>startSuite</method>
  <thread>1</thread>
  <message>Start Test Suite : Test Suites/Admin/Language/Edit Text/Bespoke/Buyer Pages/Bespoke Buyer Pages</message>
  <nestedLevel>0</nestedLevel>
  <property name="name">Bespoke Buyer Pages</property>
  <property name="description"></property>
  <property name="id">Test Suites/Admin/Language/Edit Text/Bespoke/Buyer Pages/Bespoke Buyer Pages</property>
</record>
<record>
  <date>2020-03-20T09:40:03</date>
  <millis>1584668403805</millis>
  <sequence>1</sequence>
  <level>RUN_DATA</level>
  <class>com.kms.katalon.core.logging.XmlKeywordLogger</class>
  <method>logMessage</method>
  <thread>1</thread>
  <message>hostName = ARCADIER03 - 192.168.254.105</message>
  <nestedLevel>0</nestedLevel>
  <property name="hostName">ARCADIER03 - 192.168.254.105</property>
</record>
<record>
  <date>2020-03-20T09:40:03</date>
  <millis>1584668403806</millis>
  <sequence>2</sequence>
  <level>RUN_DATA</level>
  <class>com.kms.katalon.core.logging.XmlKeywordLogger</class>
  <method>logMessage</method>
  <thread>1</thread>
  <message>os = Windows 7 64bit</message>
  <nestedLevel>0</nestedLevel>
  <property name="os">Windows 7 64bit</property>
</record>
<record>
  <date>2020-03-20T09:40:03</date>
  <millis>1584668403807</millis>
  <sequence>3</sequence>
  <level>RUN_DATA</level>
  <class>com.kms.katalon.core.logging.XmlKeywordLogger</class>
  <method>logMessage</method>
  <thread>1</thread>
  <message>hostAddress = 192.168.254.105</message>
  <nestedLevel>0</nestedLevel>
  <property name="hostAddress">192.168.254.105</property>
</record>
<record>
  <date>2020-03-20T09:40:03</date>
  <millis>1584668403808</millis>
  <sequence>4</sequence>
  <level>RUN_DATA</level>
  <class>com.kms.katalon.core.logging.XmlKeywordLogger</class>
  <method>logMessage</method>
  <thread>1</thread>
  <message>katalonVersion = 7.2.6.1</message>
  <nestedLevel>0</nestedLevel>
  <property name="katalonVersion">7.2.6.1</property>
</record>
<record>
  <date>2020-03-20T09:40:04</date>
  <millis>1584668404424</millis>
  <sequence>5</sequence>
  <level>START</level>
  <class>com.kms.katalon.core.logging.XmlKeywordLogger</class>
  <method>startTest</method>
  <thread>1</thread>
  <message>Start Test Case : Test Cases/ADMIN/Language/Edit Text/Bespoke/Buyer Pages/Onboarding_Settings</message>
  <nestedLevel>1</nestedLevel>
  <property name="name">Test Cases/ADMIN/Language/Edit Text/Bespoke/Buyer Pages/Onboarding_Settings</property>
  <property name="description"></property>
  <property name="id">Test Cases/ADMIN/Language/Edit Text/Bespoke/Buyer Pages/Onboarding_Settings</property>
  <property name="source">C:\\Katalon\\Arctick\\Test Cases\\ADMIN\\Language\\Edit Text\\Bespoke\\Buyer Pages\\Onboarding_Settings.tc</property>
  <property name="tag"></property>
  <property name="isOptional">false</property>
</record>
<record>
  <date>2020-03-20T09:40:04</date>
  <millis>1584668404472</millis>
  <sequence>7</sequence>
  <level>INFO</level>
  <class>com.kms.katalon.core.logging.XmlKeywordLogger</class>
  <method>logMessage</method>
  <thread>1</thread>
  <message>varLanguage = French</message>
  <nestedLevel>1</nestedLevel>
</record>
<record>
  <date>2020-03-20T09:40:05</date>
  <millis>1584668405285</millis>
  <sequence>8</sequence>
  <level>START</level>
  <class>com.kms.katalon.core.logging.XmlKeywordLogger</class>
  <method>startKeyword</method>
  <thread>1</thread>
  <message>Start action : waitForElementVisible(findTestObject(\&amp;quot;ADMIN/Edit Text/Bespoke/Buyer Navigation/dd_language\&amp;quot;), 0)</message>
  <nestedLevel>1</nestedLevel>
  <property name="startLine">18</property>
  <property name="stepIndex">1</property>
</record>
<record>
  <date>2020-03-20T09:40:05</date>
  <millis>1584668405827</millis>
  <sequence>12</sequence>
  <level>WARNING</level>
  <class>com.kms.katalon.core.logging.XmlKeywordLogger</class>
  <method>logMessage</method>
  <thread>1</thread>
  <message>Timeout &amp;apos;0&amp;apos; is invalid. Using default page load timeout: &amp;apos;30&amp;apos;</message>
  <nestedLevel>1</nestedLevel>
</record>
<record>
  <date>2020-03-20T09:40:07</date>
  <millis>1584668407040</millis>
  <sequence>15</sequence>
  <level>RUN_DATA</level>
  <class>com.kms.katalon.core.logging.XmlKeywordLogger</class>
  <method>logMessage</method>
  <thread>1</thread>
  <message>sessionId = 36d01542543bc6b7e6541b3e6dcbd8a9</message>
  <nestedLevel>1</nestedLevel>
  <property name="sessionId">36d01542543bc6b7e6541b3e6dcbd8a9</property>
</record>
<record>
  <date>2020-03-20T09:40:07</date>
  <millis>1584668407058</millis>
  <sequence>16</sequence>
  <level>RUN_DATA</level>
  <class>com.kms.katalon.core.logging.XmlKeywordLogger</class>
  <method>logMessage</method>
  <thread>1</thread>
  <message>browser = Chrome 80.0.3987.149</message>
  <nestedLevel>1</nestedLevel>
  <property name="browser">Chrome 80.0.3987.149</property>
</record>
<record>
  <date>2020-03-20T09:40:07</date>
  <millis>1584668407059</millis>
  <sequence>17</sequence>
  <level>RUN_DATA</level>
  <class>com.kms.katalon.core.logging.XmlKeywordLogger</class>
  <method>logMessage</method>
  <thread>1</thread>
  <message>platform = Windows 7</message>
  <nestedLevel>1</nestedLevel>
  <property name="platform">Windows 7</property>
</record>
<record>
  <date>2020-03-20T09:40:07</date>
  <millis>1584668407060</millis>
  <sequence>18</sequence>
  <level>RUN_DATA</level>
  <class>com.kms.katalon.core.logging.XmlKeywordLogger</class>
  <method>logMessage</method>
  <thread>1</thread>
  <message>seleniumVersion = 3.141.59</message>
  <nestedLevel>1</nestedLevel>
  <property name="seleniumVersion">3.141.59</property>
</record>
<record>
  <date>2020-03-20T09:40:07</date>
  <millis>1584668407064</millis>
  <sequence>19</sequence>
  <level>RUN_DATA</level>
  <class>com.kms.katalon.core.logging.XmlKeywordLogger</class>
  <method>logMessage</method>
  <thread>1</thread>
  <message>proxyInformation = ProxyInformation{proxyOption=NO_PROXY, proxyServerType=HTTP, password=, proxyServerAddress=, proxyServerPort=0, executionList=}</message>
  <nestedLevel>1</nestedLevel>
  <property name="proxyInformation">ProxyInformation{proxyOption=NO_PROXY, proxyServerType=HTTP, password=, proxyServerAddress=, proxyServerPort=0, executionList=}</property>
</record>
<record>
  <date>2020-03-20T09:40:07</date>
  <millis>1584668407266</millis>
  <sequence>23</sequence>
  <level>PASSED</level>
  <class>com.kms.katalon.core.logging.XmlKeywordLogger</class>
  <method>logMessage</method>
  <thread>1</thread>
  <message>Object &amp;apos;Object Repository/ADMIN/Edit Text/Bespoke/Buyer Navigation/dd_language&amp;apos; is visible</message>
  <nestedLevel>1</nestedLevel>
</record>
<record>
  <date>2020-03-20T09:40:07</date>
  <millis>1584668407268</millis>
  <sequence>24</sequence>
  <level>END</level>
  <class>com.kms.katalon.core.logging.XmlKeywordLogger</class>
  <method>endKeyword</method>
  <thread>1</thread>
  <message>End action : waitForElementVisible(findTestObject(\&amp;quot;ADMIN/Edit Text/Bespoke/Buyer Navigation/dd_language\&amp;quot;), 0)</message>
  <nestedLevel>1</nestedLevel>
</record>
<record>
  <date>2020-03-20T09:40:07</date>
  <millis>1584668407268</millis>
  <sequence>25</sequence>
  <level>START</level>
  <class>com.kms.katalon.core.logging.XmlKeywordLogger</class>
  <method>startKeyword</method>
  <thread>1</thread>
  <message>Start action : selectOptionByLabel(findTestObject(\&amp;quot;ADMIN/Edit Text/Bespoke/Buyer Navigation/dd_language\&amp;quot;), varLanguage, false)</message>
  <nestedLevel>1</nestedLevel>
  <property name="startLine">20</property>
  <property name="stepIndex">2</property>
</record>
<record>
  <date>2020-03-20T09:40:07</date>
  <millis>1584668407575</millis>
  <sequence>36</sequence>
  <level>PASSED</level>
  <class>com.kms.katalon.core.logging.XmlKeywordLogger</class>
  <method>logMessage</method>
  <thread>1</thread>
  <message>All options with label &amp;apos;French&amp;apos; are selected in object &amp;apos;Object Repository/ADMIN/Edit Text/Bespoke/Buyer Navigation/dd_language&amp;apos; </message>
  <nestedLevel>1</nestedLevel>
</record>
<record>
  <date>2020-03-20T09:40:07</date>
  <millis>1584668407576</millis>
  <sequence>37</sequence>
  <level>END</level>
  <class>com.kms.katalon.core.logging.XmlKeywordLogger</class>
  <method>endKeyword</method>
  <thread>1</thread>
  <message>End action : selectOptionByLabel(findTestObject(\&amp;quot;ADMIN/Edit Text/Bespoke/Buyer Navigation/dd_language\&amp;quot;), varLanguage, false)</message>
  <nestedLevel>1</nestedLevel>
</record>
<record>
  <date>2020-03-20T09:40:07</date>
  <millis>1584668407577</millis>
  <sequence>38</sequence>
  <level>START</level>
  <class>com.kms.katalon.core.logging.XmlKeywordLogger</class>
  <method>startKeyword</method>
  <thread>1</thread>
  <message>Start action : sendKeys(findTestObject(\&amp;quot;ADMIN/Edit Text/Bespoke/Buyer Pages/Onboarding_Settings/input_USER SETTINGS_marketplace-name\&amp;quot;), \&amp;quot;*\&amp;quot;)</message>
  <nestedLevel>1</nestedLevel>
  <property name="startLine">22</property>
  <property name="stepIndex">3</property>
</record>
<record>
  <date>2020-03-20T09:40:07</date>
  <millis>1584668407767</millis>
  <sequence>46</sequence>
  <level>PASSED</level>
  <class>com.kms.katalon.core.logging.XmlKeywordLogger</class>
  <method>logMessage</method>
  <thread>1</thread>
  <message>Keys &amp;apos;*&amp;apos; sent to object: &amp;apos;Object Repository/ADMIN/Edit Text/Bespoke/Buyer Pages/Onboarding_Settings/input_USER SETTINGS_marketplace-name&amp;apos;</message>
  <nestedLevel>1</nestedLevel>
</record>
<record>
  <date>2020-03-20T09:40:07</date>
  <millis>1584668407771</millis>
  <sequence>47</sequence>
  <level>END</level>
  <class>com.kms.katalon.core.logging.XmlKeywordLogger</class>
  <method>endKeyword</method>
  <thread>1</thread>
  <message>End action : sendKeys(findTestObject(\&amp;quot;ADMIN/Edit Text/Bespoke/Buyer Pages/Onboarding_Settings/input_USER SETTINGS_marketplace-name\&amp;quot;), \&amp;quot;*\&amp;quot;)</message>
  <nestedLevel>1</nestedLevel>
</record>
<record>
  <date>2020-03-20T09:40:07</date>
  <millis>1584668407772</millis>
  <sequence>48</sequence>
  <level>START</level>
  <class>com.kms.katalon.core.logging.XmlKeywordLogger</class>
  <method>startKeyword</method>
  <thread>1</thread>
  <message>Start action : sendKeys(findTestObject(\&amp;quot;ADMIN/Edit Text/Bespoke/Buyer Pages/Onboarding_Settings/input_Configure your profile and your settings here_item_details\&amp;quot;), \&amp;quot;*\&amp;quot;)</message>
  <nestedLevel>1</nestedLevel>
  <property name="startLine">25</property>
  <property name="stepIndex">4</property>
</record>
<record>
  <date>2020-03-20T09:40:08</date>
  <millis>1584668408164</millis>
  <sequence>56</sequence>
  <level>PASSED</level>
  <class>com.kms.katalon.core.logging.XmlKeywordLogger</class>
  <method>logMessage</method>
  <thread>1</thread>
  <message>Keys &amp;apos;*&amp;apos; sent to object: &amp;apos;Object Repository/ADMIN/Edit Text/Bespoke/Buyer Pages/Onboarding_Settings/input_Configure your profile and your settings here_item_details&amp;apos;</message>
  <nestedLevel>1</nestedLevel>
</record>
<record>
  <date>2020-03-20T09:40:08</date>
  <millis>1584668408165</millis>
  <sequence>57</sequence>
  <level>END</level>
  <class>com.kms.katalon.core.logging.XmlKeywordLogger</class>
  <method>endKeyword</method>
  <thread>1</thread>
  <message>End action : sendKeys(findTestObject(\&amp;quot;ADMIN/Edit Text/Bespoke/Buyer Pages/Onboarding_Settings/input_Configure your profile and your settings here_item_details\&amp;quot;), \&amp;quot;*\&amp;quot;)</message>
  <nestedLevel>1</nestedLevel>
</record>
<record>
  <date>2020-03-20T09:40:08</date>
  <millis>1584668408165</millis>
  <sequence>58</sequence>
  <level>START</level>
  <class>com.kms.katalon.core.logging.XmlKeywordLogger</class>
  <method>startKeyword</method>
  <thread>1</thread>
  <message>Start action : sendKeys(findTestObject(\&amp;quot;ADMIN/Edit Text/Bespoke/Buyer Pages/Onboarding_Settings/input_PROFILE_tab-title\&amp;quot;), \&amp;quot;*\&amp;quot;)</message>
  <nestedLevel>1</nestedLevel>
  <property name="startLine">28</property>
  <property name="stepIndex">5</property>
</record>
<record>
  <date>2020-03-20T09:40:08</date>
  <millis>1584668408317</millis>
  <sequence>66</sequence>
  <level>PASSED</level>
  <class>com.kms.katalon.core.logging.XmlKeywordLogger</class>
  <method>logMessage</method>
  <thread>1</thread>
  <message>Keys &amp;apos;*&amp;apos; sent to object: &amp;apos;Object Repository/ADMIN/Edit Text/Bespoke/Buyer Pages/Onboarding_Settings/input_PROFILE_tab-title&amp;apos;</message>
  <nestedLevel>1</nestedLevel>
</record>
<record>
  <date>2020-03-20T09:40:08</date>
  <millis>1584668408318</millis>
  <sequence>67</sequence>
  <level>END</level>
  <class>com.kms.katalon.core.logging.XmlKeywordLogger</class>
  <method>endKeyword</method>
  <thread>1</thread>
  <message>End action : sendKeys(findTestObject(\&amp;quot;ADMIN/Edit Text/Bespoke/Buyer Pages/Onboarding_Settings/input_PROFILE_tab-title\&amp;quot;), \&amp;quot;*\&amp;quot;)</message>
  <nestedLevel>1</nestedLevel>
</record>
<record>
  <date>2020-03-20T09:40:08</date>
  <millis>1584668408318</millis>
  <sequence>68</sequence>
  <level>START</level>
  <class>com.kms.katalon.core.logging.XmlKeywordLogger</class>
  <method>startKeyword</method>
  <thread>1</thread>
  <message>Start action : sendKeys(findTestObject(\&amp;quot;ADMIN/Edit Text/Bespoke/Buyer Pages/Onboarding_Settings/input_CHANGE_btn_upload\&amp;quot;), \&amp;quot;*\&amp;quot;)</message>
  <nestedLevel>1</nestedLevel>
  <property name="startLine">30</property>
  <property name="stepIndex">6</property>
</record>
<record>
  <date>2020-03-20T09:40:08</date>
  <millis>1584668408714</millis>
  <sequence>76</sequence>
  <level>PASSED</level>
  <class>com.kms.katalon.core.logging.XmlKeywordLogger</class>
  <method>logMessage</method>
  <thread>1</thread>
  <message>Keys &amp;apos;*&amp;apos; sent to object: &amp;apos;Object Repository/ADMIN/Edit Text/Bespoke/Buyer Pages/Onboarding_Settings/input_CHANGE_btn_upload&amp;apos;</message>
  <nestedLevel>1</nestedLevel>
</record>
<record>
  <date>2020-03-20T09:40:08</date>
  <millis>1584668408715</millis>
  <sequence>77</sequence>
  <level>END</level>
  <class>com.kms.katalon.core.logging.XmlKeywordLogger</class>
  <method>endKeyword</method>
  <thread>1</thread>
  <message>End action : sendKeys(findTestObject(\&amp;quot;ADMIN/Edit Text/Bespoke/Buyer Pages/Onboarding_Settings/input_CHANGE_btn_upload\&amp;quot;), \&amp;quot;*\&amp;quot;)</message>
  <nestedLevel>1</nestedLevel>
</record>
<record>
  <date>2020-03-20T09:40:08</date>
  <millis>1584668408715</millis>
  <sequence>78</sequence>
  <level>START</level>
  <class>com.kms.katalon.core.logging.XmlKeywordLogger</class>
  <method>startKeyword</method>
  <thread>1</thread>
  <message>Start action : sendKeys(findTestObject(\&amp;quot;ADMIN/Edit Text/Bespoke/Buyer Pages/Onboarding_Settings/input_DISPLAY NAME_display-name\&amp;quot;), \&amp;quot;*\&amp;quot;)</message>
  <nestedLevel>1</nestedLevel>
  <property name="startLine">32</property>
  <property name="stepIndex">7</property>
</record>
<record>
  <date>2020-03-20T09:40:08</date>
  <millis>1584668408805</millis>
  <sequence>86</sequence>
  <level>PASSED</level>
  <class>com.kms.katalon.core.logging.XmlKeywordLogger</class>
  <method>logMessage</method>
  <thread>1</thread>
  <message>Keys &amp;apos;*&amp;apos; sent to object: &amp;apos;Object Repository/ADMIN/Edit Text/Bespoke/Buyer Pages/Onboarding_Settings/input_DISPLAY NAME_display-name&amp;apos;</message>
  <nestedLevel>1</nestedLevel>
</record>
<record>
  <date>2020-03-20T09:40:08</date>
  <millis>1584668408806</millis>
  <sequence>87</sequence>
  <level>END</level>
  <class>com.kms.katalon.core.logging.XmlKeywordLogger</class>
  <method>endKeyword</method>
  <thread>1</thread>
  <message>End action : sendKeys(findTestObject(\&amp;quot;ADMIN/Edit Text/Bespoke/Buyer Pages/Onboarding_Settings/input_DISPLAY NAME_display-name\&amp;quot;), \&amp;quot;*\&amp;quot;)</message>
  <nestedLevel>1</nestedLevel>
</record>
<record>
  <date>2020-03-20T09:40:08</date>
  <millis>1584668408806</millis>
  <sequence>88</sequence>
  <level>START</level>
  <class>com.kms.katalon.core.logging.XmlKeywordLogger</class>
  <method>startKeyword</method>
  <thread>1</thread>
  <message>Start action : sendKeys(findTestObject(\&amp;quot;ADMIN/Edit Text/Bespoke/Buyer Pages/Onboarding_Settings/input_FIRST NAME_first-name\&amp;quot;), \&amp;quot;*\&amp;quot;)</message>
  <nestedLevel>1</nestedLevel>
  <property name="startLine">35</property>
  <property name="stepIndex">8</property>
</record>
<record>
  <date>2020-03-20T09:40:08</date>
  <millis>1584668408915</millis>
  <sequence>96</sequence>
  <level>PASSED</level>
  <class>com.kms.katalon.core.logging.XmlKeywordLogger</class>
  <method>logMessage</method>
  <thread>1</thread>
  <message>Keys &amp;apos;*&amp;apos; sent to object: &amp;apos;Object Repository/ADMIN/Edit Text/Bespoke/Buyer Pages/Onboarding_Settings/input_FIRST NAME_first-name&amp;apos;</message>
  <nestedLevel>1</nestedLevel>
</record>
<record>
  <date>2020-03-20T09:40:08</date>
  <millis>1584668408915</millis>
  <sequence>97</sequence>
  <level>END</level>
  <class>com.kms.katalon.core.logging.XmlKeywordLogger</class>
  <method>endKeyword</method>
  <thread>1</thread>
  <message>End action : sendKeys(findTestObject(\&amp;quot;ADMIN/Edit Text/Bespoke/Buyer Pages/Onboarding_Settings/input_FIRST NAME_first-name\&amp;quot;), \&amp;quot;*\&amp;quot;)</message>
  <nestedLevel>1</nestedLevel>
</record>
<record>
  <date>2020-03-20T09:40:08</date>
  <millis>1584668408915</millis>
  <sequence>98</sequence>
  <level>START</level>
  <class>com.kms.katalon.core.logging.XmlKeywordLogger</class>
  <method>startKeyword</method>
  <thread>1</thread>
  <message>Start action : sendKeys(findTestObject(\&amp;quot;ADMIN/Edit Text/Bespoke/Buyer Pages/Onboarding_Settings/input_LAST NAME_last-name\&amp;quot;), \&amp;quot;*\&amp;quot;)</message>
  <nestedLevel>1</nestedLevel>
  <property name="startLine">37</property>
  <property name="stepIndex">9</property>
</record>
<record>
  <date>2020-03-20T09:40:09</date>
  <millis>1584668409198</millis>
  <sequence>106</sequence>
  <level>PASSED</level>
  <class>com.kms.katalon.core.logging.XmlKeywordLogger</class>
  <method>logMessage</method>
  <thread>1</thread>
  <message>Keys &amp;apos;*&amp;apos; sent to object: &amp;apos;Object Repository/ADMIN/Edit Text/Bespoke/Buyer Pages/Onboarding_Settings/input_LAST NAME_last-name&amp;apos;</message>
  <nestedLevel>1</nestedLevel>
</record>
<record>
  <date>2020-03-20T09:40:09</date>
  <millis>1584668409199</millis>
  <sequence>107</sequence>
  <level>END</level>
  <class>com.kms.katalon.core.logging.XmlKeywordLogger</class>
  <method>endKeyword</method>
  <thread>1</thread>
  <message>End action : sendKeys(findTestObject(\&amp;quot;ADMIN/Edit Text/Bespoke/Buyer Pages/Onboarding_Settings/input_LAST NAME_last-name\&amp;quot;), \&amp;quot;*\&amp;quot;)</message>
  <nestedLevel>1</nestedLevel>
</record>
<record>
  <date>2020-03-20T09:40:09</date>
  <millis>1584668409199</millis>
  <sequence>108</sequence>
  <level>START</level>
  <class>com.kms.katalon.core.logging.XmlKeywordLogger</class>
  <method>startKeyword</method>
  <thread>1</thread>
  <message>Start action : sendKeys(findTestObject(\&amp;quot;ADMIN/Edit Text/Bespoke/Buyer Pages/Onboarding_Settings/input_NOTIFICATION EMAIL_notification-email\&amp;quot;), \&amp;quot;*\&amp;quot;)</message>
  <nestedLevel>1</nestedLevel>
  <property name="startLine">39</property>
  <property name="stepIndex">10</property>
</record>
<record>
  <date>2020-03-20T09:40:09</date>
  <millis>1584668409297</millis>
  <sequence>116</sequence>
  <level>PASSED</level>
  <class>com.kms.katalon.core.logging.XmlKeywordLogger</class>
  <method>logMessage</method>
  <thread>1</thread>
  <message>Keys &amp;apos;*&amp;apos; sent to object: &amp;apos;Object Repository/ADMIN/Edit Text/Bespoke/Buyer Pages/Onboarding_Settings/input_NOTIFICATION EMAIL_notification-email&amp;apos;</message>
  <nestedLevel>1</nestedLevel>
</record>
<record>
  <date>2020-03-20T09:40:09</date>
  <millis>1584668409297</millis>
  <sequence>117</sequence>
  <level>END</level>
  <class>com.kms.katalon.core.logging.XmlKeywordLogger</class>
  <method>endKeyword</method>
  <thread>1</thread>
  <message>End action : sendKeys(findTestObject(\&amp;quot;ADMIN/Edit Text/Bespoke/Buyer Pages/Onboarding_Settings/input_NOTIFICATION EMAIL_notification-email\&amp;quot;), \&amp;quot;*\&amp;quot;)</message>
  <nestedLevel>1</nestedLevel>
</record>
<record>
  <date>2020-03-20T09:40:09</date>
  <millis>1584668409297</millis>
  <sequence>118</sequence>
  <level>START</level>
  <class>com.kms.katalon.core.logging.XmlKeywordLogger</class>
  <method>startKeyword</method>
  <thread>1</thread>
  <message>Start action : sendKeys(findTestObject(\&amp;quot;ADMIN/Edit Text/Bespoke/Buyer Pages/Onboarding_Settings/input_CONTACT NUMBER_contact-number\&amp;quot;), \&amp;quot;*\&amp;quot;)</message>
  <nestedLevel>1</nestedLevel>
  <property name="startLine">42</property>
  <property name="stepIndex">11</property>
</record>
<record>
  <date>2020-03-20T09:40:09</date>
  <millis>1584668409567</millis>
  <sequence>126</sequence>
  <level>PASSED</level>
  <class>com.kms.katalon.core.logging.XmlKeywordLogger</class>
  <method>logMessage</method>
  <thread>1</thread>
  <message>Keys &amp;apos;*&amp;apos; sent to object: &amp;apos;Object Repository/ADMIN/Edit Text/Bespoke/Buyer Pages/Onboarding_Settings/input_CONTACT NUMBER_contact-number&amp;apos;</message>
  <nestedLevel>1</nestedLevel>
</record>
<record>
  <date>2020-03-20T09:40:09</date>
  <millis>1584668409568</millis>
  <sequence>127</sequence>
  <level>END</level>
  <class>com.kms.katalon.core.logging.XmlKeywordLogger</class>
  <method>endKeyword</method>
  <thread>1</thread>
  <message>End action : sendKeys(findTestObject(\&amp;quot;ADMIN/Edit Text/Bespoke/Buyer Pages/Onboarding_Settings/input_CONTACT NUMBER_contact-number\&amp;quot;), \&amp;quot;*\&amp;quot;)</message>
  <nestedLevel>1</nestedLevel>
</record>
<record>
  <date>2020-03-20T09:40:09</date>
  <millis>1584668409568</millis>
  <sequence>128</sequence>
  <level>START</level>
  <class>com.kms.katalon.core.logging.XmlKeywordLogger</class>
  <method>startKeyword</method>
  <thread>1</thread>
  <message>Start action : sendKeys(findTestObject(\&amp;quot;ADMIN/Edit Text/Bespoke/Buyer Pages/Onboarding_Settings/input_OPENID LOGIN_open-id-login\&amp;quot;), \&amp;quot;*\&amp;quot;)</message>
  <nestedLevel>1</nestedLevel>
  <property name="startLine">45</property>
  <property name="stepIndex">12</property>
</record>
<record>
  <date>2020-03-20T09:40:09</date>
  <millis>1584668409663</millis>
  <sequence>136</sequence>
  <level>PASSED</level>
  <class>com.kms.katalon.core.logging.XmlKeywordLogger</class>
  <method>logMessage</method>
  <thread>1</thread>
  <message>Keys &amp;apos;*&amp;apos; sent to object: &amp;apos;Object Repository/ADMIN/Edit Text/Bespoke/Buyer Pages/Onboarding_Settings/input_OPENID LOGIN_open-id-login&amp;apos;</message>
  <nestedLevel>1</nestedLevel>
</record>
<record>
  <date>2020-03-20T09:40:09</date>
  <millis>1584668409663</millis>
  <sequence>137</sequence>
  <level>END</level>
  <class>com.kms.katalon.core.logging.XmlKeywordLogger</class>
  <method>endKeyword</method>
  <thread>1</thread>
  <message>End action : sendKeys(findTestObject(\&amp;quot;ADMIN/Edit Text/Bespoke/Buyer Pages/Onboarding_Settings/input_OPENID LOGIN_open-id-login\&amp;quot;), \&amp;quot;*\&amp;quot;)</message>
  <nestedLevel>1</nestedLevel>
</record>
<record>
  <date>2020-03-20T09:40:09</date>
  <millis>1584668409663</millis>
  <sequence>138</sequence>
  <level>START</level>
  <class>com.kms.katalon.core.logging.XmlKeywordLogger</class>
  <method>startKeyword</method>
  <thread>1</thread>
  <message>Start action : sendKeys(findTestObject(\&amp;quot;ADMIN/Edit Text/Bespoke/Buyer Pages/Onboarding_Settings/input_NEXT_btn_next\&amp;quot;), \&amp;quot;*\&amp;quot;)</message>
  <nestedLevel>1</nestedLevel>
  <property name="startLine">48</property>
  <property name="stepIndex">13</property>
</record>
<record>
  <date>2020-03-20T09:40:09</date>
  <millis>1584668409897</millis>
  <sequence>146</sequence>
  <level>PASSED</level>
  <class>com.kms.katalon.core.logging.XmlKeywordLogger</class>
  <method>logMessage</method>
  <thread>1</thread>
  <message>Keys &amp;apos;*&amp;apos; sent to object: &amp;apos;Object Repository/ADMIN/Edit Text/Bespoke/Buyer Pages/Onboarding_Settings/input_NEXT_btn_next&amp;apos;</message>
  <nestedLevel>1</nestedLevel>
</record>
<record>
  <date>2020-03-20T09:40:09</date>
  <millis>1584668409898</millis>
  <sequence>147</sequence>
  <level>END</level>
  <class>com.kms.katalon.core.logging.XmlKeywordLogger</class>
  <method>endKeyword</method>
  <thread>1</thread>
  <message>End action : sendKeys(findTestObject(\&amp;quot;ADMIN/Edit Text/Bespoke/Buyer Pages/Onboarding_Settings/input_NEXT_btn_next\&amp;quot;), \&amp;quot;*\&amp;quot;)</message>
  <nestedLevel>1</nestedLevel>
</record>
<record>
  <date>2020-03-20T09:40:09</date>
  <millis>1584668409899</millis>
  <sequence>148</sequence>
  <level>START</level>
  <class>com.kms.katalon.core.logging.XmlKeywordLogger</class>
  <method>startKeyword</method>
  <thread>1</thread>
  <message>Start action : sendKeys(findTestObject(\&amp;quot;ADMIN/Edit Text/Bespoke/Buyer Pages/Onboarding_Settings/input_ADDRESS_tab-title\&amp;quot;), \&amp;quot;*\&amp;quot;)</message>
  <nestedLevel>1</nestedLevel>
  <property name="startLine">50</property>
  <property name="stepIndex">14</property>
</record>
<record>
  <date>2020-03-20T09:40:10</date>
  <millis>1584668410020</millis>
  <sequence>156</sequence>
  <level>PASSED</level>
  <class>com.kms.katalon.core.logging.XmlKeywordLogger</class>
  <method>logMessage</method>
  <thread>1</thread>
  <message>Keys &amp;apos;*&amp;apos; sent to object: &amp;apos;Object Repository/ADMIN/Edit Text/Bespoke/Buyer Pages/Onboarding_Settings/input_ADDRESS_tab-title&amp;apos;</message>
  <nestedLevel>1</nestedLevel>
</record>
<record>
  <date>2020-03-20T09:40:10</date>
  <millis>1584668410020</millis>
  <sequence>157</sequence>
  <level>END</level>
  <class>com.kms.katalon.core.logging.XmlKeywordLogger</class>
  <method>endKeyword</method>
  <thread>1</thread>
  <message>End action : sendKeys(findTestObject(\&amp;quot;ADMIN/Edit Text/Bespoke/Buyer Pages/Onboarding_Settings/input_ADDRESS_tab-title\&amp;quot;), \&amp;quot;*\&amp;quot;)</message>
  <nestedLevel>1</nestedLevel>
</record>
<record>
  <date>2020-03-20T09:40:10</date>
  <millis>1584668410021</millis>
  <sequence>158</sequence>
  <level>START</level>
  <class>com.kms.katalon.core.logging.XmlKeywordLogger</class>
  <method>startKeyword</method>
  <thread>1</thread>
  <message>Start action : sendKeys(findTestObject(\&amp;quot;ADMIN/Edit Text/Bespoke/Buyer Pages/Onboarding_Settings/input_NEW DELIVERY ADDRESS_new-delivery-address\&amp;quot;), \&amp;quot;*\&amp;quot;)</message>
  <nestedLevel>1</nestedLevel>
  <property name="startLine">52</property>
  <property name="stepIndex">15</property>
</record>
<record>
  <date>2020-03-20T09:40:10</date>
  <millis>1584668410298</millis>
  <sequence>166</sequence>
  <level>PASSED</level>
  <class>com.kms.katalon.core.logging.XmlKeywordLogger</class>
  <method>logMessage</method>
  <thread>1</thread>
  <message>Keys &amp;apos;*&amp;apos; sent to object: &amp;apos;Object Repository/ADMIN/Edit Text/Bespoke/Buyer Pages/Onboarding_Settings/input_NEW DELIVERY ADDRESS_new-delivery-address&amp;apos;</message>
  <nestedLevel>1</nestedLevel>
</record>
<record>
  <date>2020-03-20T09:40:10</date>
  <millis>1584668410299</millis>
  <sequence>167</sequence>
  <level>END</level>
  <class>com.kms.katalon.core.logging.XmlKeywordLogger</class>
  <method>endKeyword</method>
  <thread>1</thread>
  <message>End action : sendKeys(findTestObject(\&amp;quot;ADMIN/Edit Text/Bespoke/Buyer Pages/Onboarding_Settings/input_NEW DELIVERY ADDRESS_new-delivery-address\&amp;quot;), \&amp;quot;*\&amp;quot;)</message>
  <nestedLevel>1</nestedLevel>
</record>
<record>
  <date>2020-03-20T09:40:10</date>
  <millis>1584668410300</millis>
  <sequence>168</sequence>
  <level>START</level>
  <class>com.kms.katalon.core.logging.XmlKeywordLogger</class>
  <method>startKeyword</method>
  <thread>1</thread>
  <message>Start action : sendKeys(findTestObject(\&amp;quot;ADMIN/Edit Text/Bespoke/Buyer Pages/Onboarding_Settings/input_ADDRESSEE FIRST NAME_addressee-first-name\&amp;quot;), \&amp;quot;*\&amp;quot;)</message>
  <nestedLevel>1</nestedLevel>
  <property name="startLine">55</property>
  <property name="stepIndex">16</property>
</record>
<record>
  <date>2020-03-20T09:40:10</date>
  <millis>1584668410425</millis>
  <sequence>176</sequence>
  <level>PASSED</level>
  <class>com.kms.katalon.core.logging.XmlKeywordLogger</class>
  <method>logMessage</method>
  <thread>1</thread>
  <message>Keys &amp;apos;*&amp;apos; sent to object: &amp;apos;Object Repository/ADMIN/Edit Text/Bespoke/Buyer Pages/Onboarding_Settings/input_ADDRESSEE FIRST NAME_addressee-first-name&amp;apos;</message>
  <nestedLevel>1</nestedLevel>
</record>
<record>
  <date>2020-03-20T09:40:10</date>
  <millis>1584668410426</millis>
  <sequence>177</sequence>
  <level>END</level>
  <class>com.kms.katalon.core.logging.XmlKeywordLogger</class>
  <method>endKeyword</method>
  <thread>1</thread>
  <message>End action : sendKeys(findTestObject(\&amp;quot;ADMIN/Edit Text/Bespoke/Buyer Pages/Onboarding_Settings/input_ADDRESSEE FIRST NAME_addressee-first-name\&amp;quot;), \&amp;quot;*\&amp;quot;)</message>
  <nestedLevel>1</nestedLevel>
</record>
<record>
  <date>2020-03-20T09:40:10</date>
  <millis>1584668410426</millis>
  <sequence>178</sequence>
  <level>START</level>
  <class>com.kms.katalon.core.logging.XmlKeywordLogger</class>
  <method>startKeyword</method>
  <thread>1</thread>
  <message>Start action : sendKeys(findTestObject(\&amp;quot;ADMIN/Edit Text/Bespoke/Buyer Pages/Onboarding_Settings/input_ADDRESSEE LAST NAME_addressee-last-name\&amp;quot;), \&amp;quot;*\&amp;quot;)</message>
  <nestedLevel>1</nestedLevel>
  <property name="startLine">58</property>
  <property name="stepIndex">17</property>
</record>
<record>
  <date>2020-03-20T09:40:10</date>
  <millis>1584668410967</millis>
  <sequence>186</sequence>
  <level>PASSED</level>
  <class>com.kms.katalon.core.logging.XmlKeywordLogger</class>
  <method>logMessage</method>
  <thread>1</thread>
  <message>Keys &amp;apos;*&amp;apos; sent to object: &amp;apos;Object Repository/ADMIN/Edit Text/Bespoke/Buyer Pages/Onboarding_Settings/input_ADDRESSEE LAST NAME_addressee-last-name&amp;apos;</message>
  <nestedLevel>1</nestedLevel>
</record>
<record>
  <date>2020-03-20T09:40:10</date>
  <millis>1584668410968</millis>
  <sequence>187</sequence>
  <level>END</level>
  <class>com.kms.katalon.core.logging.XmlKeywordLogger</class>
  <method>endKeyword</method>
  <thread>1</thread>
  <message>End action : sendKeys(findTestObject(\&amp;quot;ADMIN/Edit Text/Bespoke/Buyer Pages/Onboarding_Settings/input_ADDRESSEE LAST NAME_addressee-last-name\&amp;quot;), \&amp;quot;*\&amp;quot;)</message>
  <nestedLevel>1</nestedLevel>
</record>
<record>
  <date>2020-03-20T09:40:10</date>
  <millis>1584668410968</millis>
  <sequence>188</sequence>
  <level>START</level>
  <class>com.kms.katalon.core.logging.XmlKeywordLogger</class>
  <method>startKeyword</method>
  <thread>1</thread>
  <message>Start action : sendKeys(findTestObject(\&amp;quot;ADMIN/Edit Text/Bespoke/Buyer Pages/Onboarding_Settings/input_ADDRESS_address\&amp;quot;), \&amp;quot;*\&amp;quot;)</message>
  <nestedLevel>1</nestedLevel>
  <property name="startLine">61</property>
  <property name="stepIndex">18</property>
</record>
<record>
  <date>2020-03-20T09:40:11</date>
  <millis>1584668411065</millis>
  <sequence>196</sequence>
  <level>PASSED</level>
  <class>com.kms.katalon.core.logging.XmlKeywordLogger</class>
  <method>logMessage</method>
  <thread>1</thread>
  <message>Keys &amp;apos;*&amp;apos; sent to object: &amp;apos;Object Repository/ADMIN/Edit Text/Bespoke/Buyer Pages/Onboarding_Settings/input_ADDRESS_address&amp;apos;</message>
  <nestedLevel>1</nestedLevel>
</record>
<record>
  <date>2020-03-20T09:40:11</date>
  <millis>1584668411066</millis>
  <sequence>197</sequence>
  <level>END</level>
  <class>com.kms.katalon.core.logging.XmlKeywordLogger</class>
  <method>endKeyword</method>
  <thread>1</thread>
  <message>End action : sendKeys(findTestObject(\&amp;quot;ADMIN/Edit Text/Bespoke/Buyer Pages/Onboarding_Settings/input_ADDRESS_address\&amp;quot;), \&amp;quot;*\&amp;quot;)</message>
  <nestedLevel>1</nestedLevel>
</record>
<record>
  <date>2020-03-20T09:40:11</date>
  <millis>1584668411066</millis>
  <sequence>198</sequence>
  <level>START</level>
  <class>com.kms.katalon.core.logging.XmlKeywordLogger</class>
  <method>startKeyword</method>
  <thread>1</thread>
  <message>Start action : sendKeys(findTestObject(\&amp;quot;ADMIN/Edit Text/Bespoke/Buyer Pages/Onboarding_Settings/input_COUNTRY_address-country\&amp;quot;), \&amp;quot;*\&amp;quot;)</message>
  <nestedLevel>1</nestedLevel>
  <property name="startLine">63</property>
  <property name="stepIndex">19</property>
</record>
<record>
  <date>2020-03-20T09:40:11</date>
  <millis>1584668411188</millis>
  <sequence>206</sequence>
  <level>PASSED</level>
  <class>com.kms.katalon.core.logging.XmlKeywordLogger</class>
  <method>logMessage</method>
  <thread>1</thread>
  <message>Keys &amp;apos;*&amp;apos; sent to object: &amp;apos;Object Repository/ADMIN/Edit Text/Bespoke/Buyer Pages/Onboarding_Settings/input_COUNTRY_address-country&amp;apos;</message>
  <nestedLevel>1</nestedLevel>
</record>
<record>
  <date>2020-03-20T09:40:11</date>
  <millis>1584668411189</millis>
  <sequence>207</sequence>
  <level>END</level>
  <class>com.kms.katalon.core.logging.XmlKeywordLogger</class>
  <method>endKeyword</method>
  <thread>1</thread>
  <message>End action : sendKeys(findTestObject(\&amp;quot;ADMIN/Edit Text/Bespoke/Buyer Pages/Onboarding_Settings/input_COUNTRY_address-country\&amp;quot;), \&amp;quot;*\&amp;quot;)</message>
  <nestedLevel>1</nestedLevel>
</record>
<record>
  <date>2020-03-20T09:40:11</date>
  <millis>1584668411189</millis>
  <sequence>208</sequence>
  <level>START</level>
  <class>com.kms.katalon.core.logging.XmlKeywordLogger</class>
  <method>startKeyword</method>
  <thread>1</thread>
  <message>Start action : sendKeys(findTestObject(\&amp;quot;ADMIN/Edit Text/Bespoke/Buyer Pages/Onboarding_Settings/input_State_address-state\&amp;quot;), \&amp;quot;*\&amp;quot;)</message>
  <nestedLevel>1</nestedLevel>
  <property name="startLine">66</property>
  <property name="stepIndex">20</property>
</record>
<record>
  <date>2020-03-20T09:40:11</date>
  <millis>1584668411415</millis>
  <sequence>216</sequence>
  <level>PASSED</level>
  <class>com.kms.katalon.core.logging.XmlKeywordLogger</class>
  <method>logMessage</method>
  <thread>1</thread>
  <message>Keys &amp;apos;*&amp;apos; sent to object: &amp;apos;Object Repository/ADMIN/Edit Text/Bespoke/Buyer Pages/Onboarding_Settings/input_State_address-state&amp;apos;</message>
  <nestedLevel>1</nestedLevel>
</record>
<record>
  <date>2020-03-20T09:40:11</date>
  <millis>1584668411416</millis>
  <sequence>217</sequence>
  <level>END</level>
  <class>com.kms.katalon.core.logging.XmlKeywordLogger</class>
  <method>endKeyword</method>
  <thread>1</thread>
  <message>End action : sendKeys(findTestObject(\&amp;quot;ADMIN/Edit Text/Bespoke/Buyer Pages/Onboarding_Settings/input_State_address-state\&amp;quot;), \&amp;quot;*\&amp;quot;)</message>
  <nestedLevel>1</nestedLevel>
</record>
<record>
  <date>2020-03-20T09:40:11</date>
  <millis>1584668411416</millis>
  <sequence>218</sequence>
  <level>START</level>
  <class>com.kms.katalon.core.logging.XmlKeywordLogger</class>
  <method>startKeyword</method>
  <thread>1</thread>
  <message>Start action : sendKeys(findTestObject(\&amp;quot;ADMIN/Edit Text/Bespoke/Buyer Pages/Onboarding_Settings/input_CITY_address-city\&amp;quot;), \&amp;quot;*\&amp;quot;)</message>
  <nestedLevel>1</nestedLevel>
  <property name="startLine">68</property>
  <property name="stepIndex">21</property>
</record>
<record>
  <date>2020-03-20T09:40:11</date>
  <millis>1584668411515</millis>
  <sequence>226</sequence>
  <level>PASSED</level>
  <class>com.kms.katalon.core.logging.XmlKeywordLogger</class>
  <method>logMessage</method>
  <thread>1</thread>
  <message>Keys &amp;apos;*&amp;apos; sent to object: &amp;apos;Object Repository/ADMIN/Edit Text/Bespoke/Buyer Pages/Onboarding_Settings/input_CITY_address-city&amp;apos;</message>
  <nestedLevel>1</nestedLevel>
</record>
<record>
  <date>2020-03-20T09:40:11</date>
  <millis>1584668411515</millis>
  <sequence>227</sequence>
  <level>END</level>
  <class>com.kms.katalon.core.logging.XmlKeywordLogger</class>
  <method>endKeyword</method>
  <thread>1</thread>
  <message>End action : sendKeys(findTestObject(\&amp;quot;ADMIN/Edit Text/Bespoke/Buyer Pages/Onboarding_Settings/input_CITY_address-city\&amp;quot;), \&amp;quot;*\&amp;quot;)</message>
  <nestedLevel>1</nestedLevel>
</record>
<record>
  <date>2020-03-20T09:40:11</date>
  <millis>1584668411515</millis>
  <sequence>228</sequence>
  <level>START</level>
  <class>com.kms.katalon.core.logging.XmlKeywordLogger</class>
  <method>startKeyword</method>
  <thread>1</thread>
  <message>Start action : sendKeys(findTestObject(\&amp;quot;ADMIN/Edit Text/Bespoke/Buyer Pages/Onboarding_Settings/input_POSTAL CODE_address-postalcode\&amp;quot;), \&amp;quot;*\&amp;quot;)</message>
  <nestedLevel>1</nestedLevel>
  <property name="startLine">70</property>
  <property name="stepIndex">22</property>
</record>
<record>
  <date>2020-03-20T09:40:11</date>
  <millis>1584668411719</millis>
  <sequence>236</sequence>
  <level>PASSED</level>
  <class>com.kms.katalon.core.logging.XmlKeywordLogger</class>
  <method>logMessage</method>
  <thread>1</thread>
  <message>Keys &amp;apos;*&amp;apos; sent to object: &amp;apos;Object Repository/ADMIN/Edit Text/Bespoke/Buyer Pages/Onboarding_Settings/input_POSTAL CODE_address-postalcode&amp;apos;</message>
  <nestedLevel>1</nestedLevel>
</record>
<record>
  <date>2020-03-20T09:40:11</date>
  <millis>1584668411721</millis>
  <sequence>237</sequence>
  <level>END</level>
  <class>com.kms.katalon.core.logging.XmlKeywordLogger</class>
  <method>endKeyword</method>
  <thread>1</thread>
  <message>End action : sendKeys(findTestObject(\&amp;quot;ADMIN/Edit Text/Bespoke/Buyer Pages/Onboarding_Settings/input_POSTAL CODE_address-postalcode\&amp;quot;), \&amp;quot;*\&amp;quot;)</message>
  <nestedLevel>1</nestedLevel>
</record>
<record>
  <date>2020-03-20T09:40:11</date>
  <millis>1584668411721</millis>
  <sequence>238</sequence>
  <level>START</level>
  <class>com.kms.katalon.core.logging.XmlKeywordLogger</class>
  <method>startKeyword</method>
  <thread>1</thread>
  <message>Start action : sendKeys(findTestObject(\&amp;quot;ADMIN/Edit Text/Bespoke/Buyer Pages/Onboarding_Settings/input_SELECT COUNTRY_select-country\&amp;quot;), \&amp;quot;*\&amp;quot;)</message>
  <nestedLevel>1</nestedLevel>
  <property name="startLine">73</property>
  <property name="stepIndex">23</property>
</record>
<record>
  <date>2020-03-20T09:40:11</date>
  <millis>1584668411852</millis>
  <sequence>246</sequence>
  <level>PASSED</level>
  <class>com.kms.katalon.core.logging.XmlKeywordLogger</class>
  <method>logMessage</method>
  <thread>1</thread>
  <message>Keys &amp;apos;*&amp;apos; sent to object: &amp;apos;Object Repository/ADMIN/Edit Text/Bespoke/Buyer Pages/Onboarding_Settings/input_SELECT COUNTRY_select-country&amp;apos;</message>
  <nestedLevel>1</nestedLevel>
</record>
<record>
  <date>2020-03-20T09:40:11</date>
  <millis>1584668411852</millis>
  <sequence>247</sequence>
  <level>END</level>
  <class>com.kms.katalon.core.logging.XmlKeywordLogger</class>
  <method>endKeyword</method>
  <thread>1</thread>
  <message>End action : sendKeys(findTestObject(\&amp;quot;ADMIN/Edit Text/Bespoke/Buyer Pages/Onboarding_Settings/input_SELECT COUNTRY_select-country\&amp;quot;), \&amp;quot;*\&amp;quot;)</message>
  <nestedLevel>1</nestedLevel>
</record>
<record>
  <date>2020-03-20T09:40:11</date>
  <millis>1584668411853</millis>
  <sequence>248</sequence>
  <level>START</level>
  <class>com.kms.katalon.core.logging.XmlKeywordLogger</class>
  <method>startKeyword</method>
  <thread>1</thread>
  <message>Start action : sendKeys(findTestObject(\&amp;quot;ADMIN/Edit Text/Bespoke/Buyer Pages/Onboarding_Settings/input_Select City\&amp;quot;), \&amp;quot;*\&amp;quot;)</message>
  <nestedLevel>1</nestedLevel>
  <property name="startLine">76</property>
  <property name="stepIndex">24</property>
</record>
<record>
  <date>2020-03-20T09:40:11</date>
  <millis>1584668411964</millis>
  <sequence>256</sequence>
  <level>PASSED</level>
  <class>com.kms.katalon.core.logging.XmlKeywordLogger</class>
  <method>logMessage</method>
  <thread>1</thread>
  <message>Keys &amp;apos;*&amp;apos; sent to object: &amp;apos;Object Repository/ADMIN/Edit Text/Bespoke/Buyer Pages/Onboarding_Settings/input_Select City&amp;apos;</message>
  <nestedLevel>1</nestedLevel>
</record>
<record>
  <date>2020-03-20T09:40:11</date>
  <millis>1584668411965</millis>
  <sequence>257</sequence>
  <level>END</level>
  <class>com.kms.katalon.core.logging.XmlKeywordLogger</class>
  <method>endKeyword</method>
  <thread>1</thread>
  <message>End action : sendKeys(findTestObject(\&amp;quot;ADMIN/Edit Text/Bespoke/Buyer Pages/Onboarding_Settings/input_Select City\&amp;quot;), \&amp;quot;*\&amp;quot;)</message>
  <nestedLevel>1</nestedLevel>
</record>
<record>
  <date>2020-03-20T09:40:11</date>
  <millis>1584668411965</millis>
  <sequence>258</sequence>
  <level>START</level>
  <class>com.kms.katalon.core.logging.XmlKeywordLogger</class>
  <method>startKeyword</method>
  <thread>1</thread>
  <message>Start action : sendKeys(findTestObject(\&amp;quot;ADMIN/Edit Text/Bespoke/Buyer Pages/Onboarding_Settings/input_ADD ADDRESS_btn_add\&amp;quot;), \&amp;quot;*\&amp;quot;)</message>
  <nestedLevel>1</nestedLevel>
  <property name="startLine">78</property>
  <property name="stepIndex">25</property>
</record>
<record>
  <date>2020-03-20T09:40:12</date>
  <millis>1584668412090</millis>
  <sequence>266</sequence>
  <level>PASSED</level>
  <class>com.kms.katalon.core.logging.XmlKeywordLogger</class>
  <method>logMessage</method>
  <thread>1</thread>
  <message>Keys &amp;apos;*&amp;apos; sent to object: &amp;apos;Object Repository/ADMIN/Edit Text/Bespoke/Buyer Pages/Onboarding_Settings/input_ADD ADDRESS_btn_add&amp;apos;</message>
  <nestedLevel>1</nestedLevel>
</record>
<record>
  <date>2020-03-20T09:40:12</date>
  <millis>1584668412093</millis>
  <sequence>267</sequence>
  <level>END</level>
  <class>com.kms.katalon.core.logging.XmlKeywordLogger</class>
  <method>endKeyword</method>
  <thread>1</thread>
  <message>End action : sendKeys(findTestObject(\&amp;quot;ADMIN/Edit Text/Bespoke/Buyer Pages/Onboarding_Settings/input_ADD ADDRESS_btn_add\&amp;quot;), \&amp;quot;*\&amp;quot;)</message>
  <nestedLevel>1</nestedLevel>
</record>
<record>
  <date>2020-03-20T09:40:12</date>
  <millis>1584668412093</millis>
  <sequence>268</sequence>
  <level>START</level>
  <class>com.kms.katalon.core.logging.XmlKeywordLogger</class>
  <method>startKeyword</method>
  <thread>1</thread>
  <message>Start action : sendKeys(findTestObject(\&amp;quot;ADMIN/Edit Text/Bespoke/Buyer Pages/Onboarding_Settings/input_SAVED ADDRESSES_address-saved\&amp;quot;), \&amp;quot;*\&amp;quot;)</message>
  <nestedLevel>1</nestedLevel>
  <property name="startLine">80</property>
  <property name="stepIndex">26</property>
</record>
<record>
  <date>2020-03-20T09:40:12</date>
  <millis>1584668412298</millis>
  <sequence>276</sequence>
  <level>PASSED</level>
  <class>com.kms.katalon.core.logging.XmlKeywordLogger</class>
  <method>logMessage</method>
  <thread>1</thread>
  <message>Keys &amp;apos;*&amp;apos; sent to object: &amp;apos;Object Repository/ADMIN/Edit Text/Bespoke/Buyer Pages/Onboarding_Settings/input_SAVED ADDRESSES_address-saved&amp;apos;</message>
  <nestedLevel>1</nestedLevel>
</record>
<record>
  <date>2020-03-20T09:40:12</date>
  <millis>1584668412299</millis>
  <sequence>277</sequence>
  <level>END</level>
  <class>com.kms.katalon.core.logging.XmlKeywordLogger</class>
  <method>endKeyword</method>
  <thread>1</thread>
  <message>End action : sendKeys(findTestObject(\&amp;quot;ADMIN/Edit Text/Bespoke/Buyer Pages/Onboarding_Settings/input_SAVED ADDRESSES_address-saved\&amp;quot;), \&amp;quot;*\&amp;quot;)</message>
  <nestedLevel>1</nestedLevel>
</record>
<record>
  <date>2020-03-20T09:40:12</date>
  <millis>1584668412299</millis>
  <sequence>278</sequence>
  <level>START</level>
  <class>com.kms.katalon.core.logging.XmlKeywordLogger</class>
  <method>startKeyword</method>
  <thread>1</thread>
  <message>Start action : sendKeys(findTestObject(\&amp;quot;ADMIN/Edit Text/Bespoke/Buyer Pages/Onboarding_Settings/input_SAVE_btn_next\&amp;quot;), \&amp;quot;*\&amp;quot;)</message>
  <nestedLevel>1</nestedLevel>
  <property name="startLine">83</property>
  <property name="stepIndex">27</property>
</record>
