<?xml version="1.0" encoding="UTF-8" standalone="no"?>
<!DOCTYPE log SYSTEM "logger.dtd">
<log>
<record>
  <date>2019-10-31T09:14:42</date>
  <millis>1572484482607</millis>
  <sequence>0</sequence>
  <level>START</level>
  <class>com.kms.katalon.core.logging.KeywordLogger</class>
  <method>startSuite</method>
  <thread>1</thread>
  <message>Start Test Suite : Test Suites/Plugins/Create a Page</message>
  <nestedLevel>0</nestedLevel>
  <property name="name">Create a Page</property>
  <property name="description"></property>
  <property name="id">Test Suites/Plugins/Create a Page</property>
</record>
<record>
  <date>2019-10-31T09:14:42</date>
  <millis>1572484482630</millis>
  <sequence>1</sequence>
  <level>RUN_DATA</level>
  <class>com.kms.katalon.core.logging.KeywordLogger</class>
  <method>logMessage</method>
  <thread>1</thread>
  <message>Logging run data &amp;apos;hostName&amp;apos; with value &amp;apos;ARCADIER01 - ARCADIER-01&amp;apos;</message>
  <nestedLevel>0</nestedLevel>
  <property name="hostName">ARCADIER01 - ARCADIER-01</property>
</record>
<record>
  <date>2019-10-31T09:14:42</date>
  <millis>1572484482630</millis>
  <sequence>2</sequence>
  <level>RUN_DATA</level>
  <class>com.kms.katalon.core.logging.KeywordLogger</class>
  <method>logMessage</method>
  <thread>1</thread>
  <message>Logging run data &amp;apos;os&amp;apos; with value &amp;apos;Windows 7 64bit&amp;apos;</message>
  <nestedLevel>0</nestedLevel>
  <property name="os">Windows 7 64bit</property>
</record>
<record>
  <date>2019-10-31T09:14:42</date>
  <millis>1572484482631</millis>
  <sequence>3</sequence>
  <level>RUN_DATA</level>
  <class>com.kms.katalon.core.logging.KeywordLogger</class>
  <method>logMessage</method>
  <thread>1</thread>
  <message>Logging run data &amp;apos;hostAddress&amp;apos; with value &amp;apos;10.10.31.88&amp;apos;</message>
  <nestedLevel>0</nestedLevel>
  <property name="hostAddress">10.10.31.88</property>
</record>
<record>
  <date>2019-10-31T09:14:42</date>
  <millis>1572484482631</millis>
  <sequence>4</sequence>
  <level>RUN_DATA</level>
  <class>com.kms.katalon.core.logging.KeywordLogger</class>
  <method>logMessage</method>
  <thread>1</thread>
  <message>Logging run data &amp;apos;katalonVersion&amp;apos; with value &amp;apos;5.4.2.1&amp;apos;</message>
  <nestedLevel>0</nestedLevel>
  <property name="katalonVersion">5.4.2.1</property>
</record>
<record>
  <date>2019-10-31T09:14:42</date>
  <millis>1572484482846</millis>
  <sequence>5</sequence>
  <level>START</level>
  <class>com.kms.katalon.core.logging.KeywordLogger</class>
  <method>startTest</method>
  <thread>1</thread>
  <message>Start Test Case : Test Cases/PLUGINS/Create a Page/Add New Page</message>
  <nestedLevel>1</nestedLevel>
  <property name="name">Test Cases/PLUGINS/Create a Page/Add New Page</property>
  <property name="description"></property>
  <property name="id">Test Cases/PLUGINS/Create a Page/Add New Page</property>
  <property name="source">C:\\Users\\ARCADIER01\\git\\Arctick\\Test Cases\\PLUGINS\\Create a Page\\Add New Page.tc</property>
  <property name="isOptional">false</property>
</record>
<record>
  <date>2019-10-31T09:14:42</date>
  <millis>1572484482861</millis>
  <sequence>6</sequence>
  <level>INFO</level>
  <class>com.kms.katalon.core.logging.KeywordLogger</class>
  <method>logMessage</method>
  <thread>1</thread>
  <message>Evaluating variables for test case</message>
  <nestedLevel>1</nestedLevel>
</record>
<record>
  <date>2019-10-31T09:14:42</date>
  <millis>1572484482862</millis>
  <sequence>7</sequence>
  <level>INFO</level>
  <class>com.kms.katalon.core.logging.KeywordLogger</class>
  <method>logMessage</method>
  <thread>1</thread>
  <message>Variable &amp;apos;PageTitle&amp;apos; is set to diana</message>
  <nestedLevel>1</nestedLevel>
</record>
<record>
  <date>2019-10-31T09:14:42</date>
  <millis>1572484482863</millis>
  <sequence>8</sequence>
  <level>INFO</level>
  <class>com.kms.katalon.core.logging.KeywordLogger</class>
  <method>logMessage</method>
  <thread>1</thread>
  <message>Variable &amp;apos;WebURL&amp;apos; is set to diana</message>
  <nestedLevel>1</nestedLevel>
</record>
<record>
  <date>2019-10-31T09:14:42</date>
  <millis>1572484482863</millis>
  <sequence>9</sequence>
  <level>INFO</level>
  <class>com.kms.katalon.core.logging.KeywordLogger</class>
  <method>logMessage</method>
  <thread>1</thread>
  <message>Variable &amp;apos;Content&amp;apos; is set to diana</message>
  <nestedLevel>1</nestedLevel>
</record>
<record>
  <date>2019-10-31T09:14:42</date>
  <millis>1572484482864</millis>
  <sequence>10</sequence>
  <level>INFO</level>
  <class>com.kms.katalon.core.logging.KeywordLogger</class>
  <method>logMessage</method>
  <thread>1</thread>
  <message>Variable &amp;apos;Status&amp;apos; is set to diana</message>
  <nestedLevel>1</nestedLevel>
</record>
<record>
  <date>2019-10-31T09:14:42</date>
  <millis>1572484482864</millis>
  <sequence>11</sequence>
  <level>INFO</level>
  <class>com.kms.katalon.core.logging.KeywordLogger</class>
  <method>logMessage</method>
  <thread>1</thread>
  <message>Variable &amp;apos;Visibility&amp;apos; is set to diana</message>
  <nestedLevel>1</nestedLevel>
</record>
<record>
  <date>2019-10-31T09:14:42</date>
  <millis>1572484482864</millis>
  <sequence>12</sequence>
  <level>INFO</level>
  <class>com.kms.katalon.core.logging.KeywordLogger</class>
  <method>logMessage</method>
  <thread>1</thread>
  <message>Variable &amp;apos;metatitle&amp;apos; is set to diana</message>
  <nestedLevel>1</nestedLevel>
</record>
<record>
  <date>2019-10-31T09:14:42</date>
  <millis>1572484482865</millis>
  <sequence>13</sequence>
  <level>INFO</level>
  <class>com.kms.katalon.core.logging.KeywordLogger</class>
  <method>logMessage</method>
  <thread>1</thread>
  <message>Variable &amp;apos;metadesc&amp;apos; is set to diana</message>
  <nestedLevel>1</nestedLevel>
</record>
<record>
  <date>2019-10-31T09:14:42</date>
  <millis>1572484482865</millis>
  <sequence>14</sequence>
  <level>INFO</level>
  <class>com.kms.katalon.core.logging.KeywordLogger</class>
  <method>logMessage</method>
  <thread>1</thread>
  <message>Variable &amp;apos;beforeURL&amp;apos; is set to diana</message>
  <nestedLevel>1</nestedLevel>
</record>
<record>
  <date>2019-10-31T09:14:43</date>
  <millis>1572484483106</millis>
  <sequence>15</sequence>
  <level>START</level>
  <class>com.kms.katalon.core.logging.KeywordLogger</class>
  <method>startKeyword</method>
  <thread>1</thread>
  <message>Start action : click</message>
  <nestedLevel>1</nestedLevel>
  <property name="startLine">23</property>
  <property name="stepIndex">1</property>
</record>
<record>
  <date>2019-10-31T09:14:43</date>
  <millis>1572484483111</millis>
  <sequence>16</sequence>
  <level>INFO</level>
  <class>com.kms.katalon.core.logging.KeywordLogger</class>
  <method>logMessage</method>
  <thread>1</thread>
  <message>Finding Test Object with id &amp;apos;Object Repository/ADMIN/Plugins/Web Page Builder/button_CreateAPage&amp;apos;</message>
  <nestedLevel>1</nestedLevel>
</record>
<record>
  <date>2019-10-31T09:14:43</date>
  <millis>1572484483378</millis>
  <sequence>17</sequence>
  <level>INFO</level>
  <class>com.kms.katalon.core.logging.KeywordLogger</class>
  <method>logMessage</method>
  <thread>1</thread>
  <message>Checking object</message>
  <nestedLevel>1</nestedLevel>
</record>
<record>
  <date>2019-10-31T09:14:43</date>
  <millis>1572484483381</millis>
  <sequence>18</sequence>
  <level>INFO</level>
  <class>com.kms.katalon.core.logging.KeywordLogger</class>
  <method>logMessage</method>
  <thread>1</thread>
  <message>Checking timeout</message>
  <nestedLevel>1</nestedLevel>
</record>
<record>
  <date>2019-10-31T09:14:43</date>
  <millis>1572484483845</millis>
  <sequence>19</sequence>
  <level>RUN_DATA</level>
  <class>com.kms.katalon.core.logging.KeywordLogger</class>
  <method>logMessage</method>
  <thread>1</thread>
  <message>Logging run data &amp;apos;sessionId&amp;apos; with value &amp;apos;fd86ca63c939fab093e03aae431388d4&amp;apos;</message>
  <nestedLevel>1</nestedLevel>
  <property name="sessionId">fd86ca63c939fab093e03aae431388d4</property>
</record>
<record>
  <date>2019-10-31T09:14:43</date>
  <millis>1572484483856</millis>
  <sequence>20</sequence>
  <level>RUN_DATA</level>
  <class>com.kms.katalon.core.logging.KeywordLogger</class>
  <method>logMessage</method>
  <thread>1</thread>
  <message>Logging run data &amp;apos;browser&amp;apos; with value &amp;apos;Chrome 77.0.3865.120&amp;apos;</message>
  <nestedLevel>1</nestedLevel>
  <property name="browser">Chrome 77.0.3865.120</property>
</record>
<record>
  <date>2019-10-31T09:14:43</date>
  <millis>1572484483857</millis>
  <sequence>21</sequence>
  <level>RUN_DATA</level>
  <class>com.kms.katalon.core.logging.KeywordLogger</class>
  <method>logMessage</method>
  <thread>1</thread>
  <message>Logging run data &amp;apos;platform&amp;apos; with value &amp;apos;Windows 7&amp;apos;</message>
  <nestedLevel>1</nestedLevel>
  <property name="platform">Windows 7</property>
</record>
<record>
  <date>2019-10-31T09:14:43</date>
  <millis>1572484483859</millis>
  <sequence>22</sequence>
  <level>RUN_DATA</level>
  <class>com.kms.katalon.core.logging.KeywordLogger</class>
  <method>logMessage</method>
  <thread>1</thread>
  <message>Logging run data &amp;apos;seleniumVersion&amp;apos; with value &amp;apos;3.7.1&amp;apos;</message>
  <nestedLevel>1</nestedLevel>
  <property name="seleniumVersion">3.7.1</property>
</record>
<record>
  <date>2019-10-31T09:14:43</date>
  <millis>1572484483862</millis>
  <sequence>23</sequence>
  <level>RUN_DATA</level>
  <class>com.kms.katalon.core.logging.KeywordLogger</class>
  <method>logMessage</method>
  <thread>1</thread>
  <message>Logging run data &amp;apos;proxyInformation&amp;apos; with value &amp;apos;ProxyInformation{proxyOption=NO_PROXY, proxyServerType=HTTP, password=, proxyServerAddress=, proxyServerPort=0}&amp;apos;</message>
  <nestedLevel>1</nestedLevel>
  <property name="proxyInformation">ProxyInformation{proxyOption=NO_PROXY, proxyServerType=HTTP, password=, proxyServerAddress=, proxyServerPort=0}</property>
</record>
<record>
  <date>2019-10-31T09:14:43</date>
  <millis>1572484483874</millis>
  <sequence>24</sequence>
  <level>INFO</level>
  <class>com.kms.katalon.core.logging.KeywordLogger</class>
  <method>logMessage</method>
  <thread>1</thread>
  <message>Finding web element with id: &amp;apos;Object Repository/ADMIN/Plugins/Web Page Builder/button_CreateAPage&amp;apos; located by &amp;apos;By.xpath: //a[@href = &amp;apos;create_page.php&amp;apos; and (text() = &amp;apos;Create New Page&amp;apos; or . = &amp;apos;Create New Page&amp;apos;)]&amp;apos; in &amp;apos;30&amp;apos; second(s)</message>
  <nestedLevel>1</nestedLevel>
</record>
<record>
  <date>2019-10-31T09:14:43</date>
  <millis>1572484483888</millis>
  <sequence>25</sequence>
  <level>INFO</level>
  <class>com.kms.katalon.core.logging.KeywordLogger</class>
  <method>logMessage</method>
  <thread>1</thread>
  <message>Found 1 web elements with id: &amp;apos;Object Repository/ADMIN/Plugins/Web Page Builder/button_CreateAPage&amp;apos; located by &amp;apos;By.xpath: //a[@href = &amp;apos;create_page.php&amp;apos; and (text() = &amp;apos;Create New Page&amp;apos; or . = &amp;apos;Create New Page&amp;apos;)]&amp;apos; in &amp;apos;30&amp;apos; second(s)</message>
  <nestedLevel>1</nestedLevel>
</record>
<record>
  <date>2019-10-31T09:14:43</date>
  <millis>1572484483889</millis>
  <sequence>26</sequence>
  <level>INFO</level>
  <class>com.kms.katalon.core.logging.KeywordLogger</class>
  <method>logMessage</method>
  <thread>1</thread>
  <message>Clicking on object: &amp;apos;Object Repository/ADMIN/Plugins/Web Page Builder/button_CreateAPage&amp;apos;</message>
  <nestedLevel>1</nestedLevel>
</record>
<record>
  <date>2019-10-31T09:14:44</date>
  <millis>1572484484989</millis>
  <sequence>27</sequence>
  <level>PASSED</level>
  <class>com.kms.katalon.core.logging.KeywordLogger</class>
  <method>logMessage</method>
  <thread>1</thread>
  <message>Object: &amp;apos;Object Repository/ADMIN/Plugins/Web Page Builder/button_CreateAPage&amp;apos; is clicked on</message>
  <nestedLevel>1</nestedLevel>
</record>
<record>
  <date>2019-10-31T09:14:44</date>
  <millis>1572484484990</millis>
  <sequence>28</sequence>
  <level>END</level>
  <class>com.kms.katalon.core.logging.KeywordLogger</class>
  <method>endKeyword</method>
  <thread>1</thread>
  <message>End action : click</message>
  <nestedLevel>1</nestedLevel>
</record>
<record>
  <date>2019-10-31T09:14:44</date>
  <millis>1572484484990</millis>
  <sequence>29</sequence>
  <level>START</level>
  <class>com.kms.katalon.core.logging.KeywordLogger</class>
  <method>startKeyword</method>
  <thread>1</thread>
  <message>Start action : waitForElementVisible</message>
  <nestedLevel>1</nestedLevel>
  <property name="startLine">25</property>
  <property name="stepIndex">2</property>
</record>
<record>
  <date>2019-10-31T09:14:44</date>
  <millis>1572484484991</millis>
  <sequence>30</sequence>
  <level>INFO</level>
  <class>com.kms.katalon.core.logging.KeywordLogger</class>
  <method>logMessage</method>
  <thread>1</thread>
  <message>Finding Test Object with id &amp;apos;Object Repository/ADMIN/Plugins/Web Page Builder/textlabel_headerWebpageBuilder&amp;apos;</message>
  <nestedLevel>1</nestedLevel>
</record>
<record>
  <date>2019-10-31T09:14:45</date>
  <millis>1572484485010</millis>
  <sequence>31</sequence>
  <level>INFO</level>
  <class>com.kms.katalon.core.logging.KeywordLogger</class>
  <method>logMessage</method>
  <thread>1</thread>
  <message>Checking object</message>
  <nestedLevel>1</nestedLevel>
</record>
<record>
  <date>2019-10-31T09:14:45</date>
  <millis>1572484485010</millis>
  <sequence>32</sequence>
  <level>INFO</level>
  <class>com.kms.katalon.core.logging.KeywordLogger</class>
  <method>logMessage</method>
  <thread>1</thread>
  <message>Checking timeout</message>
  <nestedLevel>1</nestedLevel>
</record>
<record>
  <date>2019-10-31T09:14:45</date>
  <millis>1572484485010</millis>
  <sequence>33</sequence>
  <level>WARNING</level>
  <class>com.kms.katalon.core.logging.KeywordLogger</class>
  <method>logMessage</method>
  <thread>1</thread>
  <message>Timeout &amp;apos;0&amp;apos; is invalid. Using default page load timeout: &amp;apos;30&amp;apos;</message>
  <nestedLevel>1</nestedLevel>
</record>
<record>
  <date>2019-10-31T09:14:45</date>
  <millis>1572484485011</millis>
  <sequence>34</sequence>
  <level>INFO</level>
  <class>com.kms.katalon.core.logging.KeywordLogger</class>
  <method>logMessage</method>
  <thread>1</thread>
  <message>Checking timeout</message>
  <nestedLevel>1</nestedLevel>
</record>
<record>
  <date>2019-10-31T09:14:45</date>
  <millis>1572484485012</millis>
  <sequence>35</sequence>
  <level>INFO</level>
  <class>com.kms.katalon.core.logging.KeywordLogger</class>
  <method>logMessage</method>
  <thread>1</thread>
  <message>Finding web element with id: &amp;apos;Object Repository/ADMIN/Plugins/Web Page Builder/textlabel_headerWebpageBuilder&amp;apos; located by &amp;apos;By.xpath: //h1[(text() = &amp;apos;Web Page Builder&amp;apos; or . = &amp;apos;Web Page Builder&amp;apos;)]&amp;apos; in &amp;apos;30&amp;apos; second(s)</message>
  <nestedLevel>1</nestedLevel>
</record>
<record>
  <date>2019-10-31T09:14:45</date>
  <millis>1572484485026</millis>
  <sequence>36</sequence>
  <level>INFO</level>
  <class>com.kms.katalon.core.logging.KeywordLogger</class>
  <method>logMessage</method>
  <thread>1</thread>
  <message>Found 1 web elements with id: &amp;apos;Object Repository/ADMIN/Plugins/Web Page Builder/textlabel_headerWebpageBuilder&amp;apos; located by &amp;apos;By.xpath: //h1[(text() = &amp;apos;Web Page Builder&amp;apos; or . = &amp;apos;Web Page Builder&amp;apos;)]&amp;apos; in &amp;apos;30&amp;apos; second(s)</message>
  <nestedLevel>1</nestedLevel>
</record>
<record>
  <date>2019-10-31T09:14:45</date>
  <millis>1572484485049</millis>
  <sequence>37</sequence>
  <level>PASSED</level>
  <class>com.kms.katalon.core.logging.KeywordLogger</class>
  <method>logMessage</method>
  <thread>1</thread>
  <message>Object &amp;apos;Object Repository/ADMIN/Plugins/Web Page Builder/textlabel_headerWebpageBuilder&amp;apos; is visible</message>
  <nestedLevel>1</nestedLevel>
</record>
<record>
  <date>2019-10-31T09:14:45</date>
  <millis>1572484485050</millis>
  <sequence>38</sequence>
  <level>END</level>
  <class>com.kms.katalon.core.logging.KeywordLogger</class>
  <method>endKeyword</method>
  <thread>1</thread>
  <message>End action : waitForElementVisible</message>
  <nestedLevel>1</nestedLevel>
</record>
<record>
  <date>2019-10-31T09:14:45</date>
  <millis>1572484485050</millis>
  <sequence>39</sequence>
  <level>START</level>
  <class>com.kms.katalon.core.logging.KeywordLogger</class>
  <method>startKeyword</method>
  <thread>1</thread>
  <message>Start action : Statement - beforeURL = com.kms.katalon.core.webui.keyword.WebUiBuiltInKeywords.getText(com.kms.katalon.core.testobject.ObjectRepository.findTestObject(ADMIN/Plugins/Web Page Builder/textfield_WebURL))</message>
  <nestedLevel>1</nestedLevel>
  <property name="startLine">27</property>
  <property name="stepIndex">3</property>
</record>
<record>
  <date>2019-10-31T09:14:45</date>
  <millis>1572484485051</millis>
  <sequence>40</sequence>
  <level>INFO</level>
  <class>com.kms.katalon.core.logging.KeywordLogger</class>
  <method>logMessage</method>
  <thread>1</thread>
  <message>Finding Test Object with id &amp;apos;Object Repository/ADMIN/Plugins/Web Page Builder/textfield_WebURL&amp;apos;</message>
  <nestedLevel>1</nestedLevel>
</record>
<record>
  <date>2019-10-31T09:14:45</date>
  <millis>1572484485065</millis>
  <sequence>41</sequence>
  <level>INFO</level>
  <class>com.kms.katalon.core.logging.KeywordLogger</class>
  <method>logMessage</method>
  <thread>1</thread>
  <message>Checking object</message>
  <nestedLevel>1</nestedLevel>
</record>
<record>
  <date>2019-10-31T09:14:45</date>
  <millis>1572484485065</millis>
  <sequence>42</sequence>
  <level>INFO</level>
  <class>com.kms.katalon.core.logging.KeywordLogger</class>
  <method>logMessage</method>
  <thread>1</thread>
  <message>Checking timeout</message>
  <nestedLevel>1</nestedLevel>
</record>
<record>
  <date>2019-10-31T09:14:45</date>
  <millis>1572484485066</millis>
  <sequence>43</sequence>
  <level>INFO</level>
  <class>com.kms.katalon.core.logging.KeywordLogger</class>
  <method>logMessage</method>
  <thread>1</thread>
  <message>Finding web element with id: &amp;apos;Object Repository/ADMIN/Plugins/Web Page Builder/textfield_WebURL&amp;apos; located by &amp;apos;By.xpath: //div[(text() = &amp;apos;\n                                              https://0613bpdiana.test.arcadier.io/pages/\n                                              \n                                          &amp;apos; or . = &amp;apos;\n                                              https://0613bpdiana.test.arcadier.io/pages/\n                                              \n                                          &amp;apos;)]&amp;apos; in &amp;apos;30&amp;apos; second(s)</message>
  <nestedLevel>1</nestedLevel>
</record>
<record>
  <date>2019-10-31T09:14:45</date>
  <millis>1572484485086</millis>
  <sequence>44</sequence>
  <level>INFO</level>
  <class>com.kms.katalon.core.logging.KeywordLogger</class>
  <method>logMessage</method>
  <thread>1</thread>
  <message>Found 1 web elements with id: &amp;apos;Object Repository/ADMIN/Plugins/Web Page Builder/textfield_WebURL&amp;apos; located by &amp;apos;By.xpath: //div[(text() = &amp;apos;\n                                              https://0613bpdiana.test.arcadier.io/pages/\n                                              \n                                          &amp;apos; or . = &amp;apos;\n                                              https://0613bpdiana.test.arcadier.io/pages/\n                                              \n                                          &amp;apos;)]&amp;apos; in &amp;apos;30&amp;apos; second(s)</message>
  <nestedLevel>1</nestedLevel>
</record>
<record>
  <date>2019-10-31T09:14:45</date>
  <millis>1572484485086</millis>
  <sequence>45</sequence>
  <level>INFO</level>
  <class>com.kms.katalon.core.logging.KeywordLogger</class>
  <method>logMessage</method>
  <thread>1</thread>
  <message>Getting text of object &amp;apos;Object Repository/ADMIN/Plugins/Web Page Builder/textfield_WebURL&amp;apos;</message>
  <nestedLevel>1</nestedLevel>
</record>
<record>
  <date>2019-10-31T09:14:45</date>
  <millis>1572484485101</millis>
  <sequence>46</sequence>
  <level>PASSED</level>
  <class>com.kms.katalon.core.logging.KeywordLogger</class>
  <method>logMessage</method>
  <thread>1</thread>
  <message>Text of object &amp;apos;Object Repository/ADMIN/Plugins/Web Page Builder/textfield_WebURL&amp;apos; is: &amp;apos;https://0613bpdiana.test.arcadier.io/pages/&amp;apos;</message>
  <nestedLevel>1</nestedLevel>
</record>
<record>
  <date>2019-10-31T09:14:45</date>
  <millis>1572484485101</millis>
  <sequence>47</sequence>
  <level>END</level>
  <class>com.kms.katalon.core.logging.KeywordLogger</class>
  <method>endKeyword</method>
  <thread>1</thread>
  <message>End action : Statement - beforeURL = com.kms.katalon.core.webui.keyword.WebUiBuiltInKeywords.getText(com.kms.katalon.core.testobject.ObjectRepository.findTestObject(ADMIN/Plugins/Web Page Builder/textfield_WebURL))</message>
  <nestedLevel>1</nestedLevel>
</record>
<record>
  <date>2019-10-31T09:14:45</date>
  <millis>1572484485102</millis>
  <sequence>48</sequence>
  <level>START</level>
  <class>com.kms.katalon.core.logging.KeywordLogger</class>
  <method>startKeyword</method>
  <thread>1</thread>
  <message>Start action : Statement - log = new com.kms.katalon.core.logging.KeywordLogger()</message>
  <nestedLevel>1</nestedLevel>
  <property name="startLine">29</property>
  <property name="stepIndex">4</property>
</record>
<record>
  <date>2019-10-31T09:14:45</date>
  <millis>1572484485102</millis>
  <sequence>49</sequence>
  <level>END</level>
  <class>com.kms.katalon.core.logging.KeywordLogger</class>
  <method>endKeyword</method>
  <thread>1</thread>
  <message>End action : Statement - log = new com.kms.katalon.core.logging.KeywordLogger()</message>
  <nestedLevel>1</nestedLevel>
</record>
<record>
  <date>2019-10-31T09:14:45</date>
  <millis>1572484485103</millis>
  <sequence>50</sequence>
  <level>START</level>
  <class>com.kms.katalon.core.logging.KeywordLogger</class>
  <method>startKeyword</method>
  <thread>1</thread>
  <message>Start action : Statement - log.logInfo(beforeURL)</message>
  <nestedLevel>1</nestedLevel>
  <property name="startLine">30</property>
  <property name="stepIndex">5</property>
</record>
<record>
  <date>2019-10-31T09:14:45</date>
  <millis>1572484485103</millis>
  <sequence>51</sequence>
  <level>INFO</level>
  <class>com.kms.katalon.core.logging.KeywordLogger</class>
  <method>logMessage</method>
  <thread>1</thread>
  <message>https://0613bpdiana.test.arcadier.io/pages/</message>
  <nestedLevel>0</nestedLevel>
</record>
<record>
  <date>2019-10-31T09:14:45</date>
  <millis>1572484485104</millis>
  <sequence>52</sequence>
  <level>END</level>
  <class>com.kms.katalon.core.logging.KeywordLogger</class>
  <method>endKeyword</method>
  <thread>1</thread>
  <message>End action : Statement - log.logInfo(beforeURL)</message>
  <nestedLevel>1</nestedLevel>
</record>
<record>
  <date>2019-10-31T09:14:45</date>
  <millis>1572484485104</millis>
  <sequence>53</sequence>
  <level>START</level>
  <class>com.kms.katalon.core.logging.KeywordLogger</class>
  <method>startKeyword</method>
  <thread>1</thread>
  <message>Start action : setText</message>
  <nestedLevel>1</nestedLevel>
  <property name="startLine">32</property>
  <property name="stepIndex">6</property>
</record>
<record>
  <date>2019-10-31T09:14:45</date>
  <millis>1572484485104</millis>
  <sequence>54</sequence>
  <level>INFO</level>
  <class>com.kms.katalon.core.logging.KeywordLogger</class>
  <method>logMessage</method>
  <thread>1</thread>
  <message>Finding Test Object with id &amp;apos;Object Repository/ADMIN/Plugins/Web Page Builder/textfield_PageTitle&amp;apos;</message>
  <nestedLevel>1</nestedLevel>
</record>
<record>
  <date>2019-10-31T09:14:45</date>
  <millis>1572484485112</millis>
  <sequence>55</sequence>
  <level>INFO</level>
  <class>com.kms.katalon.core.logging.KeywordLogger</class>
  <method>logMessage</method>
  <thread>1</thread>
  <message>Checking object</message>
  <nestedLevel>1</nestedLevel>
</record>
<record>
  <date>2019-10-31T09:14:45</date>
  <millis>1572484485113</millis>
  <sequence>56</sequence>
  <level>INFO</level>
  <class>com.kms.katalon.core.logging.KeywordLogger</class>
  <method>logMessage</method>
  <thread>1</thread>
  <message>Checking text</message>
  <nestedLevel>1</nestedLevel>
</record>
<record>
  <date>2019-10-31T09:14:45</date>
  <millis>1572484485113</millis>
  <sequence>57</sequence>
  <level>INFO</level>
  <class>com.kms.katalon.core.logging.KeywordLogger</class>
  <method>logMessage</method>
  <thread>1</thread>
  <message>Checking timeout</message>
  <nestedLevel>1</nestedLevel>
</record>
<record>
  <date>2019-10-31T09:14:45</date>
  <millis>1572484485113</millis>
  <sequence>58</sequence>
  <level>INFO</level>
  <class>com.kms.katalon.core.logging.KeywordLogger</class>
  <method>logMessage</method>
  <thread>1</thread>
  <message>Finding web element with id: &amp;apos;Object Repository/ADMIN/Plugins/Web Page Builder/textfield_PageTitle&amp;apos; located by &amp;apos;By.xpath: //input[@type = &amp;apos;text&amp;apos; and @name = &amp;apos;pg_title&amp;apos; and @id = &amp;apos;title&amp;apos;]&amp;apos; in &amp;apos;30&amp;apos; second(s)</message>
  <nestedLevel>1</nestedLevel>
</record>
<record>
  <date>2019-10-31T09:14:45</date>
  <millis>1572484485127</millis>
  <sequence>59</sequence>
  <level>INFO</level>
  <class>com.kms.katalon.core.logging.KeywordLogger</class>
  <method>logMessage</method>
  <thread>1</thread>
  <message>Found 1 web elements with id: &amp;apos;Object Repository/ADMIN/Plugins/Web Page Builder/textfield_PageTitle&amp;apos; located by &amp;apos;By.xpath: //input[@type = &amp;apos;text&amp;apos; and @name = &amp;apos;pg_title&amp;apos; and @id = &amp;apos;title&amp;apos;]&amp;apos; in &amp;apos;30&amp;apos; second(s)</message>
  <nestedLevel>1</nestedLevel>
</record>
<record>
  <date>2019-10-31T09:14:45</date>
  <millis>1572484485127</millis>
  <sequence>60</sequence>
  <level>INFO</level>
  <class>com.kms.katalon.core.logging.KeywordLogger</class>
  <method>logMessage</method>
  <thread>1</thread>
  <message>Clearing text of object &amp;apos;Object Repository/ADMIN/Plugins/Web Page Builder/textfield_PageTitle&amp;apos;</message>
  <nestedLevel>1</nestedLevel>
</record>
<record>
  <date>2019-10-31T09:14:45</date>
  <millis>1572484485142</millis>
  <sequence>61</sequence>
  <level>INFO</level>
  <class>com.kms.katalon.core.logging.KeywordLogger</class>
  <method>logMessage</method>
  <thread>1</thread>
  <message>Checking timeout</message>
  <nestedLevel>1</nestedLevel>
</record>
<record>
  <date>2019-10-31T09:14:45</date>
  <millis>1572484485143</millis>
  <sequence>62</sequence>
  <level>INFO</level>
  <class>com.kms.katalon.core.logging.KeywordLogger</class>
  <method>logMessage</method>
  <thread>1</thread>
  <message>Finding web element with id: &amp;apos;Object Repository/ADMIN/Plugins/Web Page Builder/textfield_PageTitle&amp;apos; located by &amp;apos;By.xpath: //input[@type = &amp;apos;text&amp;apos; and @name = &amp;apos;pg_title&amp;apos; and @id = &amp;apos;title&amp;apos;]&amp;apos; in &amp;apos;30&amp;apos; second(s)</message>
  <nestedLevel>1</nestedLevel>
</record>
<record>
  <date>2019-10-31T09:14:45</date>
  <millis>1572484485151</millis>
  <sequence>63</sequence>
  <level>INFO</level>
  <class>com.kms.katalon.core.logging.KeywordLogger</class>
  <method>logMessage</method>
  <thread>1</thread>
  <message>Found 1 web elements with id: &amp;apos;Object Repository/ADMIN/Plugins/Web Page Builder/textfield_PageTitle&amp;apos; located by &amp;apos;By.xpath: //input[@type = &amp;apos;text&amp;apos; and @name = &amp;apos;pg_title&amp;apos; and @id = &amp;apos;title&amp;apos;]&amp;apos; in &amp;apos;30&amp;apos; second(s)</message>
  <nestedLevel>1</nestedLevel>
</record>
<record>
  <date>2019-10-31T09:14:45</date>
  <millis>1572484485155</millis>
  <sequence>64</sequence>
  <level>INFO</level>
  <class>com.kms.katalon.core.logging.KeywordLogger</class>
  <method>logMessage</method>
  <thread>1</thread>
  <message>Setting text of object &amp;apos;Object Repository/ADMIN/Plugins/Web Page Builder/textfield_PageTitle&amp;apos; to value &amp;apos;diana&amp;apos;</message>
  <nestedLevel>1</nestedLevel>
</record>
<record>
  <date>2019-10-31T09:14:45</date>
  <millis>1572484485194</millis>
  <sequence>65</sequence>
  <level>PASSED</level>
  <class>com.kms.katalon.core.logging.KeywordLogger</class>
  <method>logMessage</method>
  <thread>1</thread>
  <message>Text &amp;apos;diana&amp;apos; is set on object &amp;apos;Object Repository/ADMIN/Plugins/Web Page Builder/textfield_PageTitle&amp;apos;</message>
  <nestedLevel>1</nestedLevel>
</record>
<record>
  <date>2019-10-31T09:14:45</date>
  <millis>1572484485195</millis>
  <sequence>66</sequence>
  <level>END</level>
  <class>com.kms.katalon.core.logging.KeywordLogger</class>
  <method>endKeyword</method>
  <thread>1</thread>
  <message>End action : setText</message>
  <nestedLevel>1</nestedLevel>
</record>
<record>
  <date>2019-10-31T09:14:45</date>
  <millis>1572484485195</millis>
  <sequence>67</sequence>
  <level>START</level>
  <class>com.kms.katalon.core.logging.KeywordLogger</class>
  <method>startKeyword</method>
  <thread>1</thread>
  <message>Start action : setText</message>
  <nestedLevel>1</nestedLevel>
  <property name="startLine">34</property>
  <property name="stepIndex">7</property>
</record>
<record>
  <date>2019-10-31T09:14:45</date>
  <millis>1572484485195</millis>
  <sequence>68</sequence>
  <level>INFO</level>
  <class>com.kms.katalon.core.logging.KeywordLogger</class>
  <method>logMessage</method>
  <thread>1</thread>
  <message>Finding Test Object with id &amp;apos;Object Repository/ADMIN/Plugins/Web Page Builder/texteditor_Content&amp;apos;</message>
  <nestedLevel>1</nestedLevel>
</record>
<record>
  <date>2019-10-31T09:14:45</date>
  <millis>1572484485198</millis>
  <sequence>69</sequence>
  <level>INFO</level>
  <class>com.kms.katalon.core.logging.KeywordLogger</class>
  <method>logMessage</method>
  <thread>1</thread>
  <message>Checking object</message>
  <nestedLevel>1</nestedLevel>
</record>
<record>
  <date>2019-10-31T09:14:45</date>
  <millis>1572484485198</millis>
  <sequence>70</sequence>
  <level>INFO</level>
  <class>com.kms.katalon.core.logging.KeywordLogger</class>
  <method>logMessage</method>
  <thread>1</thread>
  <message>Checking text</message>
  <nestedLevel>1</nestedLevel>
</record>
<record>
  <date>2019-10-31T09:14:45</date>
  <millis>1572484485198</millis>
  <sequence>71</sequence>
  <level>INFO</level>
  <class>com.kms.katalon.core.logging.KeywordLogger</class>
  <method>logMessage</method>
  <thread>1</thread>
  <message>Checking timeout</message>
  <nestedLevel>1</nestedLevel>
</record>
<record>
  <date>2019-10-31T09:14:45</date>
  <millis>1572484485198</millis>
  <sequence>72</sequence>
  <level>INFO</level>
  <class>com.kms.katalon.core.logging.KeywordLogger</class>
  <method>logMessage</method>
  <thread>1</thread>
  <message>Finding web element with id: &amp;apos;Object Repository/ADMIN/Plugins/Web Page Builder/texteditor_Content&amp;apos; located by &amp;apos;By.xpath: //div[@id = &amp;apos;cke_editor1&amp;apos; and (text() = &amp;apos;Rich Text Editor, editor1Editor toolbarsClipboard/Undo\u00A0UndoKeyboard shortcut Ctrl+Z\u00A0RedoKeyboard shortcut Ctrl+YEditing\u00A0Select AllBasic Styles\u00A0BoldKeyboard shortcut Ctrl+B\u00A0ItalicKeyboard shortcut Ctrl+I\u00A0UnderlineKeyboard shortcut Ctrl+U\u00A0Strikethrough\u00A0Subscript\u00A0SuperscriptParagraph\u00A0Insert/Remove Numbered List\u00A0Insert/Remove Bulleted List\u00A0Decrease Indent\u00A0Increase Indent\u00A0Block Quote\u00A0Align Left\u00A0Center\u00A0Align Right\u00A0JustifyLinks\u00A0LinkKeyboard shortcut Ctrl+K\u00A0UnlinkInsert\u00A0Image\u00A0Table\u00A0Insert Horizontal Line\u00A0Smiley\u00A0Insert Special CharacterStylesFormatNormalFontFontSizeSizeColors\u00A0Text Color\u00A0Background ColorPress ALT 0 for help\u25E2&amp;apos; or . = &amp;apos;Rich Text Editor, editor1Editor toolbarsClipboard/Undo\u00A0UndoKeyboard shortcut Ctrl+Z\u00A0RedoKeyboard shortcut Ctrl+YEditing\u00A0Select AllBasic Styles\u00A0BoldKeyboard shortcut Ctrl+B\u00A0ItalicKeyboard shortcut Ctrl+I\u00A0UnderlineKeyboard shortcut Ctrl+U\u00A0Strikethrough\u00A0Subscript\u00A0SuperscriptParagraph\u00A0Insert/Remove Numbered List\u00A0Insert/Remove Bulleted List\u00A0Decrease Indent\u00A0Increase Indent\u00A0Block Quote\u00A0Align Left\u00A0Center\u00A0Align Right\u00A0JustifyLinks\u00A0LinkKeyboard shortcut Ctrl+K\u00A0UnlinkInsert\u00A0Image\u00A0Table\u00A0Insert Horizontal Line\u00A0Smiley\u00A0Insert Special CharacterStylesFormatNormalFontFontSizeSizeColors\u00A0Text Color\u00A0Background ColorPress ALT 0 for help\u25E2&amp;apos;)]&amp;apos; in &amp;apos;30&amp;apos; second(s)</message>
  <nestedLevel>1</nestedLevel>
</record>
<record>
  <date>2019-10-31T09:15:16</date>
  <millis>1572484516815</millis>
  <sequence>73</sequence>
  <level>FAILED</level>
  <class>com.kms.katalon.core.logging.KeywordLogger</class>
  <method>logMessage</method>
  <thread>1</thread>
  <message>Unable to set text &amp;apos;diana&amp;apos; of object &amp;apos;Object Repository/ADMIN/Plugins/Web Page Builder/texteditor_Content&amp;apos; (Root cause: com.kms.katalon.core.webui.exception.WebElementNotFoundException: Web element with id: &amp;apos;Object Repository/ADMIN/Plugins/Web Page Builder/texteditor_Content&amp;apos; located by &amp;apos;By.xpath: //div[@id = &amp;apos;cke_editor1&amp;apos; and (text() = &amp;apos;Rich Text Editor, editor1Editor toolbarsClipboard/Undo\u00A0UndoKeyboard shortcut Ctrl+Z\u00A0RedoKeyboard shortcut Ctrl+YEditing\u00A0Select AllBasic Styles\u00A0BoldKeyboard shortcut Ctrl+B\u00A0ItalicKeyboard shortcut Ctrl+I\u00A0UnderlineKeyboard shortcut Ctrl+U\u00A0Strikethrough\u00A0Subscript\u00A0SuperscriptParagraph\u00A0Insert/Remove Numbered List\u00A0Insert/Remove Bulleted List\u00A0Decrease Indent\u00A0Increase Indent\u00A0Block Quote\u00A0Align Left\u00A0Center\u00A0Align Right\u00A0JustifyLinks\u00A0LinkKeyboard shortcut Ctrl+K\u00A0UnlinkInsert\u00A0Image\u00A0Table\u00A0Insert Horizontal Line\u00A0Smiley\u00A0Insert Special CharacterStylesFormatNormalFontFontSizeSizeColors\u00A0Text Color\u00A0Background ColorPress ALT 0 for help\u25E2&amp;apos; or . = &amp;apos;Rich Text Editor, editor1Editor toolbarsClipboard/Undo\u00A0UndoKeyboard shortcut Ctrl+Z\u00A0RedoKeyboard shortcut Ctrl+YEditing\u00A0Select AllBasic Styles\u00A0BoldKeyboard shortcut Ctrl+B\u00A0ItalicKeyboard shortcut Ctrl+I\u00A0UnderlineKeyboard shortcut Ctrl+U\u00A0Strikethrough\u00A0Subscript\u00A0SuperscriptParagraph\u00A0Insert/Remove Numbered List\u00A0Insert/Remove Bulleted List\u00A0Decrease Indent\u00A0Increase Indent\u00A0Block Quote\u00A0Align Left\u00A0Center\u00A0Align Right\u00A0JustifyLinks\u00A0LinkKeyboard shortcut Ctrl+K\u00A0UnlinkInsert\u00A0Image\u00A0Table\u00A0Insert Horizontal Line\u00A0Smiley\u00A0Insert Special CharacterStylesFormatNormalFontFontSizeSizeColors\u00A0Text Color\u00A0Background ColorPress ALT 0 for help\u25E2&amp;apos;)]&amp;apos; not found)</message>
  <nestedLevel>1</nestedLevel>
  <property name="attachment">1572484516500.png</property>
</record>
<record>
  <date>2019-10-31T09:15:16</date>
  <millis>1572484516816</millis>
  <sequence>74</sequence>
  <level>END</level>
  <class>com.kms.katalon.core.logging.KeywordLogger</class>
  <method>endKeyword</method>
  <thread>1</thread>
  <message>End action : setText</message>
  <nestedLevel>1</nestedLevel>
</record>
<record>
  <date>2019-10-31T09:15:16</date>
  <millis>1572484516817</millis>
  <sequence>75</sequence>
  <logger>com.kms.katalon.core.logging.KeywordLogger</logger>
  <level>FAILED</level>
  <class>com.kms.katalon.core.logging.KeywordLogger</class>
  <method>logMessage</method>
  <thread>1</thread>
  <message>Test Cases/PLUGINS/Create a Page/Add New Page FAILED because (of) Unable to set text &amp;apos;diana&amp;apos; of object &amp;apos;Object Repository/ADMIN/Plugins/Web Page Builder/texteditor_Content&amp;apos; (Root cause: com.kms.katalon.core.webui.exception.WebElementNotFoundException: Web element with id: &amp;apos;Object Repository/ADMIN/Plugins/Web Page Builder/texteditor_Content&amp;apos; located by &amp;apos;By.xpath: //div[@id = &amp;apos;cke_editor1&amp;apos; and (text() = &amp;apos;Rich Text Editor, editor1Editor toolbarsClipboard/Undo\u00A0UndoKeyboard shortcut Ctrl+Z\u00A0RedoKeyboard shortcut Ctrl+YEditing\u00A0Select AllBasic Styles\u00A0BoldKeyboard shortcut Ctrl+B\u00A0ItalicKeyboard shortcut Ctrl+I\u00A0UnderlineKeyboard shortcut Ctrl+U\u00A0Strikethrough\u00A0Subscript\u00A0SuperscriptParagraph\u00A0Insert/Remove Numbered List\u00A0Insert/Remove Bulleted List\u00A0Decrease Indent\u00A0Increase Indent\u00A0Block Quote\u00A0Align Left\u00A0Center\u00A0Align Right\u00A0JustifyLinks\u00A0LinkKeyboard shortcut Ctrl+K\u00A0UnlinkInsert\u00A0Image\u00A0Table\u00A0Insert Horizontal Line\u00A0Smiley\u00A0Insert Special CharacterStylesFormatNormalFontFontSizeSizeColors\u00A0Text Color\u00A0Background ColorPress ALT 0 for help\u25E2&amp;apos; or . = &amp;apos;Rich Text Editor, editor1Editor toolbarsClipboard/Undo\u00A0UndoKeyboard shortcut Ctrl+Z\u00A0RedoKeyboard shortcut Ctrl+YEditing\u00A0Select AllBasic Styles\u00A0BoldKeyboard shortcut Ctrl+B\u00A0ItalicKeyboard shortcut Ctrl+I\u00A0UnderlineKeyboard shortcut Ctrl+U\u00A0Strikethrough\u00A0Subscript\u00A0SuperscriptParagraph\u00A0Insert/Remove Numbered List\u00A0Insert/Remove Bulleted List\u00A0Decrease Indent\u00A0Increase Indent\u00A0Block Quote\u00A0Align Left\u00A0Center\u00A0Align Right\u00A0JustifyLinks\u00A0LinkKeyboard shortcut Ctrl+K\u00A0UnlinkInsert\u00A0Image\u00A0Table\u00A0Insert Horizontal Line\u00A0Smiley\u00A0Insert Special CharacterStylesFormatNormalFontFontSizeSizeColors\u00A0Text Color\u00A0Background ColorPress ALT 0 for help\u25E2&amp;apos;)]&amp;apos; not found)</message>
  <exception>
    <message>com.kms.katalon.core.exception.StepFailedException: Unable to set text 'diana' of object 'Object Repository/ADMIN/Plugins/Web Page Builder/texteditor_Content' (Root cause: com.kms.katalon.core.webui.exception.WebElementNotFoundException: Web element with id: 'Object Repository/ADMIN/Plugins/Web Page Builder/texteditor_Content' located by 'By.xpath: //div[@id = 'cke_editor1' and (text() = 'Rich Text Editor, editor1Editor toolbarsClipboard/Undo UndoKeyboard shortcut Ctrl+Z RedoKeyboard shortcut Ctrl+YEditing Select AllBasic Styles BoldKeyboard shortcut Ctrl+B ItalicKeyboard shortcut Ctrl+I UnderlineKeyboard shortcut Ctrl+U Strikethrough Subscript SuperscriptParagraph Insert/Remove Numbered List Insert/Remove Bulleted List Decrease Indent Increase Indent Block Quote Align Left Center Align Right JustifyLinks LinkKeyboard shortcut Ctrl+K UnlinkInsert Image Table Insert Horizontal Line Smiley Insert Special CharacterStylesFormatNormalFontFontSizeSizeColors Text Color Background ColorPress ALT 0 for help◢' or . = 'Rich Text Editor, editor1Editor toolbarsClipboard/Undo UndoKeyboard shortcut Ctrl+Z RedoKeyboard shortcut Ctrl+YEditing Select AllBasic Styles BoldKeyboard shortcut Ctrl+B ItalicKeyboard shortcut Ctrl+I UnderlineKeyboard shortcut Ctrl+U Strikethrough Subscript SuperscriptParagraph Insert/Remove Numbered List Insert/Remove Bulleted List Decrease Indent Increase Indent Block Quote Align Left Center Align Right JustifyLinks LinkKeyboard shortcut Ctrl+K UnlinkInsert Image Table Insert Horizontal Line Smiley Insert Special CharacterStylesFormatNormalFontFontSizeSizeColors Text Color Background ColorPress ALT 0 for help◢')]' not found)</message>
    <frame>
      <class>com.kms.katalon.core.keyword.internal.KeywordMain</class>
      <method>stepFailed</method>
      <line>32</line>
    </frame>
    <frame>
      <class>com.kms.katalon.core.webui.keyword.internal.WebUIKeywordMain</class>
      <method>stepFailed</method>
      <line>65</line>
    </frame>
    <frame>
      <class>com.kms.katalon.core.webui.keyword.internal.WebUIKeywordMain</class>
      <method>runKeyword</method>
      <line>27</line>
    </frame>
    <frame>
      <class>com.kms.katalon.core.webui.keyword.builtin.SetTextKeyword</class>
      <method>setText</method>
      <line>65</line>
    </frame>
    <frame>
      <class>com.kms.katalon.core.webui.keyword.builtin.SetTextKeyword</class>
      <method>execute</method>
      <line>37</line>
    </frame>
    <frame>
      <class>com.kms.katalon.core.keyword.internal.KeywordExecutor</class>
      <method>executeKeywordForPlatform</method>
      <line>53</line>
    </frame>
    <frame>
      <class>com.kms.katalon.core.webui.keyword.WebUiBuiltInKeywords</class>
      <method>setText</method>
      <line>950</line>
    </frame>
    <frame>
      <class>com.kms.katalon.core.webui.keyword.WebUiBuiltInKeywords$setText$2</class>
      <method>call</method>
    </frame>
    <frame>
      <class>org.codehaus.groovy.runtime.callsite.CallSiteArray</class>
      <method>defaultCall</method>
      <line>48</line>
    </frame>
    <frame>
      <class>org.codehaus.groovy.runtime.callsite.AbstractCallSite</class>
      <method>call</method>
      <line>113</line>
    </frame>
    <frame>
      <class>org.codehaus.groovy.runtime.callsite.AbstractCallSite</class>
      <method>call</method>
      <line>133</line>
    </frame>
    <frame>
      <class>Script1572418209947</class>
      <method>run</method>
      <line>34</line>
    </frame>
    <frame>
      <class>com.kms.katalon.core.main.ScriptEngine</class>
      <method>run</method>
      <line>183</line>
    </frame>
    <frame>
      <class>com.kms.katalon.core.main.ScriptEngine</class>
      <method>runScriptAsRawText</method>
      <line>108</line>
    </frame>
    <frame>
      <class>com.kms.katalon.core.main.TestCaseExecutor</class>
      <method>runScript</method>
      <line>295</line>
    </frame>
    <frame>
      <class>com.kms.katalon.core.main.TestCaseExecutor</class>
      <method>doExecute</method>
      <line>286</line>
    </frame>
    <frame>
      <class>com.kms.katalon.core.main.TestCaseExecutor</class>
      <method>processExecutionPhase</method>
      <line>265</line>
    </frame>
    <frame>
      <class>com.kms.katalon.core.main.TestCaseExecutor</class>
      <method>accessMainPhase</method>
      <line>257</line>
    </frame>
    <frame>
      <class>com.kms.katalon.core.main.TestCaseExecutor</class>
      <method>execute</method>
      <line>201</line>
    </frame>
    <frame>
      <class>com.kms.katalon.core.main.TestSuiteExecutor</class>
      <method>accessTestCaseMainPhase</method>
      <line>129</line>
    </frame>
    <frame>
      <class>com.kms.katalon.core.main.TestSuiteExecutor</class>
      <method>accessTestSuiteMainPhase</method>
      <line>112</line>
    </frame>
    <frame>
      <class>com.kms.katalon.core.main.TestSuiteExecutor</class>
      <method>execute</method>
      <line>81</line>
    </frame>
    <frame>
      <class>com.kms.katalon.core.main.TestCaseMain</class>
      <method>startTestSuite</method>
      <line>106</line>
    </frame>
    <frame>
      <class>com.kms.katalon.core.main.TestCaseMain$startTestSuite$0</class>
      <method>call</method>
    </frame>
    <frame>
      <class>org.codehaus.groovy.runtime.callsite.CallSiteArray</class>
      <method>defaultCall</method>
      <line>48</line>
    </frame>
    <frame>
      <class>org.codehaus.groovy.runtime.callsite.AbstractCallSite</class>
      <method>call</method>
      <line>113</line>
    </frame>
    <frame>
      <class>org.codehaus.groovy.runtime.callsite.AbstractCallSite</class>
      <method>call</method>
      <line>141</line>
    </frame>
    <frame>
      <class>TempTestSuite1572484481442</class>
      <method>run</method>
      <line>35</line>
    </frame>
    <frame>
      <class>groovy.lang.GroovyShell</class>
      <method>runScriptOrMainOrTestOrRunnable</method>
      <line>263</line>
    </frame>
    <frame>
      <class>groovy.lang.GroovyShell</class>
      <method>run</method>
      <line>518</line>
    </frame>
    <frame>
      <class>groovy.lang.GroovyShell</class>
      <method>run</method>
      <line>507</line>
    </frame>
    <frame>
      <class>groovy.ui.GroovyMain</class>
      <method>processOnce</method>
      <line>653</line>
    </frame>
    <frame>
      <class>groovy.ui.GroovyMain</class>
      <method>run</method>
      <line>384</line>
    </frame>
    <frame>
      <class>groovy.ui.GroovyMain</class>
      <method>process</method>
      <line>370</line>
    </frame>
    <frame>
      <class>groovy.ui.GroovyMain</class>
      <method>processArgs</method>
      <line>129</line>
    </frame>
    <frame>
      <class>groovy.ui.GroovyMain</class>
      <method>main</method>
      <line>109</line>
    </frame>
    <frame>
      <class>sun.reflect.NativeMethodAccessorImpl</class>
      <method>invoke0</method>
    </frame>
    <frame>
      <class>sun.reflect.NativeMethodAccessorImpl</class>
      <method>invoke</method>
      <line>62</line>
    </frame>
    <frame>
      <class>sun.reflect.DelegatingMethodAccessorImpl</class>
      <method>invoke</method>
      <line>43</line>
    </frame>
    <frame>
      <class>java.lang.reflect.Method</class>
      <method>invoke</method>
      <line>498</line>
    </frame>
    <frame>
      <class>org.codehaus.groovy.tools.GroovyStarter</class>
      <method>rootLoader</method>
      <line>109</line>
    </frame>
    <frame>
      <class>org.codehaus.groovy.tools.GroovyStarter</class>
      <method>main</method>
      <line>131</line>
    </frame>
  </exception>
  <nestedLevel>0</nestedLevel>
</record>
<record>
  <date>2019-10-31T09:15:16</date>
  <millis>1572484516819</millis>
  <sequence>76</sequence>
  <level>END</level>
  <class>com.kms.katalon.core.logging.KeywordLogger</class>
  <method>endTest</method>
  <thread>1</thread>
  <message>End Test Case : Test Cases/PLUGINS/Create a Page/Add New Page</message>
  <nestedLevel>0</nestedLevel>
</record>
<record>
  <date>2019-10-31T09:15:16</date>
  <millis>1572484516820</millis>
  <sequence>77</sequence>
  <level>END</level>
  <class>com.kms.katalon.core.logging.KeywordLogger</class>
  <method>endSuite</method>
  <thread>1</thread>
  <message>End Test Suite : Test Suites/Plugins/Create a Page</message>
  <nestedLevel>0</nestedLevel>
</record>
</log>
