<?xml version="1.0" encoding="UTF-8" standalone="no"?>
<!DOCTYPE log SYSTEM "logger.dtd">
<log>
<record>
  <date>2020-03-20T11:54:32</date>
  <millis>1584676472085</millis>
  <sequence>0</sequence>
  <level>START</level>
  <class>com.kms.katalon.core.logging.XmlKeywordLogger</class>
  <method>startSuite</method>
  <thread>1</thread>
  <message>Start Test Suite : Test Suites/Admin/Language/Edit Text/Bespoke/Admin Pages/Bespoke Admin Pages</message>
  <nestedLevel>0</nestedLevel>
  <property name="name">Bespoke Admin Pages</property>
  <property name="description"></property>
  <property name="id">Test Suites/Admin/Language/Edit Text/Bespoke/Admin Pages/Bespoke Admin Pages</property>
</record>
<record>
  <date>2020-03-20T11:54:32</date>
  <millis>1584676472103</millis>
  <sequence>1</sequence>
  <level>RUN_DATA</level>
  <class>com.kms.katalon.core.logging.XmlKeywordLogger</class>
  <method>logMessage</method>
  <thread>1</thread>
  <message>hostName = ARCADIER03 - 192.168.254.105</message>
  <nestedLevel>0</nestedLevel>
  <property name="hostName">ARCADIER03 - 192.168.254.105</property>
</record>
<record>
  <date>2020-03-20T11:54:32</date>
  <millis>1584676472104</millis>
  <sequence>2</sequence>
  <level>RUN_DATA</level>
  <class>com.kms.katalon.core.logging.XmlKeywordLogger</class>
  <method>logMessage</method>
  <thread>1</thread>
  <message>os = Windows 7 64bit</message>
  <nestedLevel>0</nestedLevel>
  <property name="os">Windows 7 64bit</property>
</record>
<record>
  <date>2020-03-20T11:54:32</date>
  <millis>1584676472105</millis>
  <sequence>3</sequence>
  <level>RUN_DATA</level>
  <class>com.kms.katalon.core.logging.XmlKeywordLogger</class>
  <method>logMessage</method>
  <thread>1</thread>
  <message>hostAddress = 192.168.254.105</message>
  <nestedLevel>0</nestedLevel>
  <property name="hostAddress">192.168.254.105</property>
</record>
<record>
  <date>2020-03-20T11:54:32</date>
  <millis>1584676472105</millis>
  <sequence>4</sequence>
  <level>RUN_DATA</level>
  <class>com.kms.katalon.core.logging.XmlKeywordLogger</class>
  <method>logMessage</method>
  <thread>1</thread>
  <message>katalonVersion = 7.2.6.1</message>
  <nestedLevel>0</nestedLevel>
  <property name="katalonVersion">7.2.6.1</property>
</record>
<record>
  <date>2020-03-20T11:54:32</date>
  <millis>1584676472624</millis>
  <sequence>5</sequence>
  <level>START</level>
  <class>com.kms.katalon.core.logging.XmlKeywordLogger</class>
  <method>startTest</method>
  <thread>1</thread>
  <message>Start Test Case : Test Cases/ADMIN/Language/Edit Text/Bespoke/Admin Pages/About Us Navigation</message>
  <nestedLevel>1</nestedLevel>
  <property name="name">Test Cases/ADMIN/Language/Edit Text/Bespoke/Admin Pages/About Us Navigation</property>
  <property name="description"></property>
  <property name="id">Test Cases/ADMIN/Language/Edit Text/Bespoke/Admin Pages/About Us Navigation</property>
  <property name="source">C:\\Katalon\\Arctick\\Test Cases\\ADMIN\\Language\\Edit Text\\Bespoke\\Admin Pages\\About Us Navigation.tc</property>
  <property name="tag"></property>
  <property name="isOptional">false</property>
</record>
<record>
  <date>2020-03-20T11:54:33</date>
  <millis>1584676473004</millis>
  <sequence>7</sequence>
  <level>START</level>
  <class>com.kms.katalon.core.logging.XmlKeywordLogger</class>
  <method>startKeyword</method>
  <thread>1</thread>
  <message>Start action : waitForElementVisible(findTestObject(\&amp;quot;ADMIN/Language/sidemenu_Language\&amp;quot;), 0)</message>
  <nestedLevel>1</nestedLevel>
  <property name="startLine">18</property>
  <property name="stepIndex">1</property>
</record>
<record>
  <date>2020-03-20T11:54:33</date>
  <millis>1584676473841</millis>
  <sequence>11</sequence>
  <level>WARNING</level>
  <class>com.kms.katalon.core.logging.XmlKeywordLogger</class>
  <method>logMessage</method>
  <thread>1</thread>
  <message>Timeout &amp;apos;0&amp;apos; is invalid. Using default page load timeout: &amp;apos;30&amp;apos;</message>
  <nestedLevel>1</nestedLevel>
</record>
<record>
  <date>2020-03-20T11:54:35</date>
  <millis>1584676475219</millis>
  <sequence>14</sequence>
  <level>RUN_DATA</level>
  <class>com.kms.katalon.core.logging.XmlKeywordLogger</class>
  <method>logMessage</method>
  <thread>1</thread>
  <message>sessionId = 36d01542543bc6b7e6541b3e6dcbd8a9</message>
  <nestedLevel>1</nestedLevel>
  <property name="sessionId">36d01542543bc6b7e6541b3e6dcbd8a9</property>
</record>
<record>
  <date>2020-03-20T11:54:35</date>
  <millis>1584676475240</millis>
  <sequence>15</sequence>
  <level>RUN_DATA</level>
  <class>com.kms.katalon.core.logging.XmlKeywordLogger</class>
  <method>logMessage</method>
  <thread>1</thread>
  <message>browser = Chrome 80.0.3987.149</message>
  <nestedLevel>1</nestedLevel>
  <property name="browser">Chrome 80.0.3987.149</property>
</record>
<record>
  <date>2020-03-20T11:54:35</date>
  <millis>1584676475241</millis>
  <sequence>16</sequence>
  <level>RUN_DATA</level>
  <class>com.kms.katalon.core.logging.XmlKeywordLogger</class>
  <method>logMessage</method>
  <thread>1</thread>
  <message>platform = Windows 7</message>
  <nestedLevel>1</nestedLevel>
  <property name="platform">Windows 7</property>
</record>
<record>
  <date>2020-03-20T11:54:35</date>
  <millis>1584676475241</millis>
  <sequence>17</sequence>
  <level>RUN_DATA</level>
  <class>com.kms.katalon.core.logging.XmlKeywordLogger</class>
  <method>logMessage</method>
  <thread>1</thread>
  <message>seleniumVersion = 3.141.59</message>
  <nestedLevel>1</nestedLevel>
  <property name="seleniumVersion">3.141.59</property>
</record>
<record>
  <date>2020-03-20T11:54:35</date>
  <millis>1584676475245</millis>
  <sequence>18</sequence>
  <level>RUN_DATA</level>
  <class>com.kms.katalon.core.logging.XmlKeywordLogger</class>
  <method>logMessage</method>
  <thread>1</thread>
  <message>proxyInformation = ProxyInformation{proxyOption=NO_PROXY, proxyServerType=HTTP, password=, proxyServerAddress=, proxyServerPort=0, executionList=}</message>
  <nestedLevel>1</nestedLevel>
  <property name="proxyInformation">ProxyInformation{proxyOption=NO_PROXY, proxyServerType=HTTP, password=, proxyServerAddress=, proxyServerPort=0, executionList=}</property>
</record>
<record>
  <date>2020-03-20T11:54:35</date>
  <millis>1584676475445</millis>
  <sequence>22</sequence>
  <level>PASSED</level>
  <class>com.kms.katalon.core.logging.XmlKeywordLogger</class>
  <method>logMessage</method>
  <thread>1</thread>
  <message>Object &amp;apos;Object Repository/ADMIN/Language/sidemenu_Language&amp;apos; is visible</message>
  <nestedLevel>1</nestedLevel>
</record>
<record>
  <date>2020-03-20T11:54:35</date>
  <millis>1584676475446</millis>
  <sequence>23</sequence>
  <level>END</level>
  <class>com.kms.katalon.core.logging.XmlKeywordLogger</class>
  <method>endKeyword</method>
  <thread>1</thread>
  <message>End action : waitForElementVisible(findTestObject(\&amp;quot;ADMIN/Language/sidemenu_Language\&amp;quot;), 0)</message>
  <nestedLevel>1</nestedLevel>
</record>
<record>
  <date>2020-03-20T11:54:35</date>
  <millis>1584676475446</millis>
  <sequence>24</sequence>
  <level>START</level>
  <class>com.kms.katalon.core.logging.XmlKeywordLogger</class>
  <method>startKeyword</method>
  <thread>1</thread>
  <message>Start action : click(findTestObject(\&amp;quot;ADMIN/Language/sidemenu_Language\&amp;quot;), CONTINUE_ON_FAILURE)</message>
  <nestedLevel>1</nestedLevel>
  <property name="startLine">20</property>
  <property name="stepIndex">2</property>
</record>
<record>
  <date>2020-03-20T11:54:35</date>
  <millis>1584676475854</millis>
  <sequence>33</sequence>
  <level>PASSED</level>
  <class>com.kms.katalon.core.logging.XmlKeywordLogger</class>
  <method>logMessage</method>
  <thread>1</thread>
  <message>Object: &amp;apos;Object Repository/ADMIN/Language/sidemenu_Language&amp;apos; is clicked on</message>
  <nestedLevel>1</nestedLevel>
</record>
<record>
  <date>2020-03-20T11:54:35</date>
  <millis>1584676475856</millis>
  <sequence>34</sequence>
  <level>END</level>
  <class>com.kms.katalon.core.logging.XmlKeywordLogger</class>
  <method>endKeyword</method>
  <thread>1</thread>
  <message>End action : click(findTestObject(\&amp;quot;ADMIN/Language/sidemenu_Language\&amp;quot;), CONTINUE_ON_FAILURE)</message>
  <nestedLevel>1</nestedLevel>
</record>
<record>
  <date>2020-03-20T11:54:35</date>
  <millis>1584676475857</millis>
  <sequence>35</sequence>
  <level>START</level>
  <class>com.kms.katalon.core.logging.XmlKeywordLogger</class>
  <method>startKeyword</method>
  <thread>1</thread>
  <message>Start action : waitForElementVisible(findTestObject(\&amp;quot;ADMIN/Language/sidemenu_Edit Text\&amp;quot;), 0)</message>
  <nestedLevel>1</nestedLevel>
  <property name="startLine">22</property>
  <property name="stepIndex">3</property>
</record>
<record>
  <date>2020-03-20T11:54:35</date>
  <millis>1584676475910</millis>
  <sequence>39</sequence>
  <level>WARNING</level>
  <class>com.kms.katalon.core.logging.XmlKeywordLogger</class>
  <method>logMessage</method>
  <thread>1</thread>
  <message>Timeout &amp;apos;0&amp;apos; is invalid. Using default page load timeout: &amp;apos;30&amp;apos;</message>
  <nestedLevel>1</nestedLevel>
</record>
<record>
  <date>2020-03-20T11:54:36</date>
  <millis>1584676476362</millis>
  <sequence>45</sequence>
  <level>PASSED</level>
  <class>com.kms.katalon.core.logging.XmlKeywordLogger</class>
  <method>logMessage</method>
  <thread>1</thread>
  <message>Object &amp;apos;Object Repository/ADMIN/Language/sidemenu_Edit Text&amp;apos; is visible</message>
  <nestedLevel>1</nestedLevel>
</record>
<record>
  <date>2020-03-20T11:54:36</date>
  <millis>1584676476363</millis>
  <sequence>46</sequence>
  <level>END</level>
  <class>com.kms.katalon.core.logging.XmlKeywordLogger</class>
  <method>endKeyword</method>
  <thread>1</thread>
  <message>End action : waitForElementVisible(findTestObject(\&amp;quot;ADMIN/Language/sidemenu_Edit Text\&amp;quot;), 0)</message>
  <nestedLevel>1</nestedLevel>
</record>
<record>
  <date>2020-03-20T11:54:36</date>
  <millis>1584676476363</millis>
  <sequence>47</sequence>
  <level>START</level>
  <class>com.kms.katalon.core.logging.XmlKeywordLogger</class>
  <method>startKeyword</method>
  <thread>1</thread>
  <message>Start action : click(findTestObject(\&amp;quot;ADMIN/Language/sidemenu_Edit Text\&amp;quot;), CONTINUE_ON_FAILURE)</message>
  <nestedLevel>1</nestedLevel>
  <property name="startLine">24</property>
  <property name="stepIndex">4</property>
</record>
<record>
  <date>2020-03-20T11:54:38</date>
  <millis>1584676478371</millis>
  <sequence>56</sequence>
  <level>PASSED</level>
  <class>com.kms.katalon.core.logging.XmlKeywordLogger</class>
  <method>logMessage</method>
  <thread>1</thread>
  <message>Object: &amp;apos;Object Repository/ADMIN/Language/sidemenu_Edit Text&amp;apos; is clicked on</message>
  <nestedLevel>1</nestedLevel>
</record>
<record>
  <date>2020-03-20T11:54:38</date>
  <millis>1584676478372</millis>
  <sequence>57</sequence>
  <level>END</level>
  <class>com.kms.katalon.core.logging.XmlKeywordLogger</class>
  <method>endKeyword</method>
  <thread>1</thread>
  <message>End action : click(findTestObject(\&amp;quot;ADMIN/Language/sidemenu_Edit Text\&amp;quot;), CONTINUE_ON_FAILURE)</message>
  <nestedLevel>1</nestedLevel>
</record>
<record>
  <date>2020-03-20T11:54:38</date>
  <millis>1584676478372</millis>
  <sequence>58</sequence>
  <level>START</level>
  <class>com.kms.katalon.core.logging.XmlKeywordLogger</class>
  <method>startKeyword</method>
  <thread>1</thread>
  <message>Start action : waitForElementVisible(findTestObject(\&amp;quot;ADMIN/Edit Text/Bespoke/Admin Navigation/dd_icon\&amp;quot;), 0)</message>
  <nestedLevel>1</nestedLevel>
  <property name="startLine">26</property>
  <property name="stepIndex">5</property>
</record>
<record>
  <date>2020-03-20T11:54:38</date>
  <millis>1584676478495</millis>
  <sequence>62</sequence>
  <level>WARNING</level>
  <class>com.kms.katalon.core.logging.XmlKeywordLogger</class>
  <method>logMessage</method>
  <thread>1</thread>
  <message>Timeout &amp;apos;0&amp;apos; is invalid. Using default page load timeout: &amp;apos;30&amp;apos;</message>
  <nestedLevel>1</nestedLevel>
</record>
<record>
  <date>2020-03-20T11:54:38</date>
  <millis>1584676478602</millis>
  <sequence>68</sequence>
  <level>PASSED</level>
  <class>com.kms.katalon.core.logging.XmlKeywordLogger</class>
  <method>logMessage</method>
  <thread>1</thread>
  <message>Object &amp;apos;Object Repository/ADMIN/Edit Text/Bespoke/Admin Navigation/dd_icon&amp;apos; is visible</message>
  <nestedLevel>1</nestedLevel>
</record>
<record>
  <date>2020-03-20T11:54:38</date>
  <millis>1584676478605</millis>
  <sequence>69</sequence>
  <level>END</level>
  <class>com.kms.katalon.core.logging.XmlKeywordLogger</class>
  <method>endKeyword</method>
  <thread>1</thread>
  <message>End action : waitForElementVisible(findTestObject(\&amp;quot;ADMIN/Edit Text/Bespoke/Admin Navigation/dd_icon\&amp;quot;), 0)</message>
  <nestedLevel>1</nestedLevel>
</record>
<record>
  <date>2020-03-20T11:54:38</date>
  <millis>1584676478605</millis>
  <sequence>70</sequence>
  <level>START</level>
  <class>com.kms.katalon.core.logging.XmlKeywordLogger</class>
  <method>startKeyword</method>
  <thread>1</thread>
  <message>Start action : click(findTestObject(\&amp;quot;ADMIN/Edit Text/Bespoke/Admin Navigation/dd_icon\&amp;quot;), CONTINUE_ON_FAILURE)</message>
  <nestedLevel>1</nestedLevel>
  <property name="startLine">28</property>
  <property name="stepIndex">6</property>
</record>
<record>
  <date>2020-03-20T11:54:38</date>
  <millis>1584676478802</millis>
  <sequence>79</sequence>
  <level>PASSED</level>
  <class>com.kms.katalon.core.logging.XmlKeywordLogger</class>
  <method>logMessage</method>
  <thread>1</thread>
  <message>Object: &amp;apos;Object Repository/ADMIN/Edit Text/Bespoke/Admin Navigation/dd_icon&amp;apos; is clicked on</message>
  <nestedLevel>1</nestedLevel>
</record>
<record>
  <date>2020-03-20T11:54:38</date>
  <millis>1584676478803</millis>
  <sequence>80</sequence>
  <level>END</level>
  <class>com.kms.katalon.core.logging.XmlKeywordLogger</class>
  <method>endKeyword</method>
  <thread>1</thread>
  <message>End action : click(findTestObject(\&amp;quot;ADMIN/Edit Text/Bespoke/Admin Navigation/dd_icon\&amp;quot;), CONTINUE_ON_FAILURE)</message>
  <nestedLevel>1</nestedLevel>
</record>
<record>
  <date>2020-03-20T11:54:38</date>
  <millis>1584676478804</millis>
  <sequence>81</sequence>
  <level>START</level>
  <class>com.kms.katalon.core.logging.XmlKeywordLogger</class>
  <method>startKeyword</method>
  <thread>1</thread>
  <message>Start action : waitForElementVisible(findTestObject(\&amp;quot;ADMIN/Edit Text/Bespoke/Admin Navigation/span_About Us\&amp;quot;), 0)</message>
  <nestedLevel>1</nestedLevel>
  <property name="startLine">30</property>
  <property name="stepIndex">7</property>
</record>
<record>
  <date>2020-03-20T11:54:38</date>
  <millis>1584676478891</millis>
  <sequence>85</sequence>
  <level>WARNING</level>
  <class>com.kms.katalon.core.logging.XmlKeywordLogger</class>
  <method>logMessage</method>
  <thread>1</thread>
  <message>Timeout &amp;apos;0&amp;apos; is invalid. Using default page load timeout: &amp;apos;30&amp;apos;</message>
  <nestedLevel>1</nestedLevel>
</record>
<record>
  <date>2020-03-20T11:54:39</date>
  <millis>1584676479788</millis>
  <sequence>91</sequence>
  <level>PASSED</level>
  <class>com.kms.katalon.core.logging.XmlKeywordLogger</class>
  <method>logMessage</method>
  <thread>1</thread>
  <message>Object &amp;apos;Object Repository/ADMIN/Edit Text/Bespoke/Admin Navigation/span_About Us&amp;apos; is visible</message>
  <nestedLevel>1</nestedLevel>
</record>
<record>
  <date>2020-03-20T11:54:39</date>
  <millis>1584676479789</millis>
  <sequence>92</sequence>
  <level>END</level>
  <class>com.kms.katalon.core.logging.XmlKeywordLogger</class>
  <method>endKeyword</method>
  <thread>1</thread>
  <message>End action : waitForElementVisible(findTestObject(\&amp;quot;ADMIN/Edit Text/Bespoke/Admin Navigation/span_About Us\&amp;quot;), 0)</message>
  <nestedLevel>1</nestedLevel>
</record>
<record>
  <date>2020-03-20T11:54:39</date>
  <millis>1584676479789</millis>
  <sequence>93</sequence>
  <level>START</level>
  <class>com.kms.katalon.core.logging.XmlKeywordLogger</class>
  <method>startKeyword</method>
  <thread>1</thread>
  <message>Start action : click(findTestObject(\&amp;quot;ADMIN/Edit Text/Bespoke/Admin Navigation/span_About Us\&amp;quot;), CONTINUE_ON_FAILURE)</message>
  <nestedLevel>1</nestedLevel>
  <property name="startLine">32</property>
  <property name="stepIndex">8</property>
</record>
<record>
  <date>2020-03-20T11:54:41</date>
  <millis>1584676481083</millis>
  <sequence>102</sequence>
  <level>PASSED</level>
  <class>com.kms.katalon.core.logging.XmlKeywordLogger</class>
  <method>logMessage</method>
  <thread>1</thread>
  <message>Object: &amp;apos;Object Repository/ADMIN/Edit Text/Bespoke/Admin Navigation/span_About Us&amp;apos; is clicked on</message>
  <nestedLevel>1</nestedLevel>
</record>
<record>
  <date>2020-03-20T11:54:41</date>
  <millis>1584676481084</millis>
  <sequence>103</sequence>
  <level>END</level>
  <class>com.kms.katalon.core.logging.XmlKeywordLogger</class>
  <method>endKeyword</method>
  <thread>1</thread>
  <message>End action : click(findTestObject(\&amp;quot;ADMIN/Edit Text/Bespoke/Admin Navigation/span_About Us\&amp;quot;), CONTINUE_ON_FAILURE)</message>
  <nestedLevel>1</nestedLevel>
</record>
<record>
  <date>2020-03-20T11:54:41</date>
  <millis>1584676481084</millis>
  <sequence>104</sequence>
  <level>START</level>
  <class>com.kms.katalon.core.logging.XmlKeywordLogger</class>
  <method>startKeyword</method>
  <thread>1</thread>
  <message>Start action : waitForElementVisible(findTestObject(\&amp;quot;ADMIN/Edit Text/Bespoke/Buyer Navigation/dd_language\&amp;quot;), 0)</message>
  <nestedLevel>1</nestedLevel>
  <property name="startLine">34</property>
  <property name="stepIndex">9</property>
</record>
<record>
  <date>2020-03-20T11:54:41</date>
  <millis>1584676481132</millis>
  <sequence>108</sequence>
  <level>WARNING</level>
  <class>com.kms.katalon.core.logging.XmlKeywordLogger</class>
  <method>logMessage</method>
  <thread>1</thread>
  <message>Timeout &amp;apos;0&amp;apos; is invalid. Using default page load timeout: &amp;apos;30&amp;apos;</message>
  <nestedLevel>1</nestedLevel>
</record>
<record>
  <date>2020-03-20T11:54:42</date>
  <millis>1584676482006</millis>
  <sequence>114</sequence>
  <level>PASSED</level>
  <class>com.kms.katalon.core.logging.XmlKeywordLogger</class>
  <method>logMessage</method>
  <thread>1</thread>
  <message>Object &amp;apos;Object Repository/ADMIN/Edit Text/Bespoke/Buyer Navigation/dd_language&amp;apos; is visible</message>
  <nestedLevel>1</nestedLevel>
</record>
<record>
  <date>2020-03-20T11:54:42</date>
  <millis>1584676482006</millis>
  <sequence>115</sequence>
  <level>END</level>
  <class>com.kms.katalon.core.logging.XmlKeywordLogger</class>
  <method>endKeyword</method>
  <thread>1</thread>
  <message>End action : waitForElementVisible(findTestObject(\&amp;quot;ADMIN/Edit Text/Bespoke/Buyer Navigation/dd_language\&amp;quot;), 0)</message>
  <nestedLevel>1</nestedLevel>
</record>
<record>
  <date>2020-03-20T11:54:42</date>
  <millis>1584676482006</millis>
  <sequence>116</sequence>
  <level>PASSED</level>
  <class>com.kms.katalon.core.logging.XmlKeywordLogger</class>
  <method>logMessage</method>
  <thread>1</thread>
  <message>Test Cases/ADMIN/Language/Edit Text/Bespoke/Admin Pages/About Us Navigation</message>
  <nestedLevel>1</nestedLevel>
</record>
<record>
  <date>2020-03-20T11:54:42</date>
  <millis>1584676482007</millis>
  <sequence>117</sequence>
  <level>END</level>
  <class>com.kms.katalon.core.logging.XmlKeywordLogger</class>
  <method>endTest</method>
  <thread>1</thread>
  <message>End Test Case : Test Cases/ADMIN/Language/Edit Text/Bespoke/Admin Pages/About Us Navigation</message>
  <nestedLevel>0</nestedLevel>
</record>
<record>
  <date>2020-03-20T11:54:42</date>
  <millis>1584676482029</millis>
  <sequence>118</sequence>
  <level>START</level>
  <class>com.kms.katalon.core.logging.XmlKeywordLogger</class>
  <method>startTest</method>
  <thread>1</thread>
  <message>Start Test Case : Test Cases/ADMIN/Language/Edit Text/Bespoke/Admin Pages/About Us</message>
  <nestedLevel>1</nestedLevel>
  <property name="name">Test Cases/ADMIN/Language/Edit Text/Bespoke/Admin Pages/About Us</property>
  <property name="description"></property>
  <property name="id">Test Cases/ADMIN/Language/Edit Text/Bespoke/Admin Pages/About Us</property>
  <property name="source">C:\\Katalon\\Arctick\\Test Cases\\ADMIN\\Language\\Edit Text\\Bespoke\\Admin Pages\\About Us.tc</property>
  <property name="tag"></property>
  <property name="isOptional">false</property>
</record>
<record>
  <date>2020-03-20T11:54:42</date>
  <millis>1584676482118</millis>
  <sequence>120</sequence>
  <level>INFO</level>
  <class>com.kms.katalon.core.logging.XmlKeywordLogger</class>
  <method>logMessage</method>
  <thread>1</thread>
  <message>(Default) varLanguage = French</message>
  <nestedLevel>1</nestedLevel>
</record>
<record>
  <date>2020-03-20T11:54:42</date>
  <millis>1584676482328</millis>
  <sequence>121</sequence>
  <level>START</level>
  <class>com.kms.katalon.core.logging.XmlKeywordLogger</class>
  <method>startKeyword</method>
  <thread>1</thread>
  <message>Start action : waitForElementVisible(findTestObject(\&amp;quot;ADMIN/Edit Text/Bespoke/Buyer Navigation/dd_language\&amp;quot;), 0)</message>
  <nestedLevel>1</nestedLevel>
  <property name="startLine">18</property>
  <property name="stepIndex">1</property>
</record>
<record>
  <date>2020-03-20T11:54:42</date>
  <millis>1584676482369</millis>
  <sequence>125</sequence>
  <level>WARNING</level>
  <class>com.kms.katalon.core.logging.XmlKeywordLogger</class>
  <method>logMessage</method>
  <thread>1</thread>
  <message>Timeout &amp;apos;0&amp;apos; is invalid. Using default page load timeout: &amp;apos;30&amp;apos;</message>
  <nestedLevel>1</nestedLevel>
</record>
<record>
  <date>2020-03-20T11:54:42</date>
  <millis>1584676482442</millis>
  <sequence>131</sequence>
  <level>PASSED</level>
  <class>com.kms.katalon.core.logging.XmlKeywordLogger</class>
  <method>logMessage</method>
  <thread>1</thread>
  <message>Object &amp;apos;Object Repository/ADMIN/Edit Text/Bespoke/Buyer Navigation/dd_language&amp;apos; is visible</message>
  <nestedLevel>1</nestedLevel>
</record>
<record>
  <date>2020-03-20T11:54:42</date>
  <millis>1584676482442</millis>
  <sequence>132</sequence>
  <level>END</level>
  <class>com.kms.katalon.core.logging.XmlKeywordLogger</class>
  <method>endKeyword</method>
  <thread>1</thread>
  <message>End action : waitForElementVisible(findTestObject(\&amp;quot;ADMIN/Edit Text/Bespoke/Buyer Navigation/dd_language\&amp;quot;), 0)</message>
  <nestedLevel>1</nestedLevel>
</record>
<record>
  <date>2020-03-20T11:54:42</date>
  <millis>1584676482443</millis>
  <sequence>133</sequence>
  <level>START</level>
  <class>com.kms.katalon.core.logging.XmlKeywordLogger</class>
  <method>startKeyword</method>
  <thread>1</thread>
  <message>Start action : selectOptionByLabel(findTestObject(\&amp;quot;ADMIN/Edit Text/Bespoke/Buyer Navigation/dd_language\&amp;quot;), varLanguage, false)</message>
  <nestedLevel>1</nestedLevel>
  <property name="startLine">20</property>
  <property name="stepIndex">2</property>
</record>
<record>
  <date>2020-03-20T11:54:43</date>
  <millis>1584676483564</millis>
  <sequence>144</sequence>
  <level>PASSED</level>
  <class>com.kms.katalon.core.logging.XmlKeywordLogger</class>
  <method>logMessage</method>
  <thread>1</thread>
  <message>All options with label &amp;apos;French&amp;apos; are selected in object &amp;apos;Object Repository/ADMIN/Edit Text/Bespoke/Buyer Navigation/dd_language&amp;apos; </message>
  <nestedLevel>1</nestedLevel>
</record>
<record>
  <date>2020-03-20T11:54:43</date>
  <millis>1584676483565</millis>
  <sequence>145</sequence>
  <level>END</level>
  <class>com.kms.katalon.core.logging.XmlKeywordLogger</class>
  <method>endKeyword</method>
  <thread>1</thread>
  <message>End action : selectOptionByLabel(findTestObject(\&amp;quot;ADMIN/Edit Text/Bespoke/Buyer Navigation/dd_language\&amp;quot;), varLanguage, false)</message>
  <nestedLevel>1</nestedLevel>
</record>
<record>
  <date>2020-03-20T11:54:43</date>
  <millis>1584676483565</millis>
  <sequence>146</sequence>
  <level>START</level>
  <class>com.kms.katalon.core.logging.XmlKeywordLogger</class>
  <method>startKeyword</method>
  <thread>1</thread>
  <message>Start action : sendKeys(findTestObject(\&amp;quot;ADMIN/Edit Text/Bespoke/Admin Pages/About Us/input_ABOUT_lbl_title\&amp;quot;), \&amp;quot;*\&amp;quot;)</message>
  <nestedLevel>1</nestedLevel>
  <property name="startLine">22</property>
  <property name="stepIndex">3</property>
</record>
<record>
  <date>2020-03-20T11:54:44</date>
  <millis>1584676484361</millis>
  <sequence>154</sequence>
  <level>PASSED</level>
  <class>com.kms.katalon.core.logging.XmlKeywordLogger</class>
  <method>logMessage</method>
  <thread>1</thread>
  <message>Keys &amp;apos;*&amp;apos; sent to object: &amp;apos;Object Repository/ADMIN/Edit Text/Bespoke/Admin Pages/About Us/input_ABOUT_lbl_title&amp;apos;</message>
  <nestedLevel>1</nestedLevel>
</record>
<record>
  <date>2020-03-20T11:54:44</date>
  <millis>1584676484361</millis>
  <sequence>155</sequence>
  <level>END</level>
  <class>com.kms.katalon.core.logging.XmlKeywordLogger</class>
  <method>endKeyword</method>
  <thread>1</thread>
  <message>End action : sendKeys(findTestObject(\&amp;quot;ADMIN/Edit Text/Bespoke/Admin Pages/About Us/input_ABOUT_lbl_title\&amp;quot;), \&amp;quot;*\&amp;quot;)</message>
  <nestedLevel>1</nestedLevel>
</record>
<record>
  <date>2020-03-20T11:54:44</date>
  <millis>1584676484361</millis>
  <sequence>156</sequence>
  <level>START</level>
  <class>com.kms.katalon.core.logging.XmlKeywordLogger</class>
  <method>startKeyword</method>
  <thread>1</thread>
  <message>Start action : sendKeys(findTestObject(\&amp;quot;ADMIN/Edit Text/Bespoke/Admin Pages/About Us/div_FontFormat_nicEdit-main nicEdit-selected\&amp;quot;), \&amp;quot;*\&amp;quot;)</message>
  <nestedLevel>1</nestedLevel>
  <property name="startLine">24</property>
  <property name="stepIndex">4</property>
</record>
<record>
  <date>2020-03-20T11:54:44</date>
  <millis>1584676484513</millis>
  <sequence>164</sequence>
  <level>PASSED</level>
  <class>com.kms.katalon.core.logging.XmlKeywordLogger</class>
  <method>logMessage</method>
  <thread>1</thread>
  <message>Keys &amp;apos;*&amp;apos; sent to object: &amp;apos;Object Repository/ADMIN/Edit Text/Bespoke/Admin Pages/About Us/div_FontFormat_nicEdit-main nicEdit-selected&amp;apos;</message>
  <nestedLevel>1</nestedLevel>
</record>
<record>
  <date>2020-03-20T11:54:44</date>
  <millis>1584676484515</millis>
  <sequence>165</sequence>
  <level>END</level>
  <class>com.kms.katalon.core.logging.XmlKeywordLogger</class>
  <method>endKeyword</method>
  <thread>1</thread>
  <message>End action : sendKeys(findTestObject(\&amp;quot;ADMIN/Edit Text/Bespoke/Admin Pages/About Us/div_FontFormat_nicEdit-main nicEdit-selected\&amp;quot;), \&amp;quot;*\&amp;quot;)</message>
  <nestedLevel>1</nestedLevel>
</record>
<record>
  <date>2020-03-20T11:54:44</date>
  <millis>1584676484516</millis>
  <sequence>166</sequence>
  <level>START</level>
  <class>com.kms.katalon.core.logging.XmlKeywordLogger</class>
  <method>startKeyword</method>
  <thread>1</thread>
  <message>Start action : click(findTestObject(\&amp;quot;ADMIN/Edit Text/Bespoke/Buyer Pages/Homepage/button_save\&amp;quot;), CONTINUE_ON_FAILURE)</message>
  <nestedLevel>1</nestedLevel>
  <property name="startLine">27</property>
  <property name="stepIndex">5</property>
</record>
<record>
  <date>2020-03-20T11:54:44</date>
  <millis>1584676484754</millis>
  <sequence>175</sequence>
  <level>PASSED</level>
  <class>com.kms.katalon.core.logging.XmlKeywordLogger</class>
  <method>logMessage</method>
  <thread>1</thread>
  <message>Object: &amp;apos;Object Repository/ADMIN/Edit Text/Bespoke/Buyer Pages/Homepage/button_save&amp;apos; is clicked on</message>
  <nestedLevel>1</nestedLevel>
</record>
<record>
  <date>2020-03-20T11:54:44</date>
  <millis>1584676484756</millis>
  <sequence>176</sequence>
  <level>END</level>
  <class>com.kms.katalon.core.logging.XmlKeywordLogger</class>
  <method>endKeyword</method>
  <thread>1</thread>
  <message>End action : click(findTestObject(\&amp;quot;ADMIN/Edit Text/Bespoke/Buyer Pages/Homepage/button_save\&amp;quot;), CONTINUE_ON_FAILURE)</message>
  <nestedLevel>1</nestedLevel>
</record>
<record>
  <date>2020-03-20T11:54:44</date>
  <millis>1584676484756</millis>
  <sequence>177</sequence>
  <level>START</level>
  <class>com.kms.katalon.core.logging.XmlKeywordLogger</class>
  <method>startKeyword</method>
  <thread>1</thread>
  <message>Start action : waitForElementVisible(findTestObject(\&amp;quot;ADMIN/Edit Text/Bespoke/Buyer Pages/Homepage/toaster_success About\&amp;quot;), 0)</message>
  <nestedLevel>1</nestedLevel>
  <property name="startLine">29</property>
  <property name="stepIndex">6</property>
</record>
<record>
  <date>2020-03-20T11:54:44</date>
  <millis>1584676484805</millis>
  <sequence>181</sequence>
  <level>WARNING</level>
  <class>com.kms.katalon.core.logging.XmlKeywordLogger</class>
  <method>logMessage</method>
  <thread>1</thread>
  <message>Timeout &amp;apos;0&amp;apos; is invalid. Using default page load timeout: &amp;apos;30&amp;apos;</message>
  <nestedLevel>1</nestedLevel>
</record>
<record>
  <date>2020-03-20T11:54:45</date>
  <millis>1584676485492</millis>
  <sequence>188</sequence>
  <level>PASSED</level>
  <class>com.kms.katalon.core.logging.XmlKeywordLogger</class>
  <method>logMessage</method>
  <thread>1</thread>
  <message>Object &amp;apos;Object Repository/ADMIN/Edit Text/Bespoke/Buyer Pages/Homepage/toaster_success About&amp;apos; is visible</message>
  <nestedLevel>1</nestedLevel>
</record>
<record>
  <date>2020-03-20T11:54:45</date>
  <millis>1584676485492</millis>
  <sequence>189</sequence>
  <level>END</level>
  <class>com.kms.katalon.core.logging.XmlKeywordLogger</class>
  <method>endKeyword</method>
  <thread>1</thread>
  <message>End action : waitForElementVisible(findTestObject(\&amp;quot;ADMIN/Edit Text/Bespoke/Buyer Pages/Homepage/toaster_success About\&amp;quot;), 0)</message>
  <nestedLevel>1</nestedLevel>
</record>
<record>
  <date>2020-03-20T11:54:45</date>
  <millis>1584676485492</millis>
  <sequence>190</sequence>
  <level>PASSED</level>
  <class>com.kms.katalon.core.logging.XmlKeywordLogger</class>
  <method>logMessage</method>
  <thread>1</thread>
  <message>Test Cases/ADMIN/Language/Edit Text/Bespoke/Admin Pages/About Us</message>
  <nestedLevel>1</nestedLevel>
</record>
<record>
  <date>2020-03-20T11:54:45</date>
  <millis>1584676485493</millis>
  <sequence>191</sequence>
  <level>END</level>
  <class>com.kms.katalon.core.logging.XmlKeywordLogger</class>
  <method>endTest</method>
  <thread>1</thread>
  <message>End Test Case : Test Cases/ADMIN/Language/Edit Text/Bespoke/Admin Pages/About Us</message>
  <nestedLevel>0</nestedLevel>
</record>
<record>
  <date>2020-03-20T11:54:45</date>
  <millis>1584676485493</millis>
  <sequence>192</sequence>
  <level>END</level>
  <class>com.kms.katalon.core.logging.XmlKeywordLogger</class>
  <method>endSuite</method>
  <thread>1</thread>
  <message>End Test Suite : Test Suites/Admin/Language/Edit Text/Bespoke/Admin Pages/Bespoke Admin Pages</message>
  <nestedLevel>0</nestedLevel>
</record>
</log>
