<?xml version="1.0" encoding="UTF-8" standalone="no"?>
<!DOCTYPE log SYSTEM "logger.dtd">
<log>
<record>
  <date>2019-05-09T07:49:09</date>
  <millis>1557359349451</millis>
  <sequence>0</sequence>
  <level>START</level>
  <class>com.kms.katalon.core.logging.KeywordLogger</class>
  <method>startSuite</method>
  <thread>1</thread>
  <message>Start Test Suite : Test Suites/Suites/Admin Onboarding Only(SPACETIME)</message>
  <nestedLevel>0</nestedLevel>
  <property name="name">Admin Onboarding Only(SPACETIME)</property>
  <property name="description"></property>
  <property name="id">Test Suites/Suites/Admin Onboarding Only(SPACETIME)</property>
</record>
<record>
  <date>2019-05-09T07:49:09</date>
  <millis>1557359349485</millis>
  <sequence>1</sequence>
  <level>RUN_DATA</level>
  <class>com.kms.katalon.core.logging.KeywordLogger</class>
  <method>logMessage</method>
  <thread>1</thread>
  <message>Logging run data &amp;apos;hostName&amp;apos; with value &amp;apos;Arcadier - Arcadier-PC&amp;apos;</message>
  <nestedLevel>0</nestedLevel>
  <property name="hostName">Arcadier - Arcadier-PC</property>
</record>
<record>
  <date>2019-05-09T07:49:09</date>
  <millis>1557359349486</millis>
  <sequence>2</sequence>
  <level>RUN_DATA</level>
  <class>com.kms.katalon.core.logging.KeywordLogger</class>
  <method>logMessage</method>
  <thread>1</thread>
  <message>Logging run data &amp;apos;os&amp;apos; with value &amp;apos;Windows 7 64bit&amp;apos;</message>
  <nestedLevel>0</nestedLevel>
  <property name="os">Windows 7 64bit</property>
</record>
<record>
  <date>2019-05-09T07:49:09</date>
  <millis>1557359349487</millis>
  <sequence>3</sequence>
  <level>RUN_DATA</level>
  <class>com.kms.katalon.core.logging.KeywordLogger</class>
  <method>logMessage</method>
  <thread>1</thread>
  <message>Logging run data &amp;apos;hostAddress&amp;apos; with value &amp;apos;10.10.31.95&amp;apos;</message>
  <nestedLevel>0</nestedLevel>
  <property name="hostAddress">10.10.31.95</property>
</record>
<record>
  <date>2019-05-09T07:49:09</date>
  <millis>1557359349488</millis>
  <sequence>4</sequence>
  <level>RUN_DATA</level>
  <class>com.kms.katalon.core.logging.KeywordLogger</class>
  <method>logMessage</method>
  <thread>1</thread>
  <message>Logging run data &amp;apos;katalonVersion&amp;apos; with value &amp;apos;5.4.2.1&amp;apos;</message>
  <nestedLevel>0</nestedLevel>
  <property name="katalonVersion">5.4.2.1</property>
</record>
<record>
  <date>2019-05-09T07:49:10</date>
  <millis>1557359350109</millis>
  <sequence>5</sequence>
  <level>START</level>
  <class>com.kms.katalon.core.logging.KeywordLogger</class>
  <method>startTest</method>
  <thread>1</thread>
  <message>Start Test Case : Test Cases/ADMIN/Onboarding/Admin_Onboarding_Create_Account</message>
  <nestedLevel>1</nestedLevel>
  <property name="name">Test Cases/ADMIN/Onboarding/Admin_Onboarding_Create_Account</property>
  <property name="description"></property>
  <property name="id">Test Cases/ADMIN/Onboarding/Admin_Onboarding_Create_Account</property>
  <property name="source">C:\\Katalon\\Arctick\\Test Cases\\ADMIN\\Onboarding\\Admin_Onboarding_Create_Account.tc</property>
  <property name="isOptional">false</property>
</record>
<record>
  <date>2019-05-09T07:49:10</date>
  <millis>1557359350164</millis>
  <sequence>6</sequence>
  <level>INFO</level>
  <class>com.kms.katalon.core.logging.KeywordLogger</class>
  <method>logMessage</method>
  <thread>1</thread>
  <message>Evaluating variables for test case</message>
  <nestedLevel>1</nestedLevel>
</record>
<record>
  <date>2019-05-09T07:49:10</date>
  <millis>1557359350555</millis>
  <sequence>7</sequence>
  <level>START</level>
  <class>com.kms.katalon.core.logging.KeywordLogger</class>
  <method>startKeyword</method>
  <thread>1</thread>
  <message>Start action : openBrowser</message>
  <nestedLevel>1</nestedLevel>
  <property name="startLine">22</property>
  <property name="stepIndex">1</property>
</record>
<record>
  <date>2019-05-09T07:49:11</date>
  <millis>1557359351359</millis>
  <sequence>8</sequence>
  <level>INFO</level>
  <class>com.kms.katalon.core.logging.KeywordLogger</class>
  <method>logMessage</method>
  <thread>1</thread>
  <message>Opening browser</message>
  <nestedLevel>1</nestedLevel>
</record>
<record>
  <date>2019-05-09T07:49:11</date>
  <millis>1557359351367</millis>
  <sequence>9</sequence>
  <level>INFO</level>
  <class>com.kms.katalon.core.logging.KeywordLogger</class>
  <method>logMessage</method>
  <thread>1</thread>
  <message>Starting &amp;apos;Chrome&amp;apos; driver</message>
  <nestedLevel>1</nestedLevel>
</record>
<record>
  <date>2019-05-09T07:49:11</date>
  <millis>1557359351379</millis>
  <sequence>10</sequence>
  <level>INFO</level>
  <class>com.kms.katalon.core.logging.KeywordLogger</class>
  <method>logMessage</method>
  <thread>1</thread>
  <message>User set preference: [&amp;apos;args&amp;apos;, &amp;apos;[--incognito]&amp;apos;]</message>
  <nestedLevel>1</nestedLevel>
</record>
<record>
  <date>2019-05-09T07:49:11</date>
  <millis>1557359351436</millis>
  <sequence>11</sequence>
  <level>INFO</level>
  <class>com.kms.katalon.core.logging.KeywordLogger</class>
  <method>logMessage</method>
  <thread>1</thread>
  <message>Action delay is set to 0 seconds</message>
  <nestedLevel>1</nestedLevel>
</record>
<record>
  <date>2019-05-09T07:49:14</date>
  <millis>1557359354621</millis>
  <sequence>13</sequence>
  <level>RUN_DATA</level>
  <class>com.kms.katalon.core.logging.KeywordLogger</class>
  <method>logMessage</method>
  <thread>1</thread>
  <message>Logging run data &amp;apos;sessionId&amp;apos; with value &amp;apos;3f11892dbf40fb5f8e8790a12e6c5bc1&amp;apos;</message>
  <nestedLevel>1</nestedLevel>
  <property name="sessionId">3f11892dbf40fb5f8e8790a12e6c5bc1</property>
</record>
<record>
  <date>2019-05-09T07:49:14</date>
  <millis>1557359354660</millis>
  <sequence>14</sequence>
  <level>RUN_DATA</level>
  <class>com.kms.katalon.core.logging.KeywordLogger</class>
  <method>logMessage</method>
  <thread>1</thread>
  <message>Logging run data &amp;apos;browser&amp;apos; with value &amp;apos;Chrome 74.0.3729.131&amp;apos;</message>
  <nestedLevel>1</nestedLevel>
  <property name="browser">Chrome 74.0.3729.131</property>
</record>
<record>
  <date>2019-05-09T07:49:14</date>
  <millis>1557359354662</millis>
  <sequence>15</sequence>
  <level>RUN_DATA</level>
  <class>com.kms.katalon.core.logging.KeywordLogger</class>
  <method>logMessage</method>
  <thread>1</thread>
  <message>Logging run data &amp;apos;platform&amp;apos; with value &amp;apos;Windows 7&amp;apos;</message>
  <nestedLevel>1</nestedLevel>
  <property name="platform">Windows 7</property>
</record>
<record>
  <date>2019-05-09T07:49:14</date>
  <millis>1557359354666</millis>
  <sequence>16</sequence>
  <level>RUN_DATA</level>
  <class>com.kms.katalon.core.logging.KeywordLogger</class>
  <method>logMessage</method>
  <thread>1</thread>
  <message>Logging run data &amp;apos;seleniumVersion&amp;apos; with value &amp;apos;3.7.1&amp;apos;</message>
  <nestedLevel>1</nestedLevel>
  <property name="seleniumVersion">3.7.1</property>
</record>
<record>
  <date>2019-05-09T07:49:14</date>
  <millis>1557359354668</millis>
  <sequence>17</sequence>
  <level>RUN_DATA</level>
  <class>com.kms.katalon.core.logging.KeywordLogger</class>
  <method>logMessage</method>
  <thread>1</thread>
  <message>Logging run data &amp;apos;proxyInformation&amp;apos; with value &amp;apos;ProxyInformation{proxyOption=NO_PROXY, proxyServerType=HTTP, password=, proxyServerAddress=, proxyServerPort=0}&amp;apos;</message>
  <nestedLevel>1</nestedLevel>
  <property name="proxyInformation">ProxyInformation{proxyOption=NO_PROXY, proxyServerType=HTTP, password=, proxyServerAddress=, proxyServerPort=0}</property>
</record>
<record>
  <date>2019-05-09T07:49:14</date>
  <millis>1557359354677</millis>
  <sequence>18</sequence>
  <level>PASSED</level>
  <class>com.kms.katalon.core.logging.KeywordLogger</class>
  <method>logMessage</method>
  <thread>1</thread>
  <message>Browser is opened with url: &amp;apos;&amp;apos;</message>
  <nestedLevel>1</nestedLevel>
</record>
<record>
  <date>2019-05-09T07:49:14</date>
  <millis>1557359354678</millis>
  <sequence>19</sequence>
  <level>END</level>
  <class>com.kms.katalon.core.logging.KeywordLogger</class>
  <method>endKeyword</method>
  <thread>1</thread>
  <message>End action : openBrowser</message>
  <nestedLevel>1</nestedLevel>
</record>
<record>
  <date>2019-05-09T07:49:14</date>
  <millis>1557359354678</millis>
  <sequence>20</sequence>
  <level>START</level>
  <class>com.kms.katalon.core.logging.KeywordLogger</class>
  <method>startKeyword</method>
  <thread>1</thread>
  <message>Start action : navigateToUrl</message>
  <nestedLevel>1</nestedLevel>
  <property name="startLine">24</property>
  <property name="stepIndex">2</property>
</record>
<record>
  <date>2019-05-09T07:49:14</date>
  <millis>1557359354729</millis>
  <sequence>21</sequence>
  <level>INFO</level>
  <class>com.kms.katalon.core.logging.KeywordLogger</class>
  <method>logMessage</method>
  <thread>1</thread>
  <message>Checking url</message>
  <nestedLevel>1</nestedLevel>
</record>
<record>
  <date>2019-05-09T07:49:14</date>
  <millis>1557359354732</millis>
  <sequence>22</sequence>
  <level>INFO</level>
  <class>com.kms.katalon.core.logging.KeywordLogger</class>
  <method>logMessage</method>
  <thread>1</thread>
  <message>Navigating to &amp;apos;https://www.test.arcadier.io&amp;apos;</message>
  <nestedLevel>1</nestedLevel>
</record>
<record>
  <date>2019-05-09T07:49:25</date>
  <millis>1557359365527</millis>
  <sequence>23</sequence>
  <level>PASSED</level>
  <class>com.kms.katalon.core.logging.KeywordLogger</class>
  <method>logMessage</method>
  <thread>1</thread>
  <message>Navigate to &amp;apos;https://www.test.arcadier.io&amp;apos; successfully</message>
  <nestedLevel>1</nestedLevel>
</record>
<record>
  <date>2019-05-09T07:49:25</date>
  <millis>1557359365528</millis>
  <sequence>24</sequence>
  <level>END</level>
  <class>com.kms.katalon.core.logging.KeywordLogger</class>
  <method>endKeyword</method>
  <thread>1</thread>
  <message>End action : navigateToUrl</message>
  <nestedLevel>1</nestedLevel>
</record>
<record>
  <date>2019-05-09T07:49:25</date>
  <millis>1557359365528</millis>
  <sequence>25</sequence>
  <level>START</level>
  <class>com.kms.katalon.core.logging.KeywordLogger</class>
  <method>startKeyword</method>
  <thread>1</thread>
  <message>Start action : maximizeWindow</message>
  <nestedLevel>1</nestedLevel>
  <property name="startLine">26</property>
  <property name="stepIndex">3</property>
</record>
<record>
  <date>2019-05-09T07:49:25</date>
  <millis>1557359365540</millis>
  <sequence>26</sequence>
  <level>INFO</level>
  <class>com.kms.katalon.core.logging.KeywordLogger</class>
  <method>logMessage</method>
  <thread>1</thread>
  <message>Maximizing current window</message>
  <nestedLevel>1</nestedLevel>
</record>
<record>
  <date>2019-05-09T07:49:26</date>
  <millis>1557359366729</millis>
  <sequence>27</sequence>
  <level>PASSED</level>
  <class>com.kms.katalon.core.logging.KeywordLogger</class>
  <method>logMessage</method>
  <thread>1</thread>
  <message>Current window maximized</message>
  <nestedLevel>1</nestedLevel>
</record>
<record>
  <date>2019-05-09T07:49:26</date>
  <millis>1557359366729</millis>
  <sequence>28</sequence>
  <level>END</level>
  <class>com.kms.katalon.core.logging.KeywordLogger</class>
  <method>endKeyword</method>
  <thread>1</thread>
  <message>End action : maximizeWindow</message>
  <nestedLevel>1</nestedLevel>
</record>
<record>
  <date>2019-05-09T07:49:26</date>
  <millis>1557359366730</millis>
  <sequence>29</sequence>
  <level>START</level>
  <class>com.kms.katalon.core.logging.KeywordLogger</class>
  <method>startKeyword</method>
  <thread>1</thread>
  <message>Start action : Statement - If (AdminAccount == \&amp;quot;custom\&amp;quot;)</message>
  <nestedLevel>1</nestedLevel>
  <property name="startLine">28</property>
  <property name="stepIndex">4</property>
</record>
<record>
  <date>2019-05-09T07:49:26</date>
  <millis>1557359366730</millis>
  <sequence>30</sequence>
  <level>START</level>
  <class>com.kms.katalon.core.logging.KeywordLogger</class>
  <method>startKeyword</method>
  <thread>1</thread>
  <message>Start action : click</message>
  <nestedLevel>2</nestedLevel>
  <property name="startLine">29</property>
  <property name="stepIndex">1</property>
</record>
<record>
  <date>2019-05-09T07:49:26</date>
  <millis>1557359366736</millis>
  <sequence>31</sequence>
  <level>INFO</level>
  <class>com.kms.katalon.core.logging.KeywordLogger</class>
  <method>logMessage</method>
  <thread>1</thread>
  <message>Finding Test Object with id &amp;apos;Object Repository/ADMIN/Admin Onboarding Page/Create_Account_Page/Button_Create_Account&amp;apos;</message>
  <nestedLevel>1</nestedLevel>
</record>
<record>
  <date>2019-05-09T07:49:26</date>
  <millis>1557359366757</millis>
  <sequence>32</sequence>
  <level>INFO</level>
  <class>com.kms.katalon.core.logging.KeywordLogger</class>
  <method>logMessage</method>
  <thread>1</thread>
  <message>Checking object</message>
  <nestedLevel>1</nestedLevel>
</record>
<record>
  <date>2019-05-09T07:49:26</date>
  <millis>1557359366758</millis>
  <sequence>33</sequence>
  <level>INFO</level>
  <class>com.kms.katalon.core.logging.KeywordLogger</class>
  <method>logMessage</method>
  <thread>1</thread>
  <message>Checking timeout</message>
  <nestedLevel>1</nestedLevel>
</record>
<record>
  <date>2019-05-09T07:49:26</date>
  <millis>1557359366768</millis>
  <sequence>34</sequence>
  <level>INFO</level>
  <class>com.kms.katalon.core.logging.KeywordLogger</class>
  <method>logMessage</method>
  <thread>1</thread>
  <message>Finding web element with id: &amp;apos;Object Repository/ADMIN/Admin Onboarding Page/Create_Account_Page/Button_Create_Account&amp;apos; located by &amp;apos;By.xpath: //*[(text() = &amp;apos; Create your account&amp;apos; or . = &amp;apos; Create your account&amp;apos;)]&amp;apos; in &amp;apos;30&amp;apos; second(s)</message>
  <nestedLevel>1</nestedLevel>
</record>
<record>
  <date>2019-05-09T07:49:26</date>
  <millis>1557359366786</millis>
  <sequence>35</sequence>
  <level>INFO</level>
  <class>com.kms.katalon.core.logging.KeywordLogger</class>
  <method>logMessage</method>
  <thread>1</thread>
  <message>Found 2 web elements with id: &amp;apos;Object Repository/ADMIN/Admin Onboarding Page/Create_Account_Page/Button_Create_Account&amp;apos; located by &amp;apos;By.xpath: //*[(text() = &amp;apos; Create your account&amp;apos; or . = &amp;apos; Create your account&amp;apos;)]&amp;apos; in &amp;apos;30&amp;apos; second(s)</message>
  <nestedLevel>1</nestedLevel>
</record>
<record>
  <date>2019-05-09T07:49:26</date>
  <millis>1557359366787</millis>
  <sequence>36</sequence>
  <level>INFO</level>
  <class>com.kms.katalon.core.logging.KeywordLogger</class>
  <method>logMessage</method>
  <thread>1</thread>
  <message>Clicking on object: &amp;apos;Object Repository/ADMIN/Admin Onboarding Page/Create_Account_Page/Button_Create_Account&amp;apos;</message>
  <nestedLevel>1</nestedLevel>
</record>
<record>
  <date>2019-05-09T07:49:27</date>
  <millis>1557359367248</millis>
  <sequence>37</sequence>
  <level>PASSED</level>
  <class>com.kms.katalon.core.logging.KeywordLogger</class>
  <method>logMessage</method>
  <thread>1</thread>
  <message>Object: &amp;apos;Object Repository/ADMIN/Admin Onboarding Page/Create_Account_Page/Button_Create_Account&amp;apos; is clicked on</message>
  <nestedLevel>1</nestedLevel>
</record>
<record>
  <date>2019-05-09T07:49:27</date>
  <millis>1557359367260</millis>
  <sequence>38</sequence>
  <level>END</level>
  <class>com.kms.katalon.core.logging.KeywordLogger</class>
  <method>endKeyword</method>
  <thread>1</thread>
  <message>End action : click</message>
  <nestedLevel>2</nestedLevel>
</record>
<record>
  <date>2019-05-09T07:49:27</date>
  <millis>1557359367261</millis>
  <sequence>39</sequence>
  <level>START</level>
  <class>com.kms.katalon.core.logging.KeywordLogger</class>
  <method>startKeyword</method>
  <thread>1</thread>
  <message>Start action : verifyElementPresent</message>
  <nestedLevel>2</nestedLevel>
  <property name="startLine">31</property>
  <property name="stepIndex">2</property>
</record>
<record>
  <date>2019-05-09T07:49:27</date>
  <millis>1557359367262</millis>
  <sequence>40</sequence>
  <level>INFO</level>
  <class>com.kms.katalon.core.logging.KeywordLogger</class>
  <method>logMessage</method>
  <thread>1</thread>
  <message>Finding Test Object with id &amp;apos;Object Repository/ADMIN/Admin Onboarding Page/Admin Onboarding CustomAcc/Textbox_Username&amp;apos;</message>
  <nestedLevel>1</nestedLevel>
</record>
<record>
  <date>2019-05-09T07:49:27</date>
  <millis>1557359367286</millis>
  <sequence>41</sequence>
  <level>INFO</level>
  <class>com.kms.katalon.core.logging.KeywordLogger</class>
  <method>logMessage</method>
  <thread>1</thread>
  <message>Checking object</message>
  <nestedLevel>1</nestedLevel>
</record>
<record>
  <date>2019-05-09T07:49:27</date>
  <millis>1557359367287</millis>
  <sequence>42</sequence>
  <level>INFO</level>
  <class>com.kms.katalon.core.logging.KeywordLogger</class>
  <method>logMessage</method>
  <thread>1</thread>
  <message>Checking timeout</message>
  <nestedLevel>1</nestedLevel>
</record>
<record>
  <date>2019-05-09T07:49:27</date>
  <millis>1557359367288</millis>
  <sequence>43</sequence>
  <level>WARNING</level>
  <class>com.kms.katalon.core.logging.KeywordLogger</class>
  <method>logMessage</method>
  <thread>1</thread>
  <message>Timeout &amp;apos;0&amp;apos; is invalid. Using default page load timeout: &amp;apos;30&amp;apos;</message>
  <nestedLevel>1</nestedLevel>
</record>
<record>
  <date>2019-05-09T07:49:27</date>
  <millis>1557359367289</millis>
  <sequence>44</sequence>
  <level>INFO</level>
  <class>com.kms.katalon.core.logging.KeywordLogger</class>
  <method>logMessage</method>
  <thread>1</thread>
  <message>Finding web element with id: &amp;apos;Object Repository/ADMIN/Admin Onboarding Page/Admin Onboarding CustomAcc/Textbox_Username&amp;apos; located by &amp;apos;By.xpath: id(\&amp;quot;frmaccount\&amp;quot;)/div[@class=\&amp;quot;signin-form-group\&amp;quot;]/input[@class=\&amp;quot;singfrm-txtbox required\&amp;quot;]&amp;apos; in &amp;apos;30&amp;apos; second(s)</message>
  <nestedLevel>1</nestedLevel>
</record>
<record>
  <date>2019-05-09T07:49:27</date>
  <millis>1557359367354</millis>
  <sequence>45</sequence>
  <level>INFO</level>
  <class>com.kms.katalon.core.logging.KeywordLogger</class>
  <method>logMessage</method>
  <thread>1</thread>
  <message>Found 3 web elements with id: &amp;apos;Object Repository/ADMIN/Admin Onboarding Page/Admin Onboarding CustomAcc/Textbox_Username&amp;apos; located by &amp;apos;By.xpath: id(\&amp;quot;frmaccount\&amp;quot;)/div[@class=\&amp;quot;signin-form-group\&amp;quot;]/input[@class=\&amp;quot;singfrm-txtbox required\&amp;quot;]&amp;apos; in &amp;apos;30&amp;apos; second(s)</message>
  <nestedLevel>1</nestedLevel>
</record>
<record>
  <date>2019-05-09T07:49:27</date>
  <millis>1557359367355</millis>
  <sequence>46</sequence>
  <level>PASSED</level>
  <class>com.kms.katalon.core.logging.KeywordLogger</class>
  <method>logMessage</method>
  <thread>1</thread>
  <message>Object &amp;apos;Object Repository/ADMIN/Admin Onboarding Page/Admin Onboarding CustomAcc/Textbox_Username&amp;apos; is present</message>
  <nestedLevel>1</nestedLevel>
</record>
<record>
  <date>2019-05-09T07:49:27</date>
  <millis>1557359367356</millis>
  <sequence>47</sequence>
  <level>END</level>
  <class>com.kms.katalon.core.logging.KeywordLogger</class>
  <method>endKeyword</method>
  <thread>1</thread>
  <message>End action : verifyElementPresent</message>
  <nestedLevel>2</nestedLevel>
</record>
<record>
  <date>2019-05-09T07:49:27</date>
  <millis>1557359367357</millis>
  <sequence>48</sequence>
  <level>START</level>
  <class>com.kms.katalon.core.logging.KeywordLogger</class>
  <method>startKeyword</method>
  <thread>1</thread>
  <message>Start action : setText</message>
  <nestedLevel>2</nestedLevel>
  <property name="startLine">34</property>
  <property name="stepIndex">3</property>
</record>
<record>
  <date>2019-05-09T07:49:27</date>
  <millis>1557359367358</millis>
  <sequence>49</sequence>
  <level>INFO</level>
  <class>com.kms.katalon.core.logging.KeywordLogger</class>
  <method>logMessage</method>
  <thread>1</thread>
  <message>Finding Test Object with id &amp;apos;Object Repository/ADMIN/Admin Onboarding Page/Admin Onboarding CustomAcc/Textbox_Username&amp;apos;</message>
  <nestedLevel>1</nestedLevel>
</record>
<record>
  <date>2019-05-09T07:49:27</date>
  <millis>1557359367374</millis>
  <sequence>50</sequence>
  <level>INFO</level>
  <class>com.kms.katalon.core.logging.KeywordLogger</class>
  <method>logMessage</method>
  <thread>1</thread>
  <message>Checking object</message>
  <nestedLevel>1</nestedLevel>
</record>
<record>
  <date>2019-05-09T07:49:27</date>
  <millis>1557359367374</millis>
  <sequence>51</sequence>
  <level>INFO</level>
  <class>com.kms.katalon.core.logging.KeywordLogger</class>
  <method>logMessage</method>
  <thread>1</thread>
  <message>Checking text</message>
  <nestedLevel>1</nestedLevel>
</record>
<record>
  <date>2019-05-09T07:49:27</date>
  <millis>1557359367375</millis>
  <sequence>52</sequence>
  <level>INFO</level>
  <class>com.kms.katalon.core.logging.KeywordLogger</class>
  <method>logMessage</method>
  <thread>1</thread>
  <message>Checking timeout</message>
  <nestedLevel>1</nestedLevel>
</record>
<record>
  <date>2019-05-09T07:49:27</date>
  <millis>1557359367375</millis>
  <sequence>53</sequence>
  <level>INFO</level>
  <class>com.kms.katalon.core.logging.KeywordLogger</class>
  <method>logMessage</method>
  <thread>1</thread>
  <message>Finding web element with id: &amp;apos;Object Repository/ADMIN/Admin Onboarding Page/Admin Onboarding CustomAcc/Textbox_Username&amp;apos; located by &amp;apos;By.xpath: id(\&amp;quot;frmaccount\&amp;quot;)/div[@class=\&amp;quot;signin-form-group\&amp;quot;]/input[@class=\&amp;quot;singfrm-txtbox required\&amp;quot;]&amp;apos; in &amp;apos;30&amp;apos; second(s)</message>
  <nestedLevel>1</nestedLevel>
</record>
<record>
  <date>2019-05-09T07:49:27</date>
  <millis>1557359367391</millis>
  <sequence>54</sequence>
  <level>INFO</level>
  <class>com.kms.katalon.core.logging.KeywordLogger</class>
  <method>logMessage</method>
  <thread>1</thread>
  <message>Found 3 web elements with id: &amp;apos;Object Repository/ADMIN/Admin Onboarding Page/Admin Onboarding CustomAcc/Textbox_Username&amp;apos; located by &amp;apos;By.xpath: id(\&amp;quot;frmaccount\&amp;quot;)/div[@class=\&amp;quot;signin-form-group\&amp;quot;]/input[@class=\&amp;quot;singfrm-txtbox required\&amp;quot;]&amp;apos; in &amp;apos;30&amp;apos; second(s)</message>
  <nestedLevel>1</nestedLevel>
</record>
<record>
  <date>2019-05-09T07:49:27</date>
  <millis>1557359367391</millis>
  <sequence>55</sequence>
  <level>INFO</level>
  <class>com.kms.katalon.core.logging.KeywordLogger</class>
  <method>logMessage</method>
  <thread>1</thread>
  <message>Clearing text of object &amp;apos;Object Repository/ADMIN/Admin Onboarding Page/Admin Onboarding CustomAcc/Textbox_Username&amp;apos;</message>
  <nestedLevel>1</nestedLevel>
</record>
<record>
  <date>2019-05-09T07:49:27</date>
  <millis>1557359367446</millis>
  <sequence>56</sequence>
  <level>INFO</level>
  <class>com.kms.katalon.core.logging.KeywordLogger</class>
  <method>logMessage</method>
  <thread>1</thread>
  <message>Checking timeout</message>
  <nestedLevel>1</nestedLevel>
</record>
<record>
  <date>2019-05-09T07:49:27</date>
  <millis>1557359367448</millis>
  <sequence>57</sequence>
  <level>INFO</level>
  <class>com.kms.katalon.core.logging.KeywordLogger</class>
  <method>logMessage</method>
  <thread>1</thread>
  <message>Finding web element with id: &amp;apos;Object Repository/ADMIN/Admin Onboarding Page/Admin Onboarding CustomAcc/Textbox_Username&amp;apos; located by &amp;apos;By.xpath: id(\&amp;quot;frmaccount\&amp;quot;)/div[@class=\&amp;quot;signin-form-group\&amp;quot;]/input[@class=\&amp;quot;singfrm-txtbox required\&amp;quot;]&amp;apos; in &amp;apos;30&amp;apos; second(s)</message>
  <nestedLevel>1</nestedLevel>
</record>
<record>
  <date>2019-05-09T07:49:27</date>
  <millis>1557359367711</millis>
  <sequence>58</sequence>
  <level>INFO</level>
  <class>com.kms.katalon.core.logging.KeywordLogger</class>
  <method>logMessage</method>
  <thread>1</thread>
  <message>Found 3 web elements with id: &amp;apos;Object Repository/ADMIN/Admin Onboarding Page/Admin Onboarding CustomAcc/Textbox_Username&amp;apos; located by &amp;apos;By.xpath: id(\&amp;quot;frmaccount\&amp;quot;)/div[@class=\&amp;quot;signin-form-group\&amp;quot;]/input[@class=\&amp;quot;singfrm-txtbox required\&amp;quot;]&amp;apos; in &amp;apos;30&amp;apos; second(s)</message>
  <nestedLevel>1</nestedLevel>
</record>
<record>
  <date>2019-05-09T07:49:27</date>
  <millis>1557359367724</millis>
  <sequence>59</sequence>
  <level>INFO</level>
  <class>com.kms.katalon.core.logging.KeywordLogger</class>
  <method>logMessage</method>
  <thread>1</thread>
  <message>Setting text of object &amp;apos;Object Repository/ADMIN/Admin Onboarding Page/Admin Onboarding CustomAcc/Textbox_Username&amp;apos; to value &amp;apos;1126SR1&amp;apos;</message>
  <nestedLevel>1</nestedLevel>
</record>
<record>
  <date>2019-05-09T07:49:28</date>
  <millis>1557359368216</millis>
  <sequence>60</sequence>
  <level>PASSED</level>
  <class>com.kms.katalon.core.logging.KeywordLogger</class>
  <method>logMessage</method>
  <thread>1</thread>
  <message>Text &amp;apos;1126SR1&amp;apos; is set on object &amp;apos;Object Repository/ADMIN/Admin Onboarding Page/Admin Onboarding CustomAcc/Textbox_Username&amp;apos;</message>
  <nestedLevel>1</nestedLevel>
</record>
<record>
  <date>2019-05-09T07:49:28</date>
  <millis>1557359368217</millis>
  <sequence>61</sequence>
  <level>END</level>
  <class>com.kms.katalon.core.logging.KeywordLogger</class>
  <method>endKeyword</method>
  <thread>1</thread>
  <message>End action : setText</message>
  <nestedLevel>2</nestedLevel>
</record>
<record>
  <date>2019-05-09T07:49:28</date>
  <millis>1557359368218</millis>
  <sequence>62</sequence>
  <level>START</level>
  <class>com.kms.katalon.core.logging.KeywordLogger</class>
  <method>startKeyword</method>
  <thread>1</thread>
  <message>Start action : setText</message>
  <nestedLevel>2</nestedLevel>
  <property name="startLine">36</property>
  <property name="stepIndex">4</property>
</record>
<record>
  <date>2019-05-09T07:49:28</date>
  <millis>1557359368220</millis>
  <sequence>63</sequence>
  <level>INFO</level>
  <class>com.kms.katalon.core.logging.KeywordLogger</class>
  <method>logMessage</method>
  <thread>1</thread>
  <message>Finding Test Object with id &amp;apos;Object Repository/ADMIN/Admin Onboarding Page/Admin Onboarding CustomAcc/Textbox_Password&amp;apos;</message>
  <nestedLevel>1</nestedLevel>
</record>
<record>
  <date>2019-05-09T07:49:28</date>
  <millis>1557359368227</millis>
  <sequence>64</sequence>
  <level>INFO</level>
  <class>com.kms.katalon.core.logging.KeywordLogger</class>
  <method>logMessage</method>
  <thread>1</thread>
  <message>Checking object</message>
  <nestedLevel>1</nestedLevel>
</record>
<record>
  <date>2019-05-09T07:49:28</date>
  <millis>1557359368229</millis>
  <sequence>65</sequence>
  <level>INFO</level>
  <class>com.kms.katalon.core.logging.KeywordLogger</class>
  <method>logMessage</method>
  <thread>1</thread>
  <message>Checking text</message>
  <nestedLevel>1</nestedLevel>
</record>
<record>
  <date>2019-05-09T07:49:28</date>
  <millis>1557359368230</millis>
  <sequence>66</sequence>
  <level>INFO</level>
  <class>com.kms.katalon.core.logging.KeywordLogger</class>
  <method>logMessage</method>
  <thread>1</thread>
  <message>Checking timeout</message>
  <nestedLevel>1</nestedLevel>
</record>
<record>
  <date>2019-05-09T07:49:28</date>
  <millis>1557359368233</millis>
  <sequence>67</sequence>
  <level>INFO</level>
  <class>com.kms.katalon.core.logging.KeywordLogger</class>
  <method>logMessage</method>
  <thread>1</thread>
  <message>Finding web element with id: &amp;apos;Object Repository/ADMIN/Admin Onboarding Page/Admin Onboarding CustomAcc/Textbox_Password&amp;apos; located by &amp;apos;By.xpath: id(\&amp;quot;frmaccount\&amp;quot;)/div[@class=\&amp;quot;signin-form-group\&amp;quot;]/input[@class=\&amp;quot;singfrm-txtbox required\&amp;quot;][count(. | //input[@type = &amp;apos;password&amp;apos; and @name = &amp;apos;password&amp;apos; and @class = &amp;apos;singfrm-txtbox required&amp;apos;]) = count(//input[@type = &amp;apos;password&amp;apos; and @name = &amp;apos;password&amp;apos; and @class = &amp;apos;singfrm-txtbox required&amp;apos;])]&amp;apos; in &amp;apos;30&amp;apos; second(s)</message>
  <nestedLevel>1</nestedLevel>
</record>
<record>
  <date>2019-05-09T07:49:28</date>
  <millis>1557359368305</millis>
  <sequence>68</sequence>
  <level>INFO</level>
  <class>com.kms.katalon.core.logging.KeywordLogger</class>
  <method>logMessage</method>
  <thread>1</thread>
  <message>Found 1 web elements with id: &amp;apos;Object Repository/ADMIN/Admin Onboarding Page/Admin Onboarding CustomAcc/Textbox_Password&amp;apos; located by &amp;apos;By.xpath: id(\&amp;quot;frmaccount\&amp;quot;)/div[@class=\&amp;quot;signin-form-group\&amp;quot;]/input[@class=\&amp;quot;singfrm-txtbox required\&amp;quot;][count(. | //input[@type = &amp;apos;password&amp;apos; and @name = &amp;apos;password&amp;apos; and @class = &amp;apos;singfrm-txtbox required&amp;apos;]) = count(//input[@type = &amp;apos;password&amp;apos; and @name = &amp;apos;password&amp;apos; and @class = &amp;apos;singfrm-txtbox required&amp;apos;])]&amp;apos; in &amp;apos;30&amp;apos; second(s)</message>
  <nestedLevel>1</nestedLevel>
</record>
<record>
  <date>2019-05-09T07:49:28</date>
  <millis>1557359368306</millis>
  <sequence>69</sequence>
  <level>INFO</level>
  <class>com.kms.katalon.core.logging.KeywordLogger</class>
  <method>logMessage</method>
  <thread>1</thread>
  <message>Clearing text of object &amp;apos;Object Repository/ADMIN/Admin Onboarding Page/Admin Onboarding CustomAcc/Textbox_Password&amp;apos;</message>
  <nestedLevel>1</nestedLevel>
</record>
<record>
  <date>2019-05-09T07:49:28</date>
  <millis>1557359368570</millis>
  <sequence>70</sequence>
  <level>INFO</level>
  <class>com.kms.katalon.core.logging.KeywordLogger</class>
  <method>logMessage</method>
  <thread>1</thread>
  <message>Checking timeout</message>
  <nestedLevel>1</nestedLevel>
</record>
<record>
  <date>2019-05-09T07:49:28</date>
  <millis>1557359368570</millis>
  <sequence>71</sequence>
  <level>INFO</level>
  <class>com.kms.katalon.core.logging.KeywordLogger</class>
  <method>logMessage</method>
  <thread>1</thread>
  <message>Finding web element with id: &amp;apos;Object Repository/ADMIN/Admin Onboarding Page/Admin Onboarding CustomAcc/Textbox_Password&amp;apos; located by &amp;apos;By.xpath: id(\&amp;quot;frmaccount\&amp;quot;)/div[@class=\&amp;quot;signin-form-group\&amp;quot;]/input[@class=\&amp;quot;singfrm-txtbox required\&amp;quot;][count(. | //input[@type = &amp;apos;password&amp;apos; and @name = &amp;apos;password&amp;apos; and @class = &amp;apos;singfrm-txtbox required&amp;apos;]) = count(//input[@type = &amp;apos;password&amp;apos; and @name = &amp;apos;password&amp;apos; and @class = &amp;apos;singfrm-txtbox required&amp;apos;])]&amp;apos; in &amp;apos;30&amp;apos; second(s)</message>
  <nestedLevel>1</nestedLevel>
</record>
<record>
  <date>2019-05-09T07:49:28</date>
  <millis>1557359368627</millis>
  <sequence>72</sequence>
  <level>INFO</level>
  <class>com.kms.katalon.core.logging.KeywordLogger</class>
  <method>logMessage</method>
  <thread>1</thread>
  <message>Found 1 web elements with id: &amp;apos;Object Repository/ADMIN/Admin Onboarding Page/Admin Onboarding CustomAcc/Textbox_Password&amp;apos; located by &amp;apos;By.xpath: id(\&amp;quot;frmaccount\&amp;quot;)/div[@class=\&amp;quot;signin-form-group\&amp;quot;]/input[@class=\&amp;quot;singfrm-txtbox required\&amp;quot;][count(. | //input[@type = &amp;apos;password&amp;apos; and @name = &amp;apos;password&amp;apos; and @class = &amp;apos;singfrm-txtbox required&amp;apos;]) = count(//input[@type = &amp;apos;password&amp;apos; and @name = &amp;apos;password&amp;apos; and @class = &amp;apos;singfrm-txtbox required&amp;apos;])]&amp;apos; in &amp;apos;30&amp;apos; second(s)</message>
  <nestedLevel>1</nestedLevel>
</record>
<record>
  <date>2019-05-09T07:49:28</date>
  <millis>1557359368628</millis>
  <sequence>73</sequence>
  <level>INFO</level>
  <class>com.kms.katalon.core.logging.KeywordLogger</class>
  <method>logMessage</method>
  <thread>1</thread>
  <message>Setting text of object &amp;apos;Object Repository/ADMIN/Admin Onboarding Page/Admin Onboarding CustomAcc/Textbox_Password&amp;apos; to value &amp;apos;welcome8&amp;apos;</message>
  <nestedLevel>1</nestedLevel>
</record>
<record>
  <date>2019-05-09T07:49:28</date>
  <millis>1557359368711</millis>
  <sequence>74</sequence>
  <level>PASSED</level>
  <class>com.kms.katalon.core.logging.KeywordLogger</class>
  <method>logMessage</method>
  <thread>1</thread>
  <message>Text &amp;apos;welcome8&amp;apos; is set on object &amp;apos;Object Repository/ADMIN/Admin Onboarding Page/Admin Onboarding CustomAcc/Textbox_Password&amp;apos;</message>
  <nestedLevel>1</nestedLevel>
</record>
<record>
  <date>2019-05-09T07:49:28</date>
  <millis>1557359368711</millis>
  <sequence>75</sequence>
  <level>END</level>
  <class>com.kms.katalon.core.logging.KeywordLogger</class>
  <method>endKeyword</method>
  <thread>1</thread>
  <message>End action : setText</message>
  <nestedLevel>2</nestedLevel>
</record>
<record>
  <date>2019-05-09T07:49:28</date>
  <millis>1557359368711</millis>
  <sequence>76</sequence>
  <level>START</level>
  <class>com.kms.katalon.core.logging.KeywordLogger</class>
  <method>startKeyword</method>
  <thread>1</thread>
  <message>Start action : setText</message>
  <nestedLevel>2</nestedLevel>
  <property name="startLine">38</property>
  <property name="stepIndex">5</property>
</record>
<record>
  <date>2019-05-09T07:49:28</date>
  <millis>1557359368712</millis>
  <sequence>77</sequence>
  <level>INFO</level>
  <class>com.kms.katalon.core.logging.KeywordLogger</class>
  <method>logMessage</method>
  <thread>1</thread>
  <message>Finding Test Object with id &amp;apos;Object Repository/ADMIN/Admin Onboarding Page/Admin Onboarding CustomAcc/Textbox_Reconfirm_Password&amp;apos;</message>
  <nestedLevel>1</nestedLevel>
</record>
<record>
  <date>2019-05-09T07:49:28</date>
  <millis>1557359368719</millis>
  <sequence>78</sequence>
  <level>INFO</level>
  <class>com.kms.katalon.core.logging.KeywordLogger</class>
  <method>logMessage</method>
  <thread>1</thread>
  <message>Checking object</message>
  <nestedLevel>1</nestedLevel>
</record>
<record>
  <date>2019-05-09T07:49:28</date>
  <millis>1557359368720</millis>
  <sequence>79</sequence>
  <level>INFO</level>
  <class>com.kms.katalon.core.logging.KeywordLogger</class>
  <method>logMessage</method>
  <thread>1</thread>
  <message>Checking text</message>
  <nestedLevel>1</nestedLevel>
</record>
<record>
  <date>2019-05-09T07:49:28</date>
  <millis>1557359368720</millis>
  <sequence>80</sequence>
  <level>INFO</level>
  <class>com.kms.katalon.core.logging.KeywordLogger</class>
  <method>logMessage</method>
  <thread>1</thread>
  <message>Checking timeout</message>
  <nestedLevel>1</nestedLevel>
</record>
<record>
  <date>2019-05-09T07:49:28</date>
  <millis>1557359368721</millis>
  <sequence>81</sequence>
  <level>INFO</level>
  <class>com.kms.katalon.core.logging.KeywordLogger</class>
  <method>logMessage</method>
  <thread>1</thread>
  <message>Finding web element with id: &amp;apos;Object Repository/ADMIN/Admin Onboarding Page/Admin Onboarding CustomAcc/Textbox_Reconfirm_Password&amp;apos; located by &amp;apos;By.xpath: id(\&amp;quot;frmaccount\&amp;quot;)/div[@class=\&amp;quot;signin-form-group\&amp;quot;]/input[@class=\&amp;quot;singfrm-txtbox required\&amp;quot;][count(. | //input[@type = &amp;apos;password&amp;apos; and @name = &amp;apos;reconfirm-password&amp;apos; and @class = &amp;apos;singfrm-txtbox required&amp;apos;]) = count(//input[@type = &amp;apos;password&amp;apos; and @name = &amp;apos;reconfirm-password&amp;apos; and @class = &amp;apos;singfrm-txtbox required&amp;apos;])]&amp;apos; in &amp;apos;30&amp;apos; second(s)</message>
  <nestedLevel>1</nestedLevel>
</record>
<record>
  <date>2019-05-09T07:49:28</date>
  <millis>1557359368736</millis>
  <sequence>82</sequence>
  <level>INFO</level>
  <class>com.kms.katalon.core.logging.KeywordLogger</class>
  <method>logMessage</method>
  <thread>1</thread>
  <message>Found 1 web elements with id: &amp;apos;Object Repository/ADMIN/Admin Onboarding Page/Admin Onboarding CustomAcc/Textbox_Reconfirm_Password&amp;apos; located by &amp;apos;By.xpath: id(\&amp;quot;frmaccount\&amp;quot;)/div[@class=\&amp;quot;signin-form-group\&amp;quot;]/input[@class=\&amp;quot;singfrm-txtbox required\&amp;quot;][count(. | //input[@type = &amp;apos;password&amp;apos; and @name = &amp;apos;reconfirm-password&amp;apos; and @class = &amp;apos;singfrm-txtbox required&amp;apos;]) = count(//input[@type = &amp;apos;password&amp;apos; and @name = &amp;apos;reconfirm-password&amp;apos; and @class = &amp;apos;singfrm-txtbox required&amp;apos;])]&amp;apos; in &amp;apos;30&amp;apos; second(s)</message>
  <nestedLevel>1</nestedLevel>
</record>
<record>
  <date>2019-05-09T07:49:28</date>
  <millis>1557359368737</millis>
  <sequence>83</sequence>
  <level>INFO</level>
  <class>com.kms.katalon.core.logging.KeywordLogger</class>
  <method>logMessage</method>
  <thread>1</thread>
  <message>Clearing text of object &amp;apos;Object Repository/ADMIN/Admin Onboarding Page/Admin Onboarding CustomAcc/Textbox_Reconfirm_Password&amp;apos;</message>
  <nestedLevel>1</nestedLevel>
</record>
<record>
  <date>2019-05-09T07:49:28</date>
  <millis>1557359368760</millis>
  <sequence>84</sequence>
  <level>INFO</level>
  <class>com.kms.katalon.core.logging.KeywordLogger</class>
  <method>logMessage</method>
  <thread>1</thread>
  <message>Checking timeout</message>
  <nestedLevel>1</nestedLevel>
</record>
<record>
  <date>2019-05-09T07:49:28</date>
  <millis>1557359368761</millis>
  <sequence>85</sequence>
  <level>INFO</level>
  <class>com.kms.katalon.core.logging.KeywordLogger</class>
  <method>logMessage</method>
  <thread>1</thread>
  <message>Finding web element with id: &amp;apos;Object Repository/ADMIN/Admin Onboarding Page/Admin Onboarding CustomAcc/Textbox_Reconfirm_Password&amp;apos; located by &amp;apos;By.xpath: id(\&amp;quot;frmaccount\&amp;quot;)/div[@class=\&amp;quot;signin-form-group\&amp;quot;]/input[@class=\&amp;quot;singfrm-txtbox required\&amp;quot;][count(. | //input[@type = &amp;apos;password&amp;apos; and @name = &amp;apos;reconfirm-password&amp;apos; and @class = &amp;apos;singfrm-txtbox required&amp;apos;]) = count(//input[@type = &amp;apos;password&amp;apos; and @name = &amp;apos;reconfirm-password&amp;apos; and @class = &amp;apos;singfrm-txtbox required&amp;apos;])]&amp;apos; in &amp;apos;30&amp;apos; second(s)</message>
  <nestedLevel>1</nestedLevel>
</record>
<record>
  <date>2019-05-09T07:49:28</date>
  <millis>1557359368773</millis>
  <sequence>86</sequence>
  <level>INFO</level>
  <class>com.kms.katalon.core.logging.KeywordLogger</class>
  <method>logMessage</method>
  <thread>1</thread>
  <message>Found 1 web elements with id: &amp;apos;Object Repository/ADMIN/Admin Onboarding Page/Admin Onboarding CustomAcc/Textbox_Reconfirm_Password&amp;apos; located by &amp;apos;By.xpath: id(\&amp;quot;frmaccount\&amp;quot;)/div[@class=\&amp;quot;signin-form-group\&amp;quot;]/input[@class=\&amp;quot;singfrm-txtbox required\&amp;quot;][count(. | //input[@type = &amp;apos;password&amp;apos; and @name = &amp;apos;reconfirm-password&amp;apos; and @class = &amp;apos;singfrm-txtbox required&amp;apos;]) = count(//input[@type = &amp;apos;password&amp;apos; and @name = &amp;apos;reconfirm-password&amp;apos; and @class = &amp;apos;singfrm-txtbox required&amp;apos;])]&amp;apos; in &amp;apos;30&amp;apos; second(s)</message>
  <nestedLevel>1</nestedLevel>
</record>
<record>
  <date>2019-05-09T07:49:28</date>
  <millis>1557359368773</millis>
  <sequence>87</sequence>
  <level>INFO</level>
  <class>com.kms.katalon.core.logging.KeywordLogger</class>
  <method>logMessage</method>
  <thread>1</thread>
  <message>Setting text of object &amp;apos;Object Repository/ADMIN/Admin Onboarding Page/Admin Onboarding CustomAcc/Textbox_Reconfirm_Password&amp;apos; to value &amp;apos;welcome8&amp;apos;</message>
  <nestedLevel>1</nestedLevel>
</record>
<record>
  <date>2019-05-09T07:49:28</date>
  <millis>1557359368964</millis>
  <sequence>88</sequence>
  <level>PASSED</level>
  <class>com.kms.katalon.core.logging.KeywordLogger</class>
  <method>logMessage</method>
  <thread>1</thread>
  <message>Text &amp;apos;welcome8&amp;apos; is set on object &amp;apos;Object Repository/ADMIN/Admin Onboarding Page/Admin Onboarding CustomAcc/Textbox_Reconfirm_Password&amp;apos;</message>
  <nestedLevel>1</nestedLevel>
</record>
<record>
  <date>2019-05-09T07:49:28</date>
  <millis>1557359368964</millis>
  <sequence>89</sequence>
  <level>END</level>
  <class>com.kms.katalon.core.logging.KeywordLogger</class>
  <method>endKeyword</method>
  <thread>1</thread>
  <message>End action : setText</message>
  <nestedLevel>2</nestedLevel>
</record>
<record>
  <date>2019-05-09T07:49:28</date>
  <millis>1557359368965</millis>
  <sequence>90</sequence>
  <level>START</level>
  <class>com.kms.katalon.core.logging.KeywordLogger</class>
  <method>startKeyword</method>
  <thread>1</thread>
  <message>Start action : click</message>
  <nestedLevel>2</nestedLevel>
  <property name="startLine">40</property>
  <property name="stepIndex">6</property>
</record>
<record>
  <date>2019-05-09T07:49:28</date>
  <millis>1557359368998</millis>
  <sequence>91</sequence>
  <level>INFO</level>
  <class>com.kms.katalon.core.logging.KeywordLogger</class>
  <method>logMessage</method>
  <thread>1</thread>
  <message>Finding Test Object with id &amp;apos;Object Repository/ADMIN/Admin Onboarding Page/Admin Onboarding CustomAcc/Button_Sign_Up&amp;apos;</message>
  <nestedLevel>1</nestedLevel>
</record>
<record>
  <date>2019-05-09T07:49:29</date>
  <millis>1557359369018</millis>
  <sequence>92</sequence>
  <level>INFO</level>
  <class>com.kms.katalon.core.logging.KeywordLogger</class>
  <method>logMessage</method>
  <thread>1</thread>
  <message>Checking object</message>
  <nestedLevel>1</nestedLevel>
</record>
<record>
  <date>2019-05-09T07:49:29</date>
  <millis>1557359369018</millis>
  <sequence>93</sequence>
  <level>INFO</level>
  <class>com.kms.katalon.core.logging.KeywordLogger</class>
  <method>logMessage</method>
  <thread>1</thread>
  <message>Checking timeout</message>
  <nestedLevel>1</nestedLevel>
</record>
<record>
  <date>2019-05-09T07:49:29</date>
  <millis>1557359369018</millis>
  <sequence>94</sequence>
  <level>INFO</level>
  <class>com.kms.katalon.core.logging.KeywordLogger</class>
  <method>logMessage</method>
  <thread>1</thread>
  <message>Finding web element with id: &amp;apos;Object Repository/ADMIN/Admin Onboarding Page/Admin Onboarding CustomAcc/Button_Sign_Up&amp;apos; located by &amp;apos;By.xpath: //*[@id = &amp;apos;account-submit&amp;apos;]&amp;apos; in &amp;apos;30&amp;apos; second(s)</message>
  <nestedLevel>1</nestedLevel>
</record>
<record>
  <date>2019-05-09T07:49:29</date>
  <millis>1557359369287</millis>
  <sequence>95</sequence>
  <level>INFO</level>
  <class>com.kms.katalon.core.logging.KeywordLogger</class>
  <method>logMessage</method>
  <thread>1</thread>
  <message>Found 1 web elements with id: &amp;apos;Object Repository/ADMIN/Admin Onboarding Page/Admin Onboarding CustomAcc/Button_Sign_Up&amp;apos; located by &amp;apos;By.xpath: //*[@id = &amp;apos;account-submit&amp;apos;]&amp;apos; in &amp;apos;30&amp;apos; second(s)</message>
  <nestedLevel>1</nestedLevel>
</record>
<record>
  <date>2019-05-09T07:49:29</date>
  <millis>1557359369288</millis>
  <sequence>96</sequence>
  <level>INFO</level>
  <class>com.kms.katalon.core.logging.KeywordLogger</class>
  <method>logMessage</method>
  <thread>1</thread>
  <message>Clicking on object: &amp;apos;Object Repository/ADMIN/Admin Onboarding Page/Admin Onboarding CustomAcc/Button_Sign_Up&amp;apos;</message>
  <nestedLevel>1</nestedLevel>
</record>
