<?xml version="1.0" encoding="UTF-8" standalone="no"?>
<!DOCTYPE log SYSTEM "logger.dtd">
<log>
<record>
  <date>2020-03-20T13:14:47</date>
  <millis>1584681287878</millis>
  <sequence>0</sequence>
  <level>START</level>
  <class>com.kms.katalon.core.logging.XmlKeywordLogger</class>
  <method>startSuite</method>
  <thread>1</thread>
  <message>Start Test Suite : Test Suites/Admin/Language/Edit Text/Bespoke/Common Words/Common Words</message>
  <nestedLevel>0</nestedLevel>
  <property name="name">Common Words</property>
  <property name="description"></property>
  <property name="id">Test Suites/Admin/Language/Edit Text/Bespoke/Common Words/Common Words</property>
</record>
<record>
  <date>2020-03-20T13:14:47</date>
  <millis>1584681287900</millis>
  <sequence>1</sequence>
  <level>RUN_DATA</level>
  <class>com.kms.katalon.core.logging.XmlKeywordLogger</class>
  <method>logMessage</method>
  <thread>1</thread>
  <message>hostName = ARCADIER03 - 192.168.254.105</message>
  <nestedLevel>0</nestedLevel>
  <property name="hostName">ARCADIER03 - 192.168.254.105</property>
</record>
<record>
  <date>2020-03-20T13:14:47</date>
  <millis>1584681287902</millis>
  <sequence>2</sequence>
  <level>RUN_DATA</level>
  <class>com.kms.katalon.core.logging.XmlKeywordLogger</class>
  <method>logMessage</method>
  <thread>1</thread>
  <message>os = Windows 7 64bit</message>
  <nestedLevel>0</nestedLevel>
  <property name="os">Windows 7 64bit</property>
</record>
<record>
  <date>2020-03-20T13:14:47</date>
  <millis>1584681287903</millis>
  <sequence>3</sequence>
  <level>RUN_DATA</level>
  <class>com.kms.katalon.core.logging.XmlKeywordLogger</class>
  <method>logMessage</method>
  <thread>1</thread>
  <message>hostAddress = 192.168.254.105</message>
  <nestedLevel>0</nestedLevel>
  <property name="hostAddress">192.168.254.105</property>
</record>
<record>
  <date>2020-03-20T13:14:47</date>
  <millis>1584681287904</millis>
  <sequence>4</sequence>
  <level>RUN_DATA</level>
  <class>com.kms.katalon.core.logging.XmlKeywordLogger</class>
  <method>logMessage</method>
  <thread>1</thread>
  <message>katalonVersion = 7.2.6.1</message>
  <nestedLevel>0</nestedLevel>
  <property name="katalonVersion">7.2.6.1</property>
</record>
<record>
  <date>2020-03-20T13:14:48</date>
  <millis>1584681288205</millis>
  <sequence>5</sequence>
  <level>START</level>
  <class>com.kms.katalon.core.logging.XmlKeywordLogger</class>
  <method>startTest</method>
  <thread>1</thread>
  <message>Start Test Case : Test Cases/ADMIN/Language/Edit Text/Bespoke/Common Words/Common Words Navigation</message>
  <nestedLevel>1</nestedLevel>
  <property name="name">Test Cases/ADMIN/Language/Edit Text/Bespoke/Common Words/Common Words Navigation</property>
  <property name="description"></property>
  <property name="id">Test Cases/ADMIN/Language/Edit Text/Bespoke/Common Words/Common Words Navigation</property>
  <property name="source">C:\\Katalon\\Arctick\\Test Cases\\ADMIN\\Language\\Edit Text\\Bespoke\\Common Words\\Common Words Navigation.tc</property>
  <property name="tag"></property>
  <property name="isOptional">false</property>
</record>
<record>
  <date>2020-03-20T13:14:48</date>
  <millis>1584681288733</millis>
  <sequence>7</sequence>
  <level>START</level>
  <class>com.kms.katalon.core.logging.XmlKeywordLogger</class>
  <method>startKeyword</method>
  <thread>1</thread>
  <message>Start action : waitForElementVisible(findTestObject(\&amp;quot;ADMIN/Language/sidemenu_Language\&amp;quot;), 0)</message>
  <nestedLevel>1</nestedLevel>
  <property name="startLine">18</property>
  <property name="stepIndex">1</property>
</record>
<record>
  <date>2020-03-20T13:14:49</date>
  <millis>1584681289565</millis>
  <sequence>11</sequence>
  <level>WARNING</level>
  <class>com.kms.katalon.core.logging.XmlKeywordLogger</class>
  <method>logMessage</method>
  <thread>1</thread>
  <message>Timeout &amp;apos;0&amp;apos; is invalid. Using default page load timeout: &amp;apos;30&amp;apos;</message>
  <nestedLevel>1</nestedLevel>
</record>
<record>
  <date>2020-03-20T13:14:50</date>
  <millis>1584681290715</millis>
  <sequence>14</sequence>
  <level>RUN_DATA</level>
  <class>com.kms.katalon.core.logging.XmlKeywordLogger</class>
  <method>logMessage</method>
  <thread>1</thread>
  <message>sessionId = 8f60cb98c5fe61fbeae5020b924eb1be</message>
  <nestedLevel>1</nestedLevel>
  <property name="sessionId">8f60cb98c5fe61fbeae5020b924eb1be</property>
</record>
<record>
  <date>2020-03-20T13:14:50</date>
  <millis>1584681290734</millis>
  <sequence>15</sequence>
  <level>RUN_DATA</level>
  <class>com.kms.katalon.core.logging.XmlKeywordLogger</class>
  <method>logMessage</method>
  <thread>1</thread>
  <message>browser = Chrome 80.0.3987.149</message>
  <nestedLevel>1</nestedLevel>
  <property name="browser">Chrome 80.0.3987.149</property>
</record>
<record>
  <date>2020-03-20T13:14:50</date>
  <millis>1584681290735</millis>
  <sequence>16</sequence>
  <level>RUN_DATA</level>
  <class>com.kms.katalon.core.logging.XmlKeywordLogger</class>
  <method>logMessage</method>
  <thread>1</thread>
  <message>platform = Windows 7</message>
  <nestedLevel>1</nestedLevel>
  <property name="platform">Windows 7</property>
</record>
<record>
  <date>2020-03-20T13:14:50</date>
  <millis>1584681290736</millis>
  <sequence>17</sequence>
  <level>RUN_DATA</level>
  <class>com.kms.katalon.core.logging.XmlKeywordLogger</class>
  <method>logMessage</method>
  <thread>1</thread>
  <message>seleniumVersion = 3.141.59</message>
  <nestedLevel>1</nestedLevel>
  <property name="seleniumVersion">3.141.59</property>
</record>
<record>
  <date>2020-03-20T13:14:50</date>
  <millis>1584681290740</millis>
  <sequence>18</sequence>
  <level>RUN_DATA</level>
  <class>com.kms.katalon.core.logging.XmlKeywordLogger</class>
  <method>logMessage</method>
  <thread>1</thread>
  <message>proxyInformation = ProxyInformation{proxyOption=NO_PROXY, proxyServerType=HTTP, password=, proxyServerAddress=, proxyServerPort=0, executionList=}</message>
  <nestedLevel>1</nestedLevel>
  <property name="proxyInformation">ProxyInformation{proxyOption=NO_PROXY, proxyServerType=HTTP, password=, proxyServerAddress=, proxyServerPort=0, executionList=}</property>
</record>
<record>
  <date>2020-03-20T13:14:50</date>
  <millis>1584681290986</millis>
  <sequence>22</sequence>
  <level>PASSED</level>
  <class>com.kms.katalon.core.logging.XmlKeywordLogger</class>
  <method>logMessage</method>
  <thread>1</thread>
  <message>Object &amp;apos;Object Repository/ADMIN/Language/sidemenu_Language&amp;apos; is visible</message>
  <nestedLevel>1</nestedLevel>
</record>
<record>
  <date>2020-03-20T13:14:50</date>
  <millis>1584681290987</millis>
  <sequence>23</sequence>
  <level>END</level>
  <class>com.kms.katalon.core.logging.XmlKeywordLogger</class>
  <method>endKeyword</method>
  <thread>1</thread>
  <message>End action : waitForElementVisible(findTestObject(\&amp;quot;ADMIN/Language/sidemenu_Language\&amp;quot;), 0)</message>
  <nestedLevel>1</nestedLevel>
</record>
<record>
  <date>2020-03-20T13:14:50</date>
  <millis>1584681290993</millis>
  <sequence>24</sequence>
  <level>START</level>
  <class>com.kms.katalon.core.logging.XmlKeywordLogger</class>
  <method>startKeyword</method>
  <thread>1</thread>
  <message>Start action : click(findTestObject(\&amp;quot;ADMIN/Language/sidemenu_Language\&amp;quot;), CONTINUE_ON_FAILURE)</message>
  <nestedLevel>1</nestedLevel>
  <property name="startLine">20</property>
  <property name="stepIndex">2</property>
</record>
<record>
  <date>2020-03-20T13:14:51</date>
  <millis>1584681291160</millis>
  <sequence>33</sequence>
  <level>PASSED</level>
  <class>com.kms.katalon.core.logging.XmlKeywordLogger</class>
  <method>logMessage</method>
  <thread>1</thread>
  <message>Object: &amp;apos;Object Repository/ADMIN/Language/sidemenu_Language&amp;apos; is clicked on</message>
  <nestedLevel>1</nestedLevel>
</record>
<record>
  <date>2020-03-20T13:14:51</date>
  <millis>1584681291163</millis>
  <sequence>34</sequence>
  <level>END</level>
  <class>com.kms.katalon.core.logging.XmlKeywordLogger</class>
  <method>endKeyword</method>
  <thread>1</thread>
  <message>End action : click(findTestObject(\&amp;quot;ADMIN/Language/sidemenu_Language\&amp;quot;), CONTINUE_ON_FAILURE)</message>
  <nestedLevel>1</nestedLevel>
</record>
<record>
  <date>2020-03-20T13:14:51</date>
  <millis>1584681291163</millis>
  <sequence>35</sequence>
  <level>START</level>
  <class>com.kms.katalon.core.logging.XmlKeywordLogger</class>
  <method>startKeyword</method>
  <thread>1</thread>
  <message>Start action : waitForElementVisible(findTestObject(\&amp;quot;ADMIN/Language/sidemenu_Edit Text\&amp;quot;), 0)</message>
  <nestedLevel>1</nestedLevel>
  <property name="startLine">22</property>
  <property name="stepIndex">3</property>
</record>
<record>
  <date>2020-03-20T13:14:51</date>
  <millis>1584681291219</millis>
  <sequence>39</sequence>
  <level>WARNING</level>
  <class>com.kms.katalon.core.logging.XmlKeywordLogger</class>
  <method>logMessage</method>
  <thread>1</thread>
  <message>Timeout &amp;apos;0&amp;apos; is invalid. Using default page load timeout: &amp;apos;30&amp;apos;</message>
  <nestedLevel>1</nestedLevel>
</record>
<record>
  <date>2020-03-20T13:14:51</date>
  <millis>1584681291883</millis>
  <sequence>45</sequence>
  <level>PASSED</level>
  <class>com.kms.katalon.core.logging.XmlKeywordLogger</class>
  <method>logMessage</method>
  <thread>1</thread>
  <message>Object &amp;apos;Object Repository/ADMIN/Language/sidemenu_Edit Text&amp;apos; is visible</message>
  <nestedLevel>1</nestedLevel>
</record>
<record>
  <date>2020-03-20T13:14:51</date>
  <millis>1584681291884</millis>
  <sequence>46</sequence>
  <level>END</level>
  <class>com.kms.katalon.core.logging.XmlKeywordLogger</class>
  <method>endKeyword</method>
  <thread>1</thread>
  <message>End action : waitForElementVisible(findTestObject(\&amp;quot;ADMIN/Language/sidemenu_Edit Text\&amp;quot;), 0)</message>
  <nestedLevel>1</nestedLevel>
</record>
<record>
  <date>2020-03-20T13:14:51</date>
  <millis>1584681291885</millis>
  <sequence>47</sequence>
  <level>START</level>
  <class>com.kms.katalon.core.logging.XmlKeywordLogger</class>
  <method>startKeyword</method>
  <thread>1</thread>
  <message>Start action : click(findTestObject(\&amp;quot;ADMIN/Language/sidemenu_Edit Text\&amp;quot;), CONTINUE_ON_FAILURE)</message>
  <nestedLevel>1</nestedLevel>
  <property name="startLine">24</property>
  <property name="stepIndex">4</property>
</record>
<record>
  <date>2020-03-20T13:15:41</date>
  <millis>1584681341364</millis>
  <sequence>56</sequence>
  <level>PASSED</level>
  <class>com.kms.katalon.core.logging.XmlKeywordLogger</class>
  <method>logMessage</method>
  <thread>1</thread>
  <message>Object: &amp;apos;Object Repository/ADMIN/Language/sidemenu_Edit Text&amp;apos; is clicked on</message>
  <nestedLevel>1</nestedLevel>
</record>
<record>
  <date>2020-03-20T13:15:41</date>
  <millis>1584681341365</millis>
  <sequence>57</sequence>
  <level>END</level>
  <class>com.kms.katalon.core.logging.XmlKeywordLogger</class>
  <method>endKeyword</method>
  <thread>1</thread>
  <message>End action : click(findTestObject(\&amp;quot;ADMIN/Language/sidemenu_Edit Text\&amp;quot;), CONTINUE_ON_FAILURE)</message>
  <nestedLevel>1</nestedLevel>
</record>
<record>
  <date>2020-03-20T13:15:41</date>
  <millis>1584681341366</millis>
  <sequence>58</sequence>
  <level>START</level>
  <class>com.kms.katalon.core.logging.XmlKeywordLogger</class>
  <method>startKeyword</method>
  <thread>1</thread>
  <message>Start action : waitForElementVisible(findTestObject(\&amp;quot;ADMIN/Edit Text/Bespoke/Common Words/dd_icon\&amp;quot;), 0)</message>
  <nestedLevel>1</nestedLevel>
  <property name="startLine">26</property>
  <property name="stepIndex">5</property>
</record>
<record>
  <date>2020-03-20T13:15:41</date>
  <millis>1584681341506</millis>
  <sequence>62</sequence>
  <level>WARNING</level>
  <class>com.kms.katalon.core.logging.XmlKeywordLogger</class>
  <method>logMessage</method>
  <thread>1</thread>
  <message>Timeout &amp;apos;0&amp;apos; is invalid. Using default page load timeout: &amp;apos;30&amp;apos;</message>
  <nestedLevel>1</nestedLevel>
</record>
<record>
  <date>2020-03-20T13:15:41</date>
  <millis>1584681341967</millis>
  <sequence>68</sequence>
  <level>PASSED</level>
  <class>com.kms.katalon.core.logging.XmlKeywordLogger</class>
  <method>logMessage</method>
  <thread>1</thread>
  <message>Object &amp;apos;Object Repository/ADMIN/Edit Text/Bespoke/Common Words/dd_icon&amp;apos; is visible</message>
  <nestedLevel>1</nestedLevel>
</record>
<record>
  <date>2020-03-20T13:15:41</date>
  <millis>1584681341969</millis>
  <sequence>69</sequence>
  <level>END</level>
  <class>com.kms.katalon.core.logging.XmlKeywordLogger</class>
  <method>endKeyword</method>
  <thread>1</thread>
  <message>End action : waitForElementVisible(findTestObject(\&amp;quot;ADMIN/Edit Text/Bespoke/Common Words/dd_icon\&amp;quot;), 0)</message>
  <nestedLevel>1</nestedLevel>
</record>
<record>
  <date>2020-03-20T13:15:41</date>
  <millis>1584681341969</millis>
  <sequence>70</sequence>
  <level>START</level>
  <class>com.kms.katalon.core.logging.XmlKeywordLogger</class>
  <method>startKeyword</method>
  <thread>1</thread>
  <message>Start action : click(findTestObject(\&amp;quot;ADMIN/Edit Text/Bespoke/Common Words/dd_icon\&amp;quot;), CONTINUE_ON_FAILURE)</message>
  <nestedLevel>1</nestedLevel>
  <property name="startLine">28</property>
  <property name="stepIndex">6</property>
</record>
<record>
  <date>2020-03-20T13:15:42</date>
  <millis>1584681342112</millis>
  <sequence>79</sequence>
  <level>PASSED</level>
  <class>com.kms.katalon.core.logging.XmlKeywordLogger</class>
  <method>logMessage</method>
  <thread>1</thread>
  <message>Object: &amp;apos;Object Repository/ADMIN/Edit Text/Bespoke/Common Words/dd_icon&amp;apos; is clicked on</message>
  <nestedLevel>1</nestedLevel>
</record>
<record>
  <date>2020-03-20T13:15:42</date>
  <millis>1584681342112</millis>
  <sequence>80</sequence>
  <level>END</level>
  <class>com.kms.katalon.core.logging.XmlKeywordLogger</class>
  <method>endKeyword</method>
  <thread>1</thread>
  <message>End action : click(findTestObject(\&amp;quot;ADMIN/Edit Text/Bespoke/Common Words/dd_icon\&amp;quot;), CONTINUE_ON_FAILURE)</message>
  <nestedLevel>1</nestedLevel>
</record>
<record>
  <date>2020-03-20T13:15:42</date>
  <millis>1584681342113</millis>
  <sequence>81</sequence>
  <level>START</level>
  <class>com.kms.katalon.core.logging.XmlKeywordLogger</class>
  <method>startKeyword</method>
  <thread>1</thread>
  <message>Start action : waitForElementVisible(findTestObject(\&amp;quot;ADMIN/Edit Text/Bespoke/Common Words/textlink_common words\&amp;quot;), 0)</message>
  <nestedLevel>1</nestedLevel>
  <property name="startLine">30</property>
  <property name="stepIndex">7</property>
</record>
<record>
  <date>2020-03-20T13:15:42</date>
  <millis>1584681342160</millis>
  <sequence>85</sequence>
  <level>WARNING</level>
  <class>com.kms.katalon.core.logging.XmlKeywordLogger</class>
  <method>logMessage</method>
  <thread>1</thread>
  <message>Timeout &amp;apos;0&amp;apos; is invalid. Using default page load timeout: &amp;apos;30&amp;apos;</message>
  <nestedLevel>1</nestedLevel>
</record>
<record>
  <date>2020-03-20T13:15:42</date>
  <millis>1584681342729</millis>
  <sequence>91</sequence>
  <level>PASSED</level>
  <class>com.kms.katalon.core.logging.XmlKeywordLogger</class>
  <method>logMessage</method>
  <thread>1</thread>
  <message>Object &amp;apos;Object Repository/ADMIN/Edit Text/Bespoke/Common Words/textlink_common words&amp;apos; is visible</message>
  <nestedLevel>1</nestedLevel>
</record>
<record>
  <date>2020-03-20T13:15:42</date>
  <millis>1584681342729</millis>
  <sequence>92</sequence>
  <level>END</level>
  <class>com.kms.katalon.core.logging.XmlKeywordLogger</class>
  <method>endKeyword</method>
  <thread>1</thread>
  <message>End action : waitForElementVisible(findTestObject(\&amp;quot;ADMIN/Edit Text/Bespoke/Common Words/textlink_common words\&amp;quot;), 0)</message>
  <nestedLevel>1</nestedLevel>
</record>
<record>
  <date>2020-03-20T13:15:42</date>
  <millis>1584681342730</millis>
  <sequence>93</sequence>
  <level>START</level>
  <class>com.kms.katalon.core.logging.XmlKeywordLogger</class>
  <method>startKeyword</method>
  <thread>1</thread>
  <message>Start action : click(findTestObject(\&amp;quot;ADMIN/Edit Text/Bespoke/Common Words/textlink_common words\&amp;quot;), CONTINUE_ON_FAILURE)</message>
  <nestedLevel>1</nestedLevel>
  <property name="startLine">32</property>
  <property name="stepIndex">8</property>
</record>
<record>
  <date>2020-03-20T13:15:59</date>
  <millis>1584681359821</millis>
  <sequence>102</sequence>
  <level>PASSED</level>
  <class>com.kms.katalon.core.logging.XmlKeywordLogger</class>
  <method>logMessage</method>
  <thread>1</thread>
  <message>Object: &amp;apos;Object Repository/ADMIN/Edit Text/Bespoke/Common Words/textlink_common words&amp;apos; is clicked on</message>
  <nestedLevel>1</nestedLevel>
</record>
<record>
  <date>2020-03-20T13:15:59</date>
  <millis>1584681359821</millis>
  <sequence>103</sequence>
  <level>END</level>
  <class>com.kms.katalon.core.logging.XmlKeywordLogger</class>
  <method>endKeyword</method>
  <thread>1</thread>
  <message>End action : click(findTestObject(\&amp;quot;ADMIN/Edit Text/Bespoke/Common Words/textlink_common words\&amp;quot;), CONTINUE_ON_FAILURE)</message>
  <nestedLevel>1</nestedLevel>
</record>
<record>
  <date>2020-03-20T13:15:59</date>
  <millis>1584681359822</millis>
  <sequence>104</sequence>
  <level>START</level>
  <class>com.kms.katalon.core.logging.XmlKeywordLogger</class>
  <method>startKeyword</method>
  <thread>1</thread>
  <message>Start action : waitForElementVisible(findTestObject(\&amp;quot;ADMIN/Edit Text/Bespoke/Buyer Navigation/dd_language\&amp;quot;), 0)</message>
  <nestedLevel>1</nestedLevel>
  <property name="startLine">34</property>
  <property name="stepIndex">9</property>
</record>
<record>
  <date>2020-03-20T13:15:59</date>
  <millis>1584681359873</millis>
  <sequence>108</sequence>
  <level>WARNING</level>
  <class>com.kms.katalon.core.logging.XmlKeywordLogger</class>
  <method>logMessage</method>
  <thread>1</thread>
  <message>Timeout &amp;apos;0&amp;apos; is invalid. Using default page load timeout: &amp;apos;30&amp;apos;</message>
  <nestedLevel>1</nestedLevel>
</record>
<record>
  <date>2020-03-20T13:16:00</date>
  <millis>1584681360179</millis>
  <sequence>114</sequence>
  <level>PASSED</level>
  <class>com.kms.katalon.core.logging.XmlKeywordLogger</class>
  <method>logMessage</method>
  <thread>1</thread>
  <message>Object &amp;apos;Object Repository/ADMIN/Edit Text/Bespoke/Buyer Navigation/dd_language&amp;apos; is visible</message>
  <nestedLevel>1</nestedLevel>
</record>
<record>
  <date>2020-03-20T13:16:00</date>
  <millis>1584681360179</millis>
  <sequence>115</sequence>
  <level>END</level>
  <class>com.kms.katalon.core.logging.XmlKeywordLogger</class>
  <method>endKeyword</method>
  <thread>1</thread>
  <message>End action : waitForElementVisible(findTestObject(\&amp;quot;ADMIN/Edit Text/Bespoke/Buyer Navigation/dd_language\&amp;quot;), 0)</message>
  <nestedLevel>1</nestedLevel>
</record>
<record>
  <date>2020-03-20T13:16:00</date>
  <millis>1584681360179</millis>
  <sequence>116</sequence>
  <level>PASSED</level>
  <class>com.kms.katalon.core.logging.XmlKeywordLogger</class>
  <method>logMessage</method>
  <thread>1</thread>
  <message>Test Cases/ADMIN/Language/Edit Text/Bespoke/Common Words/Common Words Navigation</message>
  <nestedLevel>1</nestedLevel>
</record>
<record>
  <date>2020-03-20T13:16:00</date>
  <millis>1584681360180</millis>
  <sequence>117</sequence>
  <level>END</level>
  <class>com.kms.katalon.core.logging.XmlKeywordLogger</class>
  <method>endTest</method>
  <thread>1</thread>
  <message>End Test Case : Test Cases/ADMIN/Language/Edit Text/Bespoke/Common Words/Common Words Navigation</message>
  <nestedLevel>0</nestedLevel>
</record>
<record>
  <date>2020-03-20T13:16:00</date>
  <millis>1584681360228</millis>
  <sequence>118</sequence>
  <level>START</level>
  <class>com.kms.katalon.core.logging.XmlKeywordLogger</class>
  <method>startTest</method>
  <thread>1</thread>
  <message>Start Test Case : Test Cases/ADMIN/Language/Edit Text/Bespoke/Common Words/Common Words</message>
  <nestedLevel>1</nestedLevel>
  <property name="name">Test Cases/ADMIN/Language/Edit Text/Bespoke/Common Words/Common Words</property>
  <property name="description"></property>
  <property name="id">Test Cases/ADMIN/Language/Edit Text/Bespoke/Common Words/Common Words</property>
  <property name="source">C:\\Katalon\\Arctick\\Test Cases\\ADMIN\\Language\\Edit Text\\Bespoke\\Common Words\\Common Words.tc</property>
  <property name="tag"></property>
  <property name="isOptional">false</property>
</record>
<record>
  <date>2020-03-20T13:16:00</date>
  <millis>1584681360243</millis>
  <sequence>120</sequence>
  <level>INFO</level>
  <class>com.kms.katalon.core.logging.XmlKeywordLogger</class>
  <method>logMessage</method>
  <thread>1</thread>
  <message>varLanguage = French</message>
  <nestedLevel>1</nestedLevel>
</record>
<record>
  <date>2020-03-20T13:16:00</date>
  <millis>1584681360456</millis>
  <sequence>121</sequence>
  <level>START</level>
  <class>com.kms.katalon.core.logging.XmlKeywordLogger</class>
  <method>startKeyword</method>
  <thread>1</thread>
  <message>Start action : waitForElementVisible(findTestObject(\&amp;quot;ADMIN/Edit Text/Bespoke/Buyer Navigation/dd_language\&amp;quot;), 0)</message>
  <nestedLevel>1</nestedLevel>
  <property name="startLine">18</property>
  <property name="stepIndex">1</property>
</record>
<record>
  <date>2020-03-20T13:16:00</date>
  <millis>1584681360517</millis>
  <sequence>125</sequence>
  <level>WARNING</level>
  <class>com.kms.katalon.core.logging.XmlKeywordLogger</class>
  <method>logMessage</method>
  <thread>1</thread>
  <message>Timeout &amp;apos;0&amp;apos; is invalid. Using default page load timeout: &amp;apos;30&amp;apos;</message>
  <nestedLevel>1</nestedLevel>
</record>
<record>
  <date>2020-03-20T13:16:00</date>
  <millis>1584681360564</millis>
  <sequence>131</sequence>
  <level>PASSED</level>
  <class>com.kms.katalon.core.logging.XmlKeywordLogger</class>
  <method>logMessage</method>
  <thread>1</thread>
  <message>Object &amp;apos;Object Repository/ADMIN/Edit Text/Bespoke/Buyer Navigation/dd_language&amp;apos; is visible</message>
  <nestedLevel>1</nestedLevel>
</record>
<record>
  <date>2020-03-20T13:16:00</date>
  <millis>1584681360564</millis>
  <sequence>132</sequence>
  <level>END</level>
  <class>com.kms.katalon.core.logging.XmlKeywordLogger</class>
  <method>endKeyword</method>
  <thread>1</thread>
  <message>End action : waitForElementVisible(findTestObject(\&amp;quot;ADMIN/Edit Text/Bespoke/Buyer Navigation/dd_language\&amp;quot;), 0)</message>
  <nestedLevel>1</nestedLevel>
</record>
<record>
  <date>2020-03-20T13:16:00</date>
  <millis>1584681360565</millis>
  <sequence>133</sequence>
  <level>START</level>
  <class>com.kms.katalon.core.logging.XmlKeywordLogger</class>
  <method>startKeyword</method>
  <thread>1</thread>
  <message>Start action : selectOptionByLabel(findTestObject(\&amp;quot;ADMIN/Edit Text/Bespoke/Buyer Navigation/dd_language\&amp;quot;), varLanguage, false)</message>
  <nestedLevel>1</nestedLevel>
  <property name="startLine">20</property>
  <property name="stepIndex">2</property>
</record>
<record>
  <date>2020-03-20T13:16:01</date>
  <millis>1584681361495</millis>
  <sequence>144</sequence>
  <level>PASSED</level>
  <class>com.kms.katalon.core.logging.XmlKeywordLogger</class>
  <method>logMessage</method>
  <thread>1</thread>
  <message>All options with label &amp;apos;French&amp;apos; are selected in object &amp;apos;Object Repository/ADMIN/Edit Text/Bespoke/Buyer Navigation/dd_language&amp;apos; </message>
  <nestedLevel>1</nestedLevel>
</record>
<record>
  <date>2020-03-20T13:16:01</date>
  <millis>1584681361499</millis>
  <sequence>145</sequence>
  <level>END</level>
  <class>com.kms.katalon.core.logging.XmlKeywordLogger</class>
  <method>endKeyword</method>
  <thread>1</thread>
  <message>End action : selectOptionByLabel(findTestObject(\&amp;quot;ADMIN/Edit Text/Bespoke/Buyer Navigation/dd_language\&amp;quot;), varLanguage, false)</message>
  <nestedLevel>1</nestedLevel>
</record>
<record>
  <date>2020-03-20T13:16:01</date>
  <millis>1584681361500</millis>
  <sequence>146</sequence>
  <level>START</level>
  <class>com.kms.katalon.core.logging.XmlKeywordLogger</class>
  <method>startKeyword</method>
  <thread>1</thread>
  <message>Start action : sendKeys(findTestObject(\&amp;quot;ADMIN/Edit Text/Bespoke/Common Words/input_Cash on delivery_cash-delivery\&amp;quot;), \&amp;quot;*\&amp;quot;)</message>
  <nestedLevel>1</nestedLevel>
  <property name="startLine">22</property>
  <property name="stepIndex">3</property>
</record>
<record>
  <date>2020-03-20T13:16:02</date>
  <millis>1584681362000</millis>
  <sequence>154</sequence>
  <level>PASSED</level>
  <class>com.kms.katalon.core.logging.XmlKeywordLogger</class>
  <method>logMessage</method>
  <thread>1</thread>
  <message>Keys &amp;apos;*&amp;apos; sent to object: &amp;apos;Object Repository/ADMIN/Edit Text/Bespoke/Common Words/input_Cash on delivery_cash-delivery&amp;apos;</message>
  <nestedLevel>1</nestedLevel>
</record>
<record>
  <date>2020-03-20T13:16:02</date>
  <millis>1584681362002</millis>
  <sequence>155</sequence>
  <level>END</level>
  <class>com.kms.katalon.core.logging.XmlKeywordLogger</class>
  <method>endKeyword</method>
  <thread>1</thread>
  <message>End action : sendKeys(findTestObject(\&amp;quot;ADMIN/Edit Text/Bespoke/Common Words/input_Cash on delivery_cash-delivery\&amp;quot;), \&amp;quot;*\&amp;quot;)</message>
  <nestedLevel>1</nestedLevel>
</record>
<record>
  <date>2020-03-20T13:16:02</date>
  <millis>1584681362002</millis>
  <sequence>156</sequence>
  <level>START</level>
  <class>com.kms.katalon.core.logging.XmlKeywordLogger</class>
  <method>startKeyword</method>
  <thread>1</thread>
  <message>Start action : sendKeys(findTestObject(\&amp;quot;ADMIN/Edit Text/Bespoke/Common Words/input_Paid_paidcod\&amp;quot;), \&amp;quot;*\&amp;quot;)</message>
  <nestedLevel>1</nestedLevel>
  <property name="startLine">24</property>
  <property name="stepIndex">4</property>
</record>
<record>
  <date>2020-03-20T13:16:02</date>
  <millis>1584681362189</millis>
  <sequence>164</sequence>
  <level>PASSED</level>
  <class>com.kms.katalon.core.logging.XmlKeywordLogger</class>
  <method>logMessage</method>
  <thread>1</thread>
  <message>Keys &amp;apos;*&amp;apos; sent to object: &amp;apos;Object Repository/ADMIN/Edit Text/Bespoke/Common Words/input_Paid_paidcod&amp;apos;</message>
  <nestedLevel>1</nestedLevel>
</record>
<record>
  <date>2020-03-20T13:16:02</date>
  <millis>1584681362190</millis>
  <sequence>165</sequence>
  <level>END</level>
  <class>com.kms.katalon.core.logging.XmlKeywordLogger</class>
  <method>endKeyword</method>
  <thread>1</thread>
  <message>End action : sendKeys(findTestObject(\&amp;quot;ADMIN/Edit Text/Bespoke/Common Words/input_Paid_paidcod\&amp;quot;), \&amp;quot;*\&amp;quot;)</message>
  <nestedLevel>1</nestedLevel>
</record>
<record>
  <date>2020-03-20T13:16:02</date>
  <millis>1584681362190</millis>
  <sequence>166</sequence>
  <level>START</level>
  <class>com.kms.katalon.core.logging.XmlKeywordLogger</class>
  <method>startKeyword</method>
  <thread>1</thread>
  <message>Start action : sendKeys(findTestObject(\&amp;quot;ADMIN/Edit Text/Bespoke/Common Words/input_To be collected_to_be_collected\&amp;quot;), \&amp;quot;*\&amp;quot;)</message>
  <nestedLevel>1</nestedLevel>
  <property name="startLine">26</property>
  <property name="stepIndex">5</property>
</record>
<record>
  <date>2020-03-20T13:16:02</date>
  <millis>1584681362292</millis>
  <sequence>174</sequence>
  <level>PASSED</level>
  <class>com.kms.katalon.core.logging.XmlKeywordLogger</class>
  <method>logMessage</method>
  <thread>1</thread>
  <message>Keys &amp;apos;*&amp;apos; sent to object: &amp;apos;Object Repository/ADMIN/Edit Text/Bespoke/Common Words/input_To be collected_to_be_collected&amp;apos;</message>
  <nestedLevel>1</nestedLevel>
</record>
<record>
  <date>2020-03-20T13:16:02</date>
  <millis>1584681362292</millis>
  <sequence>175</sequence>
  <level>END</level>
  <class>com.kms.katalon.core.logging.XmlKeywordLogger</class>
  <method>endKeyword</method>
  <thread>1</thread>
  <message>End action : sendKeys(findTestObject(\&amp;quot;ADMIN/Edit Text/Bespoke/Common Words/input_To be collected_to_be_collected\&amp;quot;), \&amp;quot;*\&amp;quot;)</message>
  <nestedLevel>1</nestedLevel>
</record>
<record>
  <date>2020-03-20T13:16:02</date>
  <millis>1584681362293</millis>
  <sequence>176</sequence>
  <level>START</level>
  <class>com.kms.katalon.core.logging.XmlKeywordLogger</class>
  <method>startKeyword</method>
  <thread>1</thread>
  <message>Start action : sendKeys(findTestObject(\&amp;quot;ADMIN/Edit Text/Bespoke/Common Words/input_Delivery_delivery\&amp;quot;), \&amp;quot;*\&amp;quot;)</message>
  <nestedLevel>1</nestedLevel>
  <property name="startLine">28</property>
  <property name="stepIndex">6</property>
</record>
<record>
  <date>2020-03-20T13:16:02</date>
  <millis>1584681362847</millis>
  <sequence>184</sequence>
  <level>PASSED</level>
  <class>com.kms.katalon.core.logging.XmlKeywordLogger</class>
  <method>logMessage</method>
  <thread>1</thread>
  <message>Keys &amp;apos;*&amp;apos; sent to object: &amp;apos;Object Repository/ADMIN/Edit Text/Bespoke/Common Words/input_Delivery_delivery&amp;apos;</message>
  <nestedLevel>1</nestedLevel>
</record>
<record>
  <date>2020-03-20T13:16:02</date>
  <millis>1584681362848</millis>
  <sequence>185</sequence>
  <level>END</level>
  <class>com.kms.katalon.core.logging.XmlKeywordLogger</class>
  <method>endKeyword</method>
  <thread>1</thread>
  <message>End action : sendKeys(findTestObject(\&amp;quot;ADMIN/Edit Text/Bespoke/Common Words/input_Delivery_delivery\&amp;quot;), \&amp;quot;*\&amp;quot;)</message>
  <nestedLevel>1</nestedLevel>
</record>
<record>
  <date>2020-03-20T13:16:02</date>
  <millis>1584681362848</millis>
  <sequence>186</sequence>
  <level>START</level>
  <class>com.kms.katalon.core.logging.XmlKeywordLogger</class>
  <method>startKeyword</method>
  <thread>1</thread>
  <message>Start action : sendKeys(findTestObject(\&amp;quot;ADMIN/Edit Text/Bespoke/Common Words/input_Pick up_pickup\&amp;quot;), \&amp;quot;*\&amp;quot;)</message>
  <nestedLevel>1</nestedLevel>
  <property name="startLine">30</property>
  <property name="stepIndex">7</property>
</record>
<record>
  <date>2020-03-20T13:16:02</date>
  <millis>1584681362951</millis>
  <sequence>194</sequence>
  <level>PASSED</level>
  <class>com.kms.katalon.core.logging.XmlKeywordLogger</class>
  <method>logMessage</method>
  <thread>1</thread>
  <message>Keys &amp;apos;*&amp;apos; sent to object: &amp;apos;Object Repository/ADMIN/Edit Text/Bespoke/Common Words/input_Pick up_pickup&amp;apos;</message>
  <nestedLevel>1</nestedLevel>
</record>
<record>
  <date>2020-03-20T13:16:02</date>
  <millis>1584681362952</millis>
  <sequence>195</sequence>
  <level>END</level>
  <class>com.kms.katalon.core.logging.XmlKeywordLogger</class>
  <method>endKeyword</method>
  <thread>1</thread>
  <message>End action : sendKeys(findTestObject(\&amp;quot;ADMIN/Edit Text/Bespoke/Common Words/input_Pick up_pickup\&amp;quot;), \&amp;quot;*\&amp;quot;)</message>
  <nestedLevel>1</nestedLevel>
</record>
<record>
  <date>2020-03-20T13:16:02</date>
  <millis>1584681362952</millis>
  <sequence>196</sequence>
  <level>START</level>
  <class>com.kms.katalon.core.logging.XmlKeywordLogger</class>
  <method>startKeyword</method>
  <thread>1</thread>
  <message>Start action : sendKeys(findTestObject(\&amp;quot;ADMIN/Edit Text/Bespoke/Common Words/input_SKU_sku\&amp;quot;), \&amp;quot;*\&amp;quot;)</message>
  <nestedLevel>1</nestedLevel>
  <property name="startLine">32</property>
  <property name="stepIndex">8</property>
</record>
<record>
  <date>2020-03-20T13:16:03</date>
  <millis>1584681363064</millis>
  <sequence>204</sequence>
  <level>PASSED</level>
  <class>com.kms.katalon.core.logging.XmlKeywordLogger</class>
  <method>logMessage</method>
  <thread>1</thread>
  <message>Keys &amp;apos;*&amp;apos; sent to object: &amp;apos;Object Repository/ADMIN/Edit Text/Bespoke/Common Words/input_SKU_sku&amp;apos;</message>
  <nestedLevel>1</nestedLevel>
</record>
<record>
  <date>2020-03-20T13:16:03</date>
  <millis>1584681363065</millis>
  <sequence>205</sequence>
  <level>END</level>
  <class>com.kms.katalon.core.logging.XmlKeywordLogger</class>
  <method>endKeyword</method>
  <thread>1</thread>
  <message>End action : sendKeys(findTestObject(\&amp;quot;ADMIN/Edit Text/Bespoke/Common Words/input_SKU_sku\&amp;quot;), \&amp;quot;*\&amp;quot;)</message>
  <nestedLevel>1</nestedLevel>
</record>
<record>
  <date>2020-03-20T13:16:03</date>
  <millis>1584681363065</millis>
  <sequence>206</sequence>
  <level>START</level>
  <class>com.kms.katalon.core.logging.XmlKeywordLogger</class>
  <method>startKeyword</method>
  <thread>1</thread>
  <message>Start action : sendKeys(findTestObject(\&amp;quot;ADMIN/Edit Text/Bespoke/Common Words/input_Save_sku\&amp;quot;), \&amp;quot;*\&amp;quot;)</message>
  <nestedLevel>1</nestedLevel>
  <property name="startLine">34</property>
  <property name="stepIndex">9</property>
</record>
<record>
  <date>2020-03-20T13:16:03</date>
  <millis>1584681363200</millis>
  <sequence>214</sequence>
  <level>PASSED</level>
  <class>com.kms.katalon.core.logging.XmlKeywordLogger</class>
  <method>logMessage</method>
  <thread>1</thread>
  <message>Keys &amp;apos;*&amp;apos; sent to object: &amp;apos;Object Repository/ADMIN/Edit Text/Bespoke/Common Words/input_Save_sku&amp;apos;</message>
  <nestedLevel>1</nestedLevel>
</record>
<record>
  <date>2020-03-20T13:16:03</date>
  <millis>1584681363200</millis>
  <sequence>215</sequence>
  <level>END</level>
  <class>com.kms.katalon.core.logging.XmlKeywordLogger</class>
  <method>endKeyword</method>
  <thread>1</thread>
  <message>End action : sendKeys(findTestObject(\&amp;quot;ADMIN/Edit Text/Bespoke/Common Words/input_Save_sku\&amp;quot;), \&amp;quot;*\&amp;quot;)</message>
  <nestedLevel>1</nestedLevel>
</record>
<record>
  <date>2020-03-20T13:16:03</date>
  <millis>1584681363201</millis>
  <sequence>216</sequence>
  <level>START</level>
  <class>com.kms.katalon.core.logging.XmlKeywordLogger</class>
  <method>startKeyword</method>
  <thread>1</thread>
  <message>Start action : sendKeys(findTestObject(\&amp;quot;ADMIN/Edit Text/Bespoke/Common Words/input_Drop your image here or click to add one_sku\&amp;quot;), \&amp;quot;*\&amp;quot;)</message>
  <nestedLevel>1</nestedLevel>
  <property name="startLine">36</property>
  <property name="stepIndex">10</property>
</record>
<record>
  <date>2020-03-20T13:16:03</date>
  <millis>1584681363317</millis>
  <sequence>224</sequence>
  <level>PASSED</level>
  <class>com.kms.katalon.core.logging.XmlKeywordLogger</class>
  <method>logMessage</method>
  <thread>1</thread>
  <message>Keys &amp;apos;*&amp;apos; sent to object: &amp;apos;Object Repository/ADMIN/Edit Text/Bespoke/Common Words/input_Drop your image here or click to add one_sku&amp;apos;</message>
  <nestedLevel>1</nestedLevel>
</record>
<record>
  <date>2020-03-20T13:16:03</date>
  <millis>1584681363317</millis>
  <sequence>225</sequence>
  <level>END</level>
  <class>com.kms.katalon.core.logging.XmlKeywordLogger</class>
  <method>endKeyword</method>
  <thread>1</thread>
  <message>End action : sendKeys(findTestObject(\&amp;quot;ADMIN/Edit Text/Bespoke/Common Words/input_Drop your image here or click to add one_sku\&amp;quot;), \&amp;quot;*\&amp;quot;)</message>
  <nestedLevel>1</nestedLevel>
</record>
<record>
  <date>2020-03-20T13:16:03</date>
  <millis>1584681363318</millis>
  <sequence>226</sequence>
  <level>START</level>
  <class>com.kms.katalon.core.logging.XmlKeywordLogger</class>
  <method>startKeyword</method>
  <thread>1</thread>
  <message>Start action : sendKeys(findTestObject(\&amp;quot;ADMIN/Edit Text/Bespoke/Common Words/input_Search_search\&amp;quot;), \&amp;quot;*\&amp;quot;)</message>
  <nestedLevel>1</nestedLevel>
  <property name="startLine">39</property>
  <property name="stepIndex">11</property>
</record>
<record>
  <date>2020-03-20T13:16:03</date>
  <millis>1584681363445</millis>
  <sequence>234</sequence>
  <level>PASSED</level>
  <class>com.kms.katalon.core.logging.XmlKeywordLogger</class>
  <method>logMessage</method>
  <thread>1</thread>
  <message>Keys &amp;apos;*&amp;apos; sent to object: &amp;apos;Object Repository/ADMIN/Edit Text/Bespoke/Common Words/input_Search_search&amp;apos;</message>
  <nestedLevel>1</nestedLevel>
</record>
<record>
  <date>2020-03-20T13:16:03</date>
  <millis>1584681363446</millis>
  <sequence>235</sequence>
  <level>END</level>
  <class>com.kms.katalon.core.logging.XmlKeywordLogger</class>
  <method>endKeyword</method>
  <thread>1</thread>
  <message>End action : sendKeys(findTestObject(\&amp;quot;ADMIN/Edit Text/Bespoke/Common Words/input_Search_search\&amp;quot;), \&amp;quot;*\&amp;quot;)</message>
  <nestedLevel>1</nestedLevel>
</record>
<record>
  <date>2020-03-20T13:16:03</date>
  <millis>1584681363446</millis>
  <sequence>236</sequence>
  <level>START</level>
  <class>com.kms.katalon.core.logging.XmlKeywordLogger</class>
  <method>startKeyword</method>
  <thread>1</thread>
  <message>Start action : sendKeys(findTestObject(\&amp;quot;ADMIN/Edit Text/Bespoke/Common Words/input_Acknowledged_Acknowledged\&amp;quot;), \&amp;quot;*\&amp;quot;)</message>
  <nestedLevel>1</nestedLevel>
  <property name="startLine">41</property>
  <property name="stepIndex">12</property>
</record>
<record>
  <date>2020-03-20T13:16:03</date>
  <millis>1584681363599</millis>
  <sequence>244</sequence>
  <level>PASSED</level>
  <class>com.kms.katalon.core.logging.XmlKeywordLogger</class>
  <method>logMessage</method>
  <thread>1</thread>
  <message>Keys &amp;apos;*&amp;apos; sent to object: &amp;apos;Object Repository/ADMIN/Edit Text/Bespoke/Common Words/input_Acknowledged_Acknowledged&amp;apos;</message>
  <nestedLevel>1</nestedLevel>
</record>
<record>
  <date>2020-03-20T13:16:03</date>
  <millis>1584681363601</millis>
  <sequence>245</sequence>
  <level>END</level>
  <class>com.kms.katalon.core.logging.XmlKeywordLogger</class>
  <method>endKeyword</method>
  <thread>1</thread>
  <message>End action : sendKeys(findTestObject(\&amp;quot;ADMIN/Edit Text/Bespoke/Common Words/input_Acknowledged_Acknowledged\&amp;quot;), \&amp;quot;*\&amp;quot;)</message>
  <nestedLevel>1</nestedLevel>
</record>
<record>
  <date>2020-03-20T13:16:03</date>
  <millis>1584681363601</millis>
  <sequence>246</sequence>
  <level>START</level>
  <class>com.kms.katalon.core.logging.XmlKeywordLogger</class>
  <method>startKeyword</method>
  <thread>1</thread>
  <message>Start action : sendKeys(findTestObject(\&amp;quot;ADMIN/Edit Text/Bespoke/Common Words/input_Processing_Processing\&amp;quot;), \&amp;quot;*\&amp;quot;)</message>
  <nestedLevel>1</nestedLevel>
  <property name="startLine">43</property>
  <property name="stepIndex">13</property>
</record>
<record>
  <date>2020-03-20T13:16:03</date>
  <millis>1584681363733</millis>
  <sequence>254</sequence>
  <level>PASSED</level>
  <class>com.kms.katalon.core.logging.XmlKeywordLogger</class>
  <method>logMessage</method>
  <thread>1</thread>
  <message>Keys &amp;apos;*&amp;apos; sent to object: &amp;apos;Object Repository/ADMIN/Edit Text/Bespoke/Common Words/input_Processing_Processing&amp;apos;</message>
  <nestedLevel>1</nestedLevel>
</record>
<record>
  <date>2020-03-20T13:16:03</date>
  <millis>1584681363734</millis>
  <sequence>255</sequence>
  <level>END</level>
  <class>com.kms.katalon.core.logging.XmlKeywordLogger</class>
  <method>endKeyword</method>
  <thread>1</thread>
  <message>End action : sendKeys(findTestObject(\&amp;quot;ADMIN/Edit Text/Bespoke/Common Words/input_Processing_Processing\&amp;quot;), \&amp;quot;*\&amp;quot;)</message>
  <nestedLevel>1</nestedLevel>
</record>
<record>
  <date>2020-03-20T13:16:03</date>
  <millis>1584681363734</millis>
  <sequence>256</sequence>
  <level>START</level>
  <class>com.kms.katalon.core.logging.XmlKeywordLogger</class>
  <method>startKeyword</method>
  <thread>1</thread>
  <message>Start action : sendKeys(findTestObject(\&amp;quot;ADMIN/Edit Text/Bespoke/Common Words/input_Pending_Pending\&amp;quot;), \&amp;quot;*\&amp;quot;)</message>
  <nestedLevel>1</nestedLevel>
  <property name="startLine">45</property>
  <property name="stepIndex">14</property>
</record>
<record>
  <date>2020-03-20T13:16:03</date>
  <millis>1584681363830</millis>
  <sequence>264</sequence>
  <level>PASSED</level>
  <class>com.kms.katalon.core.logging.XmlKeywordLogger</class>
  <method>logMessage</method>
  <thread>1</thread>
  <message>Keys &amp;apos;*&amp;apos; sent to object: &amp;apos;Object Repository/ADMIN/Edit Text/Bespoke/Common Words/input_Pending_Pending&amp;apos;</message>
  <nestedLevel>1</nestedLevel>
</record>
<record>
  <date>2020-03-20T13:16:03</date>
  <millis>1584681363830</millis>
  <sequence>265</sequence>
  <level>END</level>
  <class>com.kms.katalon.core.logging.XmlKeywordLogger</class>
  <method>endKeyword</method>
  <thread>1</thread>
  <message>End action : sendKeys(findTestObject(\&amp;quot;ADMIN/Edit Text/Bespoke/Common Words/input_Pending_Pending\&amp;quot;), \&amp;quot;*\&amp;quot;)</message>
  <nestedLevel>1</nestedLevel>
</record>
<record>
  <date>2020-03-20T13:16:03</date>
  <millis>1584681363830</millis>
  <sequence>266</sequence>
  <level>START</level>
  <class>com.kms.katalon.core.logging.XmlKeywordLogger</class>
  <method>startKeyword</method>
  <thread>1</thread>
  <message>Start action : sendKeys(findTestObject(\&amp;quot;ADMIN/Edit Text/Bespoke/Common Words/input_Paid_Paid\&amp;quot;), \&amp;quot;*\&amp;quot;)</message>
  <nestedLevel>1</nestedLevel>
  <property name="startLine">47</property>
  <property name="stepIndex">15</property>
</record>
<record>
  <date>2020-03-20T13:16:04</date>
  <millis>1584681364179</millis>
  <sequence>274</sequence>
  <level>PASSED</level>
  <class>com.kms.katalon.core.logging.XmlKeywordLogger</class>
  <method>logMessage</method>
  <thread>1</thread>
  <message>Keys &amp;apos;*&amp;apos; sent to object: &amp;apos;Object Repository/ADMIN/Edit Text/Bespoke/Common Words/input_Paid_Paid&amp;apos;</message>
  <nestedLevel>1</nestedLevel>
</record>
<record>
  <date>2020-03-20T13:16:04</date>
  <millis>1584681364179</millis>
  <sequence>275</sequence>
  <level>END</level>
  <class>com.kms.katalon.core.logging.XmlKeywordLogger</class>
  <method>endKeyword</method>
  <thread>1</thread>
  <message>End action : sendKeys(findTestObject(\&amp;quot;ADMIN/Edit Text/Bespoke/Common Words/input_Paid_Paid\&amp;quot;), \&amp;quot;*\&amp;quot;)</message>
  <nestedLevel>1</nestedLevel>
</record>
<record>
  <date>2020-03-20T13:16:04</date>
  <millis>1584681364179</millis>
  <sequence>276</sequence>
  <level>START</level>
  <class>com.kms.katalon.core.logging.XmlKeywordLogger</class>
  <method>startKeyword</method>
  <thread>1</thread>
  <message>Start action : sendKeys(findTestObject(\&amp;quot;ADMIN/Edit Text/Bespoke/Common Words/input_Waiting for payments_Waitingforpayments\&amp;quot;), \&amp;quot;*\&amp;quot;)</message>
  <nestedLevel>1</nestedLevel>
  <property name="startLine">49</property>
  <property name="stepIndex">16</property>
</record>
<record>
  <date>2020-03-20T13:16:04</date>
  <millis>1584681364272</millis>
  <sequence>284</sequence>
  <level>PASSED</level>
  <class>com.kms.katalon.core.logging.XmlKeywordLogger</class>
  <method>logMessage</method>
  <thread>1</thread>
  <message>Keys &amp;apos;*&amp;apos; sent to object: &amp;apos;Object Repository/ADMIN/Edit Text/Bespoke/Common Words/input_Waiting for payments_Waitingforpayments&amp;apos;</message>
  <nestedLevel>1</nestedLevel>
</record>
<record>
  <date>2020-03-20T13:16:04</date>
  <millis>1584681364273</millis>
  <sequence>285</sequence>
  <level>END</level>
  <class>com.kms.katalon.core.logging.XmlKeywordLogger</class>
  <method>endKeyword</method>
  <thread>1</thread>
  <message>End action : sendKeys(findTestObject(\&amp;quot;ADMIN/Edit Text/Bespoke/Common Words/input_Waiting for payments_Waitingforpayments\&amp;quot;), \&amp;quot;*\&amp;quot;)</message>
  <nestedLevel>1</nestedLevel>
</record>
<record>
  <date>2020-03-20T13:16:04</date>
  <millis>1584681364273</millis>
  <sequence>286</sequence>
  <level>START</level>
  <class>com.kms.katalon.core.logging.XmlKeywordLogger</class>
  <method>startKeyword</method>
  <thread>1</thread>
  <message>Start action : sendKeys(findTestObject(\&amp;quot;ADMIN/Edit Text/Bespoke/Common Words/input_Created_Created\&amp;quot;), \&amp;quot;*\&amp;quot;)</message>
  <nestedLevel>1</nestedLevel>
  <property name="startLine">51</property>
  <property name="stepIndex">17</property>
</record>
<record>
  <date>2020-03-20T13:16:04</date>
  <millis>1584681364555</millis>
  <sequence>294</sequence>
  <level>PASSED</level>
  <class>com.kms.katalon.core.logging.XmlKeywordLogger</class>
  <method>logMessage</method>
  <thread>1</thread>
  <message>Keys &amp;apos;*&amp;apos; sent to object: &amp;apos;Object Repository/ADMIN/Edit Text/Bespoke/Common Words/input_Created_Created&amp;apos;</message>
  <nestedLevel>1</nestedLevel>
</record>
<record>
  <date>2020-03-20T13:16:04</date>
  <millis>1584681364556</millis>
  <sequence>295</sequence>
  <level>END</level>
  <class>com.kms.katalon.core.logging.XmlKeywordLogger</class>
  <method>endKeyword</method>
  <thread>1</thread>
  <message>End action : sendKeys(findTestObject(\&amp;quot;ADMIN/Edit Text/Bespoke/Common Words/input_Created_Created\&amp;quot;), \&amp;quot;*\&amp;quot;)</message>
  <nestedLevel>1</nestedLevel>
</record>
<record>
  <date>2020-03-20T13:16:04</date>
  <millis>1584681364556</millis>
  <sequence>296</sequence>
  <level>START</level>
  <class>com.kms.katalon.core.logging.XmlKeywordLogger</class>
  <method>startKeyword</method>
  <thread>1</thread>
  <message>Start action : sendKeys(findTestObject(\&amp;quot;ADMIN/Edit Text/Bespoke/Common Words/input_Fully Paid_FullyPaid\&amp;quot;), \&amp;quot;*\&amp;quot;)</message>
  <nestedLevel>1</nestedLevel>
  <property name="startLine">53</property>
  <property name="stepIndex">18</property>
</record>
<record>
  <date>2020-03-20T13:16:04</date>
  <millis>1584681364648</millis>
  <sequence>304</sequence>
  <level>PASSED</level>
  <class>com.kms.katalon.core.logging.XmlKeywordLogger</class>
  <method>logMessage</method>
  <thread>1</thread>
  <message>Keys &amp;apos;*&amp;apos; sent to object: &amp;apos;Object Repository/ADMIN/Edit Text/Bespoke/Common Words/input_Fully Paid_FullyPaid&amp;apos;</message>
  <nestedLevel>1</nestedLevel>
</record>
<record>
  <date>2020-03-20T13:16:04</date>
  <millis>1584681364648</millis>
  <sequence>305</sequence>
  <level>END</level>
  <class>com.kms.katalon.core.logging.XmlKeywordLogger</class>
  <method>endKeyword</method>
  <thread>1</thread>
  <message>End action : sendKeys(findTestObject(\&amp;quot;ADMIN/Edit Text/Bespoke/Common Words/input_Fully Paid_FullyPaid\&amp;quot;), \&amp;quot;*\&amp;quot;)</message>
  <nestedLevel>1</nestedLevel>
</record>
<record>
  <date>2020-03-20T13:16:04</date>
  <millis>1584681364648</millis>
  <sequence>306</sequence>
  <level>START</level>
  <class>com.kms.katalon.core.logging.XmlKeywordLogger</class>
  <method>startKeyword</method>
  <thread>1</thread>
  <message>Start action : sendKeys(findTestObject(\&amp;quot;ADMIN/Edit Text/Bespoke/Common Words/input_Delivered_Delivered\&amp;quot;), \&amp;quot;*\&amp;quot;)</message>
  <nestedLevel>1</nestedLevel>
  <property name="startLine">55</property>
  <property name="stepIndex">19</property>
</record>
<record>
  <date>2020-03-20T13:16:04</date>
  <millis>1584681364730</millis>
  <sequence>314</sequence>
  <level>PASSED</level>
  <class>com.kms.katalon.core.logging.XmlKeywordLogger</class>
  <method>logMessage</method>
  <thread>1</thread>
  <message>Keys &amp;apos;*&amp;apos; sent to object: &amp;apos;Object Repository/ADMIN/Edit Text/Bespoke/Common Words/input_Delivered_Delivered&amp;apos;</message>
  <nestedLevel>1</nestedLevel>
</record>
<record>
  <date>2020-03-20T13:16:04</date>
  <millis>1584681364731</millis>
  <sequence>315</sequence>
  <level>END</level>
  <class>com.kms.katalon.core.logging.XmlKeywordLogger</class>
  <method>endKeyword</method>
  <thread>1</thread>
  <message>End action : sendKeys(findTestObject(\&amp;quot;ADMIN/Edit Text/Bespoke/Common Words/input_Delivered_Delivered\&amp;quot;), \&amp;quot;*\&amp;quot;)</message>
  <nestedLevel>1</nestedLevel>
</record>
<record>
  <date>2020-03-20T13:16:04</date>
  <millis>1584681364735</millis>
  <sequence>316</sequence>
  <level>START</level>
  <class>com.kms.katalon.core.logging.XmlKeywordLogger</class>
  <method>startKeyword</method>
  <thread>1</thread>
  <message>Start action : sendKeys(findTestObject(\&amp;quot;ADMIN/Edit Text/Bespoke/Common Words/input_Ready for Pick-up_ReadyforPick-up\&amp;quot;), \&amp;quot;*\&amp;quot;)</message>
  <nestedLevel>1</nestedLevel>
  <property name="startLine">57</property>
  <property name="stepIndex">20</property>
</record>
<record>
  <date>2020-03-20T13:16:04</date>
  <millis>1584681364980</millis>
  <sequence>324</sequence>
  <level>PASSED</level>
  <class>com.kms.katalon.core.logging.XmlKeywordLogger</class>
  <method>logMessage</method>
  <thread>1</thread>
  <message>Keys &amp;apos;*&amp;apos; sent to object: &amp;apos;Object Repository/ADMIN/Edit Text/Bespoke/Common Words/input_Ready for Pick-up_ReadyforPick-up&amp;apos;</message>
  <nestedLevel>1</nestedLevel>
</record>
<record>
  <date>2020-03-20T13:16:04</date>
  <millis>1584681364981</millis>
  <sequence>325</sequence>
  <level>END</level>
  <class>com.kms.katalon.core.logging.XmlKeywordLogger</class>
  <method>endKeyword</method>
  <thread>1</thread>
  <message>End action : sendKeys(findTestObject(\&amp;quot;ADMIN/Edit Text/Bespoke/Common Words/input_Ready for Pick-up_ReadyforPick-up\&amp;quot;), \&amp;quot;*\&amp;quot;)</message>
  <nestedLevel>1</nestedLevel>
</record>
<record>
  <date>2020-03-20T13:16:04</date>
  <millis>1584681364981</millis>
  <sequence>326</sequence>
  <level>START</level>
  <class>com.kms.katalon.core.logging.XmlKeywordLogger</class>
  <method>startKeyword</method>
  <thread>1</thread>
  <message>Start action : sendKeys(findTestObject(\&amp;quot;ADMIN/Edit Text/Bespoke/Common Words/input_Collected_Collected\&amp;quot;), \&amp;quot;*\&amp;quot;)</message>
  <nestedLevel>1</nestedLevel>
  <property name="startLine">59</property>
  <property name="stepIndex">21</property>
</record>
<record>
  <date>2020-03-20T13:16:05</date>
  <millis>1584681365085</millis>
  <sequence>334</sequence>
  <level>PASSED</level>
  <class>com.kms.katalon.core.logging.XmlKeywordLogger</class>
  <method>logMessage</method>
  <thread>1</thread>
  <message>Keys &amp;apos;*&amp;apos; sent to object: &amp;apos;Object Repository/ADMIN/Edit Text/Bespoke/Common Words/input_Collected_Collected&amp;apos;</message>
  <nestedLevel>1</nestedLevel>
</record>
<record>
  <date>2020-03-20T13:16:05</date>
  <millis>1584681365086</millis>
  <sequence>335</sequence>
  <level>END</level>
  <class>com.kms.katalon.core.logging.XmlKeywordLogger</class>
  <method>endKeyword</method>
  <thread>1</thread>
  <message>End action : sendKeys(findTestObject(\&amp;quot;ADMIN/Edit Text/Bespoke/Common Words/input_Collected_Collected\&amp;quot;), \&amp;quot;*\&amp;quot;)</message>
  <nestedLevel>1</nestedLevel>
</record>
<record>
  <date>2020-03-20T13:16:05</date>
  <millis>1584681365086</millis>
  <sequence>336</sequence>
  <level>START</level>
  <class>com.kms.katalon.core.logging.XmlKeywordLogger</class>
  <method>startKeyword</method>
  <thread>1</thread>
  <message>Start action : sendKeys(findTestObject(\&amp;quot;ADMIN/Edit Text/Bespoke/Common Words/input_Refunded_Refunded\&amp;quot;), \&amp;quot;*\&amp;quot;)</message>
  <nestedLevel>1</nestedLevel>
  <property name="startLine">61</property>
  <property name="stepIndex">22</property>
</record>
<record>
  <date>2020-03-20T13:16:05</date>
  <millis>1584681365180</millis>
  <sequence>344</sequence>
  <level>PASSED</level>
  <class>com.kms.katalon.core.logging.XmlKeywordLogger</class>
  <method>logMessage</method>
  <thread>1</thread>
  <message>Keys &amp;apos;*&amp;apos; sent to object: &amp;apos;Object Repository/ADMIN/Edit Text/Bespoke/Common Words/input_Refunded_Refunded&amp;apos;</message>
  <nestedLevel>1</nestedLevel>
</record>
<record>
  <date>2020-03-20T13:16:05</date>
  <millis>1584681365181</millis>
  <sequence>345</sequence>
  <level>END</level>
  <class>com.kms.katalon.core.logging.XmlKeywordLogger</class>
  <method>endKeyword</method>
  <thread>1</thread>
  <message>End action : sendKeys(findTestObject(\&amp;quot;ADMIN/Edit Text/Bespoke/Common Words/input_Refunded_Refunded\&amp;quot;), \&amp;quot;*\&amp;quot;)</message>
  <nestedLevel>1</nestedLevel>
</record>
<record>
  <date>2020-03-20T13:16:05</date>
  <millis>1584681365181</millis>
  <sequence>346</sequence>
  <level>START</level>
  <class>com.kms.katalon.core.logging.XmlKeywordLogger</class>
  <method>startKeyword</method>
  <thread>1</thread>
  <message>Start action : sendKeys(findTestObject(\&amp;quot;ADMIN/Edit Text/Bespoke/Common Words/input_MERCHANT ACCESS DENIED_merchant-access\&amp;quot;), \&amp;quot;*\&amp;quot;)</message>
  <nestedLevel>1</nestedLevel>
  <property name="startLine">63</property>
  <property name="stepIndex">23</property>
</record>
<record>
  <date>2020-03-20T13:16:05</date>
  <millis>1584681365299</millis>
  <sequence>354</sequence>
  <level>PASSED</level>
  <class>com.kms.katalon.core.logging.XmlKeywordLogger</class>
  <method>logMessage</method>
  <thread>1</thread>
  <message>Keys &amp;apos;*&amp;apos; sent to object: &amp;apos;Object Repository/ADMIN/Edit Text/Bespoke/Common Words/input_MERCHANT ACCESS DENIED_merchant-access&amp;apos;</message>
  <nestedLevel>1</nestedLevel>
</record>
<record>
  <date>2020-03-20T13:16:05</date>
  <millis>1584681365300</millis>
  <sequence>355</sequence>
  <level>END</level>
  <class>com.kms.katalon.core.logging.XmlKeywordLogger</class>
  <method>endKeyword</method>
  <thread>1</thread>
  <message>End action : sendKeys(findTestObject(\&amp;quot;ADMIN/Edit Text/Bespoke/Common Words/input_MERCHANT ACCESS DENIED_merchant-access\&amp;quot;), \&amp;quot;*\&amp;quot;)</message>
  <nestedLevel>1</nestedLevel>
</record>
<record>
  <date>2020-03-20T13:16:05</date>
  <millis>1584681365300</millis>
  <sequence>356</sequence>
  <level>START</level>
  <class>com.kms.katalon.core.logging.XmlKeywordLogger</class>
  <method>startKeyword</method>
  <thread>1</thread>
  <message>Start action : sendKeys(findTestObject(\&amp;quot;ADMIN/Edit Text/Bespoke/Common Words/input_concat(Your action is not allowed Please contact the site  s administrator)_action-not-allowed\&amp;quot;), \&amp;quot;*\&amp;quot;)</message>
  <nestedLevel>1</nestedLevel>
  <property name="startLine">65</property>
  <property name="stepIndex">24</property>
</record>
<record>
  <date>2020-03-20T13:16:05</date>
  <millis>1584681365411</millis>
  <sequence>364</sequence>
  <level>PASSED</level>
  <class>com.kms.katalon.core.logging.XmlKeywordLogger</class>
  <method>logMessage</method>
  <thread>1</thread>
  <message>Keys &amp;apos;*&amp;apos; sent to object: &amp;apos;Object Repository/ADMIN/Edit Text/Bespoke/Common Words/input_concat(Your action is not allowed Please contact the site  s administrator)_action-not-allowed&amp;apos;</message>
  <nestedLevel>1</nestedLevel>
</record>
<record>
  <date>2020-03-20T13:16:05</date>
  <millis>1584681365412</millis>
  <sequence>365</sequence>
  <level>END</level>
  <class>com.kms.katalon.core.logging.XmlKeywordLogger</class>
  <method>endKeyword</method>
  <thread>1</thread>
  <message>End action : sendKeys(findTestObject(\&amp;quot;ADMIN/Edit Text/Bespoke/Common Words/input_concat(Your action is not allowed Please contact the site  s administrator)_action-not-allowed\&amp;quot;), \&amp;quot;*\&amp;quot;)</message>
  <nestedLevel>1</nestedLevel>
</record>
<record>
  <date>2020-03-20T13:16:05</date>
  <millis>1584681365412</millis>
  <sequence>366</sequence>
  <level>START</level>
  <class>com.kms.katalon.core.logging.XmlKeywordLogger</class>
  <method>startKeyword</method>
  <thread>1</thread>
  <message>Start action : sendKeys(findTestObject(\&amp;quot;ADMIN/Edit Text/Bespoke/Common Words/input_No email allowed_no-email-allowed\&amp;quot;), \&amp;quot;*\&amp;quot;)</message>
  <nestedLevel>1</nestedLevel>
  <property name="startLine">68</property>
  <property name="stepIndex">25</property>
</record>
<record>
  <date>2020-03-20T13:16:05</date>
  <millis>1584681365513</millis>
  <sequence>374</sequence>
  <level>PASSED</level>
  <class>com.kms.katalon.core.logging.XmlKeywordLogger</class>
  <method>logMessage</method>
  <thread>1</thread>
  <message>Keys &amp;apos;*&amp;apos; sent to object: &amp;apos;Object Repository/ADMIN/Edit Text/Bespoke/Common Words/input_No email allowed_no-email-allowed&amp;apos;</message>
  <nestedLevel>1</nestedLevel>
</record>
<record>
  <date>2020-03-20T13:16:05</date>
  <millis>1584681365513</millis>
  <sequence>375</sequence>
  <level>END</level>
  <class>com.kms.katalon.core.logging.XmlKeywordLogger</class>
  <method>endKeyword</method>
  <thread>1</thread>
  <message>End action : sendKeys(findTestObject(\&amp;quot;ADMIN/Edit Text/Bespoke/Common Words/input_No email allowed_no-email-allowed\&amp;quot;), \&amp;quot;*\&amp;quot;)</message>
  <nestedLevel>1</nestedLevel>
</record>
<record>
  <date>2020-03-20T13:16:05</date>
  <millis>1584681365513</millis>
  <sequence>376</sequence>
  <level>START</level>
  <class>com.kms.katalon.core.logging.XmlKeywordLogger</class>
  <method>startKeyword</method>
  <thread>1</thread>
  <message>Start action : click(findTestObject(\&amp;quot;ADMIN/Edit Text/Bespoke/Buyer Pages/Homepage/button_save\&amp;quot;), CONTINUE_ON_FAILURE)</message>
  <nestedLevel>1</nestedLevel>
  <property name="startLine">70</property>
  <property name="stepIndex">26</property>
</record>
<record>
  <date>2020-03-20T13:16:05</date>
  <millis>1584681365626</millis>
  <sequence>385</sequence>
  <level>PASSED</level>
  <class>com.kms.katalon.core.logging.XmlKeywordLogger</class>
  <method>logMessage</method>
  <thread>1</thread>
  <message>Object: &amp;apos;Object Repository/ADMIN/Edit Text/Bespoke/Buyer Pages/Homepage/button_save&amp;apos; is clicked on</message>
  <nestedLevel>1</nestedLevel>
</record>
<record>
  <date>2020-03-20T13:16:05</date>
  <millis>1584681365627</millis>
  <sequence>386</sequence>
  <level>END</level>
  <class>com.kms.katalon.core.logging.XmlKeywordLogger</class>
  <method>endKeyword</method>
  <thread>1</thread>
  <message>End action : click(findTestObject(\&amp;quot;ADMIN/Edit Text/Bespoke/Buyer Pages/Homepage/button_save\&amp;quot;), CONTINUE_ON_FAILURE)</message>
  <nestedLevel>1</nestedLevel>
</record>
<record>
  <date>2020-03-20T13:16:05</date>
  <millis>1584681365627</millis>
  <sequence>387</sequence>
  <level>START</level>
  <class>com.kms.katalon.core.logging.XmlKeywordLogger</class>
  <method>startKeyword</method>
  <thread>1</thread>
  <message>Start action : waitForElementVisible(findTestObject(\&amp;quot;ADMIN/Edit Text/Bespoke/Buyer Pages/Homepage/toaster_success\&amp;quot;), 0)</message>
  <nestedLevel>1</nestedLevel>
  <property name="startLine">72</property>
  <property name="stepIndex">27</property>
</record>
<record>
  <date>2020-03-20T13:16:05</date>
  <millis>1584681365669</millis>
  <sequence>391</sequence>
  <level>WARNING</level>
  <class>com.kms.katalon.core.logging.XmlKeywordLogger</class>
  <method>logMessage</method>
  <thread>1</thread>
  <message>Timeout &amp;apos;0&amp;apos; is invalid. Using default page load timeout: &amp;apos;30&amp;apos;</message>
  <nestedLevel>1</nestedLevel>
</record>
<record>
  <date>2020-03-20T13:16:06</date>
  <millis>1584681366229</millis>
  <sequence>398</sequence>
  <level>PASSED</level>
  <class>com.kms.katalon.core.logging.XmlKeywordLogger</class>
  <method>logMessage</method>
  <thread>1</thread>
  <message>Object &amp;apos;Object Repository/ADMIN/Edit Text/Bespoke/Buyer Pages/Homepage/toaster_success&amp;apos; is visible</message>
  <nestedLevel>1</nestedLevel>
</record>
<record>
  <date>2020-03-20T13:16:06</date>
  <millis>1584681366229</millis>
  <sequence>399</sequence>
  <level>END</level>
  <class>com.kms.katalon.core.logging.XmlKeywordLogger</class>
  <method>endKeyword</method>
  <thread>1</thread>
  <message>End action : waitForElementVisible(findTestObject(\&amp;quot;ADMIN/Edit Text/Bespoke/Buyer Pages/Homepage/toaster_success\&amp;quot;), 0)</message>
  <nestedLevel>1</nestedLevel>
</record>
<record>
  <date>2020-03-20T13:16:06</date>
  <millis>1584681366230</millis>
  <sequence>400</sequence>
  <level>START</level>
  <class>com.kms.katalon.core.logging.XmlKeywordLogger</class>
  <method>startKeyword</method>
  <thread>1</thread>
  <message>Start action : waitForElementNotPresent(findTestObject(\&amp;quot;ADMIN/Edit Text/Bespoke/Buyer Pages/Homepage/toaster_success\&amp;quot;), 0)</message>
  <nestedLevel>1</nestedLevel>
  <property name="startLine">74</property>
  <property name="stepIndex">28</property>
</record>
<record>
  <date>2020-03-20T13:16:06</date>
  <millis>1584681366278</millis>
  <sequence>404</sequence>
  <level>WARNING</level>
  <class>com.kms.katalon.core.logging.XmlKeywordLogger</class>
  <method>logMessage</method>
  <thread>1</thread>
  <message>Timeout &amp;apos;0&amp;apos; is invalid. Using default page load timeout: &amp;apos;30&amp;apos;</message>
  <nestedLevel>1</nestedLevel>
</record>
<record>
  <date>2020-03-20T13:16:19</date>
  <millis>1584681379552</millis>
  <sequence>430</sequence>
  <level>PASSED</level>
  <class>com.kms.katalon.core.logging.XmlKeywordLogger</class>
  <method>logMessage</method>
  <thread>1</thread>
  <message>Web element with id: &amp;apos;Object Repository/ADMIN/Edit Text/Bespoke/Buyer Pages/Homepage/toaster_success&amp;apos; located by &amp;apos;By.xpath: //div[@class = &amp;apos;toast-message&amp;apos; and (text() = &amp;apos;Translations saved successfully.&amp;apos; or . = &amp;apos;Translations saved successfully.&amp;apos;)]&amp;apos; is not present after &amp;apos;30&amp;apos; second(s)</message>
  <nestedLevel>1</nestedLevel>
</record>
<record>
  <date>2020-03-20T13:16:19</date>
  <millis>1584681379553</millis>
  <sequence>431</sequence>
  <level>END</level>
  <class>com.kms.katalon.core.logging.XmlKeywordLogger</class>
  <method>endKeyword</method>
  <thread>1</thread>
  <message>End action : waitForElementNotPresent(findTestObject(\&amp;quot;ADMIN/Edit Text/Bespoke/Buyer Pages/Homepage/toaster_success\&amp;quot;), 0)</message>
  <nestedLevel>1</nestedLevel>
</record>
<record>
  <date>2020-03-20T13:16:19</date>
  <millis>1584681379553</millis>
  <sequence>432</sequence>
  <level>PASSED</level>
  <class>com.kms.katalon.core.logging.XmlKeywordLogger</class>
  <method>logMessage</method>
  <thread>1</thread>
  <message>Test Cases/ADMIN/Language/Edit Text/Bespoke/Common Words/Common Words</message>
  <nestedLevel>1</nestedLevel>
</record>
<record>
  <date>2020-03-20T13:16:19</date>
  <millis>1584681379553</millis>
  <sequence>433</sequence>
  <level>END</level>
  <class>com.kms.katalon.core.logging.XmlKeywordLogger</class>
  <method>endTest</method>
  <thread>1</thread>
  <message>End Test Case : Test Cases/ADMIN/Language/Edit Text/Bespoke/Common Words/Common Words</message>
  <nestedLevel>0</nestedLevel>
</record>
<record>
  <date>2020-03-20T13:16:19</date>
  <millis>1584681379569</millis>
  <sequence>434</sequence>
  <level>START</level>
  <class>com.kms.katalon.core.logging.XmlKeywordLogger</class>
  <method>startTest</method>
  <thread>1</thread>
  <message>Start Test Case : Test Cases/ADMIN/Language/Edit Text/Bespoke/Common Words/Common Words</message>
  <nestedLevel>1</nestedLevel>
  <property name="name">Test Cases/ADMIN/Language/Edit Text/Bespoke/Common Words/Common Words</property>
  <property name="description"></property>
  <property name="id">Test Cases/ADMIN/Language/Edit Text/Bespoke/Common Words/Common Words</property>
  <property name="source">C:\\Katalon\\Arctick\\Test Cases\\ADMIN\\Language\\Edit Text\\Bespoke\\Common Words\\Common Words.tc</property>
  <property name="tag"></property>
  <property name="isOptional">false</property>
</record>
<record>
  <date>2020-03-20T13:16:19</date>
  <millis>1584681379603</millis>
  <sequence>436</sequence>
  <level>INFO</level>
  <class>com.kms.katalon.core.logging.XmlKeywordLogger</class>
  <method>logMessage</method>
  <thread>1</thread>
  <message>varLanguage = Spanish</message>
  <nestedLevel>1</nestedLevel>
</record>
<record>
  <date>2020-03-20T13:16:19</date>
  <millis>1584681379604</millis>
  <sequence>437</sequence>
  <level>START</level>
  <class>com.kms.katalon.core.logging.XmlKeywordLogger</class>
  <method>startKeyword</method>
  <thread>1</thread>
  <message>Start action : waitForElementVisible(findTestObject(\&amp;quot;ADMIN/Edit Text/Bespoke/Buyer Navigation/dd_language\&amp;quot;), 0)</message>
  <nestedLevel>1</nestedLevel>
  <property name="startLine">18</property>
  <property name="stepIndex">1</property>
</record>
<record>
  <date>2020-03-20T13:16:19</date>
  <millis>1584681379652</millis>
  <sequence>441</sequence>
  <level>WARNING</level>
  <class>com.kms.katalon.core.logging.XmlKeywordLogger</class>
  <method>logMessage</method>
  <thread>1</thread>
  <message>Timeout &amp;apos;0&amp;apos; is invalid. Using default page load timeout: &amp;apos;30&amp;apos;</message>
  <nestedLevel>1</nestedLevel>
</record>
<record>
  <date>2020-03-20T13:16:19</date>
  <millis>1584681379690</millis>
  <sequence>447</sequence>
  <level>PASSED</level>
  <class>com.kms.katalon.core.logging.XmlKeywordLogger</class>
  <method>logMessage</method>
  <thread>1</thread>
  <message>Object &amp;apos;Object Repository/ADMIN/Edit Text/Bespoke/Buyer Navigation/dd_language&amp;apos; is visible</message>
  <nestedLevel>1</nestedLevel>
</record>
<record>
  <date>2020-03-20T13:16:19</date>
  <millis>1584681379690</millis>
  <sequence>448</sequence>
  <level>END</level>
  <class>com.kms.katalon.core.logging.XmlKeywordLogger</class>
  <method>endKeyword</method>
  <thread>1</thread>
  <message>End action : waitForElementVisible(findTestObject(\&amp;quot;ADMIN/Edit Text/Bespoke/Buyer Navigation/dd_language\&amp;quot;), 0)</message>
  <nestedLevel>1</nestedLevel>
</record>
<record>
  <date>2020-03-20T13:16:19</date>
  <millis>1584681379691</millis>
  <sequence>449</sequence>
  <level>START</level>
  <class>com.kms.katalon.core.logging.XmlKeywordLogger</class>
  <method>startKeyword</method>
  <thread>1</thread>
  <message>Start action : selectOptionByLabel(findTestObject(\&amp;quot;ADMIN/Edit Text/Bespoke/Buyer Navigation/dd_language\&amp;quot;), varLanguage, false)</message>
  <nestedLevel>1</nestedLevel>
  <property name="startLine">20</property>
  <property name="stepIndex">2</property>
</record>
<record>
  <date>2020-03-20T13:16:20</date>
  <millis>1584681380547</millis>
  <sequence>460</sequence>
  <level>PASSED</level>
  <class>com.kms.katalon.core.logging.XmlKeywordLogger</class>
  <method>logMessage</method>
  <thread>1</thread>
  <message>All options with label &amp;apos;Spanish&amp;apos; are selected in object &amp;apos;Object Repository/ADMIN/Edit Text/Bespoke/Buyer Navigation/dd_language&amp;apos; </message>
  <nestedLevel>1</nestedLevel>
</record>
<record>
  <date>2020-03-20T13:16:20</date>
  <millis>1584681380548</millis>
  <sequence>461</sequence>
  <level>END</level>
  <class>com.kms.katalon.core.logging.XmlKeywordLogger</class>
  <method>endKeyword</method>
  <thread>1</thread>
  <message>End action : selectOptionByLabel(findTestObject(\&amp;quot;ADMIN/Edit Text/Bespoke/Buyer Navigation/dd_language\&amp;quot;), varLanguage, false)</message>
  <nestedLevel>1</nestedLevel>
</record>
<record>
  <date>2020-03-20T13:16:20</date>
  <millis>1584681380549</millis>
  <sequence>462</sequence>
  <level>START</level>
  <class>com.kms.katalon.core.logging.XmlKeywordLogger</class>
  <method>startKeyword</method>
  <thread>1</thread>
  <message>Start action : sendKeys(findTestObject(\&amp;quot;ADMIN/Edit Text/Bespoke/Common Words/input_Cash on delivery_cash-delivery\&amp;quot;), \&amp;quot;*\&amp;quot;)</message>
  <nestedLevel>1</nestedLevel>
  <property name="startLine">22</property>
  <property name="stepIndex">3</property>
</record>
