<?xml version="1.0" encoding="UTF-8" standalone="no"?>
<!DOCTYPE log SYSTEM "logger.dtd">
<log>
<record>
  <date>2020-03-20T12:43:00</date>
  <millis>1584679380422</millis>
  <sequence>0</sequence>
  <level>START</level>
  <class>com.kms.katalon.core.logging.XmlKeywordLogger</class>
  <method>startSuite</method>
  <thread>1</thread>
  <message>Start Test Suite : Test Suites/Admin/Language/Edit Text/Bespoke/Buyer Pages/Bespoke Buyer Pages</message>
  <nestedLevel>0</nestedLevel>
  <property name="name">Bespoke Buyer Pages</property>
  <property name="description"></property>
  <property name="id">Test Suites/Admin/Language/Edit Text/Bespoke/Buyer Pages/Bespoke Buyer Pages</property>
</record>
<record>
  <date>2020-03-20T12:43:00</date>
  <millis>1584679380440</millis>
  <sequence>1</sequence>
  <level>RUN_DATA</level>
  <class>com.kms.katalon.core.logging.XmlKeywordLogger</class>
  <method>logMessage</method>
  <thread>1</thread>
  <message>hostName = ARCADIER03 - 192.168.254.105</message>
  <nestedLevel>0</nestedLevel>
  <property name="hostName">ARCADIER03 - 192.168.254.105</property>
</record>
<record>
  <date>2020-03-20T12:43:00</date>
  <millis>1584679380441</millis>
  <sequence>2</sequence>
  <level>RUN_DATA</level>
  <class>com.kms.katalon.core.logging.XmlKeywordLogger</class>
  <method>logMessage</method>
  <thread>1</thread>
  <message>os = Windows 7 64bit</message>
  <nestedLevel>0</nestedLevel>
  <property name="os">Windows 7 64bit</property>
</record>
<record>
  <date>2020-03-20T12:43:00</date>
  <millis>1584679380442</millis>
  <sequence>3</sequence>
  <level>RUN_DATA</level>
  <class>com.kms.katalon.core.logging.XmlKeywordLogger</class>
  <method>logMessage</method>
  <thread>1</thread>
  <message>hostAddress = 192.168.254.105</message>
  <nestedLevel>0</nestedLevel>
  <property name="hostAddress">192.168.254.105</property>
</record>
<record>
  <date>2020-03-20T12:43:00</date>
  <millis>1584679380442</millis>
  <sequence>4</sequence>
  <level>RUN_DATA</level>
  <class>com.kms.katalon.core.logging.XmlKeywordLogger</class>
  <method>logMessage</method>
  <thread>1</thread>
  <message>katalonVersion = 7.2.6.1</message>
  <nestedLevel>0</nestedLevel>
  <property name="katalonVersion">7.2.6.1</property>
</record>
<record>
  <date>2020-03-20T12:43:00</date>
  <millis>1584679380907</millis>
  <sequence>5</sequence>
  <level>START</level>
  <class>com.kms.katalon.core.logging.XmlKeywordLogger</class>
  <method>startTest</method>
  <thread>1</thread>
  <message>Start Test Case : Test Cases/ADMIN/Language/Edit Text/Bespoke/Buyer Pages/Checkout Payment Navigation</message>
  <nestedLevel>1</nestedLevel>
  <property name="name">Test Cases/ADMIN/Language/Edit Text/Bespoke/Buyer Pages/Checkout Payment Navigation</property>
  <property name="description"></property>
  <property name="id">Test Cases/ADMIN/Language/Edit Text/Bespoke/Buyer Pages/Checkout Payment Navigation</property>
  <property name="source">C:\\Katalon\\Arctick\\Test Cases\\ADMIN\\Language\\Edit Text\\Bespoke\\Buyer Pages\\Checkout Payment Navigation.tc</property>
  <property name="tag"></property>
  <property name="isOptional">false</property>
</record>
<record>
  <date>2020-03-20T12:43:01</date>
  <millis>1584679381612</millis>
  <sequence>7</sequence>
  <level>START</level>
  <class>com.kms.katalon.core.logging.XmlKeywordLogger</class>
  <method>startKeyword</method>
  <thread>1</thread>
  <message>Start action : waitForElementVisible(findTestObject(\&amp;quot;ADMIN/Language/sidemenu_Language\&amp;quot;), 0)</message>
  <nestedLevel>1</nestedLevel>
  <property name="startLine">18</property>
  <property name="stepIndex">1</property>
</record>
<record>
  <date>2020-03-20T12:43:02</date>
  <millis>1584679382174</millis>
  <sequence>11</sequence>
  <level>WARNING</level>
  <class>com.kms.katalon.core.logging.XmlKeywordLogger</class>
  <method>logMessage</method>
  <thread>1</thread>
  <message>Timeout &amp;apos;0&amp;apos; is invalid. Using default page load timeout: &amp;apos;30&amp;apos;</message>
  <nestedLevel>1</nestedLevel>
</record>
<record>
  <date>2020-03-20T12:43:03</date>
  <millis>1584679383187</millis>
  <sequence>14</sequence>
  <level>RUN_DATA</level>
  <class>com.kms.katalon.core.logging.XmlKeywordLogger</class>
  <method>logMessage</method>
  <thread>1</thread>
  <message>sessionId = 36d01542543bc6b7e6541b3e6dcbd8a9</message>
  <nestedLevel>1</nestedLevel>
  <property name="sessionId">36d01542543bc6b7e6541b3e6dcbd8a9</property>
</record>
<record>
  <date>2020-03-20T12:43:03</date>
  <millis>1584679383199</millis>
  <sequence>15</sequence>
  <level>RUN_DATA</level>
  <class>com.kms.katalon.core.logging.XmlKeywordLogger</class>
  <method>logMessage</method>
  <thread>1</thread>
  <message>browser = Chrome 80.0.3987.149</message>
  <nestedLevel>1</nestedLevel>
  <property name="browser">Chrome 80.0.3987.149</property>
</record>
<record>
  <date>2020-03-20T12:43:03</date>
  <millis>1584679383200</millis>
  <sequence>16</sequence>
  <level>RUN_DATA</level>
  <class>com.kms.katalon.core.logging.XmlKeywordLogger</class>
  <method>logMessage</method>
  <thread>1</thread>
  <message>platform = Windows 7</message>
  <nestedLevel>1</nestedLevel>
  <property name="platform">Windows 7</property>
</record>
<record>
  <date>2020-03-20T12:43:03</date>
  <millis>1584679383201</millis>
  <sequence>17</sequence>
  <level>RUN_DATA</level>
  <class>com.kms.katalon.core.logging.XmlKeywordLogger</class>
  <method>logMessage</method>
  <thread>1</thread>
  <message>seleniumVersion = 3.141.59</message>
  <nestedLevel>1</nestedLevel>
  <property name="seleniumVersion">3.141.59</property>
</record>
<record>
  <date>2020-03-20T12:43:03</date>
  <millis>1584679383203</millis>
  <sequence>18</sequence>
  <level>RUN_DATA</level>
  <class>com.kms.katalon.core.logging.XmlKeywordLogger</class>
  <method>logMessage</method>
  <thread>1</thread>
  <message>proxyInformation = ProxyInformation{proxyOption=NO_PROXY, proxyServerType=HTTP, password=, proxyServerAddress=, proxyServerPort=0, executionList=}</message>
  <nestedLevel>1</nestedLevel>
  <property name="proxyInformation">ProxyInformation{proxyOption=NO_PROXY, proxyServerType=HTTP, password=, proxyServerAddress=, proxyServerPort=0, executionList=}</property>
</record>
<record>
  <date>2020-03-20T12:43:03</date>
  <millis>1584679383412</millis>
  <sequence>22</sequence>
  <level>PASSED</level>
  <class>com.kms.katalon.core.logging.XmlKeywordLogger</class>
  <method>logMessage</method>
  <thread>1</thread>
  <message>Object &amp;apos;Object Repository/ADMIN/Language/sidemenu_Language&amp;apos; is visible</message>
  <nestedLevel>1</nestedLevel>
</record>
<record>
  <date>2020-03-20T12:43:03</date>
  <millis>1584679383414</millis>
  <sequence>23</sequence>
  <level>END</level>
  <class>com.kms.katalon.core.logging.XmlKeywordLogger</class>
  <method>endKeyword</method>
  <thread>1</thread>
  <message>End action : waitForElementVisible(findTestObject(\&amp;quot;ADMIN/Language/sidemenu_Language\&amp;quot;), 0)</message>
  <nestedLevel>1</nestedLevel>
</record>
<record>
  <date>2020-03-20T12:43:03</date>
  <millis>1584679383432</millis>
  <sequence>24</sequence>
  <level>START</level>
  <class>com.kms.katalon.core.logging.XmlKeywordLogger</class>
  <method>startKeyword</method>
  <thread>1</thread>
  <message>Start action : click(findTestObject(\&amp;quot;ADMIN/Language/sidemenu_Language\&amp;quot;), CONTINUE_ON_FAILURE)</message>
  <nestedLevel>1</nestedLevel>
  <property name="startLine">20</property>
  <property name="stepIndex">2</property>
</record>
<record>
  <date>2020-03-20T12:43:08</date>
  <millis>1584679388704</millis>
  <sequence>33</sequence>
  <level>PASSED</level>
  <class>com.kms.katalon.core.logging.XmlKeywordLogger</class>
  <method>logMessage</method>
  <thread>1</thread>
  <message>Object: &amp;apos;Object Repository/ADMIN/Language/sidemenu_Language&amp;apos; is clicked on</message>
  <nestedLevel>1</nestedLevel>
</record>
<record>
  <date>2020-03-20T12:43:08</date>
  <millis>1584679388712</millis>
  <sequence>34</sequence>
  <level>END</level>
  <class>com.kms.katalon.core.logging.XmlKeywordLogger</class>
  <method>endKeyword</method>
  <thread>1</thread>
  <message>End action : click(findTestObject(\&amp;quot;ADMIN/Language/sidemenu_Language\&amp;quot;), CONTINUE_ON_FAILURE)</message>
  <nestedLevel>1</nestedLevel>
</record>
<record>
  <date>2020-03-20T12:43:08</date>
  <millis>1584679388713</millis>
  <sequence>35</sequence>
  <level>START</level>
  <class>com.kms.katalon.core.logging.XmlKeywordLogger</class>
  <method>startKeyword</method>
  <thread>1</thread>
  <message>Start action : waitForElementVisible(findTestObject(\&amp;quot;ADMIN/Language/sidemenu_Edit Text\&amp;quot;), 0)</message>
  <nestedLevel>1</nestedLevel>
  <property name="startLine">22</property>
  <property name="stepIndex">3</property>
</record>
<record>
  <date>2020-03-20T12:43:08</date>
  <millis>1584679388767</millis>
  <sequence>39</sequence>
  <level>WARNING</level>
  <class>com.kms.katalon.core.logging.XmlKeywordLogger</class>
  <method>logMessage</method>
  <thread>1</thread>
  <message>Timeout &amp;apos;0&amp;apos; is invalid. Using default page load timeout: &amp;apos;30&amp;apos;</message>
  <nestedLevel>1</nestedLevel>
</record>
<record>
  <date>2020-03-20T12:43:09</date>
  <millis>1584679389449</millis>
  <sequence>45</sequence>
  <level>PASSED</level>
  <class>com.kms.katalon.core.logging.XmlKeywordLogger</class>
  <method>logMessage</method>
  <thread>1</thread>
  <message>Object &amp;apos;Object Repository/ADMIN/Language/sidemenu_Edit Text&amp;apos; is visible</message>
  <nestedLevel>1</nestedLevel>
</record>
<record>
  <date>2020-03-20T12:43:09</date>
  <millis>1584679389449</millis>
  <sequence>46</sequence>
  <level>END</level>
  <class>com.kms.katalon.core.logging.XmlKeywordLogger</class>
  <method>endKeyword</method>
  <thread>1</thread>
  <message>End action : waitForElementVisible(findTestObject(\&amp;quot;ADMIN/Language/sidemenu_Edit Text\&amp;quot;), 0)</message>
  <nestedLevel>1</nestedLevel>
</record>
<record>
  <date>2020-03-20T12:43:09</date>
  <millis>1584679389450</millis>
  <sequence>47</sequence>
  <level>START</level>
  <class>com.kms.katalon.core.logging.XmlKeywordLogger</class>
  <method>startKeyword</method>
  <thread>1</thread>
  <message>Start action : click(findTestObject(\&amp;quot;ADMIN/Language/sidemenu_Edit Text\&amp;quot;), CONTINUE_ON_FAILURE)</message>
  <nestedLevel>1</nestedLevel>
  <property name="startLine">24</property>
  <property name="stepIndex">4</property>
</record>
<record>
  <date>2020-03-20T12:43:10</date>
  <millis>1584679390232</millis>
  <sequence>56</sequence>
  <level>PASSED</level>
  <class>com.kms.katalon.core.logging.XmlKeywordLogger</class>
  <method>logMessage</method>
  <thread>1</thread>
  <message>Object: &amp;apos;Object Repository/ADMIN/Language/sidemenu_Edit Text&amp;apos; is clicked on</message>
  <nestedLevel>1</nestedLevel>
</record>
<record>
  <date>2020-03-20T12:43:10</date>
  <millis>1584679390233</millis>
  <sequence>57</sequence>
  <level>END</level>
  <class>com.kms.katalon.core.logging.XmlKeywordLogger</class>
  <method>endKeyword</method>
  <thread>1</thread>
  <message>End action : click(findTestObject(\&amp;quot;ADMIN/Language/sidemenu_Edit Text\&amp;quot;), CONTINUE_ON_FAILURE)</message>
  <nestedLevel>1</nestedLevel>
</record>
<record>
  <date>2020-03-20T12:43:10</date>
  <millis>1584679390233</millis>
  <sequence>58</sequence>
  <level>START</level>
  <class>com.kms.katalon.core.logging.XmlKeywordLogger</class>
  <method>startKeyword</method>
  <thread>1</thread>
  <message>Start action : waitForElementVisible(findTestObject(\&amp;quot;ADMIN/Edit Text/Bespoke/Buyer Navigation/icon_dd\&amp;quot;), 0)</message>
  <nestedLevel>1</nestedLevel>
  <property name="startLine">26</property>
  <property name="stepIndex">5</property>
</record>
<record>
  <date>2020-03-20T12:43:10</date>
  <millis>1584679390289</millis>
  <sequence>62</sequence>
  <level>WARNING</level>
  <class>com.kms.katalon.core.logging.XmlKeywordLogger</class>
  <method>logMessage</method>
  <thread>1</thread>
  <message>Timeout &amp;apos;0&amp;apos; is invalid. Using default page load timeout: &amp;apos;30&amp;apos;</message>
  <nestedLevel>1</nestedLevel>
</record>
