<?xml version="1.0" encoding="UTF-8" standalone="no"?>
<!DOCTYPE log SYSTEM "logger.dtd">
<log>
<record>
  <date>2019-05-27T09:20:42</date>
  <millis>1558920042695</millis>
  <sequence>0</sequence>
  <level>START</level>
  <class>com.kms.katalon.core.logging.KeywordLogger</class>
  <method>startSuite</method>
  <thread>1</thread>
  <message>Start Test Suite : Test Suites/Suites/Admin Category</message>
  <nestedLevel>0</nestedLevel>
  <property name="name">Admin Category</property>
  <property name="description"></property>
  <property name="id">Test Suites/Suites/Admin Category</property>
</record>
<record>
  <date>2019-05-27T09:20:42</date>
  <millis>1558920042739</millis>
  <sequence>1</sequence>
  <level>RUN_DATA</level>
  <class>com.kms.katalon.core.logging.KeywordLogger</class>
  <method>logMessage</method>
  <thread>1</thread>
  <message>Logging run data &amp;apos;hostName&amp;apos; with value &amp;apos;Arcadier - Arcadier-PC&amp;apos;</message>
  <nestedLevel>0</nestedLevel>
  <property name="hostName">Arcadier - Arcadier-PC</property>
</record>
<record>
  <date>2019-05-27T09:20:42</date>
  <millis>1558920042740</millis>
  <sequence>2</sequence>
  <level>RUN_DATA</level>
  <class>com.kms.katalon.core.logging.KeywordLogger</class>
  <method>logMessage</method>
  <thread>1</thread>
  <message>Logging run data &amp;apos;os&amp;apos; with value &amp;apos;Windows 7 64bit&amp;apos;</message>
  <nestedLevel>0</nestedLevel>
  <property name="os">Windows 7 64bit</property>
</record>
<record>
  <date>2019-05-27T09:20:42</date>
  <millis>1558920042740</millis>
  <sequence>3</sequence>
  <level>RUN_DATA</level>
  <class>com.kms.katalon.core.logging.KeywordLogger</class>
  <method>logMessage</method>
  <thread>1</thread>
  <message>Logging run data &amp;apos;hostAddress&amp;apos; with value &amp;apos;10.10.31.95&amp;apos;</message>
  <nestedLevel>0</nestedLevel>
  <property name="hostAddress">10.10.31.95</property>
</record>
<record>
  <date>2019-05-27T09:20:42</date>
  <millis>1558920042741</millis>
  <sequence>4</sequence>
  <level>RUN_DATA</level>
  <class>com.kms.katalon.core.logging.KeywordLogger</class>
  <method>logMessage</method>
  <thread>1</thread>
  <message>Logging run data &amp;apos;katalonVersion&amp;apos; with value &amp;apos;5.4.2.1&amp;apos;</message>
  <nestedLevel>0</nestedLevel>
  <property name="katalonVersion">5.4.2.1</property>
</record>
<record>
  <date>2019-05-27T09:20:43</date>
  <millis>1558920043320</millis>
  <sequence>5</sequence>
  <level>START</level>
  <class>com.kms.katalon.core.logging.KeywordLogger</class>
  <method>startTest</method>
  <thread>1</thread>
  <message>Start Test Case : Test Cases/ADMIN/Content Mgmt/Categories/Category Add-Edit/Add Category</message>
  <nestedLevel>1</nestedLevel>
  <property name="name">Test Cases/ADMIN/Content Mgmt/Categories/Category Add-Edit/Add Category</property>
  <property name="description"></property>
  <property name="id">Test Cases/ADMIN/Content Mgmt/Categories/Category Add-Edit/Add Category</property>
  <property name="source">C:\\Users\\Arcadier\\git\\Arctick\\Test Cases\\ADMIN\\Content Mgmt\\Categories\\Category Add-Edit\\Add Category.tc</property>
  <property name="isOptional">false</property>
</record>
<record>
  <date>2019-05-27T09:20:43</date>
  <millis>1558920043375</millis>
  <sequence>6</sequence>
  <level>INFO</level>
  <class>com.kms.katalon.core.logging.KeywordLogger</class>
  <method>logMessage</method>
  <thread>1</thread>
  <message>Evaluating variables for test case</message>
  <nestedLevel>1</nestedLevel>
</record>
<record>
  <date>2019-05-27T09:20:43</date>
  <millis>1558920043378</millis>
  <sequence>7</sequence>
  <level>INFO</level>
  <class>com.kms.katalon.core.logging.KeywordLogger</class>
  <method>logMessage</method>
  <thread>1</thread>
  <message>Variable &amp;apos;CategoryNametext&amp;apos; is set to Category 1.1</message>
  <nestedLevel>1</nestedLevel>
</record>
<record>
  <date>2019-05-27T09:20:43</date>
  <millis>1558920043379</millis>
  <sequence>8</sequence>
  <level>INFO</level>
  <class>com.kms.katalon.core.logging.KeywordLogger</class>
  <method>logMessage</method>
  <thread>1</thread>
  <message>Variable &amp;apos;ParentName&amp;apos; is set to Category 1</message>
  <nestedLevel>1</nestedLevel>
</record>
<record>
  <date>2019-05-27T09:20:43</date>
  <millis>1558920043380</millis>
  <sequence>9</sequence>
  <level>INFO</level>
  <class>com.kms.katalon.core.logging.KeywordLogger</class>
  <method>logMessage</method>
  <thread>1</thread>
  <message>Variable &amp;apos;CategoryImageUpload&amp;apos; is set to C:\\\\Katalon\\\\Image\\\\pic1.jpg</message>
  <nestedLevel>1</nestedLevel>
</record>
<record>
  <date>2019-05-27T09:20:43</date>
  <millis>1558920043381</millis>
  <sequence>10</sequence>
  <level>INFO</level>
  <class>com.kms.katalon.core.logging.KeywordLogger</class>
  <method>logMessage</method>
  <thread>1</thread>
  <message>Variable &amp;apos;Description&amp;apos; is set to Description2</message>
  <nestedLevel>1</nestedLevel>
</record>
<record>
  <date>2019-05-27T09:20:43</date>
  <millis>1558920043851</millis>
  <sequence>11</sequence>
  <level>START</level>
  <class>com.kms.katalon.core.logging.KeywordLogger</class>
  <method>startKeyword</method>
  <thread>1</thread>
  <message>Start action : waitForElementVisible</message>
  <nestedLevel>1</nestedLevel>
  <property name="startLine">22</property>
  <property name="stepIndex">1</property>
</record>
<record>
  <date>2019-05-27T09:20:43</date>
  <millis>1558920043860</millis>
  <sequence>12</sequence>
  <level>INFO</level>
  <class>com.kms.katalon.core.logging.KeywordLogger</class>
  <method>logMessage</method>
  <thread>1</thread>
  <message>Finding Test Object with id &amp;apos;Object Repository/ADMIN/Categories/Category List/button_Content Mgmt&amp;apos;</message>
  <nestedLevel>1</nestedLevel>
</record>
<record>
  <date>2019-05-27T09:20:44</date>
  <millis>1558920044699</millis>
  <sequence>13</sequence>
  <level>INFO</level>
  <class>com.kms.katalon.core.logging.KeywordLogger</class>
  <method>logMessage</method>
  <thread>1</thread>
  <message>Checking object</message>
  <nestedLevel>1</nestedLevel>
</record>
<record>
  <date>2019-05-27T09:20:44</date>
  <millis>1558920044700</millis>
  <sequence>14</sequence>
  <level>INFO</level>
  <class>com.kms.katalon.core.logging.KeywordLogger</class>
  <method>logMessage</method>
  <thread>1</thread>
  <message>Checking timeout</message>
  <nestedLevel>1</nestedLevel>
</record>
<record>
  <date>2019-05-27T09:20:44</date>
  <millis>1558920044701</millis>
  <sequence>15</sequence>
  <level>WARNING</level>
  <class>com.kms.katalon.core.logging.KeywordLogger</class>
  <method>logMessage</method>
  <thread>1</thread>
  <message>Timeout &amp;apos;0&amp;apos; is invalid. Using default page load timeout: &amp;apos;30&amp;apos;</message>
  <nestedLevel>1</nestedLevel>
</record>
<record>
  <date>2019-05-27T09:20:44</date>
  <millis>1558920044708</millis>
  <sequence>16</sequence>
  <level>INFO</level>
  <class>com.kms.katalon.core.logging.KeywordLogger</class>
  <method>logMessage</method>
  <thread>1</thread>
  <message>Checking timeout</message>
  <nestedLevel>1</nestedLevel>
</record>
<record>
  <date>2019-05-27T09:20:45</date>
  <millis>1558920045542</millis>
  <sequence>17</sequence>
  <level>RUN_DATA</level>
  <class>com.kms.katalon.core.logging.KeywordLogger</class>
  <method>logMessage</method>
  <thread>1</thread>
  <message>Logging run data &amp;apos;sessionId&amp;apos; with value &amp;apos;efb54b57eb388f26eeb2557e12d4c40e&amp;apos;</message>
  <nestedLevel>1</nestedLevel>
  <property name="sessionId">efb54b57eb388f26eeb2557e12d4c40e</property>
</record>
<record>
  <date>2019-05-27T09:20:45</date>
  <millis>1558920045559</millis>
  <sequence>18</sequence>
  <level>RUN_DATA</level>
  <class>com.kms.katalon.core.logging.KeywordLogger</class>
  <method>logMessage</method>
  <thread>1</thread>
  <message>Logging run data &amp;apos;browser&amp;apos; with value &amp;apos;Chrome 74.0.3729.169&amp;apos;</message>
  <nestedLevel>1</nestedLevel>
  <property name="browser">Chrome 74.0.3729.169</property>
</record>
<record>
  <date>2019-05-27T09:20:45</date>
  <millis>1558920045559</millis>
  <sequence>19</sequence>
  <level>RUN_DATA</level>
  <class>com.kms.katalon.core.logging.KeywordLogger</class>
  <method>logMessage</method>
  <thread>1</thread>
  <message>Logging run data &amp;apos;platform&amp;apos; with value &amp;apos;Windows 7&amp;apos;</message>
  <nestedLevel>1</nestedLevel>
  <property name="platform">Windows 7</property>
</record>
<record>
  <date>2019-05-27T09:20:45</date>
  <millis>1558920045563</millis>
  <sequence>20</sequence>
  <level>RUN_DATA</level>
  <class>com.kms.katalon.core.logging.KeywordLogger</class>
  <method>logMessage</method>
  <thread>1</thread>
  <message>Logging run data &amp;apos;seleniumVersion&amp;apos; with value &amp;apos;3.7.1&amp;apos;</message>
  <nestedLevel>1</nestedLevel>
  <property name="seleniumVersion">3.7.1</property>
</record>
<record>
  <date>2019-05-27T09:20:45</date>
  <millis>1558920045564</millis>
  <sequence>21</sequence>
  <level>RUN_DATA</level>
  <class>com.kms.katalon.core.logging.KeywordLogger</class>
  <method>logMessage</method>
  <thread>1</thread>
  <message>Logging run data &amp;apos;proxyInformation&amp;apos; with value &amp;apos;ProxyInformation{proxyOption=NO_PROXY, proxyServerType=HTTP, password=, proxyServerAddress=, proxyServerPort=0}&amp;apos;</message>
  <nestedLevel>1</nestedLevel>
  <property name="proxyInformation">ProxyInformation{proxyOption=NO_PROXY, proxyServerType=HTTP, password=, proxyServerAddress=, proxyServerPort=0}</property>
</record>
<record>
  <date>2019-05-27T09:20:45</date>
  <millis>1558920045576</millis>
  <sequence>22</sequence>
  <level>INFO</level>
  <class>com.kms.katalon.core.logging.KeywordLogger</class>
  <method>logMessage</method>
  <thread>1</thread>
  <message>Finding web element with id: &amp;apos;Object Repository/ADMIN/Categories/Category List/button_Content Mgmt&amp;apos; located by &amp;apos;By.xpath: //a[@href = &amp;apos;#&amp;apos; and (text() = &amp;apos;Content Mgmt.&amp;apos; or . = &amp;apos;Content Mgmt.&amp;apos;)]&amp;apos; in &amp;apos;30&amp;apos; second(s)</message>
  <nestedLevel>1</nestedLevel>
</record>
