<?xml version="1.0" encoding="UTF-8" standalone="no"?>
<!DOCTYPE log SYSTEM "logger.dtd">
<log>
<record>
  <date>2020-03-20T10:18:10</date>
  <millis>1584670690668</millis>
  <sequence>0</sequence>
  <level>START</level>
  <class>com.kms.katalon.core.logging.XmlKeywordLogger</class>
  <method>startSuite</method>
  <thread>1</thread>
  <message>Start Test Suite : Test Suites/Admin/Language/Edit Text/Bespoke/Buyer Pages/Bespoke Buyer Pages</message>
  <nestedLevel>0</nestedLevel>
  <property name="name">Bespoke Buyer Pages</property>
  <property name="description"></property>
  <property name="id">Test Suites/Admin/Language/Edit Text/Bespoke/Buyer Pages/Bespoke Buyer Pages</property>
</record>
<record>
  <date>2020-03-20T10:18:10</date>
  <millis>1584670690689</millis>
  <sequence>1</sequence>
  <level>RUN_DATA</level>
  <class>com.kms.katalon.core.logging.XmlKeywordLogger</class>
  <method>logMessage</method>
  <thread>1</thread>
  <message>hostName = ARCADIER03 - 192.168.254.105</message>
  <nestedLevel>0</nestedLevel>
  <property name="hostName">ARCADIER03 - 192.168.254.105</property>
</record>
<record>
  <date>2020-03-20T10:18:10</date>
  <millis>1584670690692</millis>
  <sequence>2</sequence>
  <level>RUN_DATA</level>
  <class>com.kms.katalon.core.logging.XmlKeywordLogger</class>
  <method>logMessage</method>
  <thread>1</thread>
  <message>os = Windows 7 64bit</message>
  <nestedLevel>0</nestedLevel>
  <property name="os">Windows 7 64bit</property>
</record>
<record>
  <date>2020-03-20T10:18:10</date>
  <millis>1584670690692</millis>
  <sequence>3</sequence>
  <level>RUN_DATA</level>
  <class>com.kms.katalon.core.logging.XmlKeywordLogger</class>
  <method>logMessage</method>
  <thread>1</thread>
  <message>hostAddress = 192.168.254.105</message>
  <nestedLevel>0</nestedLevel>
  <property name="hostAddress">192.168.254.105</property>
</record>
<record>
  <date>2020-03-20T10:18:10</date>
  <millis>1584670690694</millis>
  <sequence>4</sequence>
  <level>RUN_DATA</level>
  <class>com.kms.katalon.core.logging.XmlKeywordLogger</class>
  <method>logMessage</method>
  <thread>1</thread>
  <message>katalonVersion = 7.2.6.1</message>
  <nestedLevel>0</nestedLevel>
  <property name="katalonVersion">7.2.6.1</property>
</record>
<record>
  <date>2020-03-20T10:18:10</date>
  <millis>1584670690982</millis>
  <sequence>5</sequence>
  <level>START</level>
  <class>com.kms.katalon.core.logging.XmlKeywordLogger</class>
  <method>startTest</method>
  <thread>1</thread>
  <message>Start Test Case : Test Cases/ADMIN/Language/Edit Text/Bespoke/Buyer Pages/Purchase Details Navigation</message>
  <nestedLevel>1</nestedLevel>
  <property name="name">Test Cases/ADMIN/Language/Edit Text/Bespoke/Buyer Pages/Purchase Details Navigation</property>
  <property name="description"></property>
  <property name="id">Test Cases/ADMIN/Language/Edit Text/Bespoke/Buyer Pages/Purchase Details Navigation</property>
  <property name="source">C:\\Katalon\\Arctick\\Test Cases\\ADMIN\\Language\\Edit Text\\Bespoke\\Buyer Pages\\Purchase Details Navigation.tc</property>
  <property name="tag"></property>
  <property name="isOptional">false</property>
</record>
<record>
  <date>2020-03-20T10:18:11</date>
  <millis>1584670691531</millis>
  <sequence>7</sequence>
  <level>START</level>
  <class>com.kms.katalon.core.logging.XmlKeywordLogger</class>
  <method>startKeyword</method>
  <thread>1</thread>
  <message>Start action : waitForElementVisible(findTestObject(\&amp;quot;ADMIN/Language/sidemenu_Language\&amp;quot;), 0)</message>
  <nestedLevel>1</nestedLevel>
  <property name="startLine">18</property>
  <property name="stepIndex">1</property>
</record>
<record>
  <date>2020-03-20T10:18:12</date>
  <millis>1584670692086</millis>
  <sequence>11</sequence>
  <level>WARNING</level>
  <class>com.kms.katalon.core.logging.XmlKeywordLogger</class>
  <method>logMessage</method>
  <thread>1</thread>
  <message>Timeout &amp;apos;0&amp;apos; is invalid. Using default page load timeout: &amp;apos;30&amp;apos;</message>
  <nestedLevel>1</nestedLevel>
</record>
<record>
  <date>2020-03-20T10:18:13</date>
  <millis>1584670693277</millis>
  <sequence>14</sequence>
  <level>RUN_DATA</level>
  <class>com.kms.katalon.core.logging.XmlKeywordLogger</class>
  <method>logMessage</method>
  <thread>1</thread>
  <message>sessionId = 36d01542543bc6b7e6541b3e6dcbd8a9</message>
  <nestedLevel>1</nestedLevel>
  <property name="sessionId">36d01542543bc6b7e6541b3e6dcbd8a9</property>
</record>
<record>
  <date>2020-03-20T10:18:13</date>
  <millis>1584670693300</millis>
  <sequence>15</sequence>
  <level>RUN_DATA</level>
  <class>com.kms.katalon.core.logging.XmlKeywordLogger</class>
  <method>logMessage</method>
  <thread>1</thread>
  <message>browser = Chrome 80.0.3987.149</message>
  <nestedLevel>1</nestedLevel>
  <property name="browser">Chrome 80.0.3987.149</property>
</record>
<record>
  <date>2020-03-20T10:18:13</date>
  <millis>1584670693301</millis>
  <sequence>16</sequence>
  <level>RUN_DATA</level>
  <class>com.kms.katalon.core.logging.XmlKeywordLogger</class>
  <method>logMessage</method>
  <thread>1</thread>
  <message>platform = Windows 7</message>
  <nestedLevel>1</nestedLevel>
  <property name="platform">Windows 7</property>
</record>
<record>
  <date>2020-03-20T10:18:13</date>
  <millis>1584670693301</millis>
  <sequence>17</sequence>
  <level>RUN_DATA</level>
  <class>com.kms.katalon.core.logging.XmlKeywordLogger</class>
  <method>logMessage</method>
  <thread>1</thread>
  <message>seleniumVersion = 3.141.59</message>
  <nestedLevel>1</nestedLevel>
  <property name="seleniumVersion">3.141.59</property>
</record>
<record>
  <date>2020-03-20T10:18:13</date>
  <millis>1584670693305</millis>
  <sequence>18</sequence>
  <level>RUN_DATA</level>
  <class>com.kms.katalon.core.logging.XmlKeywordLogger</class>
  <method>logMessage</method>
  <thread>1</thread>
  <message>proxyInformation = ProxyInformation{proxyOption=NO_PROXY, proxyServerType=HTTP, password=, proxyServerAddress=, proxyServerPort=0, executionList=}</message>
  <nestedLevel>1</nestedLevel>
  <property name="proxyInformation">ProxyInformation{proxyOption=NO_PROXY, proxyServerType=HTTP, password=, proxyServerAddress=, proxyServerPort=0, executionList=}</property>
</record>
<record>
  <date>2020-03-20T10:18:13</date>
  <millis>1584670693558</millis>
  <sequence>22</sequence>
  <level>PASSED</level>
  <class>com.kms.katalon.core.logging.XmlKeywordLogger</class>
  <method>logMessage</method>
  <thread>1</thread>
  <message>Object &amp;apos;Object Repository/ADMIN/Language/sidemenu_Language&amp;apos; is visible</message>
  <nestedLevel>1</nestedLevel>
</record>
<record>
  <date>2020-03-20T10:18:13</date>
  <millis>1584670693558</millis>
  <sequence>23</sequence>
  <level>END</level>
  <class>com.kms.katalon.core.logging.XmlKeywordLogger</class>
  <method>endKeyword</method>
  <thread>1</thread>
  <message>End action : waitForElementVisible(findTestObject(\&amp;quot;ADMIN/Language/sidemenu_Language\&amp;quot;), 0)</message>
  <nestedLevel>1</nestedLevel>
</record>
<record>
  <date>2020-03-20T10:18:13</date>
  <millis>1584670693559</millis>
  <sequence>24</sequence>
  <level>START</level>
  <class>com.kms.katalon.core.logging.XmlKeywordLogger</class>
  <method>startKeyword</method>
  <thread>1</thread>
  <message>Start action : click(findTestObject(\&amp;quot;ADMIN/Language/sidemenu_Language\&amp;quot;), CONTINUE_ON_FAILURE)</message>
  <nestedLevel>1</nestedLevel>
  <property name="startLine">20</property>
  <property name="stepIndex">2</property>
</record>
<record>
  <date>2020-03-20T10:18:13</date>
  <millis>1584670693782</millis>
  <sequence>33</sequence>
  <level>PASSED</level>
  <class>com.kms.katalon.core.logging.XmlKeywordLogger</class>
  <method>logMessage</method>
  <thread>1</thread>
  <message>Object: &amp;apos;Object Repository/ADMIN/Language/sidemenu_Language&amp;apos; is clicked on</message>
  <nestedLevel>1</nestedLevel>
</record>
<record>
  <date>2020-03-20T10:18:13</date>
  <millis>1584670693783</millis>
  <sequence>34</sequence>
  <level>END</level>
  <class>com.kms.katalon.core.logging.XmlKeywordLogger</class>
  <method>endKeyword</method>
  <thread>1</thread>
  <message>End action : click(findTestObject(\&amp;quot;ADMIN/Language/sidemenu_Language\&amp;quot;), CONTINUE_ON_FAILURE)</message>
  <nestedLevel>1</nestedLevel>
</record>
<record>
  <date>2020-03-20T10:18:13</date>
  <millis>1584670693783</millis>
  <sequence>35</sequence>
  <level>START</level>
  <class>com.kms.katalon.core.logging.XmlKeywordLogger</class>
  <method>startKeyword</method>
  <thread>1</thread>
  <message>Start action : waitForElementVisible(findTestObject(\&amp;quot;ADMIN/Language/sidemenu_Edit Text\&amp;quot;), 0)</message>
  <nestedLevel>1</nestedLevel>
  <property name="startLine">22</property>
  <property name="stepIndex">3</property>
</record>
<record>
  <date>2020-03-20T10:18:13</date>
  <millis>1584670693836</millis>
  <sequence>39</sequence>
  <level>WARNING</level>
  <class>com.kms.katalon.core.logging.XmlKeywordLogger</class>
  <method>logMessage</method>
  <thread>1</thread>
  <message>Timeout &amp;apos;0&amp;apos; is invalid. Using default page load timeout: &amp;apos;30&amp;apos;</message>
  <nestedLevel>1</nestedLevel>
</record>
<record>
  <date>2020-03-20T10:18:14</date>
  <millis>1584670694469</millis>
  <sequence>45</sequence>
  <level>PASSED</level>
  <class>com.kms.katalon.core.logging.XmlKeywordLogger</class>
  <method>logMessage</method>
  <thread>1</thread>
  <message>Object &amp;apos;Object Repository/ADMIN/Language/sidemenu_Edit Text&amp;apos; is visible</message>
  <nestedLevel>1</nestedLevel>
</record>
<record>
  <date>2020-03-20T10:18:14</date>
  <millis>1584670694469</millis>
  <sequence>46</sequence>
  <level>END</level>
  <class>com.kms.katalon.core.logging.XmlKeywordLogger</class>
  <method>endKeyword</method>
  <thread>1</thread>
  <message>End action : waitForElementVisible(findTestObject(\&amp;quot;ADMIN/Language/sidemenu_Edit Text\&amp;quot;), 0)</message>
  <nestedLevel>1</nestedLevel>
</record>
<record>
  <date>2020-03-20T10:18:14</date>
  <millis>1584670694470</millis>
  <sequence>47</sequence>
  <level>START</level>
  <class>com.kms.katalon.core.logging.XmlKeywordLogger</class>
  <method>startKeyword</method>
  <thread>1</thread>
  <message>Start action : click(findTestObject(\&amp;quot;ADMIN/Language/sidemenu_Edit Text\&amp;quot;), CONTINUE_ON_FAILURE)</message>
  <nestedLevel>1</nestedLevel>
  <property name="startLine">24</property>
  <property name="stepIndex">4</property>
</record>
<record>
  <date>2020-03-20T10:18:15</date>
  <millis>1584670695938</millis>
  <sequence>56</sequence>
  <level>PASSED</level>
  <class>com.kms.katalon.core.logging.XmlKeywordLogger</class>
  <method>logMessage</method>
  <thread>1</thread>
  <message>Object: &amp;apos;Object Repository/ADMIN/Language/sidemenu_Edit Text&amp;apos; is clicked on</message>
  <nestedLevel>1</nestedLevel>
</record>
<record>
  <date>2020-03-20T10:18:15</date>
  <millis>1584670695939</millis>
  <sequence>57</sequence>
  <level>END</level>
  <class>com.kms.katalon.core.logging.XmlKeywordLogger</class>
  <method>endKeyword</method>
  <thread>1</thread>
  <message>End action : click(findTestObject(\&amp;quot;ADMIN/Language/sidemenu_Edit Text\&amp;quot;), CONTINUE_ON_FAILURE)</message>
  <nestedLevel>1</nestedLevel>
</record>
<record>
  <date>2020-03-20T10:18:15</date>
  <millis>1584670695940</millis>
  <sequence>58</sequence>
  <level>START</level>
  <class>com.kms.katalon.core.logging.XmlKeywordLogger</class>
  <method>startKeyword</method>
  <thread>1</thread>
  <message>Start action : waitForElementVisible(findTestObject(\&amp;quot;ADMIN/Edit Text/Bespoke/Buyer Navigation/icon_dd\&amp;quot;), 0)</message>
  <nestedLevel>1</nestedLevel>
  <property name="startLine">26</property>
  <property name="stepIndex">5</property>
</record>
<record>
  <date>2020-03-20T10:18:15</date>
  <millis>1584670695986</millis>
  <sequence>62</sequence>
  <level>WARNING</level>
  <class>com.kms.katalon.core.logging.XmlKeywordLogger</class>
  <method>logMessage</method>
  <thread>1</thread>
  <message>Timeout &amp;apos;0&amp;apos; is invalid. Using default page load timeout: &amp;apos;30&amp;apos;</message>
  <nestedLevel>1</nestedLevel>
</record>
<record>
  <date>2020-03-20T10:18:16</date>
  <millis>1584670696667</millis>
  <sequence>68</sequence>
  <level>PASSED</level>
  <class>com.kms.katalon.core.logging.XmlKeywordLogger</class>
  <method>logMessage</method>
  <thread>1</thread>
  <message>Object &amp;apos;Object Repository/ADMIN/Edit Text/Bespoke/Buyer Navigation/icon_dd&amp;apos; is visible</message>
  <nestedLevel>1</nestedLevel>
</record>
<record>
  <date>2020-03-20T10:18:16</date>
  <millis>1584670696669</millis>
  <sequence>69</sequence>
  <level>END</level>
  <class>com.kms.katalon.core.logging.XmlKeywordLogger</class>
  <method>endKeyword</method>
  <thread>1</thread>
  <message>End action : waitForElementVisible(findTestObject(\&amp;quot;ADMIN/Edit Text/Bespoke/Buyer Navigation/icon_dd\&amp;quot;), 0)</message>
  <nestedLevel>1</nestedLevel>
</record>
<record>
  <date>2020-03-20T10:18:16</date>
  <millis>1584670696669</millis>
  <sequence>70</sequence>
  <level>START</level>
  <class>com.kms.katalon.core.logging.XmlKeywordLogger</class>
  <method>startKeyword</method>
  <thread>1</thread>
  <message>Start action : click(findTestObject(\&amp;quot;ADMIN/Edit Text/Bespoke/Buyer Navigation/icon_dd\&amp;quot;), CONTINUE_ON_FAILURE)</message>
  <nestedLevel>1</nestedLevel>
  <property name="startLine">28</property>
  <property name="stepIndex">6</property>
</record>
<record>
  <date>2020-03-20T10:18:16</date>
  <millis>1584670696834</millis>
  <sequence>79</sequence>
  <level>PASSED</level>
  <class>com.kms.katalon.core.logging.XmlKeywordLogger</class>
  <method>logMessage</method>
  <thread>1</thread>
  <message>Object: &amp;apos;Object Repository/ADMIN/Edit Text/Bespoke/Buyer Navigation/icon_dd&amp;apos; is clicked on</message>
  <nestedLevel>1</nestedLevel>
</record>
<record>
  <date>2020-03-20T10:18:16</date>
  <millis>1584670696834</millis>
  <sequence>80</sequence>
  <level>END</level>
  <class>com.kms.katalon.core.logging.XmlKeywordLogger</class>
  <method>endKeyword</method>
  <thread>1</thread>
  <message>End action : click(findTestObject(\&amp;quot;ADMIN/Edit Text/Bespoke/Buyer Navigation/icon_dd\&amp;quot;), CONTINUE_ON_FAILURE)</message>
  <nestedLevel>1</nestedLevel>
</record>
<record>
  <date>2020-03-20T10:18:16</date>
  <millis>1584670696834</millis>
  <sequence>81</sequence>
  <level>START</level>
  <class>com.kms.katalon.core.logging.XmlKeywordLogger</class>
  <method>startKeyword</method>
  <thread>1</thread>
  <message>Start action : waitForElementVisible(findTestObject(\&amp;quot;ADMIN/Edit Text/Bespoke/Buyer Navigation/textlink_Purchase History Details\&amp;quot;), 0)</message>
  <nestedLevel>1</nestedLevel>
  <property name="startLine">30</property>
  <property name="stepIndex">7</property>
</record>
<record>
  <date>2020-03-20T10:18:16</date>
  <millis>1584670696879</millis>
  <sequence>85</sequence>
  <level>WARNING</level>
  <class>com.kms.katalon.core.logging.XmlKeywordLogger</class>
  <method>logMessage</method>
  <thread>1</thread>
  <message>Timeout &amp;apos;0&amp;apos; is invalid. Using default page load timeout: &amp;apos;30&amp;apos;</message>
  <nestedLevel>1</nestedLevel>
</record>
<record>
  <date>2020-03-20T10:18:17</date>
  <millis>1584670697479</millis>
  <sequence>91</sequence>
  <level>PASSED</level>
  <class>com.kms.katalon.core.logging.XmlKeywordLogger</class>
  <method>logMessage</method>
  <thread>1</thread>
  <message>Object &amp;apos;Object Repository/ADMIN/Edit Text/Bespoke/Buyer Navigation/textlink_Purchase History Details&amp;apos; is visible</message>
  <nestedLevel>1</nestedLevel>
</record>
<record>
  <date>2020-03-20T10:18:17</date>
  <millis>1584670697480</millis>
  <sequence>92</sequence>
  <level>END</level>
  <class>com.kms.katalon.core.logging.XmlKeywordLogger</class>
  <method>endKeyword</method>
  <thread>1</thread>
  <message>End action : waitForElementVisible(findTestObject(\&amp;quot;ADMIN/Edit Text/Bespoke/Buyer Navigation/textlink_Purchase History Details\&amp;quot;), 0)</message>
  <nestedLevel>1</nestedLevel>
</record>
<record>
  <date>2020-03-20T10:18:17</date>
  <millis>1584670697480</millis>
  <sequence>93</sequence>
  <level>START</level>
  <class>com.kms.katalon.core.logging.XmlKeywordLogger</class>
  <method>startKeyword</method>
  <thread>1</thread>
  <message>Start action : click(findTestObject(\&amp;quot;ADMIN/Edit Text/Bespoke/Buyer Navigation/textlink_Purchase History Details\&amp;quot;), CONTINUE_ON_FAILURE)</message>
  <nestedLevel>1</nestedLevel>
  <property name="startLine">32</property>
  <property name="stepIndex">8</property>
</record>
<record>
  <date>2020-03-20T10:18:18</date>
  <millis>1584670698926</millis>
  <sequence>102</sequence>
  <level>PASSED</level>
  <class>com.kms.katalon.core.logging.XmlKeywordLogger</class>
  <method>logMessage</method>
  <thread>1</thread>
  <message>Object: &amp;apos;Object Repository/ADMIN/Edit Text/Bespoke/Buyer Navigation/textlink_Purchase History Details&amp;apos; is clicked on</message>
  <nestedLevel>1</nestedLevel>
</record>
<record>
  <date>2020-03-20T10:18:18</date>
  <millis>1584670698927</millis>
  <sequence>103</sequence>
  <level>END</level>
  <class>com.kms.katalon.core.logging.XmlKeywordLogger</class>
  <method>endKeyword</method>
  <thread>1</thread>
  <message>End action : click(findTestObject(\&amp;quot;ADMIN/Edit Text/Bespoke/Buyer Navigation/textlink_Purchase History Details\&amp;quot;), CONTINUE_ON_FAILURE)</message>
  <nestedLevel>1</nestedLevel>
</record>
<record>
  <date>2020-03-20T10:18:18</date>
  <millis>1584670698927</millis>
  <sequence>104</sequence>
  <level>START</level>
  <class>com.kms.katalon.core.logging.XmlKeywordLogger</class>
  <method>startKeyword</method>
  <thread>1</thread>
  <message>Start action : waitForElementVisible(findTestObject(\&amp;quot;ADMIN/Edit Text/Bespoke/Buyer Navigation/dd_language\&amp;quot;), 0)</message>
  <nestedLevel>1</nestedLevel>
  <property name="startLine">34</property>
  <property name="stepIndex">9</property>
</record>
<record>
  <date>2020-03-20T10:18:18</date>
  <millis>1584670698975</millis>
  <sequence>108</sequence>
  <level>WARNING</level>
  <class>com.kms.katalon.core.logging.XmlKeywordLogger</class>
  <method>logMessage</method>
  <thread>1</thread>
  <message>Timeout &amp;apos;0&amp;apos; is invalid. Using default page load timeout: &amp;apos;30&amp;apos;</message>
  <nestedLevel>1</nestedLevel>
</record>
<record>
  <date>2020-03-20T10:18:19</date>
  <millis>1584670699715</millis>
  <sequence>114</sequence>
  <level>PASSED</level>
  <class>com.kms.katalon.core.logging.XmlKeywordLogger</class>
  <method>logMessage</method>
  <thread>1</thread>
  <message>Object &amp;apos;Object Repository/ADMIN/Edit Text/Bespoke/Buyer Navigation/dd_language&amp;apos; is visible</message>
  <nestedLevel>1</nestedLevel>
</record>
<record>
  <date>2020-03-20T10:18:19</date>
  <millis>1584670699716</millis>
  <sequence>115</sequence>
  <level>END</level>
  <class>com.kms.katalon.core.logging.XmlKeywordLogger</class>
  <method>endKeyword</method>
  <thread>1</thread>
  <message>End action : waitForElementVisible(findTestObject(\&amp;quot;ADMIN/Edit Text/Bespoke/Buyer Navigation/dd_language\&amp;quot;), 0)</message>
  <nestedLevel>1</nestedLevel>
</record>
<record>
  <date>2020-03-20T10:18:19</date>
  <millis>1584670699716</millis>
  <sequence>116</sequence>
  <level>PASSED</level>
  <class>com.kms.katalon.core.logging.XmlKeywordLogger</class>
  <method>logMessage</method>
  <thread>1</thread>
  <message>Test Cases/ADMIN/Language/Edit Text/Bespoke/Buyer Pages/Purchase Details Navigation</message>
  <nestedLevel>1</nestedLevel>
</record>
<record>
  <date>2020-03-20T10:18:19</date>
  <millis>1584670699719</millis>
  <sequence>117</sequence>
  <level>END</level>
  <class>com.kms.katalon.core.logging.XmlKeywordLogger</class>
  <method>endTest</method>
  <thread>1</thread>
  <message>End Test Case : Test Cases/ADMIN/Language/Edit Text/Bespoke/Buyer Pages/Purchase Details Navigation</message>
  <nestedLevel>0</nestedLevel>
</record>
<record>
  <date>2020-03-20T10:18:19</date>
  <millis>1584670699724</millis>
  <sequence>118</sequence>
  <level>START</level>
  <class>com.kms.katalon.core.logging.XmlKeywordLogger</class>
  <method>startTest</method>
  <thread>1</thread>
  <message>Start Test Case : Test Cases/ADMIN/Language/Edit Text/Bespoke/Buyer Pages/Purchase Details</message>
  <nestedLevel>1</nestedLevel>
  <property name="name">Test Cases/ADMIN/Language/Edit Text/Bespoke/Buyer Pages/Purchase Details</property>
  <property name="description"></property>
  <property name="id">Test Cases/ADMIN/Language/Edit Text/Bespoke/Buyer Pages/Purchase Details</property>
  <property name="source">C:\\Katalon\\Arctick\\Test Cases\\ADMIN\\Language\\Edit Text\\Bespoke\\Buyer Pages\\Purchase Details.tc</property>
  <property name="tag"></property>
  <property name="isOptional">false</property>
</record>
<record>
  <date>2020-03-20T10:18:20</date>
  <millis>1584670700752</millis>
  <sequence>124</sequence>
  <level>INFO</level>
  <class>com.kms.katalon.core.logging.XmlKeywordLogger</class>
  <method>logMessage</method>
  <thread>1</thread>
  <message>(Default) varLanguage = com.kms.katalon.core.testdata.reader.SheetPOI@52cb4f50</message>
  <nestedLevel>1</nestedLevel>
</record>
<record>
  <date>2020-03-20T10:18:20</date>
  <millis>1584670700932</millis>
  <sequence>125</sequence>
  <level>START</level>
  <class>com.kms.katalon.core.logging.XmlKeywordLogger</class>
  <method>startKeyword</method>
  <thread>1</thread>
  <message>Start action : waitForElementVisible(findTestObject(\&amp;quot;ADMIN/Edit Text/Bespoke/Buyer Navigation/dd_language\&amp;quot;), 0)</message>
  <nestedLevel>1</nestedLevel>
  <property name="startLine">18</property>
  <property name="stepIndex">1</property>
</record>
<record>
  <date>2020-03-20T10:18:20</date>
  <millis>1584670700971</millis>
  <sequence>129</sequence>
  <level>WARNING</level>
  <class>com.kms.katalon.core.logging.XmlKeywordLogger</class>
  <method>logMessage</method>
  <thread>1</thread>
  <message>Timeout &amp;apos;0&amp;apos; is invalid. Using default page load timeout: &amp;apos;30&amp;apos;</message>
  <nestedLevel>1</nestedLevel>
</record>
<record>
  <date>2020-03-20T10:18:21</date>
  <millis>1584670701029</millis>
  <sequence>135</sequence>
  <level>PASSED</level>
  <class>com.kms.katalon.core.logging.XmlKeywordLogger</class>
  <method>logMessage</method>
  <thread>1</thread>
  <message>Object &amp;apos;Object Repository/ADMIN/Edit Text/Bespoke/Buyer Navigation/dd_language&amp;apos; is visible</message>
  <nestedLevel>1</nestedLevel>
</record>
<record>
  <date>2020-03-20T10:18:21</date>
  <millis>1584670701029</millis>
  <sequence>136</sequence>
  <level>END</level>
  <class>com.kms.katalon.core.logging.XmlKeywordLogger</class>
  <method>endKeyword</method>
  <thread>1</thread>
  <message>End action : waitForElementVisible(findTestObject(\&amp;quot;ADMIN/Edit Text/Bespoke/Buyer Navigation/dd_language\&amp;quot;), 0)</message>
  <nestedLevel>1</nestedLevel>
</record>
<record>
  <date>2020-03-20T10:18:21</date>
  <millis>1584670701029</millis>
  <sequence>137</sequence>
  <level>START</level>
  <class>com.kms.katalon.core.logging.XmlKeywordLogger</class>
  <method>startKeyword</method>
  <thread>1</thread>
  <message>Start action : selectOptionByLabel(findTestObject(\&amp;quot;ADMIN/Edit Text/Bespoke/Buyer Navigation/dd_language\&amp;quot;), varLanguage, false)</message>
  <nestedLevel>1</nestedLevel>
  <property name="startLine">20</property>
  <property name="stepIndex">2</property>
</record>
<record>
  <date>2020-03-20T10:18:21</date>
  <millis>1584670701058</millis>
  <sequence>139</sequence>
  <level>END</level>
  <class>com.kms.katalon.core.logging.XmlKeywordLogger</class>
  <method>endKeyword</method>
  <thread>1</thread>
  <message>End action : selectOptionByLabel(findTestObject(\&amp;quot;ADMIN/Edit Text/Bespoke/Buyer Navigation/dd_language\&amp;quot;), varLanguage, false)</message>
  <nestedLevel>1</nestedLevel>
</record>
<record>
  <date>2020-03-20T10:18:21</date>
  <millis>1584670701096</millis>
  <sequence>141</sequence>
  <level>ERROR</level>
  <class>com.kms.katalon.core.logging.XmlKeywordLogger</class>
  <method>logMessage</method>
  <thread>1</thread>
  <message>Test Cases/ADMIN/Language/Edit Text/Bespoke/Buyer Pages/Purchase Details FAILED.\nReason:\ngroovy.lang.MissingMethodException: No signature of method: static com.kms.katalon.core.webui.keyword.WebUiBuiltInKeywords.selectOptionByLabel() is applicable for argument types: (com.kms.katalon.core.testobject.TestObject, com.kms.katalon.core.testdata.reader.SheetPOI, java.lang.Boolean) values: [TestObject - &amp;apos;Object Repository/ADMIN/Edit Text/Bespoke/Buyer Navigation/dd_language&amp;apos;, ...]\nPossible solutions: selectOptionByLabel(com.kms.katalon.core.testobject.TestObject, java.lang.String, boolean), selectOptionByLabel(com.kms.katalon.core.testobject.TestObject, java.lang.String, boolean, com.kms.katalon.core.model.FailureHandling), deselectOptionByLabel(com.kms.katalon.core.testobject.TestObject, java.lang.String, boolean), deselectOptionByLabel(com.kms.katalon.core.testobject.TestObject, java.lang.String, boolean, com.kms.katalon.core.model.FailureHandling), selectOptionByValue(com.kms.katalon.core.testobject.TestObject, java.lang.String, boolean)\r\n\tat Purchase Details.run(Purchase Details:20)\r\n\tat com.kms.katalon.core.main.ScriptEngine.run(ScriptEngine.java:194)\r\n\tat com.kms.katalon.core.main.ScriptEngine.runScriptAsRawText(ScriptEngine.java:119)\r\n\tat com.kms.katalon.core.main.TestCaseExecutor.runScript(TestCaseExecutor.java:337)\r\n\tat com.kms.katalon.core.main.TestCaseExecutor.doExecute(TestCaseExecutor.java:328)\r\n\tat com.kms.katalon.core.main.TestCaseExecutor.processExecutionPhase(TestCaseExecutor.java:307)\r\n\tat com.kms.katalon.core.main.TestCaseExecutor.accessMainPhase(TestCaseExecutor.java:299)\r\n\tat com.kms.katalon.core.main.TestCaseExecutor.execute(TestCaseExecutor.java:233)\r\n\tat com.kms.katalon.core.main.TestSuiteExecutor.accessTestCaseMainPhase(TestSuiteExecutor.java:169)\r\n\tat com.kms.katalon.core.main.TestSuiteExecutor.accessTestSuiteMainPhase(TestSuiteExecutor.java:142)\r\n\tat com.kms.katalon.core.main.TestSuiteExecutor.execute(TestSuiteExecutor.java:91)\r\n\tat com.kms.katalon.core.main.TestCaseMain.startTestSuite(TestCaseMain.java:157)\r\n\tat com.kms.katalon.core.main.TestCaseMain$startTestSuite$0.call(Unknown Source)\r\n\tat TempTestSuite1584670688112.run(TempTestSuite1584670688112.groovy:36)\r\n</message>
  <exception>
    <message>groovy.lang.MissingMethodException: No signature of method: static com.kms.katalon.core.webui.keyword.WebUiBuiltInKeywords.selectOptionByLabel() is applicable for argument types: (com.kms.katalon.core.testobject.TestObject, com.kms.katalon.core.testdata.reader.SheetPOI, java.lang.Boolean) values: [TestObject - 'Object Repository/ADMIN/Edit Text/Bespoke/Buyer Navigation/dd_language', ...]
Possible solutions: selectOptionByLabel(com.kms.katalon.core.testobject.TestObject, java.lang.String, boolean), selectOptionByLabel(com.kms.katalon.core.testobject.TestObject, java.lang.String, boolean, com.kms.katalon.core.model.FailureHandling), deselectOptionByLabel(com.kms.katalon.core.testobject.TestObject, java.lang.String, boolean), deselectOptionByLabel(com.kms.katalon.core.testobject.TestObject, java.lang.String, boolean, com.kms.katalon.core.model.FailureHandling), selectOptionByValue(com.kms.katalon.core.testobject.TestObject, java.lang.String, boolean)</message>
    <frame>
      <class>Purchase Details</class>
      <method>run</method>
      <line>20</line>
    </frame>
    <frame>
      <class>com.kms.katalon.core.main.ScriptEngine</class>
      <method>run</method>
      <line>194</line>
    </frame>
    <frame>
      <class>com.kms.katalon.core.main.ScriptEngine</class>
      <method>runScriptAsRawText</method>
      <line>119</line>
    </frame>
    <frame>
      <class>com.kms.katalon.core.main.TestCaseExecutor</class>
      <method>runScript</method>
      <line>337</line>
    </frame>
    <frame>
      <class>com.kms.katalon.core.main.TestCaseExecutor</class>
      <method>doExecute</method>
      <line>328</line>
    </frame>
    <frame>
      <class>com.kms.katalon.core.main.TestCaseExecutor</class>
      <method>processExecutionPhase</method>
      <line>307</line>
    </frame>
    <frame>
      <class>com.kms.katalon.core.main.TestCaseExecutor</class>
      <method>accessMainPhase</method>
      <line>299</line>
    </frame>
    <frame>
      <class>com.kms.katalon.core.main.TestCaseExecutor</class>
      <method>execute</method>
      <line>233</line>
    </frame>
    <frame>
      <class>com.kms.katalon.core.main.TestSuiteExecutor</class>
      <method>accessTestCaseMainPhase</method>
      <line>169</line>
    </frame>
    <frame>
      <class>com.kms.katalon.core.main.TestSuiteExecutor</class>
      <method>accessTestSuiteMainPhase</method>
      <line>142</line>
    </frame>
    <frame>
      <class>com.kms.katalon.core.main.TestSuiteExecutor</class>
      <method>execute</method>
      <line>91</line>
    </frame>
    <frame>
      <class>com.kms.katalon.core.main.TestCaseMain</class>
      <method>startTestSuite</method>
      <line>157</line>
    </frame>
    <frame>
      <class>com.kms.katalon.core.main.TestCaseMain$startTestSuite$0</class>
      <method>call</method>
    </frame>
    <frame>
      <class>TempTestSuite1584670688112</class>
      <method>run</method>
      <line>36</line>
    </frame>
  </exception>
  <nestedLevel>0</nestedLevel>
  <property name="failed.exception.stacktrace">groovy.lang.MissingMethodException: No signature of method: static com.kms.katalon.core.webui.keyword.WebUiBuiltInKeywords.selectOptionByLabel() is applicable for argument types: (com.kms.katalon.core.testobject.TestObject, com.kms.katalon.core.testdata.reader.SheetPOI, java.lang.Boolean) values: [TestObject - &apos;Object Repository/ADMIN/Edit Text/Bespoke/Buyer Navigation/dd_language&apos;, ...]\nPossible solutions: selectOptionByLabel(com.kms.katalon.core.testobject.TestObject, java.lang.String, boolean), selectOptionByLabel(com.kms.katalon.core.testobject.TestObject, java.lang.String, boolean, com.kms.katalon.core.model.FailureHandling), deselectOptionByLabel(com.kms.katalon.core.testobject.TestObject, java.lang.String, boolean), deselectOptionByLabel(com.kms.katalon.core.testobject.TestObject, java.lang.String, boolean, com.kms.katalon.core.model.FailureHandling), selectOptionByValue(com.kms.katalon.core.testobject.TestObject, java.lang.String, boolean)\r\n\tat Purchase Details.run(Purchase Details:20)\r\n\tat com.kms.katalon.core.main.ScriptEngine.run(ScriptEngine.java:194)\r\n\tat com.kms.katalon.core.main.ScriptEngine.runScriptAsRawText(ScriptEngine.java:119)\r\n\tat com.kms.katalon.core.main.TestCaseExecutor.runScript(TestCaseExecutor.java:337)\r\n\tat com.kms.katalon.core.main.TestCaseExecutor.doExecute(TestCaseExecutor.java:328)\r\n\tat com.kms.katalon.core.main.TestCaseExecutor.processExecutionPhase(TestCaseExecutor.java:307)\r\n\tat com.kms.katalon.core.main.TestCaseExecutor.accessMainPhase(TestCaseExecutor.java:299)\r\n\tat com.kms.katalon.core.main.TestCaseExecutor.execute(TestCaseExecutor.java:233)\r\n\tat com.kms.katalon.core.main.TestSuiteExecutor.accessTestCaseMainPhase(TestSuiteExecutor.java:169)\r\n\tat com.kms.katalon.core.main.TestSuiteExecutor.accessTestSuiteMainPhase(TestSuiteExecutor.java:142)\r\n\tat com.kms.katalon.core.main.TestSuiteExecutor.execute(TestSuiteExecutor.java:91)\r\n\tat com.kms.katalon.core.main.TestCaseMain.startTestSuite(TestCaseMain.java:157)\r\n\tat com.kms.katalon.core.main.TestCaseMain$startTestSuite$0.call(Unknown Source)\r\n\tat TempTestSuite1584670688112.run(TempTestSuite1584670688112.groovy:36)\r\n</property>
  <property name="failed.exception.class">groovy.lang.MissingMethodException</property>
  <property name="failed.exception.message">No signature of method: static com.kms.katalon.core.webui.keyword.WebUiBuiltInKeywords.selectOptionByLabel() is applicable for argument types: (com.kms.katalon.core.testobject.TestObject, com.kms.katalon.core.testdata.reader.SheetPOI, java.lang.Boolean) values: [TestObject - &apos;Object Repository/ADMIN/Edit Text/Bespoke/Buyer Navigation/dd_language&apos;, ...]\nPossible solutions: selectOptionByLabel(com.kms.katalon.core.testobject.TestObject, java.lang.String, boolean), selectOptionByLabel(com.kms.katalon.core.testobject.TestObject, java.lang.String, boolean, com.kms.katalon.core.model.FailureHandling), deselectOptionByLabel(com.kms.katalon.core.testobject.TestObject, java.lang.String, boolean), deselectOptionByLabel(com.kms.katalon.core.testobject.TestObject, java.lang.String, boolean, com.kms.katalon.core.model.FailureHandling), selectOptionByValue(com.kms.katalon.core.testobject.TestObject, java.lang.String, boolean)</property>
</record>
<record>
  <date>2020-03-20T10:18:21</date>
  <millis>1584670701170</millis>
  <sequence>143</sequence>
  <level>END</level>
  <class>com.kms.katalon.core.logging.XmlKeywordLogger</class>
  <method>endTest</method>
  <thread>1</thread>
  <message>End Test Case : Test Cases/ADMIN/Language/Edit Text/Bespoke/Buyer Pages/Purchase Details</message>
  <nestedLevel>0</nestedLevel>
</record>
<record>
  <date>2020-03-20T10:18:21</date>
  <millis>1584670701171</millis>
  <sequence>144</sequence>
  <level>END</level>
  <class>com.kms.katalon.core.logging.XmlKeywordLogger</class>
  <method>endSuite</method>
  <thread>1</thread>
  <message>End Test Suite : Test Suites/Admin/Language/Edit Text/Bespoke/Buyer Pages/Bespoke Buyer Pages</message>
  <nestedLevel>0</nestedLevel>
</record>
</log>
<?xml version="1.0" encoding="UTF-8" standalone="no"?>
<!DOCTYPE log SYSTEM "logger.dtd">
<log>
<record>
  <date>2020-03-20T10:19:23</date>
  <millis>1584670763517</millis>
  <sequence>40487</sequence>
  <level>INFO</level>
  <class>com.kms.katalon.core.logging.XmlKeywordLogger</class>
  <method>logMessage</method>
  <thread>1</thread>
  <message>Finding test data with id &amp;apos;Data Files/ADMIN/Language/Language&amp;apos;</message>
  <nestedLevel>0</nestedLevel>
</record>
<record>
  <date>2020-03-20T10:19:23</date>
  <millis>1584670763519</millis>
  <sequence>40488</sequence>
  <level>INFO</level>
  <class>com.kms.katalon.core.logging.XmlKeywordLogger</class>
  <method>logMessage</method>
  <thread>1</thread>
  <message>Test data is excel file, reading excel file</message>
  <nestedLevel>0</nestedLevel>
</record>
<record>
  <date>2020-03-20T10:19:23</date>
  <millis>1584670763519</millis>
  <sequence>40489</sequence>
  <level>INFO</level>
  <class>com.kms.katalon.core.logging.XmlKeywordLogger</class>
  <method>logMessage</method>
  <thread>1</thread>
  <message>Reading excel file with source file &amp;apos;C:\\Katalon\\Arctick\\Data Files\\Test Data.xlsx&amp;apos; and sheet name &amp;apos;Language&amp;apos;</message>
  <nestedLevel>0</nestedLevel>
</record>
<record>
  <date>2020-03-20T10:19:28</date>
  <millis>1584670768892</millis>
  <sequence>40490</sequence>
  <level>INFO</level>
  <class>com.kms.katalon.core.logging.XmlKeywordLogger</class>
  <method>logMessage</method>
  <thread>534</thread>
  <message>Finding test data with id &amp;apos;Data Files/ADMIN/Language/Language&amp;apos;</message>
  <nestedLevel>0</nestedLevel>
</record>
<record>
  <date>2020-03-20T10:19:28</date>
  <millis>1584670768900</millis>
  <sequence>40491</sequence>
  <level>INFO</level>
  <class>com.kms.katalon.core.logging.XmlKeywordLogger</class>
  <method>logMessage</method>
  <thread>534</thread>
  <message>Test data is excel file, reading excel file</message>
  <nestedLevel>0</nestedLevel>
</record>
<record>
  <date>2020-03-20T10:19:28</date>
  <millis>1584670768901</millis>
  <sequence>40492</sequence>
  <level>INFO</level>
  <class>com.kms.katalon.core.logging.XmlKeywordLogger</class>
  <method>logMessage</method>
  <thread>534</thread>
  <message>Reading excel file with source file &amp;apos;C:\\Katalon\\Arctick\\Data Files\\Test Data.xlsx&amp;apos; and sheet name &amp;apos;Language&amp;apos;</message>
  <nestedLevel>0</nestedLevel>
</record>
<record>
  <date>2020-03-20T10:22:20</date>
  <millis>1584670940490</millis>
  <sequence>45959</sequence>
  <level>INFO</level>
  <class>com.kms.katalon.core.logging.XmlKeywordLogger</class>
  <method>logMessage</method>
  <thread>770</thread>
  <message>Finding test data with id &amp;apos;Data Files/ADMIN/Language/Language&amp;apos;</message>
  <nestedLevel>0</nestedLevel>
</record>
<record>
  <date>2020-03-20T10:22:20</date>
  <millis>1584670940535</millis>
  <sequence>45960</sequence>
  <level>INFO</level>
  <class>com.kms.katalon.core.logging.XmlKeywordLogger</class>
  <method>logMessage</method>
  <thread>770</thread>
  <message>Test data is excel file, reading excel file</message>
  <nestedLevel>0</nestedLevel>
</record>
<record>
  <date>2020-03-20T10:22:20</date>
  <millis>1584670940535</millis>
  <sequence>45961</sequence>
  <level>INFO</level>
  <class>com.kms.katalon.core.logging.XmlKeywordLogger</class>
  <method>logMessage</method>
  <thread>770</thread>
  <message>Reading excel file with source file &amp;apos;C:\\Katalon\\Arctick\\Data Files\\Test Data.xlsx&amp;apos; and sheet name &amp;apos;Language&amp;apos;</message>
  <nestedLevel>0</nestedLevel>
</record>
<record>
  <date>2020-03-20T10:23:46</date>
  <millis>1584671026913</millis>
  <sequence>47540</sequence>
  <level>INFO</level>
  <class>com.kms.katalon.core.logging.XmlKeywordLogger</class>
  <method>logMessage</method>
  <thread>599</thread>
  <message>Finding test data with id &amp;apos;Data Files/ADMIN/Language/Language&amp;apos;</message>
  <nestedLevel>0</nestedLevel>
</record>
<record>
  <date>2020-03-20T10:23:46</date>
  <millis>1584671026914</millis>
  <sequence>47541</sequence>
  <level>INFO</level>
  <class>com.kms.katalon.core.logging.XmlKeywordLogger</class>
  <method>logMessage</method>
  <thread>599</thread>
  <message>Test data is excel file, reading excel file</message>
  <nestedLevel>0</nestedLevel>
</record>
<record>
  <date>2020-03-20T10:23:46</date>
  <millis>1584671026915</millis>
  <sequence>47542</sequence>
  <level>INFO</level>
  <class>com.kms.katalon.core.logging.XmlKeywordLogger</class>
  <method>logMessage</method>
  <thread>599</thread>
  <message>Reading excel file with source file &amp;apos;C:\\Katalon\\Arctick\\Data Files\\Test Data.xlsx&amp;apos; and sheet name &amp;apos;Language&amp;apos;</message>
  <nestedLevel>0</nestedLevel>
</record>
<record>
  <date>2020-03-20T10:25:56</date>
  <millis>1584671156489</millis>
  <sequence>48977</sequence>
  <level>INFO</level>
  <class>com.kms.katalon.core.logging.XmlKeywordLogger</class>
  <method>logMessage</method>
  <thread>572</thread>
  <message>Finding test data with id &amp;apos;Data Files/ADMIN/Language/Language&amp;apos;</message>
  <nestedLevel>0</nestedLevel>
</record>
<record>
  <date>2020-03-20T10:25:56</date>
  <millis>1584671156500</millis>
  <sequence>48978</sequence>
  <level>INFO</level>
  <class>com.kms.katalon.core.logging.XmlKeywordLogger</class>
  <method>logMessage</method>
  <thread>572</thread>
  <message>Test data is excel file, reading excel file</message>
  <nestedLevel>0</nestedLevel>
</record>
<record>
  <date>2020-03-20T10:25:56</date>
  <millis>1584671156501</millis>
  <sequence>48979</sequence>
  <level>INFO</level>
  <class>com.kms.katalon.core.logging.XmlKeywordLogger</class>
  <method>logMessage</method>
  <thread>572</thread>
  <message>Reading excel file with source file &amp;apos;C:\\Katalon\\Arctick\\Data Files\\Test Data.xlsx&amp;apos; and sheet name &amp;apos;Language&amp;apos;</message>
  <nestedLevel>0</nestedLevel>
</record>
<record>
  <date>2020-03-20T10:28:07</date>
  <millis>1584671287574</millis>
  <sequence>50990</sequence>
  <level>INFO</level>
  <class>com.kms.katalon.core.logging.XmlKeywordLogger</class>
  <method>logMessage</method>
  <thread>599</thread>
  <message>Finding test data with id &amp;apos;Data Files/ADMIN/Language/Language&amp;apos;</message>
  <nestedLevel>0</nestedLevel>
</record>
<record>
  <date>2020-03-20T10:28:07</date>
  <millis>1584671287577</millis>
  <sequence>50991</sequence>
  <level>INFO</level>
  <class>com.kms.katalon.core.logging.XmlKeywordLogger</class>
  <method>logMessage</method>
  <thread>599</thread>
  <message>Test data is excel file, reading excel file</message>
  <nestedLevel>0</nestedLevel>
</record>
<record>
  <date>2020-03-20T10:28:07</date>
  <millis>1584671287577</millis>
  <sequence>50992</sequence>
  <level>INFO</level>
  <class>com.kms.katalon.core.logging.XmlKeywordLogger</class>
  <method>logMessage</method>
  <thread>599</thread>
  <message>Reading excel file with source file &amp;apos;C:\\Katalon\\Arctick\\Data Files\\Test Data.xlsx&amp;apos; and sheet name &amp;apos;Language&amp;apos;</message>
  <nestedLevel>0</nestedLevel>
</record>
<record>
  <date>2020-03-20T10:30:53</date>
  <millis>1584671453758</millis>
  <sequence>54443</sequence>
  <level>INFO</level>
  <class>com.kms.katalon.core.logging.XmlKeywordLogger</class>
  <method>logMessage</method>
  <thread>599</thread>
  <message>Finding test data with id &amp;apos;Data Files/ADMIN/Language/Language&amp;apos;</message>
  <nestedLevel>0</nestedLevel>
</record>
<record>
  <date>2020-03-20T10:30:53</date>
  <millis>1584671453758</millis>
  <sequence>54444</sequence>
  <level>INFO</level>
  <class>com.kms.katalon.core.logging.XmlKeywordLogger</class>
  <method>logMessage</method>
  <thread>599</thread>
  <message>Test data is excel file, reading excel file</message>
  <nestedLevel>0</nestedLevel>
</record>
<record>
  <date>2020-03-20T10:30:53</date>
  <millis>1584671453759</millis>
  <sequence>54445</sequence>
  <level>INFO</level>
  <class>com.kms.katalon.core.logging.XmlKeywordLogger</class>
  <method>logMessage</method>
  <thread>599</thread>
  <message>Reading excel file with source file &amp;apos;C:\\Katalon\\Arctick\\Data Files\\Test Data.xlsx&amp;apos; and sheet name &amp;apos;Language&amp;apos;</message>
  <nestedLevel>0</nestedLevel>
</record>
<record>
  <date>2020-03-20T10:34:57</date>
  <millis>1584671697346</millis>
  <sequence>63512</sequence>
  <level>INFO</level>
  <class>com.kms.katalon.core.logging.XmlKeywordLogger</class>
  <method>logMessage</method>
  <thread>963</thread>
  <message>Finding test data with id &amp;apos;Data Files/ADMIN/Language/Language&amp;apos;</message>
  <nestedLevel>0</nestedLevel>
</record>
<record>
  <date>2020-03-20T10:34:57</date>
  <millis>1584671697347</millis>
  <sequence>63513</sequence>
  <level>INFO</level>
  <class>com.kms.katalon.core.logging.XmlKeywordLogger</class>
  <method>logMessage</method>
  <thread>963</thread>
  <message>Test data is excel file, reading excel file</message>
  <nestedLevel>0</nestedLevel>
</record>
<record>
  <date>2020-03-20T10:34:57</date>
  <millis>1584671697348</millis>
  <sequence>63514</sequence>
  <level>INFO</level>
  <class>com.kms.katalon.core.logging.XmlKeywordLogger</class>
  <method>logMessage</method>
  <thread>963</thread>
  <message>Reading excel file with source file &amp;apos;C:\\Katalon\\Arctick\\Data Files\\Test Data.xlsx&amp;apos; and sheet name &amp;apos;Language&amp;apos;</message>
  <nestedLevel>0</nestedLevel>
</record>
<record>
  <date>2020-03-20T10:39:42</date>
  <millis>1584671982817</millis>
  <sequence>74021</sequence>
  <level>INFO</level>
  <class>com.kms.katalon.core.logging.XmlKeywordLogger</class>
  <method>logMessage</method>
  <thread>955</thread>
  <message>Finding test data with id &amp;apos;Data Files/ADMIN/Language/Language&amp;apos;</message>
  <nestedLevel>0</nestedLevel>
</record>
<record>
  <date>2020-03-20T10:39:42</date>
  <millis>1584671982818</millis>
  <sequence>74022</sequence>
  <level>INFO</level>
  <class>com.kms.katalon.core.logging.XmlKeywordLogger</class>
  <method>logMessage</method>
  <thread>955</thread>
  <message>Test data is excel file, reading excel file</message>
  <nestedLevel>0</nestedLevel>
</record>
<record>
  <date>2020-03-20T10:39:42</date>
  <millis>1584671982819</millis>
  <sequence>74023</sequence>
  <level>INFO</level>
  <class>com.kms.katalon.core.logging.XmlKeywordLogger</class>
  <method>logMessage</method>
  <thread>955</thread>
  <message>Reading excel file with source file &amp;apos;C:\\Katalon\\Arctick\\Data Files\\Test Data.xlsx&amp;apos; and sheet name &amp;apos;Language&amp;apos;</message>
  <nestedLevel>0</nestedLevel>
</record>
<record>
  <date>2020-03-20T11:06:50</date>
  <millis>1584673610181</millis>
  <sequence>75598</sequence>
  <level>INFO</level>
  <class>com.kms.katalon.core.logging.XmlKeywordLogger</class>
  <method>logMessage</method>
  <thread>1068</thread>
  <message>Finding test data with id &amp;apos;Data Files/ADMIN/Language/Language&amp;apos;</message>
  <nestedLevel>0</nestedLevel>
</record>
<record>
  <date>2020-03-20T11:06:50</date>
  <millis>1584673610182</millis>
  <sequence>75599</sequence>
  <level>INFO</level>
  <class>com.kms.katalon.core.logging.XmlKeywordLogger</class>
  <method>logMessage</method>
  <thread>1068</thread>
  <message>Test data is excel file, reading excel file</message>
  <nestedLevel>0</nestedLevel>
</record>
<record>
  <date>2020-03-20T11:06:50</date>
  <millis>1584673610182</millis>
  <sequence>75600</sequence>
  <level>INFO</level>
  <class>com.kms.katalon.core.logging.XmlKeywordLogger</class>
  <method>logMessage</method>
  <thread>1068</thread>
  <message>Reading excel file with source file &amp;apos;C:\\Katalon\\Arctick\\Data Files\\Test Data.xlsx&amp;apos; and sheet name &amp;apos;Language&amp;apos;</message>
  <nestedLevel>0</nestedLevel>
</record>
<record>
  <date>2020-03-20T11:10:06</date>
  <millis>1584673806959</millis>
  <sequence>80203</sequence>
  <level>INFO</level>
  <class>com.kms.katalon.core.logging.XmlKeywordLogger</class>
  <method>logMessage</method>
  <thread>1084</thread>
  <message>Finding test data with id &amp;apos;Data Files/ADMIN/Language/Language&amp;apos;</message>
  <nestedLevel>0</nestedLevel>
</record>
<record>
  <date>2020-03-20T11:10:06</date>
  <millis>1584673806961</millis>
  <sequence>80204</sequence>
  <level>INFO</level>
  <class>com.kms.katalon.core.logging.XmlKeywordLogger</class>
  <method>logMessage</method>
  <thread>1084</thread>
  <message>Test data is excel file, reading excel file</message>
  <nestedLevel>0</nestedLevel>
</record>
<record>
  <date>2020-03-20T11:10:06</date>
  <millis>1584673806966</millis>
  <sequence>80205</sequence>
  <level>INFO</level>
  <class>com.kms.katalon.core.logging.XmlKeywordLogger</class>
  <method>logMessage</method>
  <thread>1084</thread>
  <message>Reading excel file with source file &amp;apos;C:\\Katalon\\Arctick\\Data Files\\Test Data.xlsx&amp;apos; and sheet name &amp;apos;Language&amp;apos;</message>
  <nestedLevel>0</nestedLevel>
</record>
<record>
  <date>2020-03-20T11:10:39</date>
  <millis>1584673839589</millis>
  <sequence>80247</sequence>
  <level>INFO</level>
  <class>com.kms.katalon.core.logging.XmlKeywordLogger</class>
  <method>logMessage</method>
  <thread>1114</thread>
  <message>Finding test data with id &amp;apos;Data Files/ADMIN/Language/Language&amp;apos;</message>
  <nestedLevel>0</nestedLevel>
</record>
<record>
  <date>2020-03-20T11:10:39</date>
  <millis>1584673839590</millis>
  <sequence>80248</sequence>
  <level>INFO</level>
  <class>com.kms.katalon.core.logging.XmlKeywordLogger</class>
  <method>logMessage</method>
  <thread>1114</thread>
  <message>Test data is excel file, reading excel file</message>
  <nestedLevel>0</nestedLevel>
</record>
<record>
  <date>2020-03-20T11:10:39</date>
  <millis>1584673839590</millis>
  <sequence>80249</sequence>
  <level>INFO</level>
  <class>com.kms.katalon.core.logging.XmlKeywordLogger</class>
  <method>logMessage</method>
  <thread>1114</thread>
  <message>Reading excel file with source file &amp;apos;C:\\Katalon\\Arctick\\Data Files\\Test Data.xlsx&amp;apos; and sheet name &amp;apos;Language&amp;apos;</message>
  <nestedLevel>0</nestedLevel>
</record>
<record>
  <date>2020-03-20T11:11:39</date>
  <millis>1584673899165</millis>
  <sequence>80291</sequence>
  <level>INFO</level>
  <class>com.kms.katalon.core.logging.XmlKeywordLogger</class>
  <method>logMessage</method>
  <thread>1122</thread>
  <message>Finding test data with id &amp;apos;Data Files/ADMIN/Language/Language&amp;apos;</message>
  <nestedLevel>0</nestedLevel>
</record>
<record>
  <date>2020-03-20T11:11:39</date>
  <millis>1584673899167</millis>
  <sequence>80292</sequence>
  <level>INFO</level>
  <class>com.kms.katalon.core.logging.XmlKeywordLogger</class>
  <method>logMessage</method>
  <thread>1122</thread>
  <message>Test data is excel file, reading excel file</message>
  <nestedLevel>0</nestedLevel>
</record>
<record>
  <date>2020-03-20T11:11:39</date>
  <millis>1584673899168</millis>
  <sequence>80293</sequence>
  <level>INFO</level>
  <class>com.kms.katalon.core.logging.XmlKeywordLogger</class>
  <method>logMessage</method>
  <thread>1122</thread>
  <message>Reading excel file with source file &amp;apos;C:\\Katalon\\Arctick\\Data Files\\Test Data.xlsx&amp;apos; and sheet name &amp;apos;Language&amp;apos;</message>
  <nestedLevel>0</nestedLevel>
</record>
<record>
  <date>2020-03-20T11:14:58</date>
  <millis>1584674098603</millis>
  <sequence>85472</sequence>
  <level>INFO</level>
  <class>com.kms.katalon.core.logging.XmlKeywordLogger</class>
  <method>logMessage</method>
  <thread>1083</thread>
  <message>Finding test data with id &amp;apos;Data Files/ADMIN/Language/Language&amp;apos;</message>
  <nestedLevel>0</nestedLevel>
</record>
<record>
  <date>2020-03-20T11:14:58</date>
  <millis>1584674098604</millis>
  <sequence>85473</sequence>
  <level>INFO</level>
  <class>com.kms.katalon.core.logging.XmlKeywordLogger</class>
  <method>logMessage</method>
  <thread>1083</thread>
  <message>Test data is excel file, reading excel file</message>
  <nestedLevel>0</nestedLevel>
</record>
<record>
  <date>2020-03-20T11:14:58</date>
  <millis>1584674098604</millis>
  <sequence>85474</sequence>
  <level>INFO</level>
  <class>com.kms.katalon.core.logging.XmlKeywordLogger</class>
  <method>logMessage</method>
  <thread>1083</thread>
  <message>Reading excel file with source file &amp;apos;C:\\Katalon\\Arctick\\Data Files\\Test Data.xlsx&amp;apos; and sheet name &amp;apos;Language&amp;apos;</message>
  <nestedLevel>0</nestedLevel>
</record>
<record>
  <date>2020-03-20T11:39:45</date>
  <millis>1584675585779</millis>
  <sequence>88349</sequence>
  <level>INFO</level>
  <class>com.kms.katalon.core.logging.XmlKeywordLogger</class>
  <method>logMessage</method>
  <thread>1246</thread>
  <message>Finding test data with id &amp;apos;Data Files/ADMIN/Language/Language&amp;apos;</message>
  <nestedLevel>0</nestedLevel>
</record>
<record>
  <date>2020-03-20T11:39:45</date>
  <millis>1584675585785</millis>
  <sequence>88350</sequence>
  <level>INFO</level>
  <class>com.kms.katalon.core.logging.XmlKeywordLogger</class>
  <method>logMessage</method>
  <thread>1246</thread>
  <message>Test data is excel file, reading excel file</message>
  <nestedLevel>0</nestedLevel>
</record>
<record>
  <date>2020-03-20T11:39:45</date>
  <millis>1584675585786</millis>
  <sequence>88351</sequence>
  <level>INFO</level>
  <class>com.kms.katalon.core.logging.XmlKeywordLogger</class>
  <method>logMessage</method>
  <thread>1246</thread>
  <message>Reading excel file with source file &amp;apos;C:\\Katalon\\Arctick\\Data Files\\Test Data.xlsx&amp;apos; and sheet name &amp;apos;Language&amp;apos;</message>
  <nestedLevel>0</nestedLevel>
</record>
<record>
  <date>2020-03-20T12:01:16</date>
  <millis>1584676876159</millis>
  <sequence>95036</sequence>
  <level>INFO</level>
  <class>com.kms.katalon.core.logging.XmlKeywordLogger</class>
  <method>logMessage</method>
  <thread>1</thread>
  <message>Finding test data with id &amp;apos;Data Files/ADMIN/Language/Language&amp;apos;</message>
  <nestedLevel>0</nestedLevel>
</record>
<record>
  <date>2020-03-20T12:01:16</date>
  <millis>1584676876161</millis>
  <sequence>95037</sequence>
  <level>INFO</level>
  <class>com.kms.katalon.core.logging.XmlKeywordLogger</class>
  <method>logMessage</method>
  <thread>1</thread>
  <message>Test data is excel file, reading excel file</message>
  <nestedLevel>0</nestedLevel>
</record>
<record>
  <date>2020-03-20T12:01:16</date>
  <millis>1584676876161</millis>
  <sequence>95038</sequence>
  <level>INFO</level>
  <class>com.kms.katalon.core.logging.XmlKeywordLogger</class>
  <method>logMessage</method>
  <thread>1</thread>
  <message>Reading excel file with source file &amp;apos;C:\\Katalon\\Arctick\\Data Files\\Test Data.xlsx&amp;apos; and sheet name &amp;apos;Language&amp;apos;</message>
  <nestedLevel>0</nestedLevel>
</record>
<record>
  <date>2020-03-20T12:01:25</date>
  <millis>1584676885265</millis>
  <sequence>95039</sequence>
  <level>INFO</level>
  <class>com.kms.katalon.core.logging.XmlKeywordLogger</class>
  <method>logMessage</method>
  <thread>1377</thread>
  <message>Finding test data with id &amp;apos;Data Files/ADMIN/Language/Language&amp;apos;</message>
  <nestedLevel>0</nestedLevel>
</record>
<record>
  <date>2020-03-20T12:01:25</date>
  <millis>1584676885266</millis>
  <sequence>95040</sequence>
  <level>INFO</level>
  <class>com.kms.katalon.core.logging.XmlKeywordLogger</class>
  <method>logMessage</method>
  <thread>1377</thread>
  <message>Test data is excel file, reading excel file</message>
  <nestedLevel>0</nestedLevel>
</record>
<record>
  <date>2020-03-20T12:01:25</date>
  <millis>1584676885266</millis>
  <sequence>95041</sequence>
  <level>INFO</level>
  <class>com.kms.katalon.core.logging.XmlKeywordLogger</class>
  <method>logMessage</method>
  <thread>1377</thread>
  <message>Reading excel file with source file &amp;apos;C:\\Katalon\\Arctick\\Data Files\\Test Data.xlsx&amp;apos; and sheet name &amp;apos;Language&amp;apos;</message>
  <nestedLevel>0</nestedLevel>
</record>
<record>
  <date>2020-03-20T12:23:30</date>
  <millis>1584678210885</millis>
  <sequence>96845</sequence>
  <level>INFO</level>
  <class>com.kms.katalon.core.logging.XmlKeywordLogger</class>
  <method>logMessage</method>
  <thread>1</thread>
  <message>Finding test data with id &amp;apos;Data Files/ADMIN/Language/Language&amp;apos;</message>
  <nestedLevel>0</nestedLevel>
</record>
<record>
  <date>2020-03-20T12:23:30</date>
  <millis>1584678210886</millis>
  <sequence>96846</sequence>
  <level>INFO</level>
  <class>com.kms.katalon.core.logging.XmlKeywordLogger</class>
  <method>logMessage</method>
  <thread>1</thread>
  <message>Test data is excel file, reading excel file</message>
  <nestedLevel>0</nestedLevel>
</record>
<record>
  <date>2020-03-20T12:23:30</date>
  <millis>1584678210887</millis>
  <sequence>96847</sequence>
  <level>INFO</level>
  <class>com.kms.katalon.core.logging.XmlKeywordLogger</class>
  <method>logMessage</method>
  <thread>1</thread>
  <message>Reading excel file with source file &amp;apos;C:\\Katalon\\Arctick\\Data Files\\Test Data.xlsx&amp;apos; and sheet name &amp;apos;Language&amp;apos;</message>
  <nestedLevel>0</nestedLevel>
</record>
<record>
  <date>2020-03-20T12:25:59</date>
  <millis>1584678359271</millis>
  <sequence>96848</sequence>
  <level>INFO</level>
  <class>com.kms.katalon.core.logging.XmlKeywordLogger</class>
  <method>logMessage</method>
  <thread>1</thread>
  <message>Finding test data with id &amp;apos;Data Files/ADMIN/Language/Language&amp;apos;</message>
  <nestedLevel>0</nestedLevel>
</record>
<record>
  <date>2020-03-20T12:25:59</date>
  <millis>1584678359274</millis>
  <sequence>96849</sequence>
  <level>INFO</level>
  <class>com.kms.katalon.core.logging.XmlKeywordLogger</class>
  <method>logMessage</method>
  <thread>1</thread>
  <message>Test data is excel file, reading excel file</message>
  <nestedLevel>0</nestedLevel>
</record>
<record>
  <date>2020-03-20T12:25:59</date>
  <millis>1584678359275</millis>
  <sequence>96850</sequence>
  <level>INFO</level>
  <class>com.kms.katalon.core.logging.XmlKeywordLogger</class>
  <method>logMessage</method>
  <thread>1</thread>
  <message>Reading excel file with source file &amp;apos;C:\\Katalon\\Arctick\\Data Files\\Test Data.xlsx&amp;apos; and sheet name &amp;apos;Language&amp;apos;</message>
  <nestedLevel>0</nestedLevel>
</record>
<record>
  <date>2020-03-20T12:26:45</date>
  <millis>1584678405176</millis>
  <sequence>96851</sequence>
  <level>INFO</level>
  <class>com.kms.katalon.core.logging.XmlKeywordLogger</class>
  <method>logMessage</method>
  <thread>1424</thread>
  <message>Finding test data with id &amp;apos;Data Files/ADMIN/Language/Language&amp;apos;</message>
  <nestedLevel>0</nestedLevel>
</record>
<record>
  <date>2020-03-20T12:26:45</date>
  <millis>1584678405177</millis>
  <sequence>96852</sequence>
  <level>INFO</level>
  <class>com.kms.katalon.core.logging.XmlKeywordLogger</class>
  <method>logMessage</method>
  <thread>1424</thread>
  <message>Test data is excel file, reading excel file</message>
  <nestedLevel>0</nestedLevel>
</record>
<record>
  <date>2020-03-20T12:26:45</date>
  <millis>1584678405177</millis>
  <sequence>96853</sequence>
  <level>INFO</level>
  <class>com.kms.katalon.core.logging.XmlKeywordLogger</class>
  <method>logMessage</method>
  <thread>1424</thread>
  <message>Reading excel file with source file &amp;apos;C:\\Katalon\\Arctick\\Data Files\\Test Data.xlsx&amp;apos; and sheet name &amp;apos;Language&amp;apos;</message>
  <nestedLevel>0</nestedLevel>
</record>
<record>
  <date>2020-03-20T12:32:22</date>
  <millis>1584678742526</millis>
  <sequence>102901</sequence>
  <level>INFO</level>
  <class>com.kms.katalon.core.logging.XmlKeywordLogger</class>
  <method>logMessage</method>
  <thread>1510</thread>
  <message>Finding test data with id &amp;apos;Data Files/ADMIN/Language/Language&amp;apos;</message>
  <nestedLevel>0</nestedLevel>
</record>
<record>
  <date>2020-03-20T12:32:22</date>
  <millis>1584678742527</millis>
  <sequence>102902</sequence>
  <level>INFO</level>
  <class>com.kms.katalon.core.logging.XmlKeywordLogger</class>
  <method>logMessage</method>
  <thread>1510</thread>
  <message>Test data is excel file, reading excel file</message>
  <nestedLevel>0</nestedLevel>
</record>
<record>
  <date>2020-03-20T12:32:22</date>
  <millis>1584678742527</millis>
  <sequence>102903</sequence>
  <level>INFO</level>
  <class>com.kms.katalon.core.logging.XmlKeywordLogger</class>
  <method>logMessage</method>
  <thread>1510</thread>
  <message>Reading excel file with source file &amp;apos;C:\\Katalon\\Arctick\\Data Files\\Test Data.xlsx&amp;apos; and sheet name &amp;apos;Language&amp;apos;</message>
  <nestedLevel>0</nestedLevel>
</record>
<record>
  <date>2020-03-20T12:42:57</date>
  <millis>1584679377839</millis>
  <sequence>112530</sequence>
  <level>INFO</level>
  <class>com.kms.katalon.core.logging.XmlKeywordLogger</class>
  <method>logMessage</method>
  <thread>1460</thread>
  <message>Finding test data with id &amp;apos;Data Files/ADMIN/Language/Language&amp;apos;</message>
  <nestedLevel>0</nestedLevel>
</record>
<record>
  <date>2020-03-20T12:42:57</date>
  <millis>1584679377841</millis>
  <sequence>112531</sequence>
  <level>INFO</level>
  <class>com.kms.katalon.core.logging.XmlKeywordLogger</class>
  <method>logMessage</method>
  <thread>1460</thread>
  <message>Test data is excel file, reading excel file</message>
  <nestedLevel>0</nestedLevel>
</record>
<record>
  <date>2020-03-20T12:42:57</date>
  <millis>1584679377841</millis>
  <sequence>112532</sequence>
  <level>INFO</level>
  <class>com.kms.katalon.core.logging.XmlKeywordLogger</class>
  <method>logMessage</method>
  <thread>1460</thread>
  <message>Reading excel file with source file &amp;apos;C:\\Katalon\\Arctick\\Data Files\\Test Data.xlsx&amp;apos; and sheet name &amp;apos;Language&amp;apos;</message>
  <nestedLevel>0</nestedLevel>
</record>
<record>
  <date>2020-03-20T12:44:16</date>
  <millis>1584679456528</millis>
  <sequence>112560</sequence>
  <level>INFO</level>
  <class>com.kms.katalon.core.logging.XmlKeywordLogger</class>
  <method>logMessage</method>
  <thread>1460</thread>
  <message>Finding test data with id &amp;apos;Data Files/ADMIN/Language/Language&amp;apos;</message>
  <nestedLevel>0</nestedLevel>
</record>
<record>
  <date>2020-03-20T12:44:16</date>
  <millis>1584679456529</millis>
  <sequence>112561</sequence>
  <level>INFO</level>
  <class>com.kms.katalon.core.logging.XmlKeywordLogger</class>
  <method>logMessage</method>
  <thread>1460</thread>
  <message>Test data is excel file, reading excel file</message>
  <nestedLevel>0</nestedLevel>
</record>
<record>
  <date>2020-03-20T12:44:16</date>
  <millis>1584679456529</millis>
  <sequence>112562</sequence>
  <level>INFO</level>
  <class>com.kms.katalon.core.logging.XmlKeywordLogger</class>
  <method>logMessage</method>
  <thread>1460</thread>
  <message>Reading excel file with source file &amp;apos;C:\\Katalon\\Arctick\\Data Files\\Test Data.xlsx&amp;apos; and sheet name &amp;apos;Language&amp;apos;</message>
  <nestedLevel>0</nestedLevel>
</record>
<record>
  <date>2020-03-20T12:46:09</date>
  <millis>1584679569800</millis>
  <sequence>112628</sequence>
  <level>INFO</level>
  <class>com.kms.katalon.core.logging.XmlKeywordLogger</class>
  <method>logMessage</method>
  <thread>1551</thread>
  <message>Finding test data with id &amp;apos;Data Files/ADMIN/Language/Language&amp;apos;</message>
  <nestedLevel>0</nestedLevel>
</record>
<record>
  <date>2020-03-20T12:46:09</date>
  <millis>1584679569802</millis>
  <sequence>112629</sequence>
  <level>INFO</level>
  <class>com.kms.katalon.core.logging.XmlKeywordLogger</class>
  <method>logMessage</method>
  <thread>1551</thread>
  <message>Test data is excel file, reading excel file</message>
  <nestedLevel>0</nestedLevel>
</record>
<record>
  <date>2020-03-20T12:46:09</date>
  <millis>1584679569802</millis>
  <sequence>112630</sequence>
  <level>INFO</level>
  <class>com.kms.katalon.core.logging.XmlKeywordLogger</class>
  <method>logMessage</method>
  <thread>1551</thread>
  <message>Reading excel file with source file &amp;apos;C:\\Katalon\\Arctick\\Data Files\\Test Data.xlsx&amp;apos; and sheet name &amp;apos;Language&amp;apos;</message>
  <nestedLevel>0</nestedLevel>
</record>
<record>
  <date>2020-03-20T12:48:43</date>
  <millis>1584679723649</millis>
  <sequence>114301</sequence>
  <level>INFO</level>
  <class>com.kms.katalon.core.logging.XmlKeywordLogger</class>
  <method>logMessage</method>
  <thread>1721</thread>
  <message>Finding test data with id &amp;apos;Data Files/ADMIN/Language/Language&amp;apos;</message>
  <nestedLevel>0</nestedLevel>
</record>
<record>
  <date>2020-03-20T12:48:43</date>
  <millis>1584679723650</millis>
  <sequence>114302</sequence>
  <level>INFO</level>
  <class>com.kms.katalon.core.logging.XmlKeywordLogger</class>
  <method>logMessage</method>
  <thread>1721</thread>
  <message>Test data is excel file, reading excel file</message>
  <nestedLevel>0</nestedLevel>
</record>
<record>
  <date>2020-03-20T12:48:43</date>
  <millis>1584679723651</millis>
  <sequence>114303</sequence>
  <level>INFO</level>
  <class>com.kms.katalon.core.logging.XmlKeywordLogger</class>
  <method>logMessage</method>
  <thread>1721</thread>
  <message>Reading excel file with source file &amp;apos;C:\\Katalon\\Arctick\\Data Files\\Test Data.xlsx&amp;apos; and sheet name &amp;apos;Language&amp;apos;</message>
  <nestedLevel>0</nestedLevel>
</record>
<record>
  <date>2020-03-20T12:52:21</date>
  <millis>1584679941751</millis>
  <sequence>122716</sequence>
  <level>INFO</level>
  <class>com.kms.katalon.core.logging.XmlKeywordLogger</class>
  <method>logMessage</method>
  <thread>1551</thread>
  <message>Finding test data with id &amp;apos;Data Files/ADMIN/Language/Language&amp;apos;</message>
  <nestedLevel>0</nestedLevel>
</record>
<record>
  <date>2020-03-20T12:52:21</date>
  <millis>1584679941752</millis>
  <sequence>122717</sequence>
  <level>INFO</level>
  <class>com.kms.katalon.core.logging.XmlKeywordLogger</class>
  <method>logMessage</method>
  <thread>1551</thread>
  <message>Test data is excel file, reading excel file</message>
  <nestedLevel>0</nestedLevel>
</record>
<record>
  <date>2020-03-20T12:52:21</date>
  <millis>1584679941753</millis>
  <sequence>122718</sequence>
  <level>INFO</level>
  <class>com.kms.katalon.core.logging.XmlKeywordLogger</class>
  <method>logMessage</method>
  <thread>1551</thread>
  <message>Reading excel file with source file &amp;apos;C:\\Katalon\\Arctick\\Data Files\\Test Data.xlsx&amp;apos; and sheet name &amp;apos;Language&amp;apos;</message>
  <nestedLevel>0</nestedLevel>
</record>
<record>
  <date>2020-03-20T12:59:40</date>
  <millis>1584680380703</millis>
  <sequence>124247</sequence>
  <level>INFO</level>
  <class>com.kms.katalon.core.logging.XmlKeywordLogger</class>
  <method>logMessage</method>
  <thread>1721</thread>
  <message>Finding test data with id &amp;apos;Data Files/ADMIN/Language/Language&amp;apos;</message>
  <nestedLevel>0</nestedLevel>
</record>
<record>
  <date>2020-03-20T12:59:40</date>
  <millis>1584680380704</millis>
  <sequence>124248</sequence>
  <level>INFO</level>
  <class>com.kms.katalon.core.logging.XmlKeywordLogger</class>
  <method>logMessage</method>
  <thread>1721</thread>
  <message>Test data is excel file, reading excel file</message>
  <nestedLevel>0</nestedLevel>
</record>
<record>
  <date>2020-03-20T12:59:40</date>
  <millis>1584680380705</millis>
  <sequence>124249</sequence>
  <level>INFO</level>
  <class>com.kms.katalon.core.logging.XmlKeywordLogger</class>
  <method>logMessage</method>
  <thread>1721</thread>
  <message>Reading excel file with source file &amp;apos;C:\\Katalon\\Arctick\\Data Files\\Test Data.xlsx&amp;apos; and sheet name &amp;apos;Language&amp;apos;</message>
  <nestedLevel>0</nestedLevel>
</record>
<record>
  <date>2020-03-20T13:07:01</date>
  <millis>1584680821538</millis>
  <sequence>128666</sequence>
  <level>INFO</level>
  <class>com.kms.katalon.core.logging.XmlKeywordLogger</class>
  <method>logMessage</method>
  <thread>1892</thread>
  <message>Finding test data with id &amp;apos;Data Files/ADMIN/Language/Language&amp;apos;</message>
  <nestedLevel>0</nestedLevel>
</record>
<record>
  <date>2020-03-20T13:07:01</date>
  <millis>1584680821541</millis>
  <sequence>128667</sequence>
  <level>INFO</level>
  <class>com.kms.katalon.core.logging.XmlKeywordLogger</class>
  <method>logMessage</method>
  <thread>1892</thread>
  <message>Test data is excel file, reading excel file</message>
  <nestedLevel>0</nestedLevel>
</record>
<record>
  <date>2020-03-20T13:07:01</date>
  <millis>1584680821542</millis>
  <sequence>128668</sequence>
  <level>INFO</level>
  <class>com.kms.katalon.core.logging.XmlKeywordLogger</class>
  <method>logMessage</method>
  <thread>1892</thread>
  <message>Reading excel file with source file &amp;apos;C:\\Katalon\\Arctick\\Data Files\\Test Data.xlsx&amp;apos; and sheet name &amp;apos;Language&amp;apos;</message>
  <nestedLevel>0</nestedLevel>
</record>
<record>
  <date>2020-03-20T13:09:12</date>
  <millis>1584680952170</millis>
  <sequence>130523</sequence>
  <level>INFO</level>
  <class>com.kms.katalon.core.logging.XmlKeywordLogger</class>
  <method>logMessage</method>
  <thread>1889</thread>
  <message>Finding test data with id &amp;apos;Data Files/ADMIN/Language/Language&amp;apos;</message>
  <nestedLevel>0</nestedLevel>
</record>
<record>
  <date>2020-03-20T13:09:12</date>
  <millis>1584680952171</millis>
  <sequence>130524</sequence>
  <level>INFO</level>
  <class>com.kms.katalon.core.logging.XmlKeywordLogger</class>
  <method>logMessage</method>
  <thread>1889</thread>
  <message>Test data is excel file, reading excel file</message>
  <nestedLevel>0</nestedLevel>
</record>
<record>
  <date>2020-03-20T13:09:12</date>
  <millis>1584680952171</millis>
  <sequence>130525</sequence>
  <level>INFO</level>
  <class>com.kms.katalon.core.logging.XmlKeywordLogger</class>
  <method>logMessage</method>
  <thread>1889</thread>
  <message>Reading excel file with source file &amp;apos;C:\\Katalon\\Arctick\\Data Files\\Test Data.xlsx&amp;apos; and sheet name &amp;apos;Language&amp;apos;</message>
  <nestedLevel>0</nestedLevel>
</record>
<record>
  <date>2020-03-20T13:09:46</date>
  <millis>1584680986959</millis>
  <sequence>130542</sequence>
  <level>INFO</level>
  <class>com.kms.katalon.core.logging.XmlKeywordLogger</class>
  <method>logMessage</method>
  <thread>1721</thread>
  <message>Finding test data with id &amp;apos;Data Files/ADMIN/Language/Language&amp;apos;</message>
  <nestedLevel>0</nestedLevel>
</record>
<record>
  <date>2020-03-20T13:09:46</date>
  <millis>1584680986960</millis>
  <sequence>130543</sequence>
  <level>INFO</level>
  <class>com.kms.katalon.core.logging.XmlKeywordLogger</class>
  <method>logMessage</method>
  <thread>1721</thread>
  <message>Test data is excel file, reading excel file</message>
  <nestedLevel>0</nestedLevel>
</record>
<record>
  <date>2020-03-20T13:09:46</date>
  <millis>1584680986960</millis>
  <sequence>130544</sequence>
  <level>INFO</level>
  <class>com.kms.katalon.core.logging.XmlKeywordLogger</class>
  <method>logMessage</method>
  <thread>1721</thread>
  <message>Reading excel file with source file &amp;apos;C:\\Katalon\\Arctick\\Data Files\\Test Data.xlsx&amp;apos; and sheet name &amp;apos;Language&amp;apos;</message>
  <nestedLevel>0</nestedLevel>
</record>
<record>
  <date>2020-03-20T13:10:31</date>
  <millis>1584681031668</millis>
  <sequence>130645</sequence>
  <level>INFO</level>
  <class>com.kms.katalon.core.logging.XmlKeywordLogger</class>
  <method>logMessage</method>
  <thread>1900</thread>
  <message>Finding test data with id &amp;apos;Data Files/ADMIN/Language/Language&amp;apos;</message>
  <nestedLevel>0</nestedLevel>
</record>
<record>
  <date>2020-03-20T13:10:31</date>
  <millis>1584681031670</millis>
  <sequence>130646</sequence>
  <level>INFO</level>
  <class>com.kms.katalon.core.logging.XmlKeywordLogger</class>
  <method>logMessage</method>
  <thread>1900</thread>
  <message>Test data is excel file, reading excel file</message>
  <nestedLevel>0</nestedLevel>
</record>
<record>
  <date>2020-03-20T13:10:31</date>
  <millis>1584681031671</millis>
  <sequence>130647</sequence>
  <level>INFO</level>
  <class>com.kms.katalon.core.logging.XmlKeywordLogger</class>
  <method>logMessage</method>
  <thread>1900</thread>
  <message>Reading excel file with source file &amp;apos;C:\\Katalon\\Arctick\\Data Files\\Test Data.xlsx&amp;apos; and sheet name &amp;apos;Language&amp;apos;</message>
  <nestedLevel>0</nestedLevel>
</record>
<record>
  <date>2020-03-20T13:14:35</date>
  <millis>1584681275474</millis>
  <sequence>131629</sequence>
  <level>INFO</level>
  <class>com.kms.katalon.core.logging.XmlKeywordLogger</class>
  <method>logMessage</method>
  <thread>1</thread>
  <message>Finding test data with id &amp;apos;Data Files/ADMIN/Language/Language&amp;apos;</message>
  <nestedLevel>0</nestedLevel>
</record>
<record>
  <date>2020-03-20T13:14:35</date>
  <millis>1584681275475</millis>
  <sequence>131630</sequence>
  <level>INFO</level>
  <class>com.kms.katalon.core.logging.XmlKeywordLogger</class>
  <method>logMessage</method>
  <thread>1</thread>
  <message>Test data is excel file, reading excel file</message>
  <nestedLevel>0</nestedLevel>
</record>
<record>
  <date>2020-03-20T13:14:35</date>
  <millis>1584681275475</millis>
  <sequence>131631</sequence>
  <level>INFO</level>
  <class>com.kms.katalon.core.logging.XmlKeywordLogger</class>
  <method>logMessage</method>
  <thread>1</thread>
  <message>Reading excel file with source file &amp;apos;C:\\Katalon\\Arctick\\Data Files\\Test Data.xlsx&amp;apos; and sheet name &amp;apos;Language&amp;apos;</message>
  <nestedLevel>0</nestedLevel>
</record>
<record>
  <date>2020-03-20T13:14:45</date>
  <millis>1584681285083</millis>
  <sequence>131632</sequence>
  <level>INFO</level>
  <class>com.kms.katalon.core.logging.XmlKeywordLogger</class>
  <method>logMessage</method>
  <thread>2067</thread>
  <message>Finding test data with id &amp;apos;Data Files/ADMIN/Language/Language&amp;apos;</message>
  <nestedLevel>0</nestedLevel>
</record>
<record>
  <date>2020-03-20T13:14:45</date>
  <millis>1584681285085</millis>
  <sequence>131633</sequence>
  <level>INFO</level>
  <class>com.kms.katalon.core.logging.XmlKeywordLogger</class>
  <method>logMessage</method>
  <thread>2067</thread>
  <message>Test data is excel file, reading excel file</message>
  <nestedLevel>0</nestedLevel>
</record>
<record>
  <date>2020-03-20T13:14:45</date>
  <millis>1584681285087</millis>
  <sequence>131634</sequence>
  <level>INFO</level>
  <class>com.kms.katalon.core.logging.XmlKeywordLogger</class>
  <method>logMessage</method>
  <thread>2067</thread>
  <message>Reading excel file with source file &amp;apos;C:\\Katalon\\Arctick\\Data Files\\Test Data.xlsx&amp;apos; and sheet name &amp;apos;Language&amp;apos;</message>
  <nestedLevel>0</nestedLevel>
</record>
<record>
  <date>2020-03-20T13:16:29</date>
  <millis>1584681389735</millis>
  <sequence>131781</sequence>
  <level>INFO</level>
  <class>com.kms.katalon.core.logging.XmlKeywordLogger</class>
  <method>logMessage</method>
  <thread>2058</thread>
  <message>Finding test data with id &amp;apos;Data Files/ADMIN/Language/Language&amp;apos;</message>
  <nestedLevel>0</nestedLevel>
</record>
<record>
  <date>2020-03-20T13:16:29</date>
  <millis>1584681389740</millis>
  <sequence>131782</sequence>
  <level>INFO</level>
  <class>com.kms.katalon.core.logging.XmlKeywordLogger</class>
  <method>logMessage</method>
  <thread>2058</thread>
  <message>Test data is excel file, reading excel file</message>
  <nestedLevel>0</nestedLevel>
</record>
<record>
  <date>2020-03-20T13:16:29</date>
  <millis>1584681389740</millis>
  <sequence>131783</sequence>
  <level>INFO</level>
  <class>com.kms.katalon.core.logging.XmlKeywordLogger</class>
  <method>logMessage</method>
  <thread>2058</thread>
  <message>Reading excel file with source file &amp;apos;C:\\Katalon\\Arctick\\Data Files\\Test Data.xlsx&amp;apos; and sheet name &amp;apos;Language&amp;apos;</message>
  <nestedLevel>0</nestedLevel>
</record>
<record>
  <date>2020-03-20T13:18:15</date>
  <millis>1584681495746</millis>
  <sequence>136098</sequence>
  <level>INFO</level>
  <class>com.kms.katalon.core.logging.XmlKeywordLogger</class>
  <method>logMessage</method>
  <thread>2100</thread>
  <message>Finding test data with id &amp;apos;Data Files/ADMIN/Language/Language&amp;apos;</message>
  <nestedLevel>0</nestedLevel>
</record>
<record>
  <date>2020-03-20T13:18:15</date>
  <millis>1584681495748</millis>
  <sequence>136099</sequence>
  <level>INFO</level>
  <class>com.kms.katalon.core.logging.XmlKeywordLogger</class>
  <method>logMessage</method>
  <thread>2100</thread>
  <message>Test data is excel file, reading excel file</message>
  <nestedLevel>0</nestedLevel>
</record>
<record>
  <date>2020-03-20T13:18:15</date>
  <millis>1584681495748</millis>
  <sequence>136100</sequence>
  <level>INFO</level>
  <class>com.kms.katalon.core.logging.XmlKeywordLogger</class>
  <method>logMessage</method>
  <thread>2100</thread>
  <message>Reading excel file with source file &amp;apos;C:\\Katalon\\Arctick\\Data Files\\Test Data.xlsx&amp;apos; and sheet name &amp;apos;Language&amp;apos;</message>
  <nestedLevel>0</nestedLevel>
</record>
<record>
  <date>2020-03-20T13:43:20</date>
  <millis>1584683000497</millis>
  <sequence>144706</sequence>
  <level>INFO</level>
  <class>com.kms.katalon.core.logging.XmlKeywordLogger</class>
  <method>logMessage</method>
  <thread>2229</thread>
  <message>Finding test data with id &amp;apos;Data Files/ADMIN/Language/Language&amp;apos;</message>
  <nestedLevel>0</nestedLevel>
</record>
<record>
  <date>2020-03-20T13:43:20</date>
  <millis>1584683000499</millis>
  <sequence>144707</sequence>
  <level>INFO</level>
  <class>com.kms.katalon.core.logging.XmlKeywordLogger</class>
  <method>logMessage</method>
  <thread>2229</thread>
  <message>Test data is excel file, reading excel file</message>
  <nestedLevel>0</nestedLevel>
</record>
<record>
  <date>2020-03-20T13:43:20</date>
  <millis>1584683000499</millis>
  <sequence>144708</sequence>
  <level>INFO</level>
  <class>com.kms.katalon.core.logging.XmlKeywordLogger</class>
  <method>logMessage</method>
  <thread>2229</thread>
  <message>Reading excel file with source file &amp;apos;C:\\Katalon\\Arctick\\Data Files\\Test Data.xlsx&amp;apos; and sheet name &amp;apos;Language&amp;apos;</message>
  <nestedLevel>0</nestedLevel>
</record>
<record>
  <date>2020-03-20T14:05:53</date>
  <millis>1584684353369</millis>
  <sequence>145657</sequence>
  <level>INFO</level>
  <class>com.kms.katalon.core.logging.XmlKeywordLogger</class>
  <method>logMessage</method>
  <thread>2229</thread>
  <message>Finding test data with id &amp;apos;Data Files/ADMIN/Language/Language&amp;apos;</message>
  <nestedLevel>0</nestedLevel>
</record>
<record>
  <date>2020-03-20T14:05:53</date>
  <millis>1584684353370</millis>
  <sequence>145658</sequence>
  <level>INFO</level>
  <class>com.kms.katalon.core.logging.XmlKeywordLogger</class>
  <method>logMessage</method>
  <thread>2229</thread>
  <message>Test data is excel file, reading excel file</message>
  <nestedLevel>0</nestedLevel>
</record>
<record>
  <date>2020-03-20T14:05:53</date>
  <millis>1584684353370</millis>
  <sequence>145659</sequence>
  <level>INFO</level>
  <class>com.kms.katalon.core.logging.XmlKeywordLogger</class>
  <method>logMessage</method>
  <thread>2229</thread>
  <message>Reading excel file with source file &amp;apos;C:\\Katalon\\Arctick\\Data Files\\Test Data.xlsx&amp;apos; and sheet name &amp;apos;Language&amp;apos;</message>
  <nestedLevel>0</nestedLevel>
</record>
<record>
  <date>2020-03-20T14:33:12</date>
  <millis>1584685992955</millis>
  <sequence>190978</sequence>
  <level>INFO</level>
  <class>com.kms.katalon.core.logging.XmlKeywordLogger</class>
  <method>logMessage</method>
  <thread>2383</thread>
  <message>Finding test data with id &amp;apos;Data Files/ADMIN/Language/Language&amp;apos;</message>
  <nestedLevel>0</nestedLevel>
</record>
<record>
  <date>2020-03-20T14:33:12</date>
  <millis>1584685992956</millis>
  <sequence>190979</sequence>
  <level>INFO</level>
  <class>com.kms.katalon.core.logging.XmlKeywordLogger</class>
  <method>logMessage</method>
  <thread>2383</thread>
  <message>Test data is excel file, reading excel file</message>
  <nestedLevel>0</nestedLevel>
</record>
<record>
  <date>2020-03-20T14:33:12</date>
  <millis>1584685992957</millis>
  <sequence>190980</sequence>
  <level>INFO</level>
  <class>com.kms.katalon.core.logging.XmlKeywordLogger</class>
  <method>logMessage</method>
  <thread>2383</thread>
  <message>Reading excel file with source file &amp;apos;C:\\Katalon\\Arctick\\Data Files\\Test Data.xlsx&amp;apos; and sheet name &amp;apos;Language&amp;apos;</message>
  <nestedLevel>0</nestedLevel>
</record>
<record>
  <date>2020-03-20T14:43:21</date>
  <millis>1584686601656</millis>
  <sequence>196017</sequence>
  <level>INFO</level>
  <class>com.kms.katalon.core.logging.XmlKeywordLogger</class>
  <method>logMessage</method>
  <thread>2624</thread>
  <message>Finding test data with id &amp;apos;Data Files/ADMIN/Language/Language&amp;apos;</message>
  <nestedLevel>0</nestedLevel>
</record>
<record>
  <date>2020-03-20T14:43:21</date>
  <millis>1584686601657</millis>
  <sequence>196018</sequence>
  <level>INFO</level>
  <class>com.kms.katalon.core.logging.XmlKeywordLogger</class>
  <method>logMessage</method>
  <thread>2624</thread>
  <message>Test data is excel file, reading excel file</message>
  <nestedLevel>0</nestedLevel>
</record>
<record>
  <date>2020-03-20T14:43:21</date>
  <millis>1584686601657</millis>
  <sequence>196019</sequence>
  <level>INFO</level>
  <class>com.kms.katalon.core.logging.XmlKeywordLogger</class>
  <method>logMessage</method>
  <thread>2624</thread>
  <message>Reading excel file with source file &amp;apos;C:\\Katalon\\Arctick\\Data Files\\Test Data.xlsx&amp;apos; and sheet name &amp;apos;Language&amp;apos;</message>
  <nestedLevel>0</nestedLevel>
</record>
<record>
  <date>2020-03-20T14:44:33</date>
  <millis>1584686673127</millis>
  <sequence>196047</sequence>
  <level>INFO</level>
  <class>com.kms.katalon.core.logging.XmlKeywordLogger</class>
  <method>logMessage</method>
  <thread>2576</thread>
  <message>Finding test data with id &amp;apos;Data Files/ADMIN/Language/Language&amp;apos;</message>
  <nestedLevel>0</nestedLevel>
</record>
<record>
  <date>2020-03-20T14:44:33</date>
  <millis>1584686673128</millis>
  <sequence>196048</sequence>
  <level>INFO</level>
  <class>com.kms.katalon.core.logging.XmlKeywordLogger</class>
  <method>logMessage</method>
  <thread>2576</thread>
  <message>Test data is excel file, reading excel file</message>
  <nestedLevel>0</nestedLevel>
</record>
<record>
  <date>2020-03-20T14:44:33</date>
  <millis>1584686673128</millis>
  <sequence>196049</sequence>
  <level>INFO</level>
  <class>com.kms.katalon.core.logging.XmlKeywordLogger</class>
  <method>logMessage</method>
  <thread>2576</thread>
  <message>Reading excel file with source file &amp;apos;C:\\Katalon\\Arctick\\Data Files\\Test Data.xlsx&amp;apos; and sheet name &amp;apos;Language&amp;apos;</message>
  <nestedLevel>0</nestedLevel>
</record>
<record>
  <date>2020-03-20T14:44:37</date>
  <millis>1584686677935</millis>
  <sequence>196050</sequence>
  <level>INFO</level>
  <class>com.kms.katalon.core.logging.XmlKeywordLogger</class>
  <method>logMessage</method>
  <thread>2576</thread>
  <message>Finding test data with id &amp;apos;Data Files/ADMIN/Language/Language&amp;apos;</message>
  <nestedLevel>0</nestedLevel>
</record>
<record>
  <date>2020-03-20T14:44:37</date>
  <millis>1584686677936</millis>
  <sequence>196051</sequence>
  <level>INFO</level>
  <class>com.kms.katalon.core.logging.XmlKeywordLogger</class>
  <method>logMessage</method>
  <thread>2576</thread>
  <message>Test data is excel file, reading excel file</message>
  <nestedLevel>0</nestedLevel>
</record>
<record>
  <date>2020-03-20T14:44:37</date>
  <millis>1584686677936</millis>
  <sequence>196052</sequence>
  <level>INFO</level>
  <class>com.kms.katalon.core.logging.XmlKeywordLogger</class>
  <method>logMessage</method>
  <thread>2576</thread>
  <message>Reading excel file with source file &amp;apos;C:\\Katalon\\Arctick\\Data Files\\Test Data.xlsx&amp;apos; and sheet name &amp;apos;Language&amp;apos;</message>
  <nestedLevel>0</nestedLevel>
</record>
<record>
  <date>2020-03-20T15:01:35</date>
  <millis>1584687695038</millis>
  <sequence>229404</sequence>
  <level>INFO</level>
  <class>com.kms.katalon.core.logging.XmlKeywordLogger</class>
  <method>logMessage</method>
  <thread>2331</thread>
  <message>Finding test data with id &amp;apos;Data Files/ADMIN/Language/Language&amp;apos;</message>
  <nestedLevel>0</nestedLevel>
</record>
<record>
  <date>2020-03-20T15:01:35</date>
  <millis>1584687695040</millis>
  <sequence>229405</sequence>
  <level>INFO</level>
  <class>com.kms.katalon.core.logging.XmlKeywordLogger</class>
  <method>logMessage</method>
  <thread>2331</thread>
  <message>Test data is excel file, reading excel file</message>
  <nestedLevel>0</nestedLevel>
</record>
<record>
  <date>2020-03-20T15:01:35</date>
  <millis>1584687695041</millis>
  <sequence>229406</sequence>
  <level>INFO</level>
  <class>com.kms.katalon.core.logging.XmlKeywordLogger</class>
  <method>logMessage</method>
  <thread>2331</thread>
  <message>Reading excel file with source file &amp;apos;C:\\Katalon\\Arctick\\Data Files\\Test Data.xlsx&amp;apos; and sheet name &amp;apos;Language&amp;apos;</message>
  <nestedLevel>0</nestedLevel>
</record>
<record>
  <date>2020-03-20T15:04:40</date>
  <millis>1584687880333</millis>
  <sequence>233721</sequence>
  <level>INFO</level>
  <class>com.kms.katalon.core.logging.XmlKeywordLogger</class>
  <method>logMessage</method>
  <thread>2331</thread>
  <message>Finding test data with id &amp;apos;Data Files/ADMIN/Language/Language&amp;apos;</message>
  <nestedLevel>0</nestedLevel>
</record>
<record>
  <date>2020-03-20T15:04:40</date>
  <millis>1584687880334</millis>
  <sequence>233722</sequence>
  <level>INFO</level>
  <class>com.kms.katalon.core.logging.XmlKeywordLogger</class>
  <method>logMessage</method>
  <thread>2331</thread>
  <message>Test data is excel file, reading excel file</message>
  <nestedLevel>0</nestedLevel>
</record>
<record>
  <date>2020-03-20T15:04:40</date>
  <millis>1584687880335</millis>
  <sequence>233723</sequence>
  <level>INFO</level>
  <class>com.kms.katalon.core.logging.XmlKeywordLogger</class>
  <method>logMessage</method>
  <thread>2331</thread>
  <message>Reading excel file with source file &amp;apos;C:\\Katalon\\Arctick\\Data Files\\Test Data.xlsx&amp;apos; and sheet name &amp;apos;Language&amp;apos;</message>
  <nestedLevel>0</nestedLevel>
</record>
</log>
